2018-05-11 15:28:22,502 INFO  DownloadService - Downloading "https://github.com/pedant/sweet-alert-dialog/archive/master.zip", attempt 3
2018-05-11 15:28:24,489 INFO  DownloadService - Downloaded https://github.com/pedant/sweet-alert-dialog/archive/master.zip, attempt 3
2018-05-11 15:28:24,489 INFO  DownloadService - Size of file "/tmp/rdisk/1065/master.zip": 683 KB
2018-05-11 15:28:24,489 INFO  ArchiveUtils - Checking entries [.gradle] in ZIP file...
2018-05-11 15:28:24,489 INFO  ArchiveUtils - Has entries [.gradle] in ZIP file /tmp/rdisk/1065/master.zip: true
2018-05-11 15:28:24,489 DEBUG ZipUtil - Extracting '/tmp/rdisk/1065/master.zip' into '/tmp/rdisk/1065/src'.
2018-05-11 15:28:24,502 INFO  FullProcessService - Size of directory with sources: 786 KB
2018-05-11 15:28:24,502 INFO  SysUtils - Execute command: [git, init, /tmp/rdisk/1065/src]
2018-05-11 15:28:24,507 INFO  SysUtils - Initialized empty Git repository in /tmp/rdisk/1065/src/.git/

2018-05-11 15:28:24,509 INFO  ProjectBuildService - Gradle wrapper(s): /tmp/rdisk/1065/src/sweet-alert-dialog-master/gradlew
2018-05-11 15:28:24,512 INFO  ProjectBuildService - Build script(s): /tmp/rdisk/1065/src/sweet-alert-dialog-master/library/build.gradle /tmp/rdisk/1065/src/sweet-alert-dialog-master/sample/build.gradle /tmp/rdisk/1065/src/sweet-alert-dialog-master/build.gradle
2018-05-11 15:28:24,514 INFO  ProjectBuildService - All script(s): /tmp/rdisk/1065/src/sweet-alert-dialog-master/settings.gradle /tmp/rdisk/1065/src/sweet-alert-dialog-master/sample/build.gradle /tmp/rdisk/1065/src/sweet-alert-dialog-master/library/build.gradle /tmp/rdisk/1065/src/sweet-alert-dialog-master/build.gradle
2018-05-11 15:28:24,515 INFO  DownloadService - Downloading "https://raw.github.com/chrisbanes/gradle-mvn-push/master/gradle-mvn-push.gradle", attempt 3
2018-05-11 15:28:24,682 INFO  DownloadService - Downloaded https://raw.github.com/chrisbanes/gradle-mvn-push/master/gradle-mvn-push.gradle, attempt 3
2018-05-11 15:28:24,682 INFO  ProjectBuildService - Remote scripts: https://raw.github.com/chrisbanes/gradle-mvn-push/master/gradle-mvn-push.gradle
2018-05-11 15:28:24,682 INFO  ProjectFixService - Fixing project...
2018-05-11 15:28:24,689 INFO  LocalPropertiesFixService - Created fake /tmp/rdisk/1065/src/sweet-alert-dialog-master/library/local.properties
2018-05-11 15:28:24,690 INFO  ProjectFixService - Build info for "/tmp/rdisk/1065/src/sweet-alert-dialog-master/library/build.gradle": [buildToolsVersion=19.1.0,compileSdkVersion=21,minSdkVersion=9,targetSdkVersion=21]
2018-05-11 15:28:24,691 INFO  LocalPropertiesFixService - Created fake /tmp/rdisk/1065/src/sweet-alert-dialog-master/sample/local.properties
2018-05-11 15:28:24,692 INFO  ProjectFixService - Build info for "/tmp/rdisk/1065/src/sweet-alert-dialog-master/sample/build.gradle": [buildToolsVersion=19.1.0,compileSdkVersion=21,minSdkVersion=9,targetSdkVersion=21]
2018-05-11 15:28:24,692 INFO  LocalPropertiesFixService - Created fake /tmp/rdisk/1065/src/sweet-alert-dialog-master/local.properties
2018-05-11 15:28:24,695 INFO  WrapperPropertiesFixService - Gradle wrapper: https://services.gradle.org/distributions/gradle-2.2.1-all.zip
2018-05-11 15:28:24,695 INFO  WrapperPropertiesFixService - Gradle wrapper was changed from "-all.zip" to "-bin.zip" (https://services.gradle.org/distributions/gradle-2.2.1-bin.zip)
2018-05-11 15:28:24,696 INFO  ProjectFixService - Build info for "/tmp/rdisk/1065/src/sweet-alert-dialog-master/build.gradle": [buildToolsVersion=19.1.0,compileSdkVersion=21,minSdkVersion=9,targetSdkVersion=21]
2018-05-11 15:28:24,696 INFO  ProjectFixService - Project was maybe fixed
2018-05-11 15:28:24,696 INFO  ProjectTaskService - Detecting possible tasks...
2018-05-11 15:28:24,696 INFO  SysUtils - Execute command: [/tmp/rdisk/1065/src/sweet-alert-dialog-master/gradlew, -b, /tmp/rdisk/1065/src/sweet-alert-dialog-master/library/build.gradle, -Dorg.gradle.daemon=false, -Dorg.gradle.daemon.performance.enable-monitoring=false, -Dorg.gradle.configureondemand=true, tasks]
2018-05-11 15:28:34,713 INFO  ProjectTaskService - Detected possible tasks: 60
2018-05-11 15:28:34,713 INFO  ProjectTaskService - Excluded tasks (11): lintDebug androidJavadocs deviceCheck lint androidSourcesJar connectedCheck uninstallAll androidJavadocsJar check connectedAndroidTest lintRelease
2018-05-11 15:28:34,714 INFO  SysUtils - Execute command: [/tmp/rdisk/1065/src/sweet-alert-dialog-master/gradlew, -b, /tmp/rdisk/1065/src/sweet-alert-dialog-master/library/build.gradle, -Dorg.gradle.daemon=false, -Dorg.gradle.daemon.performance.enable-monitoring=false, -Dorg.gradle.configureondemand=true, --stacktrace, -x, lintDebug, -x, androidJavadocs, -x, deviceCheck, -x, lint, -x, androidSourcesJar, -x, connectedCheck, -x, uninstallAll, -x, androidJavadocsJar, -x, check, -x, connectedAndroidTest, -x, lintRelease, build]
2018-05-11 15:28:45,491 INFO  SysUtils - Configuration on demand is an incubating feature.
:library:compileLint
:library:copyDebugLint UP-TO-DATE
:library:preBuild
:library:preDebugBuild
:library:checkDebugManifest
:library:preDebugTestBuild
:library:preReleaseBuild
:library:prepareComAndroidSupportAppcompatV72100Library
:library:prepareComAndroidSupportSupportV42100Library
:library:prepareComPnikosisMaterialishProgress10Library
:library:prepareDebugDependencies
:library:compileDebugAidl
:library:compileDebugRenderscript
:library:generateDebugBuildConfig
:library:generateDebugAssets UP-TO-DATE
:library:mergeDebugAssets
:library:generateDebugResValues
:library:generateDebugResources
:library:mergeDebugResources
:library:processDebugManifest
:library:processDebugResources
:library:generateDebugSources
:library:compileDebugJava
:library:extractDebugAnnotations
:library:mergeDebugProguardFiles
:library:processDebugJavaRes UP-TO-DATE
:library:packageDebugJar
:library:compileDebugNdk
:library:packageDebugJniLibs UP-TO-DATE
:library:packageDebugLocalJar UP-TO-DATE
:library:packageDebugRenderscript UP-TO-DATE
:library:packageDebugResources
:library:bundleDebug
:library:assembleDebug
:library:copyReleaseLint UP-TO-DATE
:library:checkReleaseManifest
:library:prepareReleaseDependencies
:library:compileReleaseAidl
:library:compileReleaseRenderscript
:library:generateReleaseBuildConfig
:library:generateReleaseAssets UP-TO-DATE
:library:mergeReleaseAssets
:library:generateReleaseResValues
:library:generateReleaseResources
:library:mergeReleaseResources
:library:processReleaseManifest
:library:processReleaseResources
:library:generateReleaseSources
:library:compileReleaseJava
:library:extractReleaseAnnotations
:library:mergeReleaseProguardFiles
:library:processReleaseJavaRes UP-TO-DATE
:library:packageReleaseJar
:library:compileReleaseNdk
:library:packageReleaseJniLibs UP-TO-DATE
:library:packageReleaseLocalJar UP-TO-DATE
:library:packageReleaseRenderscript UP-TO-DATE
:library:packageReleaseResources
:library:bundleRelease
:library:assembleRelease
:library:signArchives SKIPPED
:library:assemble
:library:build

BUILD SUCCESSFUL

Total time: 10.329 secs

2018-05-11 15:28:45,521 INFO  ProjectTaskService - Detecting possible tasks...
2018-05-11 15:28:45,522 INFO  SysUtils - Execute command: [/tmp/rdisk/1065/src/sweet-alert-dialog-master/gradlew, -b, /tmp/rdisk/1065/src/sweet-alert-dialog-master/sample/build.gradle, -Dorg.gradle.daemon=false, -Dorg.gradle.daemon.performance.enable-monitoring=false, -Dorg.gradle.configureondemand=true, tasks]
2018-05-11 15:28:52,507 INFO  ProjectTaskService - Detected possible tasks: 57
2018-05-11 15:28:52,508 INFO  ProjectTaskService - Excluded tasks (14): lintDebug androidJavadocs deviceCheck lint androidSourcesJar uninstallRelease connectedCheck uninstallAll androidJavadocsJar check connectedAndroidTest installDebug lintRelease uninstallDebug
2018-05-11 15:28:52,508 INFO  SysUtils - Execute command: [/tmp/rdisk/1065/src/sweet-alert-dialog-master/gradlew, -b, /tmp/rdisk/1065/src/sweet-alert-dialog-master/sample/build.gradle, -Dorg.gradle.daemon=false, -Dorg.gradle.daemon.performance.enable-monitoring=false, -Dorg.gradle.configureondemand=true, --stacktrace, -x, lintDebug, -x, androidJavadocs, -x, deviceCheck, -x, lint, -x, androidSourcesJar, -x, uninstallRelease, -x, connectedCheck, -x, uninstallAll, -x, androidJavadocsJar, -x, check, -x, connectedAndroidTest, -x, installDebug, -x, lintRelease, -x, uninstallDebug, build]
2018-05-11 15:28:59,319 ERROR SysUtils - Could not process external command
org.apache.commons.exec.ExecuteException: Process exited with an error: 1 (Exit value: 1)
	at org.apache.commons.exec.DefaultExecutor.executeInternal(DefaultExecutor.java:404)
	at org.apache.commons.exec.DefaultExecutor.execute(DefaultExecutor.java:166)
	at com.github.vbauer.apkmaster.util.SysUtils.execute(SysUtils.java:67)
	at com.github.vbauer.apkmaster.util.SysUtils.executeSimple(SysUtils.java:43)
	at com.github.vbauer.apkmaster.service.assembly.ProjectBuildService.buildProject(ProjectBuildService.java:78)
	at com.github.vbauer.apkmaster.service.assembly.ProjectBuildService.buildProject(ProjectBuildService.java:64)
	at com.github.vbauer.apkmaster.service.assembly.ProjectBuildService.buildProject(ProjectBuildService.java:43)
	at com.github.vbauer.apkmaster.service.FullProcessService.build(FullProcessService.java:84)
	at com.github.vbauer.apkmaster.service.FullProcessService.process(FullProcessService.java:34)
	at com.github.vbauer.apkmaster.app.MainApplication.process(MainApplication.java:38)
	at com.github.vbauer.apkmaster.app.MainApplication.main(MainApplication.java:20)
	at sun.reflect.NativeMethodAccessorImpl.invoke0(Native Method)
	at sun.reflect.NativeMethodAccessorImpl.invoke(NativeMethodAccessorImpl.java:62)
	at sun.reflect.DelegatingMethodAccessorImpl.invoke(DelegatingMethodAccessorImpl.java:43)
	at java.lang.reflect.Method.invoke(Method.java:498)
	at com.android.arsenal.util.ReflectionUtils.invoke(ReflectionUtils.java:42)
	at com.android.arsenal.util.ApkMasterUtils.main(ApkMasterUtils.java:30)
	at com.android.arsenal.service.processor.impl.BuildProcessorServiceImpl.buildProject(BuildProcessorServiceImpl.java:197)
	at com.android.arsenal.service.processor.impl.BuildProcessorServiceImpl.build(BuildProcessorServiceImpl.java:131)
	at com.android.arsenal.service.processor.impl.BuildProcessorServiceImpl.lambda$null$1(BuildProcessorServiceImpl.java:114)
	at java.util.concurrent.FutureTask.run(FutureTask.java:266)
	at java.util.concurrent.Executors$RunnableAdapter.call(Executors.java:511)
	at java.util.concurrent.FutureTask.run(FutureTask.java:266)
	at java.util.concurrent.ThreadPoolExecutor.runWorker(ThreadPoolExecutor.java:1149)
	at java.util.concurrent.ThreadPoolExecutor$Worker.run(ThreadPoolExecutor.java:624)
	at java.lang.Thread.run(Thread.java:748)
2018-05-11 15:28:59,319 INFO  SysUtils - Configuration on demand is an incubating feature.

FAILURE: Build failed with an exception.

* What went wrong:
Task 'androidJavadocs' not found in project ':sample'.

* Try:
Run gradlew tasks to get a list of available tasks. Run with --info or --debug option to get more log output.

* Exception is:
org.gradle.execution.TaskSelectionException: Task 'androidJavadocs' not found in project ':sample'.
	at org.gradle.execution.TaskSelector.getSelection(TaskSelector.java:101)
	at org.gradle.execution.TaskSelector.getFilter(TaskSelector.java:64)
	at org.gradle.execution.ExcludedTaskFilteringBuildConfigurationAction.configure(ExcludedTaskFilteringBuildConfigurationAction.java:42)
	at org.gradle.execution.DefaultBuildExecuter.configure(DefaultBuildExecuter.java:42)
	at org.gradle.execution.DefaultBuildExecuter.access$100(DefaultBuildExecuter.java:23)
	at org.gradle.execution.DefaultBuildExecuter$1.proceed(DefaultBuildExecuter.java:48)
	at org.gradle.execution.DefaultTasksBuildExecutionAction.configure(DefaultTasksBuildExecutionAction.java:44)
	at org.gradle.execution.DefaultBuildExecuter.configure(DefaultBuildExecuter.java:42)
	at org.gradle.execution.DefaultBuildExecuter.select(DefaultBuildExecuter.java:35)
	at org.gradle.initialization.DefaultGradleLauncher.doBuildStages(DefaultGradleLauncher.java:142)
	at org.gradle.initialization.DefaultGradleLauncher.doBuild(DefaultGradleLauncher.java:106)
	at org.gradle.initialization.DefaultGradleLauncher.run(DefaultGradleLauncher.java:86)
	at org.gradle.launcher.exec.InProcessBuildActionExecuter$DefaultBuildController.run(InProcessBuildActionExecuter.java:80)
	at org.gradle.launcher.cli.ExecuteBuildAction.run(ExecuteBuildAction.java:33)
	at org.gradle.launcher.cli.ExecuteBuildAction.run(ExecuteBuildAction.java:24)
	at org.gradle.launcher.exec.InProcessBuildActionExecuter.execute(InProcessBuildActionExecuter.java:36)
	at org.gradle.launcher.exec.InProcessBuildActionExecuter.execute(InProcessBuildActionExecuter.java:26)
	at org.gradle.launcher.cli.RunBuildAction.run(RunBuildAction.java:51)
	at org.gradle.internal.Actions$RunnableActionAdapter.execute(Actions.java:171)
	at org.gradle.launcher.cli.CommandLineActionFactory$ParseAndBuildAction.execute(CommandLineActionFactory.java:237)
	at org.gradle.launcher.cli.CommandLineActionFactory$ParseAndBuildAction.execute(CommandLineActionFactory.java:210)
	at org.gradle.launcher.cli.JavaRuntimeValidationAction.execute(JavaRuntimeValidationAction.java:35)
	at org.gradle.launcher.cli.JavaRuntimeValidationAction.execute(JavaRuntimeValidationAction.java:24)
	at org.gradle.launcher.cli.CommandLineActionFactory$WithLogging.execute(CommandLineActionFactory.java:206)
	at org.gradle.launcher.cli.CommandLineActionFactory$WithLogging.execute(CommandLineActionFactory.java:169)
	at org.gradle.launcher.cli.ExceptionReportingAction.execute(ExceptionReportingAction.java:33)
	at org.gradle.launcher.cli.ExceptionReportingAction.execute(ExceptionReportingAction.java:22)
	at org.gradle.launcher.Main.doAction(Main.java:33)
	at org.gradle.launcher.bootstrap.EntryPoint.run(EntryPoint.java:45)
	at org.gradle.launcher.bootstrap.ProcessBootstrap.runNoExit(ProcessBootstrap.java:54)
	at org.gradle.launcher.bootstrap.ProcessBootstrap.run(ProcessBootstrap.java:35)
	at org.gradle.launcher.GradleMain.main(GradleMain.java:23)
	at org.gradle.wrapper.BootstrapMainStarter.start(BootstrapMainStarter.java:33)
	at org.gradle.wrapper.WrapperExecutor.execute(WrapperExecutor.java:130)
	at org.gradle.wrapper.GradleWrapperMain.main(GradleWrapperMain.java:48)


BUILD FAILED

Total time: 6.373 secs

2018-05-11 15:28:59,319 ERROR ProjectBuildService - Excluded tasks were detected wrong
2018-05-11 15:28:59,319 INFO  SysUtils - Execute command: [/tmp/rdisk/1065/src/sweet-alert-dialog-master/gradlew, -b, /tmp/rdisk/1065/src/sweet-alert-dialog-master/sample/build.gradle, -Dorg.gradle.daemon=false, -Dorg.gradle.daemon.performance.enable-monitoring=false, -Dorg.gradle.configureondemand=true, --stacktrace, build]
2018-05-11 15:29:31,984 INFO  SysUtils - Configuration on demand is an incubating feature.
:sample:preBuild
:sample:compileDebugNdk
:library:compileLint
:library:copyReleaseLint UP-TO-DATE
:library:preBuild
:library:preReleaseBuild
:library:checkReleaseManifest
:library:preDebugBuild
:library:preDebugTestBuild
:library:prepareComAndroidSupportAppcompatV72100Library UP-TO-DATE
:library:prepareComAndroidSupportSupportV42100Library UP-TO-DATE
:library:prepareComPnikosisMaterialishProgress10Library UP-TO-DATE
:library:prepareReleaseDependencies
:library:compileReleaseAidl UP-TO-DATE
:library:compileReleaseRenderscript UP-TO-DATE
:library:generateReleaseBuildConfig UP-TO-DATE
:library:generateReleaseAssets UP-TO-DATE
:library:mergeReleaseAssets UP-TO-DATE
:library:generateReleaseResValues UP-TO-DATE
:library:generateReleaseResources UP-TO-DATE
:library:mergeReleaseResources UP-TO-DATE
:library:processReleaseManifest UP-TO-DATE
:library:processReleaseResources UP-TO-DATE
:library:generateReleaseSources UP-TO-DATE
:library:compileReleaseJava UP-TO-DATE
:library:extractReleaseAnnotations UP-TO-DATE
:library:mergeReleaseProguardFiles UP-TO-DATE
:library:processReleaseJavaRes UP-TO-DATE
:library:packageReleaseJar UP-TO-DATE
:library:compileReleaseNdk UP-TO-DATE
:library:packageReleaseJniLibs UP-TO-DATE
:library:packageReleaseLocalJar UP-TO-DATE
:library:packageReleaseRenderscript UP-TO-DATE
:library:packageReleaseResources UP-TO-DATE
:library:bundleRelease UP-TO-DATE
:sample:preDebugBuild
:sample:checkDebugManifest
:sample:preReleaseBuild
:sample:prepareCnPedantSweetalertLibrary13Library
:sample:prepareComAndroidSupportAppcompatV72100Library
:sample:prepareComAndroidSupportSupportV42100Library
:sample:prepareComPnikosisMaterialishProgress10Library
:sample:prepareDebugDependencies
:sample:compileDebugAidl
:sample:compileDebugRenderscript
:sample:generateDebugBuildConfig
:sample:generateDebugAssets UP-TO-DATE
:sample:mergeDebugAssets
:sample:generateDebugResValues
:sample:generateDebugResources
:sample:mergeDebugResources
:sample:processDebugManifest
:sample:processDebugResources
:sample:generateDebugSources
:sample:compileDebugJava
:sample:preDexDebug
:sample:dexDebug
:sample:processDebugJavaRes UP-TO-DATE
:sample:validateDebugSigning
:sample:packageDebug
:sample:zipalignDebug
:sample:assembleDebug
:sample:checkReleaseManifest
:sample:prepareReleaseDependencies
:sample:compileReleaseAidl
:sample:compileReleaseRenderscript
:sample:generateReleaseBuildConfig
:sample:generateReleaseAssets UP-TO-DATE
:sample:mergeReleaseAssets
:sample:generateReleaseResValues
:sample:generateReleaseResources
:sample:mergeReleaseResources
:sample:processReleaseManifest
:sample:processReleaseResources
:sample:generateReleaseSources
:sample:compileReleaseJava
:sample:lintVitalRelease SKIPPED
:sample:compileReleaseNdk
:sample:proguardRelease
:sample:dexRelease
:sample:processReleaseJavaRes UP-TO-DATE
:sample:shrinkReleaseResources
Removed unused resources: Binary resource data reduced from 431KB to 279KB: Removed 35%
Note: If necessary, you can disable resource shrinking by adding
android {
    buildTypes {
        release {
            shrinkResources false
        }
    }
}
:sample:packageRelease
:sample:assembleRelease
:sample:assemble
:sample:compileLint
:sample:lint
Ran lint on variant release: 40 issues found
Ran lint on variant debug: 40 issues found
Wrote HTML report to file:/tmp/rdisk/1065/src/sweet-alert-dialog-master/sample/build/outputs/lint-results.html
Wrote XML report to /tmp/rdisk/1065/src/sweet-alert-dialog-master/sample/build/outputs/lint-results.xml
:sample:check
:sample:build

BUILD SUCCESSFUL

Total time: 31.589 secs

2018-05-11 15:29:32,048 INFO  FullProcessService - Found APK file: /tmp/rdisk/1065/src/sweet-alert-dialog-master/sample/build/outputs/apk/sample-release-unsigned.apk
