2018-04-08 12:57:36,029 INFO  DownloadService - Downloading "https://github.com/eowise/recyclerview-stickyheaders/archive/master.zip", attempt 3
2018-04-08 12:57:37,592 INFO  DownloadService - Downloaded https://github.com/eowise/recyclerview-stickyheaders/archive/master.zip, attempt 3
2018-04-08 12:57:37,592 INFO  DownloadService - Size of file "/tmp/rdisk/1022/master.zip": 109 KB
2018-04-08 12:57:37,592 INFO  ArchiveUtils - Checking entries [.gradle] in ZIP file...
2018-04-08 12:57:37,592 INFO  ArchiveUtils - Has entries [.gradle] in ZIP file /tmp/rdisk/1022/master.zip: true
2018-04-08 12:57:37,592 DEBUG ZipUtil - Extracting '/tmp/rdisk/1022/master.zip' into '/tmp/rdisk/1022/src'.
2018-04-08 12:57:37,601 INFO  FullProcessService - Size of directory with sources: 132 KB
2018-04-08 12:57:37,601 INFO  SysUtils - Execute command: [git, init, /tmp/rdisk/1022/src]
2018-04-08 12:57:37,606 INFO  SysUtils - Initialized empty Git repository in /tmp/rdisk/1022/src/.git/

2018-04-08 12:57:37,608 INFO  ProjectBuildService - Gradle wrapper(s): /tmp/rdisk/1022/src/recyclerview-stickyheaders-master/gradlew
2018-04-08 12:57:37,611 INFO  ProjectBuildService - Build script(s): /tmp/rdisk/1022/src/recyclerview-stickyheaders-master/library/build.gradle /tmp/rdisk/1022/src/recyclerview-stickyheaders-master/samples/build.gradle /tmp/rdisk/1022/src/recyclerview-stickyheaders-master/build.gradle
2018-04-08 12:57:37,613 INFO  ProjectBuildService - All script(s): /tmp/rdisk/1022/src/recyclerview-stickyheaders-master/settings.gradle /tmp/rdisk/1022/src/recyclerview-stickyheaders-master/samples/build.gradle /tmp/rdisk/1022/src/recyclerview-stickyheaders-master/library/build.gradle /tmp/rdisk/1022/src/recyclerview-stickyheaders-master/build.gradle
2018-04-08 12:57:37,613 INFO  DownloadService - Downloading "https://raw.github.com/chrisbanes/gradle-mvn-push/master/gradle-mvn-push.gradle", attempt 3
2018-04-08 12:57:39,066 INFO  DownloadService - Downloaded https://raw.github.com/chrisbanes/gradle-mvn-push/master/gradle-mvn-push.gradle, attempt 3
2018-04-08 12:57:39,066 INFO  ProjectBuildService - Remote scripts: https://raw.github.com/chrisbanes/gradle-mvn-push/master/gradle-mvn-push.gradle
2018-04-08 12:57:39,067 INFO  ProjectFixService - Fixing project...
2018-04-08 12:57:39,075 INFO  LocalPropertiesFixService - Created fake /tmp/rdisk/1022/src/recyclerview-stickyheaders-master/library/local.properties
2018-04-08 12:57:39,077 INFO  ProjectFixService - Build info for "/tmp/rdisk/1022/src/recyclerview-stickyheaders-master/library/build.gradle": [buildToolsVersion=21.1.1,compileSdkVersion=21,minSdkVersion=7,targetSdkVersion=21]
2018-04-08 12:57:39,078 INFO  LocalPropertiesFixService - Created fake /tmp/rdisk/1022/src/recyclerview-stickyheaders-master/samples/local.properties
2018-04-08 12:57:39,078 INFO  ProjectFixService - Build info for "/tmp/rdisk/1022/src/recyclerview-stickyheaders-master/samples/build.gradle": [buildToolsVersion=21.1.1,compileSdkVersion=21,minSdkVersion=7,targetSdkVersion=21]
2018-04-08 12:57:39,078 INFO  LocalPropertiesFixService - Created fake /tmp/rdisk/1022/src/recyclerview-stickyheaders-master/local.properties
2018-04-08 12:57:39,079 INFO  WrapperPropertiesFixService - Gradle wrapper: https://services.gradle.org/distributions/gradle-2.2.1-bin.zip
2018-04-08 12:57:39,080 INFO  ProjectFixService - Build info for "/tmp/rdisk/1022/src/recyclerview-stickyheaders-master/build.gradle": [buildToolsVersion=21.1.1,compileSdkVersion=21,minSdkVersion=7,targetSdkVersion=21]
2018-04-08 12:57:39,080 INFO  ProjectFixService - Project was maybe fixed
2018-04-08 12:57:39,080 INFO  ProjectTaskService - Detecting possible tasks...
2018-04-08 12:57:39,080 INFO  SysUtils - Execute command: [/tmp/rdisk/1022/src/recyclerview-stickyheaders-master/gradlew, -b, /tmp/rdisk/1022/src/recyclerview-stickyheaders-master/library/build.gradle, -Dorg.gradle.daemon=false, -Dorg.gradle.daemon.performance.enable-monitoring=false, -Dorg.gradle.configureondemand=true, tasks]
2018-04-08 12:57:49,405 INFO  ProjectTaskService - Detected possible tasks: 61
2018-04-08 12:57:49,406 INFO  ProjectTaskService - Excluded tasks (11): lintDebug androidJavadocs deviceCheck lint androidSourcesJar connectedCheck uninstallAll androidJavadocsJar check connectedAndroidTest lintRelease
2018-04-08 12:57:49,406 INFO  SysUtils - Execute command: [/tmp/rdisk/1022/src/recyclerview-stickyheaders-master/gradlew, -b, /tmp/rdisk/1022/src/recyclerview-stickyheaders-master/library/build.gradle, -Dorg.gradle.daemon=false, -Dorg.gradle.daemon.performance.enable-monitoring=false, -Dorg.gradle.configureondemand=true, --stacktrace, -x, lintDebug, -x, androidJavadocs, -x, deviceCheck, -x, lint, -x, androidSourcesJar, -x, connectedCheck, -x, uninstallAll, -x, androidJavadocsJar, -x, check, -x, connectedAndroidTest, -x, lintRelease, build]
2018-04-08 12:57:59,255 INFO  SysUtils - Configuration on demand is an incubating feature.
:library:compileLint
:library:copyDebugLint UP-TO-DATE
:library:preBuild
:library:preDebugBuild
:library:checkDebugManifest
:library:preDebugTestBuild
:library:preReleaseBuild
:library:prepareComAndroidSupportRecyclerviewV72103Library
:library:prepareComAndroidSupportSupportV42103Library
:library:prepareDebugDependencies
:library:compileDebugAidl
:library:compileDebugRenderscript
:library:generateDebugBuildConfig
:library:generateDebugAssets UP-TO-DATE
:library:mergeDebugAssets
:library:generateDebugResValues
:library:generateDebugResources
:library:mergeDebugResources
:library:processDebugManifest
:library:processDebugResources
:library:generateDebugSources
:library:compileDebugJavaNote: /tmp/rdisk/1022/src/recyclerview-stickyheaders-master/library/src/main/java/com/eowise/recyclerview/stickyheaders/HeaderStore.java uses unchecked or unsafe operations.
Note: Recompile with -Xlint:unchecked for details.

:library:extractDebugAnnotations
:library:mergeDebugProguardFiles
:library:processDebugJavaRes UP-TO-DATE
:library:packageDebugJar
:library:compileDebugNdk
:library:packageDebugJniLibs UP-TO-DATE
:library:packageDebugLocalJar UP-TO-DATE
:library:packageDebugRenderscript UP-TO-DATE
:library:packageDebugResources
:library:bundleDebug
:library:assembleDebug
:library:copyReleaseLint UP-TO-DATE
:library:checkReleaseManifest
:library:prepareReleaseDependencies
:library:compileReleaseAidl
:library:compileReleaseRenderscript
:library:generateReleaseBuildConfig
:library:generateReleaseAssets UP-TO-DATE
:library:mergeReleaseAssets
:library:generateReleaseResValues
:library:generateReleaseResources
:library:mergeReleaseResources
:library:processReleaseManifest
:library:processReleaseResources
:library:generateReleaseSources
:library:compileReleaseJavaNote: /tmp/rdisk/1022/src/recyclerview-stickyheaders-master/library/src/main/java/com/eowise/recyclerview/stickyheaders/HeaderStore.java uses unchecked or unsafe operations.
Note: Recompile with -Xlint:unchecked for details.

:library:extractReleaseAnnotations
:library:mergeReleaseProguardFiles
:library:processReleaseJavaRes UP-TO-DATE
:library:packageReleaseJar
:library:compileReleaseNdk
:library:packageReleaseJniLibs UP-TO-DATE
:library:packageReleaseLocalJar UP-TO-DATE
:library:packageReleaseRenderscript UP-TO-DATE
:library:packageReleaseResources
:library:bundleRelease
:library:assembleRelease
:library:signArchives SKIPPED
:library:assemble
:library:build

BUILD SUCCESSFUL

Total time: 9.405 secs

2018-04-08 12:57:59,263 INFO  ProjectTaskService - Detecting possible tasks...
2018-04-08 12:57:59,264 INFO  SysUtils - Execute command: [/tmp/rdisk/1022/src/recyclerview-stickyheaders-master/gradlew, -b, /tmp/rdisk/1022/src/recyclerview-stickyheaders-master/samples/build.gradle, -Dorg.gradle.daemon=false, -Dorg.gradle.daemon.performance.enable-monitoring=false, -Dorg.gradle.configureondemand=true, tasks]
2018-04-08 12:58:06,587 INFO  ProjectTaskService - Detected possible tasks: 57
2018-04-08 12:58:06,587 INFO  ProjectTaskService - Excluded tasks (14): lintDebug androidJavadocs deviceCheck lint androidSourcesJar uninstallRelease connectedCheck uninstallAll androidJavadocsJar check connectedAndroidTest installDebug lintRelease uninstallDebug
2018-04-08 12:58:06,587 INFO  SysUtils - Execute command: [/tmp/rdisk/1022/src/recyclerview-stickyheaders-master/gradlew, -b, /tmp/rdisk/1022/src/recyclerview-stickyheaders-master/samples/build.gradle, -Dorg.gradle.daemon=false, -Dorg.gradle.daemon.performance.enable-monitoring=false, -Dorg.gradle.configureondemand=true, --stacktrace, -x, lintDebug, -x, androidJavadocs, -x, deviceCheck, -x, lint, -x, androidSourcesJar, -x, uninstallRelease, -x, connectedCheck, -x, uninstallAll, -x, androidJavadocsJar, -x, check, -x, connectedAndroidTest, -x, installDebug, -x, lintRelease, -x, uninstallDebug, build]
2018-04-08 12:58:13,658 ERROR SysUtils - Could not process external command
org.apache.commons.exec.ExecuteException: Process exited with an error: 1 (Exit value: 1)
	at org.apache.commons.exec.DefaultExecutor.executeInternal(DefaultExecutor.java:404)
	at org.apache.commons.exec.DefaultExecutor.execute(DefaultExecutor.java:166)
	at com.github.vbauer.apkmaster.util.SysUtils.execute(SysUtils.java:67)
	at com.github.vbauer.apkmaster.util.SysUtils.executeSimple(SysUtils.java:43)
	at com.github.vbauer.apkmaster.service.assembly.ProjectBuildService.buildProject(ProjectBuildService.java:78)
	at com.github.vbauer.apkmaster.service.assembly.ProjectBuildService.buildProject(ProjectBuildService.java:64)
	at com.github.vbauer.apkmaster.service.assembly.ProjectBuildService.buildProject(ProjectBuildService.java:43)
	at com.github.vbauer.apkmaster.service.FullProcessService.build(FullProcessService.java:84)
	at com.github.vbauer.apkmaster.service.FullProcessService.process(FullProcessService.java:34)
	at com.github.vbauer.apkmaster.app.MainApplication.process(MainApplication.java:38)
	at com.github.vbauer.apkmaster.app.MainApplication.main(MainApplication.java:20)
	at sun.reflect.GeneratedMethodAccessor9.invoke(Unknown Source)
	at sun.reflect.DelegatingMethodAccessorImpl.invoke(DelegatingMethodAccessorImpl.java:43)
	at java.lang.reflect.Method.invoke(Method.java:498)
	at com.android.arsenal.util.ReflectionUtils.invoke(ReflectionUtils.java:42)
	at com.android.arsenal.util.ApkMasterUtils.main(ApkMasterUtils.java:30)
	at com.android.arsenal.service.processor.impl.BuildProcessorServiceImpl.buildProject(BuildProcessorServiceImpl.java:197)
	at com.android.arsenal.service.processor.impl.BuildProcessorServiceImpl.build(BuildProcessorServiceImpl.java:131)
	at com.android.arsenal.service.processor.impl.BuildProcessorServiceImpl.lambda$null$1(BuildProcessorServiceImpl.java:114)
	at java.util.concurrent.FutureTask.run(FutureTask.java:266)
	at java.util.concurrent.Executors$RunnableAdapter.call(Executors.java:511)
	at java.util.concurrent.FutureTask.run(FutureTask.java:266)
	at java.util.concurrent.ThreadPoolExecutor.runWorker(ThreadPoolExecutor.java:1149)
	at java.util.concurrent.ThreadPoolExecutor$Worker.run(ThreadPoolExecutor.java:624)
	at java.lang.Thread.run(Thread.java:748)
2018-04-08 12:58:13,658 INFO  SysUtils - Configuration on demand is an incubating feature.

FAILURE: Build failed with an exception.

* What went wrong:
Task 'androidJavadocs' not found in project ':samples'.

* Try:
Run gradlew tasks to get a list of available tasks. Run with --info or --debug option to get more log output.

* Exception is:
org.gradle.execution.TaskSelectionException: Task 'androidJavadocs' not found in project ':samples'.
	at org.gradle.execution.TaskSelector.getSelection(TaskSelector.java:101)
	at org.gradle.execution.TaskSelector.getFilter(TaskSelector.java:64)
	at org.gradle.execution.ExcludedTaskFilteringBuildConfigurationAction.configure(ExcludedTaskFilteringBuildConfigurationAction.java:42)
	at org.gradle.execution.DefaultBuildExecuter.configure(DefaultBuildExecuter.java:42)
	at org.gradle.execution.DefaultBuildExecuter.access$100(DefaultBuildExecuter.java:23)
	at org.gradle.execution.DefaultBuildExecuter$1.proceed(DefaultBuildExecuter.java:48)
	at org.gradle.execution.DefaultTasksBuildExecutionAction.configure(DefaultTasksBuildExecutionAction.java:44)
	at org.gradle.execution.DefaultBuildExecuter.configure(DefaultBuildExecuter.java:42)
	at org.gradle.execution.DefaultBuildExecuter.select(DefaultBuildExecuter.java:35)
	at org.gradle.initialization.DefaultGradleLauncher.doBuildStages(DefaultGradleLauncher.java:142)
	at org.gradle.initialization.DefaultGradleLauncher.doBuild(DefaultGradleLauncher.java:106)
	at org.gradle.initialization.DefaultGradleLauncher.run(DefaultGradleLauncher.java:86)
	at org.gradle.launcher.exec.InProcessBuildActionExecuter$DefaultBuildController.run(InProcessBuildActionExecuter.java:80)
	at org.gradle.launcher.cli.ExecuteBuildAction.run(ExecuteBuildAction.java:33)
	at org.gradle.launcher.cli.ExecuteBuildAction.run(ExecuteBuildAction.java:24)
	at org.gradle.launcher.exec.InProcessBuildActionExecuter.execute(InProcessBuildActionExecuter.java:36)
	at org.gradle.launcher.exec.InProcessBuildActionExecuter.execute(InProcessBuildActionExecuter.java:26)
	at org.gradle.launcher.cli.RunBuildAction.run(RunBuildAction.java:51)
	at org.gradle.internal.Actions$RunnableActionAdapter.execute(Actions.java:171)
	at org.gradle.launcher.cli.CommandLineActionFactory$ParseAndBuildAction.execute(CommandLineActionFactory.java:237)
	at org.gradle.launcher.cli.CommandLineActionFactory$ParseAndBuildAction.execute(CommandLineActionFactory.java:210)
	at org.gradle.launcher.cli.JavaRuntimeValidationAction.execute(JavaRuntimeValidationAction.java:35)
	at org.gradle.launcher.cli.JavaRuntimeValidationAction.execute(JavaRuntimeValidationAction.java:24)
	at org.gradle.launcher.cli.CommandLineActionFactory$WithLogging.execute(CommandLineActionFactory.java:206)
	at org.gradle.launcher.cli.CommandLineActionFactory$WithLogging.execute(CommandLineActionFactory.java:169)
	at org.gradle.launcher.cli.ExceptionReportingAction.execute(ExceptionReportingAction.java:33)
	at org.gradle.launcher.cli.ExceptionReportingAction.execute(ExceptionReportingAction.java:22)
	at org.gradle.launcher.Main.doAction(Main.java:33)
	at org.gradle.launcher.bootstrap.EntryPoint.run(EntryPoint.java:45)
	at org.gradle.launcher.bootstrap.ProcessBootstrap.runNoExit(ProcessBootstrap.java:54)
	at org.gradle.launcher.bootstrap.ProcessBootstrap.run(ProcessBootstrap.java:35)
	at org.gradle.launcher.GradleMain.main(GradleMain.java:23)
	at org.gradle.wrapper.BootstrapMainStarter.start(BootstrapMainStarter.java:30)
	at org.gradle.wrapper.WrapperExecutor.execute(WrapperExecutor.java:127)
	at org.gradle.wrapper.GradleWrapperMain.main(GradleWrapperMain.java:56)


BUILD FAILED

Total time: 6.637 secs

2018-04-08 12:58:13,658 ERROR ProjectBuildService - Excluded tasks were detected wrong
2018-04-08 12:58:13,658 INFO  SysUtils - Execute command: [/tmp/rdisk/1022/src/recyclerview-stickyheaders-master/gradlew, -b, /tmp/rdisk/1022/src/recyclerview-stickyheaders-master/samples/build.gradle, -Dorg.gradle.daemon=false, -Dorg.gradle.daemon.performance.enable-monitoring=false, -Dorg.gradle.configureondemand=true, --stacktrace, build]
2018-04-08 12:58:41,604 ERROR SysUtils - Could not process external command
org.apache.commons.exec.ExecuteException: Process exited with an error: 1 (Exit value: 1)
	at org.apache.commons.exec.DefaultExecutor.executeInternal(DefaultExecutor.java:404)
	at org.apache.commons.exec.DefaultExecutor.execute(DefaultExecutor.java:166)
	at com.github.vbauer.apkmaster.util.SysUtils.execute(SysUtils.java:67)
	at com.github.vbauer.apkmaster.util.SysUtils.executeSimple(SysUtils.java:43)
	at com.github.vbauer.apkmaster.service.assembly.ProjectBuildService.buildProject(ProjectBuildService.java:78)
	at com.github.vbauer.apkmaster.service.assembly.ProjectBuildService.buildProject(ProjectBuildService.java:69)
	at com.github.vbauer.apkmaster.service.assembly.ProjectBuildService.buildProject(ProjectBuildService.java:43)
	at com.github.vbauer.apkmaster.service.FullProcessService.build(FullProcessService.java:84)
	at com.github.vbauer.apkmaster.service.FullProcessService.process(FullProcessService.java:34)
	at com.github.vbauer.apkmaster.app.MainApplication.process(MainApplication.java:38)
	at com.github.vbauer.apkmaster.app.MainApplication.main(MainApplication.java:20)
	at sun.reflect.GeneratedMethodAccessor9.invoke(Unknown Source)
	at sun.reflect.DelegatingMethodAccessorImpl.invoke(DelegatingMethodAccessorImpl.java:43)
	at java.lang.reflect.Method.invoke(Method.java:498)
	at com.android.arsenal.util.ReflectionUtils.invoke(ReflectionUtils.java:42)
	at com.android.arsenal.util.ApkMasterUtils.main(ApkMasterUtils.java:30)
	at com.android.arsenal.service.processor.impl.BuildProcessorServiceImpl.buildProject(BuildProcessorServiceImpl.java:197)
	at com.android.arsenal.service.processor.impl.BuildProcessorServiceImpl.build(BuildProcessorServiceImpl.java:131)
	at com.android.arsenal.service.processor.impl.BuildProcessorServiceImpl.lambda$null$1(BuildProcessorServiceImpl.java:114)
	at java.util.concurrent.FutureTask.run(FutureTask.java:266)
	at java.util.concurrent.Executors$RunnableAdapter.call(Executors.java:511)
	at java.util.concurrent.FutureTask.run(FutureTask.java:266)
	at java.util.concurrent.ThreadPoolExecutor.runWorker(ThreadPoolExecutor.java:1149)
	at java.util.concurrent.ThreadPoolExecutor$Worker.run(ThreadPoolExecutor.java:624)
	at java.lang.Thread.run(Thread.java:748)
2018-04-08 12:58:41,604 INFO  SysUtils - Configuration on demand is an incubating feature.
:samples:preBuild
:samples:compileDebugNdk
:library:compileLint
:library:copyReleaseLint UP-TO-DATE
:library:preBuild
:library:preReleaseBuild
:library:checkReleaseManifest
:library:preDebugBuild
:library:preDebugTestBuild
:library:prepareComAndroidSupportRecyclerviewV72103Library UP-TO-DATE
:library:prepareComAndroidSupportSupportV42103Library UP-TO-DATE
:library:prepareReleaseDependencies
:library:compileReleaseAidl UP-TO-DATE
:library:compileReleaseRenderscript UP-TO-DATE
:library:generateReleaseBuildConfig UP-TO-DATE
:library:generateReleaseAssets UP-TO-DATE
:library:mergeReleaseAssets UP-TO-DATE
:library:generateReleaseResValues UP-TO-DATE
:library:generateReleaseResources UP-TO-DATE
:library:mergeReleaseResources UP-TO-DATE
:library:processReleaseManifest UP-TO-DATE
:library:processReleaseResources UP-TO-DATE
:library:generateReleaseSources UP-TO-DATE
:library:compileReleaseJava UP-TO-DATE
:library:extractReleaseAnnotations UP-TO-DATE
:library:mergeReleaseProguardFiles UP-TO-DATE
:library:processReleaseJavaRes UP-TO-DATE
:library:packageReleaseJar UP-TO-DATE
:library:compileReleaseNdk UP-TO-DATE
:library:packageReleaseJniLibs UP-TO-DATE
:library:packageReleaseLocalJar UP-TO-DATE
:library:packageReleaseRenderscript UP-TO-DATE
:library:packageReleaseResources UP-TO-DATE
:library:bundleRelease UP-TO-DATE
:samples:preDebugBuild
:samples:checkDebugManifest
:samples:preReleaseBuild
:samples:prepareComAndroidSupportAppcompatV72103Library
:samples:prepareComAndroidSupportRecyclerviewV72103Library
:samples:prepareComAndroidSupportSupportV42103Library
:samples:prepareComEowiseLibrary051Library
:samples:prepareDebugDependencies
:samples:compileDebugAidl
:samples:compileDebugRenderscript
:samples:generateDebugBuildConfig
:samples:generateDebugAssets UP-TO-DATE
:samples:mergeDebugAssets
:samples:generateDebugResValues
:samples:generateDebugResources
:samples:mergeDebugResources/tmp/rdisk/1022/src/recyclerview-stickyheaders-master/samples/build/intermediates/exploded-aar/com.android.support/appcompat-v7/21.0.3/res/drawable-xhdpi/abc_ab_share_pack_holo_dark.9.png: libpng warning: iCCP: Not recognizing known sRGB profile that has been edited
/tmp/rdisk/1022/src/recyclerview-stickyheaders-master/samples/build/intermediates/exploded-aar/com.android.support/appcompat-v7/21.0.3/res/drawable-hdpi/abc_spinner_mtrl_am_alpha.9.png: libpng warning: iCCP: Not recognizing known sRGB profile that has been edited
/tmp/rdisk/1022/src/recyclerview-stickyheaders-master/samples/build/intermediates/exploded-aar/com.android.support/appcompat-v7/21.0.3/res/drawable-mdpi/abc_ab_share_pack_holo_dark.9.png: libpng warning: iCCP: Not recognizing known sRGB profile that has been edited
/tmp/rdisk/1022/src/recyclerview-stickyheaders-master/samples/build/intermediates/exploded-aar/com.android.support/appcompat-v7/21.0.3/res/drawable-hdpi/abc_ab_share_pack_holo_light.9.png: libpng warning: iCCP: Not recognizing known sRGB profile that has been edited
/tmp/rdisk/1022/src/recyclerview-stickyheaders-master/samples/build/intermediates/exploded-aar/com.android.support/appcompat-v7/21.0.3/res/drawable-hdpi/abc_ab_share_pack_holo_dark.9.png: libpng warning: iCCP: Not recognizing known sRGB profile that has been edited
/tmp/rdisk/1022/src/recyclerview-stickyheaders-master/samples/build/intermediates/exploded-aar/com.android.support/appcompat-v7/21.0.3/res/drawable-xhdpi/abc_ab_share_pack_holo_light.9.png: libpng warning: iCCP: Not recognizing known sRGB profile that has been edited

:samples:processDebugManifest
:samples:processDebugResources
:samples:generateDebugSources
:samples:compileDebugJava
:samples:preDexDebug
:samples:dexDebug
:samples:processDebugJavaRes UP-TO-DATE
:samples:validateDebugSigning
:samples:packageDebug
:samples:zipalignDebug
:samples:assembleDebug
:samples:checkReleaseManifest
:samples:prepareReleaseDependencies
:samples:compileReleaseAidl
:samples:compileReleaseRenderscript
:samples:generateReleaseBuildConfig
:samples:generateReleaseAssets UP-TO-DATE
:samples:mergeReleaseAssets
:samples:generateReleaseResValues
:samples:generateReleaseResources
:samples:mergeReleaseResources/tmp/rdisk/1022/src/recyclerview-stickyheaders-master/samples/build/intermediates/exploded-aar/com.android.support/appcompat-v7/21.0.3/res/drawable-xhdpi/abc_ab_share_pack_holo_dark.9.png: libpng warning: iCCP: Not recognizing known sRGB profile that has been edited
/tmp/rdisk/1022/src/recyclerview-stickyheaders-master/samples/build/intermediates/exploded-aar/com.android.support/appcompat-v7/21.0.3/res/drawable-hdpi/abc_spinner_mtrl_am_alpha.9.png: libpng warning: iCCP: Not recognizing known sRGB profile that has been edited
/tmp/rdisk/1022/src/recyclerview-stickyheaders-master/samples/build/intermediates/exploded-aar/com.android.support/appcompat-v7/21.0.3/res/drawable-mdpi/abc_ab_share_pack_holo_dark.9.png: libpng warning: iCCP: Not recognizing known sRGB profile that has been edited
/tmp/rdisk/1022/src/recyclerview-stickyheaders-master/samples/build/intermediates/exploded-aar/com.android.support/appcompat-v7/21.0.3/res/drawable-hdpi/abc_ab_share_pack_holo_light.9.png: libpng warning: iCCP: Not recognizing known sRGB profile that has been edited
/tmp/rdisk/1022/src/recyclerview-stickyheaders-master/samples/build/intermediates/exploded-aar/com.android.support/appcompat-v7/21.0.3/res/drawable-hdpi/abc_ab_share_pack_holo_dark.9.png: libpng warning: iCCP: Not recognizing known sRGB profile that has been edited
/tmp/rdisk/1022/src/recyclerview-stickyheaders-master/samples/build/intermediates/exploded-aar/com.android.support/appcompat-v7/21.0.3/res/drawable-xhdpi/abc_ab_share_pack_holo_light.9.png: libpng warning: iCCP: Not recognizing known sRGB profile that has been edited

:samples:processReleaseManifest
:samples:processReleaseResources
:samples:generateReleaseSources
:samples:compileReleaseJava
:samples:lintVitalRelease SKIPPED
:samples:compileReleaseNdk
:samples:preDexRelease
:samples:dexRelease
:samples:processReleaseJavaRes UP-TO-DATE
:samples:packageRelease
:samples:assembleRelease
:samples:assemble
:samples:compileLint
:samples:lint
Ran lint on variant debug: 17 issues found
Ran lint on variant release: 17 issues found
Wrote HTML report to file:/tmp/rdisk/1022/src/recyclerview-stickyheaders-master/samples/build/outputs/lint-results.html
Wrote XML report to /tmp/rdisk/1022/src/recyclerview-stickyheaders-master/samples/build/outputs/lint-results.xml
:samples:lint FAILED

FAILURE: Build failed with an exception.

* What went wrong:
Execution failed for task ':samples:lint'.
> Lint found errors in the project; aborting build.
  
  Fix the issues identified by lint, or add the following to your build script to proceed with errors:
  ...
  android {
      lintOptions {
          abortOnError false
      }
  }
  ...

* Try:
Run with --info or --debug option to get more log output.

* Exception is:
org.gradle.api.tasks.TaskExecutionException: Execution failed for task ':samples:lint'.
	at org.gradle.api.internal.tasks.execution.ExecuteActionsTaskExecuter.executeActions(ExecuteActionsTaskExecuter.java:69)
	at org.gradle.api.internal.tasks.execution.ExecuteActionsTaskExecuter.execute(ExecuteActionsTaskExecuter.java:46)
	at org.gradle.api.internal.tasks.execution.PostExecutionAnalysisTaskExecuter.execute(PostExecutionAnalysisTaskExecuter.java:35)
	at org.gradle.api.internal.tasks.execution.SkipUpToDateTaskExecuter.execute(SkipUpToDateTaskExecuter.java:64)
	at org.gradle.api.internal.tasks.execution.ValidatingTaskExecuter.execute(ValidatingTaskExecuter.java:58)
	at org.gradle.api.internal.tasks.execution.SkipEmptySourceFilesTaskExecuter.execute(SkipEmptySourceFilesTaskExecuter.java:42)
	at org.gradle.api.internal.tasks.execution.SkipTaskWithNoActionsExecuter.execute(SkipTaskWithNoActionsExecuter.java:52)
	at org.gradle.api.internal.tasks.execution.SkipOnlyIfTaskExecuter.execute(SkipOnlyIfTaskExecuter.java:53)
	at org.gradle.api.internal.tasks.execution.ExecuteAtMostOnceTaskExecuter.execute(ExecuteAtMostOnceTaskExecuter.java:43)
	at org.gradle.api.internal.AbstractTask.executeWithoutThrowingTaskFailure(AbstractTask.java:305)
	at org.gradle.execution.taskgraph.AbstractTaskPlanExecutor$TaskExecutorWorker.executeTask(AbstractTaskPlanExecutor.java:79)
	at org.gradle.execution.taskgraph.AbstractTaskPlanExecutor$TaskExecutorWorker.processTask(AbstractTaskPlanExecutor.java:63)
	at org.gradle.execution.taskgraph.AbstractTaskPlanExecutor$TaskExecutorWorker.run(AbstractTaskPlanExecutor.java:51)
	at org.gradle.execution.taskgraph.DefaultTaskPlanExecutor.process(DefaultTaskPlanExecutor.java:23)
	at org.gradle.execution.taskgraph.DefaultTaskGraphExecuter.execute(DefaultTaskGraphExecuter.java:88)
	at org.gradle.execution.SelectedTaskExecutionAction.execute(SelectedTaskExecutionAction.java:29)
	at org.gradle.execution.DefaultBuildExecuter.execute(DefaultBuildExecuter.java:62)
	at org.gradle.execution.DefaultBuildExecuter.access$200(DefaultBuildExecuter.java:23)
	at org.gradle.execution.DefaultBuildExecuter$2.proceed(DefaultBuildExecuter.java:68)
	at org.gradle.execution.DryRunBuildExecutionAction.execute(DryRunBuildExecutionAction.java:32)
	at org.gradle.execution.DefaultBuildExecuter.execute(DefaultBuildExecuter.java:62)
	at org.gradle.execution.DefaultBuildExecuter.execute(DefaultBuildExecuter.java:55)
	at org.gradle.initialization.DefaultGradleLauncher.doBuildStages(DefaultGradleLauncher.java:149)
	at org.gradle.initialization.DefaultGradleLauncher.doBuild(DefaultGradleLauncher.java:106)
	at org.gradle.initialization.DefaultGradleLauncher.run(DefaultGradleLauncher.java:86)
	at org.gradle.launcher.exec.InProcessBuildActionExecuter$DefaultBuildController.run(InProcessBuildActionExecuter.java:80)
	at org.gradle.launcher.cli.ExecuteBuildAction.run(ExecuteBuildAction.java:33)
	at org.gradle.launcher.cli.ExecuteBuildAction.run(ExecuteBuildAction.java:24)
	at org.gradle.launcher.exec.InProcessBuildActionExecuter.execute(InProcessBuildActionExecuter.java:36)
	at org.gradle.launcher.exec.InProcessBuildActionExecuter.execute(InProcessBuildActionExecuter.java:26)
	at org.gradle.launcher.cli.RunBuildAction.run(RunBuildAction.java:51)
	at org.gradle.internal.Actions$RunnableActionAdapter.execute(Actions.java:171)
	at org.gradle.launcher.cli.CommandLineActionFactory$ParseAndBuildAction.execute(CommandLineActionFactory.java:237)
	at org.gradle.launcher.cli.CommandLineActionFactory$ParseAndBuildAction.execute(CommandLineActionFactory.java:210)
	at org.gradle.launcher.cli.JavaRuntimeValidationAction.execute(JavaRuntimeValidationAction.java:35)
	at org.gradle.launcher.cli.JavaRuntimeValidationAction.execute(JavaRuntimeValidationAction.java:24)
	at org.gradle.launcher.cli.CommandLineActionFactory$WithLogging.execute(CommandLineActionFactory.java:206)
	at org.gradle.launcher.cli.CommandLineActionFactory$WithLogging.execute(CommandLineActionFactory.java:169)
	at org.gradle.launcher.cli.ExceptionReportingAction.execute(ExceptionReportingAction.java:33)
	at org.gradle.launcher.cli.ExceptionReportingAction.execute(ExceptionReportingAction.java:22)
	at org.gradle.launcher.Main.doAction(Main.java:33)
	at org.gradle.launcher.bootstrap.EntryPoint.run(EntryPoint.java:45)
	at org.gradle.launcher.bootstrap.ProcessBootstrap.runNoExit(ProcessBootstrap.java:54)
	at org.gradle.launcher.bootstrap.ProcessBootstrap.run(ProcessBootstrap.java:35)
	at org.gradle.launcher.GradleMain.main(GradleMain.java:23)
	at org.gradle.wrapper.BootstrapMainStarter.start(BootstrapMainStarter.java:30)
	at org.gradle.wrapper.WrapperExecutor.execute(WrapperExecutor.java:127)
	at org.gradle.wrapper.GradleWrapperMain.main(GradleWrapperMain.java:56)
Caused by: org.gradle.api.GradleException: Lint found errors in the project; aborting build.

Fix the issues identified by lint, or add the following to your build script to proceed with errors:
...
android {
    lintOptions {
        abortOnError false
    }
}
...
	at com.android.build.gradle.tasks.Lint.abort(Lint.groovy:157)
	at com.android.build.gradle.tasks.Lint.lintAllVariants(Lint.groovy:122)
	at com.android.build.gradle.tasks.Lint$lintAllVariants$2.callCurrent(Unknown Source)
	at com.android.build.gradle.tasks.Lint.lint(Lint.groovy:67)
	at org.gradle.internal.reflect.JavaMethod.invoke(JavaMethod.java:63)
	at org.gradle.api.internal.project.taskfactory.AnnotationProcessingTaskFactory$StandardTaskAction.doExecute(AnnotationProcessingTaskFactory.java:218)
	at org.gradle.api.internal.project.taskfactory.AnnotationProcessingTaskFactory$StandardTaskAction.execute(AnnotationProcessingTaskFactory.java:211)
	at org.gradle.api.internal.project.taskfactory.AnnotationProcessingTaskFactory$StandardTaskAction.execute(AnnotationProcessingTaskFactory.java:200)
	at org.gradle.api.internal.AbstractTask$TaskActionWrapper.execute(AbstractTask.java:579)
	at org.gradle.api.internal.AbstractTask$TaskActionWrapper.execute(AbstractTask.java:562)
	at org.gradle.api.internal.tasks.execution.ExecuteActionsTaskExecuter.executeAction(ExecuteActionsTaskExecuter.java:80)
	at org.gradle.api.internal.tasks.execution.ExecuteActionsTaskExecuter.executeActions(ExecuteActionsTaskExecuter.java:61)
	... 47 more


BUILD FAILED

Total time: 26.944 secs

2018-04-08 12:58:41,645 INFO  FullProcessService - Found APK file: /tmp/rdisk/1022/src/recyclerview-stickyheaders-master/samples/build/outputs/apk/samples-release-unsigned.apk
