2016-07-16 05:39:58,885 INFO  c.g.v.a.s.n.DownloadService - Downloading "https://github.com/golang/mobile/archive/master.zip", attempt 3
2016-07-16 05:40:01,262 INFO  c.g.v.a.s.n.DownloadService - Downloaded https://github.com/golang/mobile/archive/master.zip, attempt 3
2016-07-16 05:40:02,739 DEBUG o.z.z.ZipUtil - Extracting '/var/folders/3k/mymj0cx15f9c3m0kv4gch66h0000gn/T/1468625998342-0/master.zip' into '/var/folders/3k/mymj0cx15f9c3m0kv4gch66h0000gn/T/1468625998342-0/src'.
2016-07-16 05:40:02,913 INFO  c.g.v.a.s.FullProcessService - Size of directory with sources: 2 MB
2016-07-16 05:40:02,978 INFO  c.g.v.a.s.a.ProjectBuildService - Gradle wrapper(s): none
2016-07-16 05:40:02,978 ERROR c.g.v.a.s.a.ProjectBuildService - Could not detect Gradle wrapper. Default Gradle installation will be used
2016-07-16 05:40:03,014 INFO  c.g.v.a.s.a.ProjectBuildService - Build script(s): /var/folders/3k/mymj0cx15f9c3m0kv4gch66h0000gn/T/1468625998342-0/src/mobile-master/example/bind/android/app/build.gradle /var/folders/3k/mymj0cx15f9c3m0kv4gch66h0000gn/T/1468625998342-0/src/mobile-master/example/bind/android/build.gradle /var/folders/3k/mymj0cx15f9c3m0kv4gch66h0000gn/T/1468625998342-0/src/mobile-master/example/bind/android/hello/build.gradle /var/folders/3k/mymj0cx15f9c3m0kv4gch66h0000gn/T/1468625998342-0/src/mobile-master/example/ivy/android/app/build.gradle /var/folders/3k/mymj0cx15f9c3m0kv4gch66h0000gn/T/1468625998342-0/src/mobile-master/example/ivy/android/build.gradle /var/folders/3k/mymj0cx15f9c3m0kv4gch66h0000gn/T/1468625998342-0/src/mobile-master/example/ivy/android/ivy/build.gradle /var/folders/3k/mymj0cx15f9c3m0kv4gch66h0000gn/T/1468625998342-0/src/mobile-master/misc/androidstudio/build.gradle
2016-07-16 05:40:03,037 INFO  c.g.v.a.s.a.ProjectBuildService - All script(s): /var/folders/3k/mymj0cx15f9c3m0kv4gch66h0000gn/T/1468625998342-0/src/mobile-master/example/bind/android/app/build.gradle /var/folders/3k/mymj0cx15f9c3m0kv4gch66h0000gn/T/1468625998342-0/src/mobile-master/example/bind/android/build.gradle /var/folders/3k/mymj0cx15f9c3m0kv4gch66h0000gn/T/1468625998342-0/src/mobile-master/example/bind/android/hello/build.gradle /var/folders/3k/mymj0cx15f9c3m0kv4gch66h0000gn/T/1468625998342-0/src/mobile-master/example/bind/android/settings.gradle /var/folders/3k/mymj0cx15f9c3m0kv4gch66h0000gn/T/1468625998342-0/src/mobile-master/example/ivy/android/app/build.gradle /var/folders/3k/mymj0cx15f9c3m0kv4gch66h0000gn/T/1468625998342-0/src/mobile-master/example/ivy/android/build.gradle /var/folders/3k/mymj0cx15f9c3m0kv4gch66h0000gn/T/1468625998342-0/src/mobile-master/example/ivy/android/ivy/build.gradle /var/folders/3k/mymj0cx15f9c3m0kv4gch66h0000gn/T/1468625998342-0/src/mobile-master/example/ivy/android/settings.gradle /var/folders/3k/mymj0cx15f9c3m0kv4gch66h0000gn/T/1468625998342-0/src/mobile-master/misc/androidstudio/build.gradle /var/folders/3k/mymj0cx15f9c3m0kv4gch66h0000gn/T/1468625998342-0/src/mobile-master/misc/androidstudio/settings.gradle
2016-07-16 05:40:03,048 INFO  c.g.v.a.s.a.ProjectBuildService - Remote scripts: none
2016-07-16 05:40:03,050 INFO  c.g.v.a.s.a.ProjectFixService - Fixing project...
2016-07-16 05:40:03,106 INFO  c.g.v.a.s.AndroidToolsService - ANDROID_HOME: /Users/vbauer/Library/Android/sdk
2016-07-16 05:40:03,106 INFO  c.g.v.a.s.AndroidToolsService - NDK_HOME: /Users/vbauer/Library/Android/ndk
2016-07-16 05:40:03,111 INFO  c.g.v.a.s.AndroidToolsService - Available build tools: 19.1.0 20.0.0 21.1.1 21.1.2 22.0.0 22.0.1 23.0.1 23.0.2 23.0.3 24.0.0
2016-07-16 05:40:03,113 INFO  c.g.v.a.s.AndroidToolsService - Available build tools after clean up: 19.1.0 20.0.0 21.1.1 21.1.2 22.0.0 22.0.1 23.0.1 23.0.2 23.0.3 24.0.0
2016-07-16 05:40:03,117 INFO  c.g.v.a.s.AndroidToolsService - Available platforms: 10 11 12 13 14 15 16 17 18 19 20 21 22 23 24 7 8 9 24
2016-07-16 05:40:03,119 INFO  c.g.v.a.s.AndroidToolsService - Available platforms after clean up: 7 8 9 10 11 12 13 14 15 16 17 18 19 20 21 22 23 24
2016-07-16 05:40:03,152 INFO  c.g.v.a.s.a.f.LocalPropertiesFixService - Created fake /var/folders/3k/mymj0cx15f9c3m0kv4gch66h0000gn/T/1468625998342-0/src/mobile-master/example/bind/android/app/local.properties
2016-07-16 05:40:03,162 INFO  c.g.v.a.s.a.ProjectFixService - Build info for "/var/folders/3k/mymj0cx15f9c3m0kv4gch66h0000gn/T/1468625998342-0/src/mobile-master/example/bind/android/app/build.gradle": [buildToolsVersion=23.0.3,compileSdkVersion=23,minSdkVersion=15,targetSdkVersion=23]
2016-07-16 05:40:03,170 INFO  c.g.v.a.s.a.f.LocalPropertiesFixService - Created fake /var/folders/3k/mymj0cx15f9c3m0kv4gch66h0000gn/T/1468625998342-0/src/mobile-master/example/bind/android/local.properties
2016-07-16 05:40:03,173 INFO  c.g.v.a.s.a.ProjectFixService - Build info for "/var/folders/3k/mymj0cx15f9c3m0kv4gch66h0000gn/T/1468625998342-0/src/mobile-master/example/bind/android/build.gradle": [buildToolsVersion=23.0.3,compileSdkVersion=23,minSdkVersion=15,targetSdkVersion=23]
2016-07-16 05:40:03,175 INFO  c.g.v.a.s.a.f.LocalPropertiesFixService - Created fake /var/folders/3k/mymj0cx15f9c3m0kv4gch66h0000gn/T/1468625998342-0/src/mobile-master/example/bind/android/hello/local.properties
2016-07-16 05:40:03,179 INFO  c.g.v.a.s.a.ProjectFixService - Build info for "/var/folders/3k/mymj0cx15f9c3m0kv4gch66h0000gn/T/1468625998342-0/src/mobile-master/example/bind/android/hello/build.gradle": [buildToolsVersion=23.0.3,compileSdkVersion=23,minSdkVersion=15,targetSdkVersion=23]
2016-07-16 05:40:03,181 INFO  c.g.v.a.s.a.f.LocalPropertiesFixService - Created fake /var/folders/3k/mymj0cx15f9c3m0kv4gch66h0000gn/T/1468625998342-0/src/mobile-master/example/ivy/android/app/local.properties
2016-07-16 05:40:03,182 INFO  c.g.v.a.s.a.ProjectFixService - Build info for "/var/folders/3k/mymj0cx15f9c3m0kv4gch66h0000gn/T/1468625998342-0/src/mobile-master/example/ivy/android/app/build.gradle": [buildToolsVersion=23.0.3,compileSdkVersion=23,minSdkVersion=15,targetSdkVersion=23]
2016-07-16 05:40:03,184 INFO  c.g.v.a.s.a.f.LocalPropertiesFixService - Created fake /var/folders/3k/mymj0cx15f9c3m0kv4gch66h0000gn/T/1468625998342-0/src/mobile-master/example/ivy/android/local.properties
2016-07-16 05:40:03,187 INFO  c.g.v.a.s.a.ProjectFixService - Build info for "/var/folders/3k/mymj0cx15f9c3m0kv4gch66h0000gn/T/1468625998342-0/src/mobile-master/example/ivy/android/build.gradle": [buildToolsVersion=23.0.3,compileSdkVersion=23,minSdkVersion=15,targetSdkVersion=23]
2016-07-16 05:40:03,189 INFO  c.g.v.a.s.a.f.LocalPropertiesFixService - Created fake /var/folders/3k/mymj0cx15f9c3m0kv4gch66h0000gn/T/1468625998342-0/src/mobile-master/example/ivy/android/ivy/local.properties
2016-07-16 05:40:03,193 INFO  c.g.v.a.s.a.ProjectFixService - Build info for "/var/folders/3k/mymj0cx15f9c3m0kv4gch66h0000gn/T/1468625998342-0/src/mobile-master/example/ivy/android/ivy/build.gradle": [buildToolsVersion=23.0.3,compileSdkVersion=23,minSdkVersion=15,targetSdkVersion=23]
2016-07-16 05:40:03,194 INFO  c.g.v.a.s.a.f.LocalPropertiesFixService - Created fake /var/folders/3k/mymj0cx15f9c3m0kv4gch66h0000gn/T/1468625998342-0/src/mobile-master/misc/androidstudio/local.properties
2016-07-16 05:40:03,199 INFO  c.g.v.a.s.a.ProjectFixService - Build info for "/var/folders/3k/mymj0cx15f9c3m0kv4gch66h0000gn/T/1468625998342-0/src/mobile-master/misc/androidstudio/build.gradle": [buildToolsVersion=23.0.3,compileSdkVersion=23,minSdkVersion=15,targetSdkVersion=23]
2016-07-16 05:40:03,199 INFO  c.g.v.a.s.a.ProjectFixService - Project was maybe fixed
2016-07-16 05:40:03,222 INFO  c.g.v.a.s.a.ProjectTaskService - Detecting possible tasks...
2016-07-16 05:40:03,227 INFO  c.g.v.a.u.SysUtils - Execute command: [gradle, -b, /var/folders/3k/mymj0cx15f9c3m0kv4gch66h0000gn/T/1468625998342-0/src/mobile-master/example/bind/android/app/build.gradle, tasks]
2016-07-16 05:40:16,400 INFO  c.g.v.a.s.a.ProjectTaskService - Detected possible tasks: 69
2016-07-16 05:40:16,401 INFO  c.g.v.a.s.a.ProjectTaskService - Excluded tasks: lintDebug test check deviceCheck testDebugUnitTest connectedAndroidTest lint testReleaseUnitTest lintRelease deviceAndroidTest connectedCheck
2016-07-16 05:40:16,401 INFO  c.g.v.a.u.SysUtils - Execute command: [gradle, -b, /var/folders/3k/mymj0cx15f9c3m0kv4gch66h0000gn/T/1468625998342-0/src/mobile-master/example/bind/android/app/build.gradle, --stacktrace, -x, lintDebug, -x, test, -x, check, -x, deviceCheck, -x, testDebugUnitTest, -x, connectedAndroidTest, -x, lint, -x, testReleaseUnitTest, -x, lintRelease, -x, deviceAndroidTest, -x, connectedCheck, build]
2016-07-16 05:40:27,005 INFO  c.g.v.a.s.a.ProjectBuildService - Incremental java compilation is an incubating feature.
:app:preBuild UP-TO-DATE
:app:preDebugBuild UP-TO-DATE
:app:checkDebugManifest
:app:preReleaseBuild UP-TO-DATE
:hello:gobind FAILED

FAILURE: Build failed with an exception.

* What went wrong:
Execution failed for task ':hello:gobind'.
> binary gomobile is not found in $PATH ([/YOUR/GOPATH/bin, /usr/local/heroku/bin, /opt/local/bin, /opt/local/sbin, /Users/vbauer/.rvm/gems/ruby-2.0.0-p451/bin, /Users/vbauer/.rvm/gems/ruby-2.0.0-p451@global/bin, /Users/vbauer/.rvm/rubies/ruby-2.0.0-p451/bin, /usr/bin, /bin, /usr/sbin, /sbin, /usr/local/bin, /Users/vbauer/.rvm/bin, /usr/local/go/bin])

* Try:
Run with --info or --debug option to get more log output.

* Exception is:
org.gradle.api.tasks.TaskExecutionException: Execution failed for task ':hello:gobind'.
	at org.gradle.api.internal.tasks.execution.ExecuteActionsTaskExecuter.executeActions(ExecuteActionsTaskExecuter.java:69)
	at org.gradle.api.internal.tasks.execution.ExecuteActionsTaskExecuter.execute(ExecuteActionsTaskExecuter.java:46)
	at org.gradle.api.internal.tasks.execution.PostExecutionAnalysisTaskExecuter.execute(PostExecutionAnalysisTaskExecuter.java:35)
	at org.gradle.api.internal.tasks.execution.SkipUpToDateTaskExecuter.execute(SkipUpToDateTaskExecuter.java:64)
	at org.gradle.api.internal.tasks.execution.ValidatingTaskExecuter.execute(ValidatingTaskExecuter.java:58)
	at org.gradle.api.internal.tasks.execution.SkipEmptySourceFilesTaskExecuter.execute(SkipEmptySourceFilesTaskExecuter.java:52)
	at org.gradle.api.internal.tasks.execution.SkipTaskWithNoActionsExecuter.execute(SkipTaskWithNoActionsExecuter.java:52)
	at org.gradle.api.internal.tasks.execution.SkipOnlyIfTaskExecuter.execute(SkipOnlyIfTaskExecuter.java:53)
	at org.gradle.api.internal.tasks.execution.ExecuteAtMostOnceTaskExecuter.execute(ExecuteAtMostOnceTaskExecuter.java:43)
	at org.gradle.execution.taskgraph.DefaultTaskGraphExecuter$EventFiringTaskWorker.execute(DefaultTaskGraphExecuter.java:203)
	at org.gradle.execution.taskgraph.DefaultTaskGraphExecuter$EventFiringTaskWorker.execute(DefaultTaskGraphExecuter.java:185)
	at org.gradle.execution.taskgraph.AbstractTaskPlanExecutor$TaskExecutorWorker.processTask(AbstractTaskPlanExecutor.java:66)
	at org.gradle.execution.taskgraph.AbstractTaskPlanExecutor$TaskExecutorWorker.run(AbstractTaskPlanExecutor.java:50)
	at org.gradle.execution.taskgraph.DefaultTaskPlanExecutor.process(DefaultTaskPlanExecutor.java:25)
	at org.gradle.execution.taskgraph.DefaultTaskGraphExecuter.execute(DefaultTaskGraphExecuter.java:110)
	at org.gradle.execution.SelectedTaskExecutionAction.execute(SelectedTaskExecutionAction.java:37)
	at org.gradle.execution.DefaultBuildExecuter.execute(DefaultBuildExecuter.java:37)
	at org.gradle.execution.DefaultBuildExecuter.access$000(DefaultBuildExecuter.java:23)
	at org.gradle.execution.DefaultBuildExecuter$1.proceed(DefaultBuildExecuter.java:43)
	at org.gradle.execution.DryRunBuildExecutionAction.execute(DryRunBuildExecutionAction.java:32)
	at org.gradle.execution.DefaultBuildExecuter.execute(DefaultBuildExecuter.java:37)
	at org.gradle.execution.DefaultBuildExecuter.execute(DefaultBuildExecuter.java:30)
	at org.gradle.initialization.DefaultGradleLauncher$4.run(DefaultGradleLauncher.java:154)
	at org.gradle.internal.Factories$1.create(Factories.java:22)
	at org.gradle.internal.progress.DefaultBuildOperationExecutor.run(DefaultBuildOperationExecutor.java:90)
	at org.gradle.internal.progress.DefaultBuildOperationExecutor.run(DefaultBuildOperationExecutor.java:52)
	at org.gradle.initialization.DefaultGradleLauncher.doBuildStages(DefaultGradleLauncher.java:151)
	at org.gradle.initialization.DefaultGradleLauncher.access$200(DefaultGradleLauncher.java:32)
	at org.gradle.initialization.DefaultGradleLauncher$1.create(DefaultGradleLauncher.java:99)
	at org.gradle.initialization.DefaultGradleLauncher$1.create(DefaultGradleLauncher.java:93)
	at org.gradle.internal.progress.DefaultBuildOperationExecutor.run(DefaultBuildOperationExecutor.java:90)
	at org.gradle.internal.progress.DefaultBuildOperationExecutor.run(DefaultBuildOperationExecutor.java:62)
	at org.gradle.initialization.DefaultGradleLauncher.doBuild(DefaultGradleLauncher.java:93)
	at org.gradle.initialization.DefaultGradleLauncher.run(DefaultGradleLauncher.java:82)
	at org.gradle.launcher.exec.InProcessBuildActionExecuter$DefaultBuildController.run(InProcessBuildActionExecuter.java:94)
	at org.gradle.tooling.internal.provider.ExecuteBuildActionRunner.run(ExecuteBuildActionRunner.java:28)
	at org.gradle.launcher.exec.ChainingBuildActionRunner.run(ChainingBuildActionRunner.java:35)
	at org.gradle.launcher.exec.InProcessBuildActionExecuter.execute(InProcessBuildActionExecuter.java:43)
	at org.gradle.launcher.exec.InProcessBuildActionExecuter.execute(InProcessBuildActionExecuter.java:28)
	at org.gradle.launcher.exec.ContinuousBuildActionExecuter.execute(ContinuousBuildActionExecuter.java:78)
	at org.gradle.launcher.exec.ContinuousBuildActionExecuter.execute(ContinuousBuildActionExecuter.java:48)
	at org.gradle.launcher.exec.DaemonUsageSuggestingBuildActionExecuter.execute(DaemonUsageSuggestingBuildActionExecuter.java:51)
	at org.gradle.launcher.exec.DaemonUsageSuggestingBuildActionExecuter.execute(DaemonUsageSuggestingBuildActionExecuter.java:28)
	at org.gradle.launcher.cli.RunBuildAction.run(RunBuildAction.java:43)
	at org.gradle.internal.Actions$RunnableActionAdapter.execute(Actions.java:170)
	at org.gradle.launcher.cli.CommandLineActionFactory$ParseAndBuildAction.execute(CommandLineActionFactory.java:237)
	at org.gradle.launcher.cli.CommandLineActionFactory$ParseAndBuildAction.execute(CommandLineActionFactory.java:210)
	at org.gradle.launcher.cli.JavaRuntimeValidationAction.execute(JavaRuntimeValidationAction.java:35)
	at org.gradle.launcher.cli.JavaRuntimeValidationAction.execute(JavaRuntimeValidationAction.java:24)
	at org.gradle.launcher.cli.CommandLineActionFactory$WithLogging.execute(CommandLineActionFactory.java:206)
	at org.gradle.launcher.cli.CommandLineActionFactory$WithLogging.execute(CommandLineActionFactory.java:169)
	at org.gradle.launcher.cli.ExceptionReportingAction.execute(ExceptionReportingAction.java:33)
	at org.gradle.launcher.cli.ExceptionReportingAction.execute(ExceptionReportingAction.java:22)
	at org.gradle.launcher.Main.doAction(Main.java:33)
	at org.gradle.launcher.bootstrap.EntryPoint.run(EntryPoint.java:45)
	at org.gradle.launcher.bootstrap.ProcessBootstrap.runNoExit(ProcessBootstrap.java:54)
	at org.gradle.launcher.bootstrap.ProcessBootstrap.run(ProcessBootstrap.java:35)
	at org.gradle.launcher.GradleMain.main(GradleMain.java:23)
Caused by: org.gradle.api.GradleException: binary gomobile is not found in $PATH ([/YOUR/GOPATH/bin, /usr/local/heroku/bin, /opt/local/bin, /opt/local/sbin, /Users/vbauer/.rvm/gems/ruby-2.0.0-p451/bin, /Users/vbauer/.rvm/gems/ruby-2.0.0-p451@global/bin, /Users/vbauer/.rvm/rubies/ruby-2.0.0-p451/bin, /usr/bin, /bin, /usr/sbin, /sbin, /usr/local/bin, /Users/vbauer/.rvm/bin, /usr/local/go/bin])
	at org.golang.mobile.GobindTask.findExecutable(GobindPlugin.groovy:126)
	at org.golang.mobile.GobindTask$findExecutable.callCurrent(Unknown Source)
	at org.golang.mobile.GobindTask.gobind(GobindPlugin.groovy:64)
	at org.gradle.internal.reflect.JavaMethod.invoke(JavaMethod.java:75)
	at org.gradle.api.internal.project.taskfactory.AnnotationProcessingTaskFactory$StandardTaskAction.doExecute(AnnotationProcessingTaskFactory.java:227)
	at org.gradle.api.internal.project.taskfactory.AnnotationProcessingTaskFactory$StandardTaskAction.execute(AnnotationProcessingTaskFactory.java:220)
	at org.gradle.api.internal.project.taskfactory.AnnotationProcessingTaskFactory$StandardTaskAction.execute(AnnotationProcessingTaskFactory.java:209)
	at org.gradle.api.internal.AbstractTask$TaskActionWrapper.execute(AbstractTask.java:585)
	at org.gradle.api.internal.AbstractTask$TaskActionWrapper.execute(AbstractTask.java:568)
	at org.gradle.api.internal.tasks.execution.ExecuteActionsTaskExecuter.executeAction(ExecuteActionsTaskExecuter.java:80)
	at org.gradle.api.internal.tasks.execution.ExecuteActionsTaskExecuter.executeActions(ExecuteActionsTaskExecuter.java:61)
	... 57 more


BUILD FAILED

Total time: 10.021 secs

2016-07-16 05:40:27,007 ERROR c.g.v.a.s.a.ProjectBuildService - Can not build project using script "/var/folders/3k/mymj0cx15f9c3m0kv4gch66h0000gn/T/1468625998342-0/src/mobile-master/example/bind/android/app/build.gradle"
2016-07-16 05:40:27,032 INFO  c.g.v.a.s.a.ProjectTaskService - Detecting possible tasks...
2016-07-16 05:40:27,033 INFO  c.g.v.a.u.SysUtils - Execute command: [gradle, -b, /var/folders/3k/mymj0cx15f9c3m0kv4gch66h0000gn/T/1468625998342-0/src/mobile-master/example/bind/android/build.gradle, tasks]
2016-07-16 05:40:38,048 INFO  c.g.v.a.s.a.ProjectTaskService - Detected possible tasks: 70
2016-07-16 05:40:38,049 INFO  c.g.v.a.s.a.ProjectTaskService - Excluded tasks: lintDebug test check deviceCheck testDebugUnitTest connectedAndroidTest lint testReleaseUnitTest lintRelease deviceAndroidTest connectedCheck
2016-07-16 05:40:38,049 INFO  c.g.v.a.u.SysUtils - Execute command: [gradle, -b, /var/folders/3k/mymj0cx15f9c3m0kv4gch66h0000gn/T/1468625998342-0/src/mobile-master/example/bind/android/build.gradle, --stacktrace, -x, lintDebug, -x, test, -x, check, -x, deviceCheck, -x, testDebugUnitTest, -x, connectedAndroidTest, -x, lint, -x, testReleaseUnitTest, -x, lintRelease, -x, deviceAndroidTest, -x, connectedCheck, build]
2016-07-16 05:40:48,785 INFO  c.g.v.a.s.a.ProjectBuildService - Incremental java compilation is an incubating feature.
:app:preBuild UP-TO-DATE
:app:preDebugBuild UP-TO-DATE
:app:checkDebugManifest
:app:preReleaseBuild UP-TO-DATE
:hello:gobind FAILED

FAILURE: Build failed with an exception.

* What went wrong:
Execution failed for task ':hello:gobind'.
> binary gomobile is not found in $PATH ([/YOUR/GOPATH/bin, /usr/local/heroku/bin, /opt/local/bin, /opt/local/sbin, /Users/vbauer/.rvm/gems/ruby-2.0.0-p451/bin, /Users/vbauer/.rvm/gems/ruby-2.0.0-p451@global/bin, /Users/vbauer/.rvm/rubies/ruby-2.0.0-p451/bin, /usr/bin, /bin, /usr/sbin, /sbin, /usr/local/bin, /Users/vbauer/.rvm/bin, /usr/local/go/bin])

* Try:
Run with --info or --debug option to get more log output.

* Exception is:
org.gradle.api.tasks.TaskExecutionException: Execution failed for task ':hello:gobind'.
	at org.gradle.api.internal.tasks.execution.ExecuteActionsTaskExecuter.executeActions(ExecuteActionsTaskExecuter.java:69)
	at org.gradle.api.internal.tasks.execution.ExecuteActionsTaskExecuter.execute(ExecuteActionsTaskExecuter.java:46)
	at org.gradle.api.internal.tasks.execution.PostExecutionAnalysisTaskExecuter.execute(PostExecutionAnalysisTaskExecuter.java:35)
	at org.gradle.api.internal.tasks.execution.SkipUpToDateTaskExecuter.execute(SkipUpToDateTaskExecuter.java:64)
	at org.gradle.api.internal.tasks.execution.ValidatingTaskExecuter.execute(ValidatingTaskExecuter.java:58)
	at org.gradle.api.internal.tasks.execution.SkipEmptySourceFilesTaskExecuter.execute(SkipEmptySourceFilesTaskExecuter.java:52)
	at org.gradle.api.internal.tasks.execution.SkipTaskWithNoActionsExecuter.execute(SkipTaskWithNoActionsExecuter.java:52)
	at org.gradle.api.internal.tasks.execution.SkipOnlyIfTaskExecuter.execute(SkipOnlyIfTaskExecuter.java:53)
	at org.gradle.api.internal.tasks.execution.ExecuteAtMostOnceTaskExecuter.execute(ExecuteAtMostOnceTaskExecuter.java:43)
	at org.gradle.execution.taskgraph.DefaultTaskGraphExecuter$EventFiringTaskWorker.execute(DefaultTaskGraphExecuter.java:203)
	at org.gradle.execution.taskgraph.DefaultTaskGraphExecuter$EventFiringTaskWorker.execute(DefaultTaskGraphExecuter.java:185)
	at org.gradle.execution.taskgraph.AbstractTaskPlanExecutor$TaskExecutorWorker.processTask(AbstractTaskPlanExecutor.java:66)
	at org.gradle.execution.taskgraph.AbstractTaskPlanExecutor$TaskExecutorWorker.run(AbstractTaskPlanExecutor.java:50)
	at org.gradle.execution.taskgraph.DefaultTaskPlanExecutor.process(DefaultTaskPlanExecutor.java:25)
	at org.gradle.execution.taskgraph.DefaultTaskGraphExecuter.execute(DefaultTaskGraphExecuter.java:110)
	at org.gradle.execution.SelectedTaskExecutionAction.execute(SelectedTaskExecutionAction.java:37)
	at org.gradle.execution.DefaultBuildExecuter.execute(DefaultBuildExecuter.java:37)
	at org.gradle.execution.DefaultBuildExecuter.access$000(DefaultBuildExecuter.java:23)
	at org.gradle.execution.DefaultBuildExecuter$1.proceed(DefaultBuildExecuter.java:43)
	at org.gradle.execution.DryRunBuildExecutionAction.execute(DryRunBuildExecutionAction.java:32)
	at org.gradle.execution.DefaultBuildExecuter.execute(DefaultBuildExecuter.java:37)
	at org.gradle.execution.DefaultBuildExecuter.execute(DefaultBuildExecuter.java:30)
	at org.gradle.initialization.DefaultGradleLauncher$4.run(DefaultGradleLauncher.java:154)
	at org.gradle.internal.Factories$1.create(Factories.java:22)
	at org.gradle.internal.progress.DefaultBuildOperationExecutor.run(DefaultBuildOperationExecutor.java:90)
	at org.gradle.internal.progress.DefaultBuildOperationExecutor.run(DefaultBuildOperationExecutor.java:52)
	at org.gradle.initialization.DefaultGradleLauncher.doBuildStages(DefaultGradleLauncher.java:151)
	at org.gradle.initialization.DefaultGradleLauncher.access$200(DefaultGradleLauncher.java:32)
	at org.gradle.initialization.DefaultGradleLauncher$1.create(DefaultGradleLauncher.java:99)
	at org.gradle.initialization.DefaultGradleLauncher$1.create(DefaultGradleLauncher.java:93)
	at org.gradle.internal.progress.DefaultBuildOperationExecutor.run(DefaultBuildOperationExecutor.java:90)
	at org.gradle.internal.progress.DefaultBuildOperationExecutor.run(DefaultBuildOperationExecutor.java:62)
	at org.gradle.initialization.DefaultGradleLauncher.doBuild(DefaultGradleLauncher.java:93)
	at org.gradle.initialization.DefaultGradleLauncher.run(DefaultGradleLauncher.java:82)
	at org.gradle.launcher.exec.InProcessBuildActionExecuter$DefaultBuildController.run(InProcessBuildActionExecuter.java:94)
	at org.gradle.tooling.internal.provider.ExecuteBuildActionRunner.run(ExecuteBuildActionRunner.java:28)
	at org.gradle.launcher.exec.ChainingBuildActionRunner.run(ChainingBuildActionRunner.java:35)
	at org.gradle.launcher.exec.InProcessBuildActionExecuter.execute(InProcessBuildActionExecuter.java:43)
	at org.gradle.launcher.exec.InProcessBuildActionExecuter.execute(InProcessBuildActionExecuter.java:28)
	at org.gradle.launcher.exec.ContinuousBuildActionExecuter.execute(ContinuousBuildActionExecuter.java:78)
	at org.gradle.launcher.exec.ContinuousBuildActionExecuter.execute(ContinuousBuildActionExecuter.java:48)
	at org.gradle.launcher.exec.DaemonUsageSuggestingBuildActionExecuter.execute(DaemonUsageSuggestingBuildActionExecuter.java:51)
	at org.gradle.launcher.exec.DaemonUsageSuggestingBuildActionExecuter.execute(DaemonUsageSuggestingBuildActionExecuter.java:28)
	at org.gradle.launcher.cli.RunBuildAction.run(RunBuildAction.java:43)
	at org.gradle.internal.Actions$RunnableActionAdapter.execute(Actions.java:170)
	at org.gradle.launcher.cli.CommandLineActionFactory$ParseAndBuildAction.execute(CommandLineActionFactory.java:237)
	at org.gradle.launcher.cli.CommandLineActionFactory$ParseAndBuildAction.execute(CommandLineActionFactory.java:210)
	at org.gradle.launcher.cli.JavaRuntimeValidationAction.execute(JavaRuntimeValidationAction.java:35)
	at org.gradle.launcher.cli.JavaRuntimeValidationAction.execute(JavaRuntimeValidationAction.java:24)
	at org.gradle.launcher.cli.CommandLineActionFactory$WithLogging.execute(CommandLineActionFactory.java:206)
	at org.gradle.launcher.cli.CommandLineActionFactory$WithLogging.execute(CommandLineActionFactory.java:169)
	at org.gradle.launcher.cli.ExceptionReportingAction.execute(ExceptionReportingAction.java:33)
	at org.gradle.launcher.cli.ExceptionReportingAction.execute(ExceptionReportingAction.java:22)
	at org.gradle.launcher.Main.doAction(Main.java:33)
	at org.gradle.launcher.bootstrap.EntryPoint.run(EntryPoint.java:45)
	at org.gradle.launcher.bootstrap.ProcessBootstrap.runNoExit(ProcessBootstrap.java:54)
	at org.gradle.launcher.bootstrap.ProcessBootstrap.run(ProcessBootstrap.java:35)
	at org.gradle.launcher.GradleMain.main(GradleMain.java:23)
Caused by: org.gradle.api.GradleException: binary gomobile is not found in $PATH ([/YOUR/GOPATH/bin, /usr/local/heroku/bin, /opt/local/bin, /opt/local/sbin, /Users/vbauer/.rvm/gems/ruby-2.0.0-p451/bin, /Users/vbauer/.rvm/gems/ruby-2.0.0-p451@global/bin, /Users/vbauer/.rvm/rubies/ruby-2.0.0-p451/bin, /usr/bin, /bin, /usr/sbin, /sbin, /usr/local/bin, /Users/vbauer/.rvm/bin, /usr/local/go/bin])
	at org.golang.mobile.GobindTask.findExecutable(GobindPlugin.groovy:126)
	at org.golang.mobile.GobindTask$findExecutable.callCurrent(Unknown Source)
	at org.golang.mobile.GobindTask.gobind(GobindPlugin.groovy:64)
	at org.gradle.internal.reflect.JavaMethod.invoke(JavaMethod.java:75)
	at org.gradle.api.internal.project.taskfactory.AnnotationProcessingTaskFactory$StandardTaskAction.doExecute(AnnotationProcessingTaskFactory.java:227)
	at org.gradle.api.internal.project.taskfactory.AnnotationProcessingTaskFactory$StandardTaskAction.execute(AnnotationProcessingTaskFactory.java:220)
	at org.gradle.api.internal.project.taskfactory.AnnotationProcessingTaskFactory$StandardTaskAction.execute(AnnotationProcessingTaskFactory.java:209)
	at org.gradle.api.internal.AbstractTask$TaskActionWrapper.execute(AbstractTask.java:585)
	at org.gradle.api.internal.AbstractTask$TaskActionWrapper.execute(AbstractTask.java:568)
	at org.gradle.api.internal.tasks.execution.ExecuteActionsTaskExecuter.executeAction(ExecuteActionsTaskExecuter.java:80)
	at org.gradle.api.internal.tasks.execution.ExecuteActionsTaskExecuter.executeActions(ExecuteActionsTaskExecuter.java:61)
	... 57 more


BUILD FAILED

Total time: 10.157 secs

2016-07-16 05:40:48,786 ERROR c.g.v.a.s.a.ProjectBuildService - Can not build project using script "/var/folders/3k/mymj0cx15f9c3m0kv4gch66h0000gn/T/1468625998342-0/src/mobile-master/example/bind/android/build.gradle"
2016-07-16 05:40:48,804 INFO  c.g.v.a.s.a.ProjectTaskService - Detecting possible tasks...
2016-07-16 05:40:48,805 INFO  c.g.v.a.u.SysUtils - Execute command: [gradle, -b, /var/folders/3k/mymj0cx15f9c3m0kv4gch66h0000gn/T/1468625998342-0/src/mobile-master/example/bind/android/hello/build.gradle, tasks]
2016-07-16 05:40:59,525 INFO  c.g.v.a.s.a.ProjectTaskService - Detected possible tasks: 23
2016-07-16 05:40:59,525 INFO  c.g.v.a.s.a.ProjectTaskService - Excluded tasks: none
2016-07-16 05:40:59,525 INFO  c.g.v.a.u.SysUtils - Execute command: [gradle, -b, /var/folders/3k/mymj0cx15f9c3m0kv4gch66h0000gn/T/1468625998342-0/src/mobile-master/example/bind/android/hello/build.gradle, --stacktrace, build]
2016-07-16 05:41:10,439 INFO  c.g.v.a.s.a.ProjectBuildService - Incremental java compilation is an incubating feature.
:hello:buildEnvironment

------------------------------------------------------------
Project :hello
------------------------------------------------------------

classpath
\--- gradle.plugin.org.golang.mobile.bind:gobindPlugin:0.2.6

BUILD SUCCESSFUL

Total time: 10.318 secs

This build could be faster, please consider using the Gradle Daemon: https://docs.gradle.org/2.10/userguide/gradle_daemon.html

2016-07-16 05:41:10,452 INFO  c.g.v.a.s.a.ProjectTaskService - Detecting possible tasks...
2016-07-16 05:41:10,452 INFO  c.g.v.a.u.SysUtils - Execute command: [gradle, -b, /var/folders/3k/mymj0cx15f9c3m0kv4gch66h0000gn/T/1468625998342-0/src/mobile-master/example/ivy/android/app/build.gradle, tasks]
2016-07-16 05:41:21,607 INFO  c.g.v.a.s.a.ProjectTaskService - Detected possible tasks: 68
2016-07-16 05:41:21,607 INFO  c.g.v.a.s.a.ProjectTaskService - Excluded tasks: lintDebug test check deviceCheck testDebugUnitTest connectedAndroidTest lint testReleaseUnitTest lintRelease deviceAndroidTest connectedCheck
2016-07-16 05:41:21,607 INFO  c.g.v.a.u.SysUtils - Execute command: [gradle, -b, /var/folders/3k/mymj0cx15f9c3m0kv4gch66h0000gn/T/1468625998342-0/src/mobile-master/example/ivy/android/app/build.gradle, --stacktrace, -x, lintDebug, -x, test, -x, check, -x, deviceCheck, -x, testDebugUnitTest, -x, connectedAndroidTest, -x, lint, -x, testReleaseUnitTest, -x, lintRelease, -x, deviceAndroidTest, -x, connectedCheck, build]
2016-07-16 05:41:31,593 INFO  c.g.v.a.s.a.ProjectBuildService - :app:preBuild UP-TO-DATE
:app:preDebugBuild UP-TO-DATE
:app:checkDebugManifest
:app:preReleaseBuild UP-TO-DATE
:ivy:gobind FAILED

FAILURE: Build failed with an exception.

* What went wrong:
Execution failed for task ':ivy:gobind'.
> gobind.pkg and gobind.GOPATH must be set

* Try:
Run with --info or --debug option to get more log output.

* Exception is:
org.gradle.api.tasks.TaskExecutionException: Execution failed for task ':ivy:gobind'.
	at org.gradle.api.internal.tasks.execution.ExecuteActionsTaskExecuter.executeActions(ExecuteActionsTaskExecuter.java:69)
	at org.gradle.api.internal.tasks.execution.ExecuteActionsTaskExecuter.execute(ExecuteActionsTaskExecuter.java:46)
	at org.gradle.api.internal.tasks.execution.PostExecutionAnalysisTaskExecuter.execute(PostExecutionAnalysisTaskExecuter.java:35)
	at org.gradle.api.internal.tasks.execution.SkipUpToDateTaskExecuter.execute(SkipUpToDateTaskExecuter.java:64)
	at org.gradle.api.internal.tasks.execution.ValidatingTaskExecuter.execute(ValidatingTaskExecuter.java:58)
	at org.gradle.api.internal.tasks.execution.SkipEmptySourceFilesTaskExecuter.execute(SkipEmptySourceFilesTaskExecuter.java:52)
	at org.gradle.api.internal.tasks.execution.SkipTaskWithNoActionsExecuter.execute(SkipTaskWithNoActionsExecuter.java:52)
	at org.gradle.api.internal.tasks.execution.SkipOnlyIfTaskExecuter.execute(SkipOnlyIfTaskExecuter.java:53)
	at org.gradle.api.internal.tasks.execution.ExecuteAtMostOnceTaskExecuter.execute(ExecuteAtMostOnceTaskExecuter.java:43)
	at org.gradle.execution.taskgraph.DefaultTaskGraphExecuter$EventFiringTaskWorker.execute(DefaultTaskGraphExecuter.java:203)
	at org.gradle.execution.taskgraph.DefaultTaskGraphExecuter$EventFiringTaskWorker.execute(DefaultTaskGraphExecuter.java:185)
	at org.gradle.execution.taskgraph.AbstractTaskPlanExecutor$TaskExecutorWorker.processTask(AbstractTaskPlanExecutor.java:66)
	at org.gradle.execution.taskgraph.AbstractTaskPlanExecutor$TaskExecutorWorker.run(AbstractTaskPlanExecutor.java:50)
	at org.gradle.execution.taskgraph.DefaultTaskPlanExecutor.process(DefaultTaskPlanExecutor.java:25)
	at org.gradle.execution.taskgraph.DefaultTaskGraphExecuter.execute(DefaultTaskGraphExecuter.java:110)
	at org.gradle.execution.SelectedTaskExecutionAction.execute(SelectedTaskExecutionAction.java:37)
	at org.gradle.execution.DefaultBuildExecuter.execute(DefaultBuildExecuter.java:37)
	at org.gradle.execution.DefaultBuildExecuter.access$000(DefaultBuildExecuter.java:23)
	at org.gradle.execution.DefaultBuildExecuter$1.proceed(DefaultBuildExecuter.java:43)
	at org.gradle.execution.DryRunBuildExecutionAction.execute(DryRunBuildExecutionAction.java:32)
	at org.gradle.execution.DefaultBuildExecuter.execute(DefaultBuildExecuter.java:37)
	at org.gradle.execution.DefaultBuildExecuter.execute(DefaultBuildExecuter.java:30)
	at org.gradle.initialization.DefaultGradleLauncher$4.run(DefaultGradleLauncher.java:154)
	at org.gradle.internal.Factories$1.create(Factories.java:22)
	at org.gradle.internal.progress.DefaultBuildOperationExecutor.run(DefaultBuildOperationExecutor.java:90)
	at org.gradle.internal.progress.DefaultBuildOperationExecutor.run(DefaultBuildOperationExecutor.java:52)
	at org.gradle.initialization.DefaultGradleLauncher.doBuildStages(DefaultGradleLauncher.java:151)
	at org.gradle.initialization.DefaultGradleLauncher.access$200(DefaultGradleLauncher.java:32)
	at org.gradle.initialization.DefaultGradleLauncher$1.create(DefaultGradleLauncher.java:99)
	at org.gradle.initialization.DefaultGradleLauncher$1.create(DefaultGradleLauncher.java:93)
	at org.gradle.internal.progress.DefaultBuildOperationExecutor.run(DefaultBuildOperationExecutor.java:90)
	at org.gradle.internal.progress.DefaultBuildOperationExecutor.run(DefaultBuildOperationExecutor.java:62)
	at org.gradle.initialization.DefaultGradleLauncher.doBuild(DefaultGradleLauncher.java:93)
	at org.gradle.initialization.DefaultGradleLauncher.run(DefaultGradleLauncher.java:82)
	at org.gradle.launcher.exec.InProcessBuildActionExecuter$DefaultBuildController.run(InProcessBuildActionExecuter.java:94)
	at org.gradle.tooling.internal.provider.ExecuteBuildActionRunner.run(ExecuteBuildActionRunner.java:28)
	at org.gradle.launcher.exec.ChainingBuildActionRunner.run(ChainingBuildActionRunner.java:35)
	at org.gradle.launcher.exec.InProcessBuildActionExecuter.execute(InProcessBuildActionExecuter.java:43)
	at org.gradle.launcher.exec.InProcessBuildActionExecuter.execute(InProcessBuildActionExecuter.java:28)
	at org.gradle.launcher.exec.ContinuousBuildActionExecuter.execute(ContinuousBuildActionExecuter.java:78)
	at org.gradle.launcher.exec.ContinuousBuildActionExecuter.execute(ContinuousBuildActionExecuter.java:48)
	at org.gradle.launcher.exec.DaemonUsageSuggestingBuildActionExecuter.execute(DaemonUsageSuggestingBuildActionExecuter.java:51)
	at org.gradle.launcher.exec.DaemonUsageSuggestingBuildActionExecuter.execute(DaemonUsageSuggestingBuildActionExecuter.java:28)
	at org.gradle.launcher.cli.RunBuildAction.run(RunBuildAction.java:43)
	at org.gradle.internal.Actions$RunnableActionAdapter.execute(Actions.java:170)
	at org.gradle.launcher.cli.CommandLineActionFactory$ParseAndBuildAction.execute(CommandLineActionFactory.java:237)
	at org.gradle.launcher.cli.CommandLineActionFactory$ParseAndBuildAction.execute(CommandLineActionFactory.java:210)
	at org.gradle.launcher.cli.JavaRuntimeValidationAction.execute(JavaRuntimeValidationAction.java:35)
	at org.gradle.launcher.cli.JavaRuntimeValidationAction.execute(JavaRuntimeValidationAction.java:24)
	at org.gradle.launcher.cli.CommandLineActionFactory$WithLogging.execute(CommandLineActionFactory.java:206)
	at org.gradle.launcher.cli.CommandLineActionFactory$WithLogging.execute(CommandLineActionFactory.java:169)
	at org.gradle.launcher.cli.ExceptionReportingAction.execute(ExceptionReportingAction.java:33)
	at org.gradle.launcher.cli.ExceptionReportingAction.execute(ExceptionReportingAction.java:22)
	at org.gradle.launcher.Main.doAction(Main.java:33)
	at org.gradle.launcher.bootstrap.EntryPoint.run(EntryPoint.java:45)
	at org.gradle.launcher.bootstrap.ProcessBootstrap.runNoExit(ProcessBootstrap.java:54)
	at org.gradle.launcher.bootstrap.ProcessBootstrap.run(ProcessBootstrap.java:35)
	at org.gradle.launcher.GradleMain.main(GradleMain.java:23)
Caused by: org.gradle.api.GradleException: gobind.pkg and gobind.GOPATH must be set
	at org.golang.mobile.GobindTask.gobind(GobindPlugin.groovy:52)
	at org.gradle.internal.reflect.JavaMethod.invoke(JavaMethod.java:75)
	at org.gradle.api.internal.project.taskfactory.AnnotationProcessingTaskFactory$StandardTaskAction.doExecute(AnnotationProcessingTaskFactory.java:227)
	at org.gradle.api.internal.project.taskfactory.AnnotationProcessingTaskFactory$StandardTaskAction.execute(AnnotationProcessingTaskFactory.java:220)
	at org.gradle.api.internal.project.taskfactory.AnnotationProcessingTaskFactory$StandardTaskAction.execute(AnnotationProcessingTaskFactory.java:209)
	at org.gradle.api.internal.AbstractTask$TaskActionWrapper.execute(AbstractTask.java:585)
	at org.gradle.api.internal.AbstractTask$TaskActionWrapper.execute(AbstractTask.java:568)
	at org.gradle.api.internal.tasks.execution.ExecuteActionsTaskExecuter.executeAction(ExecuteActionsTaskExecuter.java:80)
	at org.gradle.api.internal.tasks.execution.ExecuteActionsTaskExecuter.executeActions(ExecuteActionsTaskExecuter.java:61)
	... 57 more


BUILD FAILED

Total time: 9.444 secs

2016-07-16 05:41:31,594 ERROR c.g.v.a.s.a.ProjectBuildService - Can not build project using script "/var/folders/3k/mymj0cx15f9c3m0kv4gch66h0000gn/T/1468625998342-0/src/mobile-master/example/ivy/android/app/build.gradle"
2016-07-16 05:41:31,622 INFO  c.g.v.a.s.a.ProjectTaskService - Detecting possible tasks...
2016-07-16 05:41:31,623 INFO  c.g.v.a.u.SysUtils - Execute command: [gradle, -b, /var/folders/3k/mymj0cx15f9c3m0kv4gch66h0000gn/T/1468625998342-0/src/mobile-master/example/ivy/android/build.gradle, tasks]
2016-07-16 05:41:42,027 INFO  c.g.v.a.s.a.ProjectTaskService - Detected possible tasks: 69
2016-07-16 05:41:42,028 INFO  c.g.v.a.s.a.ProjectTaskService - Excluded tasks: lintDebug test check deviceCheck testDebugUnitTest connectedAndroidTest lint testReleaseUnitTest lintRelease deviceAndroidTest connectedCheck
2016-07-16 05:41:42,028 INFO  c.g.v.a.u.SysUtils - Execute command: [gradle, -b, /var/folders/3k/mymj0cx15f9c3m0kv4gch66h0000gn/T/1468625998342-0/src/mobile-master/example/ivy/android/build.gradle, --stacktrace, -x, lintDebug, -x, test, -x, check, -x, deviceCheck, -x, testDebugUnitTest, -x, connectedAndroidTest, -x, lint, -x, testReleaseUnitTest, -x, lintRelease, -x, deviceAndroidTest, -x, connectedCheck, build]
2016-07-16 05:41:52,089 INFO  c.g.v.a.s.a.ProjectBuildService - :app:preBuild UP-TO-DATE
:app:preDebugBuild UP-TO-DATE
:app:checkDebugManifest
:app:preReleaseBuild UP-TO-DATE
:ivy:gobind FAILED

FAILURE: Build failed with an exception.

* What went wrong:
Execution failed for task ':ivy:gobind'.
> gobind.pkg and gobind.GOPATH must be set

* Try:
Run with --info or --debug option to get more log output.

* Exception is:
org.gradle.api.tasks.TaskExecutionException: Execution failed for task ':ivy:gobind'.
	at org.gradle.api.internal.tasks.execution.ExecuteActionsTaskExecuter.executeActions(ExecuteActionsTaskExecuter.java:69)
	at org.gradle.api.internal.tasks.execution.ExecuteActionsTaskExecuter.execute(ExecuteActionsTaskExecuter.java:46)
	at org.gradle.api.internal.tasks.execution.PostExecutionAnalysisTaskExecuter.execute(PostExecutionAnalysisTaskExecuter.java:35)
	at org.gradle.api.internal.tasks.execution.SkipUpToDateTaskExecuter.execute(SkipUpToDateTaskExecuter.java:64)
	at org.gradle.api.internal.tasks.execution.ValidatingTaskExecuter.execute(ValidatingTaskExecuter.java:58)
	at org.gradle.api.internal.tasks.execution.SkipEmptySourceFilesTaskExecuter.execute(SkipEmptySourceFilesTaskExecuter.java:52)
	at org.gradle.api.internal.tasks.execution.SkipTaskWithNoActionsExecuter.execute(SkipTaskWithNoActionsExecuter.java:52)
	at org.gradle.api.internal.tasks.execution.SkipOnlyIfTaskExecuter.execute(SkipOnlyIfTaskExecuter.java:53)
	at org.gradle.api.internal.tasks.execution.ExecuteAtMostOnceTaskExecuter.execute(ExecuteAtMostOnceTaskExecuter.java:43)
	at org.gradle.execution.taskgraph.DefaultTaskGraphExecuter$EventFiringTaskWorker.execute(DefaultTaskGraphExecuter.java:203)
	at org.gradle.execution.taskgraph.DefaultTaskGraphExecuter$EventFiringTaskWorker.execute(DefaultTaskGraphExecuter.java:185)
	at org.gradle.execution.taskgraph.AbstractTaskPlanExecutor$TaskExecutorWorker.processTask(AbstractTaskPlanExecutor.java:66)
	at org.gradle.execution.taskgraph.AbstractTaskPlanExecutor$TaskExecutorWorker.run(AbstractTaskPlanExecutor.java:50)
	at org.gradle.execution.taskgraph.DefaultTaskPlanExecutor.process(DefaultTaskPlanExecutor.java:25)
	at org.gradle.execution.taskgraph.DefaultTaskGraphExecuter.execute(DefaultTaskGraphExecuter.java:110)
	at org.gradle.execution.SelectedTaskExecutionAction.execute(SelectedTaskExecutionAction.java:37)
	at org.gradle.execution.DefaultBuildExecuter.execute(DefaultBuildExecuter.java:37)
	at org.gradle.execution.DefaultBuildExecuter.access$000(DefaultBuildExecuter.java:23)
	at org.gradle.execution.DefaultBuildExecuter$1.proceed(DefaultBuildExecuter.java:43)
	at org.gradle.execution.DryRunBuildExecutionAction.execute(DryRunBuildExecutionAction.java:32)
	at org.gradle.execution.DefaultBuildExecuter.execute(DefaultBuildExecuter.java:37)
	at org.gradle.execution.DefaultBuildExecuter.execute(DefaultBuildExecuter.java:30)
	at org.gradle.initialization.DefaultGradleLauncher$4.run(DefaultGradleLauncher.java:154)
	at org.gradle.internal.Factories$1.create(Factories.java:22)
	at org.gradle.internal.progress.DefaultBuildOperationExecutor.run(DefaultBuildOperationExecutor.java:90)
	at org.gradle.internal.progress.DefaultBuildOperationExecutor.run(DefaultBuildOperationExecutor.java:52)
	at org.gradle.initialization.DefaultGradleLauncher.doBuildStages(DefaultGradleLauncher.java:151)
	at org.gradle.initialization.DefaultGradleLauncher.access$200(DefaultGradleLauncher.java:32)
	at org.gradle.initialization.DefaultGradleLauncher$1.create(DefaultGradleLauncher.java:99)
	at org.gradle.initialization.DefaultGradleLauncher$1.create(DefaultGradleLauncher.java:93)
	at org.gradle.internal.progress.DefaultBuildOperationExecutor.run(DefaultBuildOperationExecutor.java:90)
	at org.gradle.internal.progress.DefaultBuildOperationExecutor.run(DefaultBuildOperationExecutor.java:62)
	at org.gradle.initialization.DefaultGradleLauncher.doBuild(DefaultGradleLauncher.java:93)
	at org.gradle.initialization.DefaultGradleLauncher.run(DefaultGradleLauncher.java:82)
	at org.gradle.launcher.exec.InProcessBuildActionExecuter$DefaultBuildController.run(InProcessBuildActionExecuter.java:94)
	at org.gradle.tooling.internal.provider.ExecuteBuildActionRunner.run(ExecuteBuildActionRunner.java:28)
	at org.gradle.launcher.exec.ChainingBuildActionRunner.run(ChainingBuildActionRunner.java:35)
	at org.gradle.launcher.exec.InProcessBuildActionExecuter.execute(InProcessBuildActionExecuter.java:43)
	at org.gradle.launcher.exec.InProcessBuildActionExecuter.execute(InProcessBuildActionExecuter.java:28)
	at org.gradle.launcher.exec.ContinuousBuildActionExecuter.execute(ContinuousBuildActionExecuter.java:78)
	at org.gradle.launcher.exec.ContinuousBuildActionExecuter.execute(ContinuousBuildActionExecuter.java:48)
	at org.gradle.launcher.exec.DaemonUsageSuggestingBuildActionExecuter.execute(DaemonUsageSuggestingBuildActionExecuter.java:51)
	at org.gradle.launcher.exec.DaemonUsageSuggestingBuildActionExecuter.execute(DaemonUsageSuggestingBuildActionExecuter.java:28)
	at org.gradle.launcher.cli.RunBuildAction.run(RunBuildAction.java:43)
	at org.gradle.internal.Actions$RunnableActionAdapter.execute(Actions.java:170)
	at org.gradle.launcher.cli.CommandLineActionFactory$ParseAndBuildAction.execute(CommandLineActionFactory.java:237)
	at org.gradle.launcher.cli.CommandLineActionFactory$ParseAndBuildAction.execute(CommandLineActionFactory.java:210)
	at org.gradle.launcher.cli.JavaRuntimeValidationAction.execute(JavaRuntimeValidationAction.java:35)
	at org.gradle.launcher.cli.JavaRuntimeValidationAction.execute(JavaRuntimeValidationAction.java:24)
	at org.gradle.launcher.cli.CommandLineActionFactory$WithLogging.execute(CommandLineActionFactory.java:206)
	at org.gradle.launcher.cli.CommandLineActionFactory$WithLogging.execute(CommandLineActionFactory.java:169)
	at org.gradle.launcher.cli.ExceptionReportingAction.execute(ExceptionReportingAction.java:33)
	at org.gradle.launcher.cli.ExceptionReportingAction.execute(ExceptionReportingAction.java:22)
	at org.gradle.launcher.Main.doAction(Main.java:33)
	at org.gradle.launcher.bootstrap.EntryPoint.run(EntryPoint.java:45)
	at org.gradle.launcher.bootstrap.ProcessBootstrap.runNoExit(ProcessBootstrap.java:54)
	at org.gradle.launcher.bootstrap.ProcessBootstrap.run(ProcessBootstrap.java:35)
	at org.gradle.launcher.GradleMain.main(GradleMain.java:23)
Caused by: org.gradle.api.GradleException: gobind.pkg and gobind.GOPATH must be set
	at org.golang.mobile.GobindTask.gobind(GobindPlugin.groovy:52)
	at org.gradle.internal.reflect.JavaMethod.invoke(JavaMethod.java:75)
	at org.gradle.api.internal.project.taskfactory.AnnotationProcessingTaskFactory$StandardTaskAction.doExecute(AnnotationProcessingTaskFactory.java:227)
	at org.gradle.api.internal.project.taskfactory.AnnotationProcessingTaskFactory$StandardTaskAction.execute(AnnotationProcessingTaskFactory.java:220)
	at org.gradle.api.internal.project.taskfactory.AnnotationProcessingTaskFactory$StandardTaskAction.execute(AnnotationProcessingTaskFactory.java:209)
	at org.gradle.api.internal.AbstractTask$TaskActionWrapper.execute(AbstractTask.java:585)
	at org.gradle.api.internal.AbstractTask$TaskActionWrapper.execute(AbstractTask.java:568)
	at org.gradle.api.internal.tasks.execution.ExecuteActionsTaskExecuter.executeAction(ExecuteActionsTaskExecuter.java:80)
	at org.gradle.api.internal.tasks.execution.ExecuteActionsTaskExecuter.executeActions(ExecuteActionsTaskExecuter.java:61)
	... 57 more


BUILD FAILED

Total time: 9.478 secs

2016-07-16 05:41:52,090 ERROR c.g.v.a.s.a.ProjectBuildService - Can not build project using script "/var/folders/3k/mymj0cx15f9c3m0kv4gch66h0000gn/T/1468625998342-0/src/mobile-master/example/ivy/android/build.gradle"
2016-07-16 05:41:52,108 INFO  c.g.v.a.s.a.ProjectTaskService - Detecting possible tasks...
2016-07-16 05:41:52,108 INFO  c.g.v.a.u.SysUtils - Execute command: [gradle, -b, /var/folders/3k/mymj0cx15f9c3m0kv4gch66h0000gn/T/1468625998342-0/src/mobile-master/example/ivy/android/ivy/build.gradle, tasks]
2016-07-16 05:42:02,056 INFO  c.g.v.a.s.a.ProjectTaskService - Detected possible tasks: 22
2016-07-16 05:42:02,056 INFO  c.g.v.a.s.a.ProjectTaskService - Excluded tasks: none
2016-07-16 05:42:02,056 INFO  c.g.v.a.u.SysUtils - Execute command: [gradle, -b, /var/folders/3k/mymj0cx15f9c3m0kv4gch66h0000gn/T/1468625998342-0/src/mobile-master/example/ivy/android/ivy/build.gradle, --stacktrace, build]
2016-07-16 05:42:12,177 INFO  c.g.v.a.s.a.ProjectBuildService - :ivy:buildEnvironment

------------------------------------------------------------
Project :ivy
------------------------------------------------------------

classpath
\--- gradle.plugin.org.golang.mobile.bind:gobindPlugin:0.2.6

BUILD SUCCESSFUL

Total time: 9.552 secs

This build could be faster, please consider using the Gradle Daemon: https://docs.gradle.org/2.10/userguide/gradle_daemon.html

2016-07-16 05:42:12,189 INFO  c.g.v.a.s.a.ProjectTaskService - Detecting possible tasks...
2016-07-16 05:42:12,190 INFO  c.g.v.a.u.SysUtils - Execute command: [gradle, -b, /var/folders/3k/mymj0cx15f9c3m0kv4gch66h0000gn/T/1468625998342-0/src/mobile-master/misc/androidstudio/build.gradle, tasks]
2016-07-16 05:42:19,664 INFO  c.g.v.a.s.a.ProjectTaskService - Detected possible tasks: 49
2016-07-16 05:42:19,664 INFO  c.g.v.a.s.a.ProjectTaskService - Excluded tasks: test check javadoc
2016-07-16 05:42:19,664 INFO  c.g.v.a.u.SysUtils - Execute command: [gradle, -b, /var/folders/3k/mymj0cx15f9c3m0kv4gch66h0000gn/T/1468625998342-0/src/mobile-master/misc/androidstudio/build.gradle, --stacktrace, -x, test, -x, check, -x, javadoc, build]
2016-07-16 05:42:37,594 INFO  c.g.v.a.s.a.ProjectBuildService - :compileJava UP-TO-DATE
:compileGroovywarning: [options] bootstrap class path not set in conjunction with -source 1.7
1 warning

:processResources
:classes
:jar
:groovydoc
:publishPluginGroovyDocsJar
:publishPluginJar
:publishPluginJavaDocsJar
:assemble
:build

BUILD SUCCESSFUL

Total time: 17.306 secs

This build could be faster, please consider using the Gradle Daemon: https://docs.gradle.org/2.10/userguide/gradle_daemon.html

2016-07-16 05:42:37,607 ERROR c.g.v.a.s.FullProcessService - Project build has not produced APK file
2016-07-16 05:42:37,620 ERROR c.g.v.a.s.FullProcessService - Could not find generated or existed APK file
