2018-05-15 09:10:30,408 INFO  DownloadService - Downloading "https://github.com/AndroidDeveloperLB/AndroidJniBitmapOperations/archive/master.zip", attempt 3
2018-05-15 09:10:32,685 INFO  DownloadService - Downloaded https://github.com/AndroidDeveloperLB/AndroidJniBitmapOperations/archive/master.zip, attempt 3
2018-05-15 09:10:32,685 INFO  DownloadService - Size of file "/tmp/rdisk/1138/master.zip": 1 MB
2018-05-15 09:10:32,685 INFO  ArchiveUtils - Checking entries [.gradle] in ZIP file...
2018-05-15 09:10:32,686 INFO  ArchiveUtils - Has entries [.gradle] in ZIP file /tmp/rdisk/1138/master.zip: true
2018-05-15 09:10:32,686 DEBUG ZipUtil - Extracting '/tmp/rdisk/1138/master.zip' into '/tmp/rdisk/1138/src'.
2018-05-15 09:10:32,708 INFO  FullProcessService - Size of directory with sources: 1 MB
2018-05-15 09:10:32,708 INFO  SysUtils - Execute command: [git, init, /tmp/rdisk/1138/src]
2018-05-15 09:10:32,713 INFO  SysUtils - Initialized empty Git repository in /tmp/rdisk/1138/src/.git/

2018-05-15 09:10:32,715 INFO  ProjectBuildService - Gradle wrapper(s): /tmp/rdisk/1138/src/AndroidJniBitmapOperations-master/gradlew
2018-05-15 09:10:32,718 INFO  ProjectBuildService - Build script(s): /tmp/rdisk/1138/src/AndroidJniBitmapOperations-master/JniBitmapOperationsLibrary/build.gradle /tmp/rdisk/1138/src/AndroidJniBitmapOperations-master/sample/build.gradle /tmp/rdisk/1138/src/AndroidJniBitmapOperations-master/build.gradle
2018-05-15 09:10:32,720 INFO  ProjectBuildService - All script(s): /tmp/rdisk/1138/src/AndroidJniBitmapOperations-master/settings.gradle /tmp/rdisk/1138/src/AndroidJniBitmapOperations-master/sample/build.gradle /tmp/rdisk/1138/src/AndroidJniBitmapOperations-master/build.gradle /tmp/rdisk/1138/src/AndroidJniBitmapOperations-master/JniBitmapOperationsLibrary/build.gradle
2018-05-15 09:10:32,721 INFO  ProjectBuildService - Remote scripts: none
2018-05-15 09:10:32,721 INFO  ProjectFixService - Fixing project...
2018-05-15 09:10:32,726 INFO  LocalPropertiesFixService - Created fake /tmp/rdisk/1138/src/AndroidJniBitmapOperations-master/JniBitmapOperationsLibrary/local.properties
2018-05-15 09:10:32,728 INFO  ProjectFixService - Build info for "/tmp/rdisk/1138/src/AndroidJniBitmapOperations-master/JniBitmapOperationsLibrary/build.gradle": [buildToolsVersion=<null>,compileSdkVersion=<null>,minSdkVersion=<null>,targetSdkVersion=<null>]
2018-05-15 09:10:32,728 INFO  ProjectFixService - Fixed build info for "/tmp/rdisk/1138/src/AndroidJniBitmapOperations-master/JniBitmapOperationsLibrary/build.gradle": [buildToolsVersion=28.0.0-rc1,compileSdkVersion=27,minSdkVersion=27,targetSdkVersion=27]
2018-05-15 09:10:32,729 INFO  LocalPropertiesFixService - Created fake /tmp/rdisk/1138/src/AndroidJniBitmapOperations-master/sample/local.properties
2018-05-15 09:10:32,731 INFO  ProjectFixService - Build info for "/tmp/rdisk/1138/src/AndroidJniBitmapOperations-master/sample/build.gradle": [buildToolsVersion=<null>,compileSdkVersion=<null>,minSdkVersion=<null>,targetSdkVersion=<null>]
2018-05-15 09:10:32,731 INFO  ProjectFixService - Fixed build info for "/tmp/rdisk/1138/src/AndroidJniBitmapOperations-master/sample/build.gradle": [buildToolsVersion=28.0.0-rc1,compileSdkVersion=27,minSdkVersion=27,targetSdkVersion=27]
2018-05-15 09:10:32,732 INFO  LocalPropertiesFixService - Created fake /tmp/rdisk/1138/src/AndroidJniBitmapOperations-master/local.properties
2018-05-15 09:10:32,732 INFO  WrapperPropertiesFixService - Gradle wrapper: https://services.gradle.org/distributions/gradle-2.4-all.zip
2018-05-15 09:10:32,733 INFO  WrapperPropertiesFixService - Gradle wrapper was changed from "-all.zip" to "-bin.zip" (https://services.gradle.org/distributions/gradle-2.4-bin.zip)
2018-05-15 09:10:32,735 INFO  ProjectFixService - Build info for "/tmp/rdisk/1138/src/AndroidJniBitmapOperations-master/build.gradle": [buildToolsVersion=<null>,compileSdkVersion=<null>,minSdkVersion=<null>,targetSdkVersion=<null>]
2018-05-15 09:10:32,735 INFO  ProjectFixService - Fixed build info for "/tmp/rdisk/1138/src/AndroidJniBitmapOperations-master/build.gradle": [buildToolsVersion=28.0.0-rc1,compileSdkVersion=27,minSdkVersion=27,targetSdkVersion=27]
2018-05-15 09:10:32,735 INFO  ProjectFixService - Project was maybe fixed
2018-05-15 09:10:32,735 INFO  ProjectTaskService - Detecting possible tasks...
2018-05-15 09:10:32,736 INFO  SysUtils - Execute command: [/tmp/rdisk/1138/src/AndroidJniBitmapOperations-master/gradlew, -b, /tmp/rdisk/1138/src/AndroidJniBitmapOperations-master/JniBitmapOperationsLibrary/build.gradle, -Dorg.gradle.daemon=false, -Dorg.gradle.daemon.performance.enable-monitoring=false, -Dorg.gradle.configureondemand=true, tasks]
2018-05-15 09:10:32,831 ERROR ProjectTaskService - Could not detect possible Gradle tasks: Process exited with an error: 1 (Exit value: 1)
2018-05-15 09:10:32,831 INFO  ProjectTaskService - Detected possible tasks: 0
2018-05-15 09:10:32,831 INFO  ProjectTaskService - Excluded tasks (0): none
2018-05-15 09:10:32,832 INFO  SysUtils - Execute command: [/tmp/rdisk/1138/src/AndroidJniBitmapOperations-master/gradlew, -b, /tmp/rdisk/1138/src/AndroidJniBitmapOperations-master/JniBitmapOperationsLibrary/build.gradle, -Dorg.gradle.daemon=false, -Dorg.gradle.daemon.performance.enable-monitoring=false, -Dorg.gradle.configureondemand=true, --stacktrace, build]
2018-05-15 09:10:32,926 ERROR SysUtils - Could not process external command
org.apache.commons.exec.ExecuteException: Process exited with an error: 1 (Exit value: 1)
	at org.apache.commons.exec.DefaultExecutor.executeInternal(DefaultExecutor.java:404)
	at org.apache.commons.exec.DefaultExecutor.execute(DefaultExecutor.java:166)
	at com.github.vbauer.apkmaster.util.SysUtils.execute(SysUtils.java:67)
	at com.github.vbauer.apkmaster.util.SysUtils.executeSimple(SysUtils.java:43)
	at com.github.vbauer.apkmaster.service.assembly.ProjectBuildService.buildProject(ProjectBuildService.java:78)
	at com.github.vbauer.apkmaster.service.assembly.ProjectBuildService.buildProject(ProjectBuildService.java:64)
	at com.github.vbauer.apkmaster.service.assembly.ProjectBuildService.buildProject(ProjectBuildService.java:43)
	at com.github.vbauer.apkmaster.service.FullProcessService.build(FullProcessService.java:84)
	at com.github.vbauer.apkmaster.service.FullProcessService.process(FullProcessService.java:34)
	at com.github.vbauer.apkmaster.app.MainApplication.process(MainApplication.java:38)
	at com.github.vbauer.apkmaster.app.MainApplication.main(MainApplication.java:20)
	at sun.reflect.NativeMethodAccessorImpl.invoke0(Native Method)
	at sun.reflect.NativeMethodAccessorImpl.invoke(NativeMethodAccessorImpl.java:62)
	at sun.reflect.DelegatingMethodAccessorImpl.invoke(DelegatingMethodAccessorImpl.java:43)
	at java.lang.reflect.Method.invoke(Method.java:498)
	at com.android.arsenal.util.ReflectionUtils.invoke(ReflectionUtils.java:42)
	at com.android.arsenal.util.ApkMasterUtils.main(ApkMasterUtils.java:30)
	at com.android.arsenal.service.processor.impl.BuildProcessorServiceImpl.buildProject(BuildProcessorServiceImpl.java:197)
	at com.android.arsenal.service.processor.impl.BuildProcessorServiceImpl.build(BuildProcessorServiceImpl.java:131)
	at com.android.arsenal.service.processor.impl.BuildProcessorServiceImpl.lambda$null$1(BuildProcessorServiceImpl.java:114)
	at java.util.concurrent.FutureTask.run(FutureTask.java:266)
	at java.util.concurrent.Executors$RunnableAdapter.call(Executors.java:511)
	at java.util.concurrent.FutureTask.run(FutureTask.java:266)
	at java.util.concurrent.ThreadPoolExecutor.runWorker(ThreadPoolExecutor.java:1149)
	at java.util.concurrent.ThreadPoolExecutor$Worker.run(ThreadPoolExecutor.java:624)
	at java.lang.Thread.run(Thread.java:748)
2018-05-15 09:10:32,927 INFO  SysUtils - Error: Could not find or load main class org.gradle.wrapper.GradleWrapperMain

2018-05-15 09:10:32,929 INFO  ProjectTaskService - Detecting possible tasks...
2018-05-15 09:10:32,930 INFO  SysUtils - Execute command: [/tmp/rdisk/1138/src/AndroidJniBitmapOperations-master/gradlew, -b, /tmp/rdisk/1138/src/AndroidJniBitmapOperations-master/sample/build.gradle, -Dorg.gradle.daemon=false, -Dorg.gradle.daemon.performance.enable-monitoring=false, -Dorg.gradle.configureondemand=true, tasks]
2018-05-15 09:10:33,021 ERROR ProjectTaskService - Could not detect possible Gradle tasks: Process exited with an error: 1 (Exit value: 1)
2018-05-15 09:10:33,022 INFO  ProjectTaskService - Detected possible tasks: 0
2018-05-15 09:10:33,022 INFO  ProjectTaskService - Excluded tasks (0): none
2018-05-15 09:10:33,023 INFO  SysUtils - Execute command: [/tmp/rdisk/1138/src/AndroidJniBitmapOperations-master/gradlew, -b, /tmp/rdisk/1138/src/AndroidJniBitmapOperations-master/sample/build.gradle, -Dorg.gradle.daemon=false, -Dorg.gradle.daemon.performance.enable-monitoring=false, -Dorg.gradle.configureondemand=true, --stacktrace, build]
2018-05-15 09:10:33,120 ERROR SysUtils - Could not process external command
org.apache.commons.exec.ExecuteException: Process exited with an error: 1 (Exit value: 1)
	at org.apache.commons.exec.DefaultExecutor.executeInternal(DefaultExecutor.java:404)
	at org.apache.commons.exec.DefaultExecutor.execute(DefaultExecutor.java:166)
	at com.github.vbauer.apkmaster.util.SysUtils.execute(SysUtils.java:67)
	at com.github.vbauer.apkmaster.util.SysUtils.executeSimple(SysUtils.java:43)
	at com.github.vbauer.apkmaster.service.assembly.ProjectBuildService.buildProject(ProjectBuildService.java:78)
	at com.github.vbauer.apkmaster.service.assembly.ProjectBuildService.buildProject(ProjectBuildService.java:64)
	at com.github.vbauer.apkmaster.service.assembly.ProjectBuildService.buildProject(ProjectBuildService.java:43)
	at com.github.vbauer.apkmaster.service.FullProcessService.build(FullProcessService.java:84)
	at com.github.vbauer.apkmaster.service.FullProcessService.process(FullProcessService.java:34)
	at com.github.vbauer.apkmaster.app.MainApplication.process(MainApplication.java:38)
	at com.github.vbauer.apkmaster.app.MainApplication.main(MainApplication.java:20)
	at sun.reflect.NativeMethodAccessorImpl.invoke0(Native Method)
	at sun.reflect.NativeMethodAccessorImpl.invoke(NativeMethodAccessorImpl.java:62)
	at sun.reflect.DelegatingMethodAccessorImpl.invoke(DelegatingMethodAccessorImpl.java:43)
	at java.lang.reflect.Method.invoke(Method.java:498)
	at com.android.arsenal.util.ReflectionUtils.invoke(ReflectionUtils.java:42)
	at com.android.arsenal.util.ApkMasterUtils.main(ApkMasterUtils.java:30)
	at com.android.arsenal.service.processor.impl.BuildProcessorServiceImpl.buildProject(BuildProcessorServiceImpl.java:197)
	at com.android.arsenal.service.processor.impl.BuildProcessorServiceImpl.build(BuildProcessorServiceImpl.java:131)
	at com.android.arsenal.service.processor.impl.BuildProcessorServiceImpl.lambda$null$1(BuildProcessorServiceImpl.java:114)
	at java.util.concurrent.FutureTask.run(FutureTask.java:266)
	at java.util.concurrent.Executors$RunnableAdapter.call(Executors.java:511)
	at java.util.concurrent.FutureTask.run(FutureTask.java:266)
	at java.util.concurrent.ThreadPoolExecutor.runWorker(ThreadPoolExecutor.java:1149)
	at java.util.concurrent.ThreadPoolExecutor$Worker.run(ThreadPoolExecutor.java:624)
	at java.lang.Thread.run(Thread.java:748)
2018-05-15 09:10:33,120 INFO  SysUtils - Error: Could not find or load main class org.gradle.wrapper.GradleWrapperMain

2018-05-15 09:10:33,123 INFO  ProjectTaskService - Detecting possible tasks...
2018-05-15 09:10:33,123 INFO  SysUtils - Execute command: [/tmp/rdisk/1138/src/AndroidJniBitmapOperations-master/gradlew, -b, /tmp/rdisk/1138/src/AndroidJniBitmapOperations-master/build.gradle, -Dorg.gradle.daemon=false, -Dorg.gradle.daemon.performance.enable-monitoring=false, -Dorg.gradle.configureondemand=true, tasks]
2018-05-15 09:10:33,220 ERROR ProjectTaskService - Could not detect possible Gradle tasks: Process exited with an error: 1 (Exit value: 1)
2018-05-15 09:10:33,220 INFO  ProjectTaskService - Detected possible tasks: 0
2018-05-15 09:10:33,221 INFO  ProjectTaskService - Excluded tasks (0): none
2018-05-15 09:10:33,221 INFO  SysUtils - Execute command: [/tmp/rdisk/1138/src/AndroidJniBitmapOperations-master/gradlew, -b, /tmp/rdisk/1138/src/AndroidJniBitmapOperations-master/build.gradle, -Dorg.gradle.daemon=false, -Dorg.gradle.daemon.performance.enable-monitoring=false, -Dorg.gradle.configureondemand=true, --stacktrace, build]
2018-05-15 09:10:33,319 ERROR SysUtils - Could not process external command
org.apache.commons.exec.ExecuteException: Process exited with an error: 1 (Exit value: 1)
	at org.apache.commons.exec.DefaultExecutor.executeInternal(DefaultExecutor.java:404)
	at org.apache.commons.exec.DefaultExecutor.execute(DefaultExecutor.java:166)
	at com.github.vbauer.apkmaster.util.SysUtils.execute(SysUtils.java:67)
	at com.github.vbauer.apkmaster.util.SysUtils.executeSimple(SysUtils.java:43)
	at com.github.vbauer.apkmaster.service.assembly.ProjectBuildService.buildProject(ProjectBuildService.java:78)
	at com.github.vbauer.apkmaster.service.assembly.ProjectBuildService.buildProject(ProjectBuildService.java:64)
	at com.github.vbauer.apkmaster.service.assembly.ProjectBuildService.buildProject(ProjectBuildService.java:43)
	at com.github.vbauer.apkmaster.service.FullProcessService.build(FullProcessService.java:84)
	at com.github.vbauer.apkmaster.service.FullProcessService.process(FullProcessService.java:34)
	at com.github.vbauer.apkmaster.app.MainApplication.process(MainApplication.java:38)
	at com.github.vbauer.apkmaster.app.MainApplication.main(MainApplication.java:20)
	at sun.reflect.NativeMethodAccessorImpl.invoke0(Native Method)
	at sun.reflect.NativeMethodAccessorImpl.invoke(NativeMethodAccessorImpl.java:62)
	at sun.reflect.DelegatingMethodAccessorImpl.invoke(DelegatingMethodAccessorImpl.java:43)
	at java.lang.reflect.Method.invoke(Method.java:498)
	at com.android.arsenal.util.ReflectionUtils.invoke(ReflectionUtils.java:42)
	at com.android.arsenal.util.ApkMasterUtils.main(ApkMasterUtils.java:30)
	at com.android.arsenal.service.processor.impl.BuildProcessorServiceImpl.buildProject(BuildProcessorServiceImpl.java:197)
	at com.android.arsenal.service.processor.impl.BuildProcessorServiceImpl.build(BuildProcessorServiceImpl.java:131)
	at com.android.arsenal.service.processor.impl.BuildProcessorServiceImpl.lambda$null$1(BuildProcessorServiceImpl.java:114)
	at java.util.concurrent.FutureTask.run(FutureTask.java:266)
	at java.util.concurrent.Executors$RunnableAdapter.call(Executors.java:511)
	at java.util.concurrent.FutureTask.run(FutureTask.java:266)
	at java.util.concurrent.ThreadPoolExecutor.runWorker(ThreadPoolExecutor.java:1149)
	at java.util.concurrent.ThreadPoolExecutor$Worker.run(ThreadPoolExecutor.java:624)
	at java.lang.Thread.run(Thread.java:748)
2018-05-15 09:10:33,319 INFO  SysUtils - Error: Could not find or load main class org.gradle.wrapper.GradleWrapperMain

2018-05-15 09:10:33,322 ERROR FullProcessService - Project build has not produced APK file
2018-05-15 09:10:33,324 ERROR FullProcessService - Could not find generated or existed APK file
