2018-04-08 05:03:40,120 INFO  DownloadService - Downloading "https://github.com/polok/FlipView/archive/master.zip", attempt 3
2018-04-08 05:04:40,575 INFO  GithubDownloadService - Could not find ZIP archive for master branch
2018-04-08 05:04:41,266 INFO  GithubDownloadService - Default branch of this repository: master
2018-04-08 05:04:41,267 INFO  DownloadService - Downloading "https://github.com/polok/FlipView/archive/master.zip", attempt 3
2018-04-08 05:05:42,475 DEBUG FullProcessService - Repository https://github.com/polok/FlipView available: true
2018-04-08 05:05:42,476 INFO  FullProcessService - Could not download ZIP file from Github, lets clone it
2018-04-08 05:05:42,476 INFO  SysUtils - Execute command: [git, clone, -q, --single-branch, --depth, 1, https://github.com/polok/FlipView, /tmp/rdisk/1073/src]
2018-04-08 05:05:44,387 INFO  SysUtils - 
2018-04-08 05:05:44,402 INFO  GitService - Deleted "/tmp/rdisk/1073/src/.git": true
2018-04-08 05:05:44,405 INFO  FullProcessService - Size of directory with sources: 808 KB
2018-04-08 05:05:44,405 INFO  SysUtils - Execute command: [git, init, /tmp/rdisk/1073/src]
2018-04-08 05:05:44,409 INFO  SysUtils - Initialized empty Git repository in /tmp/rdisk/1073/src/.git/

2018-04-08 05:05:44,412 INFO  ProjectBuildService - Gradle wrapper(s): /tmp/rdisk/1073/src/gradlew
2018-04-08 05:05:44,415 INFO  ProjectBuildService - Build script(s): /tmp/rdisk/1073/src/demo/build.gradle /tmp/rdisk/1073/src/library/build.gradle /tmp/rdisk/1073/src/build.gradle
2018-04-08 05:05:44,417 INFO  ProjectBuildService - All script(s): /tmp/rdisk/1073/src/settings.gradle /tmp/rdisk/1073/src/library/build.gradle /tmp/rdisk/1073/src/demo/build.gradle /tmp/rdisk/1073/src/build.gradle
2018-04-08 05:05:44,418 INFO  DownloadService - Downloading "https://raw.github.com/chrisbanes/gradle-mvn-push/master/gradle-mvn-push.gradle", attempt 3
2018-04-08 05:05:45,102 INFO  DownloadService - Downloaded https://raw.github.com/chrisbanes/gradle-mvn-push/master/gradle-mvn-push.gradle, attempt 3
2018-04-08 05:05:45,102 INFO  ProjectBuildService - Remote scripts: https://raw.github.com/chrisbanes/gradle-mvn-push/master/gradle-mvn-push.gradle
2018-04-08 05:05:45,103 INFO  ProjectFixService - Fixing project...
2018-04-08 05:05:45,110 INFO  LocalPropertiesFixService - Created fake /tmp/rdisk/1073/src/demo/local.properties
2018-04-08 05:05:45,110 INFO  ProjectFixService - Build info for "/tmp/rdisk/1073/src/demo/build.gradle": [buildToolsVersion=23.0.1,compileSdkVersion=23,minSdkVersion=10,targetSdkVersion=23]
2018-04-08 05:05:45,111 INFO  LocalPropertiesFixService - Created fake /tmp/rdisk/1073/src/library/local.properties
2018-04-08 05:05:45,111 INFO  ProjectFixService - Build info for "/tmp/rdisk/1073/src/library/build.gradle": [buildToolsVersion=23.0.1,compileSdkVersion=23,minSdkVersion=9,targetSdkVersion=23]
2018-04-08 05:05:45,111 INFO  LocalPropertiesFixService - Created fake /tmp/rdisk/1073/src/local.properties
2018-04-08 05:05:45,111 INFO  WrapperPropertiesFixService - Gradle wrapper: https://services.gradle.org/distributions/gradle-2.4-all.zip
2018-04-08 05:05:45,111 INFO  WrapperPropertiesFixService - Gradle wrapper was changed from "-all.zip" to "-bin.zip" (https://services.gradle.org/distributions/gradle-2.4-bin.zip)
2018-04-08 05:05:45,112 INFO  ProjectFixService - Build info for "/tmp/rdisk/1073/src/build.gradle": [buildToolsVersion=23.0.1,compileSdkVersion=23,minSdkVersion=9,targetSdkVersion=23]
2018-04-08 05:05:45,112 INFO  ProjectFixService - Project was maybe fixed
2018-04-08 05:05:45,112 INFO  ProjectTaskService - Detecting possible tasks...
2018-04-08 05:05:45,112 INFO  SysUtils - Execute command: [/tmp/rdisk/1073/src/gradlew, -b, /tmp/rdisk/1073/src/demo/build.gradle, -Dorg.gradle.daemon=false, -Dorg.gradle.daemon.performance.enable-monitoring=false, -Dorg.gradle.configureondemand=true, tasks]
2018-04-08 05:05:54,755 INFO  ProjectTaskService - Detected possible tasks: 70
2018-04-08 05:05:54,755 INFO  ProjectTaskService - Excluded tasks (22): lintDebug mockableAndroidJar androidJavadocs deviceCheck lint androidSourcesJar testReleaseUnitTest uninstallRelease deviceAndroidTest uninstallDebugAndroidTest installDebugAndroidTest connectedCheck connectedDebugAndroidTest uninstallAll androidJavadocsJar test check testDebugUnitTest connectedAndroidTest installDebug lintRelease uninstallDebug
2018-04-08 05:05:54,755 INFO  SysUtils - Execute command: [/tmp/rdisk/1073/src/gradlew, -b, /tmp/rdisk/1073/src/demo/build.gradle, -Dorg.gradle.daemon=false, -Dorg.gradle.daemon.performance.enable-monitoring=false, -Dorg.gradle.configureondemand=true, --stacktrace, -x, lintDebug, -x, mockableAndroidJar, -x, androidJavadocs, -x, deviceCheck, -x, lint, -x, androidSourcesJar, -x, testReleaseUnitTest, -x, uninstallRelease, -x, deviceAndroidTest, -x, uninstallDebugAndroidTest, -x, installDebugAndroidTest, -x, connectedCheck, -x, connectedDebugAndroidTest, -x, uninstallAll, -x, androidJavadocsJar, -x, test, -x, check, -x, testDebugUnitTest, -x, connectedAndroidTest, -x, installDebug, -x, lintRelease, -x, uninstallDebug, build]
2018-04-08 05:06:01,977 ERROR SysUtils - Could not process external command
org.apache.commons.exec.ExecuteException: Process exited with an error: 1 (Exit value: 1)
	at org.apache.commons.exec.DefaultExecutor.executeInternal(DefaultExecutor.java:404)
	at org.apache.commons.exec.DefaultExecutor.execute(DefaultExecutor.java:166)
	at com.github.vbauer.apkmaster.util.SysUtils.execute(SysUtils.java:67)
	at com.github.vbauer.apkmaster.util.SysUtils.executeSimple(SysUtils.java:43)
	at com.github.vbauer.apkmaster.service.assembly.ProjectBuildService.buildProject(ProjectBuildService.java:78)
	at com.github.vbauer.apkmaster.service.assembly.ProjectBuildService.buildProject(ProjectBuildService.java:64)
	at com.github.vbauer.apkmaster.service.assembly.ProjectBuildService.buildProject(ProjectBuildService.java:43)
	at com.github.vbauer.apkmaster.service.FullProcessService.build(FullProcessService.java:84)
	at com.github.vbauer.apkmaster.service.FullProcessService.process(FullProcessService.java:34)
	at com.github.vbauer.apkmaster.app.MainApplication.process(MainApplication.java:38)
	at com.github.vbauer.apkmaster.app.MainApplication.main(MainApplication.java:20)
	at sun.reflect.GeneratedMethodAccessor8.invoke(Unknown Source)
	at sun.reflect.DelegatingMethodAccessorImpl.invoke(DelegatingMethodAccessorImpl.java:43)
	at java.lang.reflect.Method.invoke(Method.java:498)
	at com.android.arsenal.util.ReflectionUtils.invoke(ReflectionUtils.java:42)
	at com.android.arsenal.util.ApkMasterUtils.main(ApkMasterUtils.java:30)
	at com.android.arsenal.service.processor.impl.BuildProcessorServiceImpl.buildProject(BuildProcessorServiceImpl.java:197)
	at com.android.arsenal.service.processor.impl.BuildProcessorServiceImpl.build(BuildProcessorServiceImpl.java:131)
	at com.android.arsenal.service.processor.impl.BuildProcessorServiceImpl.lambda$null$1(BuildProcessorServiceImpl.java:114)
	at java.util.concurrent.FutureTask.run(FutureTask.java:266)
	at java.util.concurrent.Executors$RunnableAdapter.call(Executors.java:511)
	at java.util.concurrent.FutureTask.run(FutureTask.java:266)
	at java.util.concurrent.ThreadPoolExecutor.runWorker(ThreadPoolExecutor.java:1149)
	at java.util.concurrent.ThreadPoolExecutor$Worker.run(ThreadPoolExecutor.java:624)
	at java.lang.Thread.run(Thread.java:748)
2018-04-08 05:06:01,977 INFO  SysUtils - Configuration on demand is an incubating feature.

FAILURE: Build failed with an exception.

* What went wrong:
Task 'androidJavadocs' not found in project ':demo'.

* Try:
Run gradlew tasks to get a list of available tasks. Run with --info or --debug option to get more log output.

* Exception is:
org.gradle.execution.TaskSelectionException: Task 'androidJavadocs' not found in project ':demo'.
	at org.gradle.execution.TaskSelector.getSelection(TaskSelector.java:100)
	at org.gradle.execution.TaskSelector.getFilter(TaskSelector.java:63)
	at org.gradle.execution.ExcludedTaskFilteringBuildConfigurationAction.configure(ExcludedTaskFilteringBuildConfigurationAction.java:42)
	at org.gradle.execution.DefaultBuildExecuter.configure(DefaultBuildExecuter.java:42)
	at org.gradle.execution.DefaultBuildExecuter.access$100(DefaultBuildExecuter.java:23)
	at org.gradle.execution.DefaultBuildExecuter$1.proceed(DefaultBuildExecuter.java:48)
	at org.gradle.execution.DefaultTasksBuildExecutionAction.configure(DefaultTasksBuildExecutionAction.java:44)
	at org.gradle.execution.DefaultBuildExecuter.configure(DefaultBuildExecuter.java:42)
	at org.gradle.execution.DefaultBuildExecuter.select(DefaultBuildExecuter.java:35)
	at org.gradle.initialization.DefaultGradleLauncher.doBuildStages(DefaultGradleLauncher.java:142)
	at org.gradle.initialization.DefaultGradleLauncher.doBuild(DefaultGradleLauncher.java:106)
	at org.gradle.initialization.DefaultGradleLauncher.run(DefaultGradleLauncher.java:86)
	at org.gradle.launcher.exec.InProcessBuildActionExecuter$DefaultBuildController.run(InProcessBuildActionExecuter.java:90)
	at org.gradle.tooling.internal.provider.ExecuteBuildActionRunner.run(ExecuteBuildActionRunner.java:28)
	at org.gradle.launcher.exec.ChainingBuildActionRunner.run(ChainingBuildActionRunner.java:35)
	at org.gradle.launcher.exec.InProcessBuildActionExecuter.execute(InProcessBuildActionExecuter.java:41)
	at org.gradle.launcher.exec.InProcessBuildActionExecuter.execute(InProcessBuildActionExecuter.java:28)
	at org.gradle.launcher.exec.DaemonUsageSuggestingBuildActionExecuter.execute(DaemonUsageSuggestingBuildActionExecuter.java:50)
	at org.gradle.launcher.exec.DaemonUsageSuggestingBuildActionExecuter.execute(DaemonUsageSuggestingBuildActionExecuter.java:27)
	at org.gradle.launcher.cli.RunBuildAction.run(RunBuildAction.java:40)
	at org.gradle.internal.Actions$RunnableActionAdapter.execute(Actions.java:169)
	at org.gradle.launcher.cli.CommandLineActionFactory$ParseAndBuildAction.execute(CommandLineActionFactory.java:237)
	at org.gradle.launcher.cli.CommandLineActionFactory$ParseAndBuildAction.execute(CommandLineActionFactory.java:210)
	at org.gradle.launcher.cli.JavaRuntimeValidationAction.execute(JavaRuntimeValidationAction.java:35)
	at org.gradle.launcher.cli.JavaRuntimeValidationAction.execute(JavaRuntimeValidationAction.java:24)
	at org.gradle.launcher.cli.CommandLineActionFactory$WithLogging.execute(CommandLineActionFactory.java:206)
	at org.gradle.launcher.cli.CommandLineActionFactory$WithLogging.execute(CommandLineActionFactory.java:169)
	at org.gradle.launcher.cli.ExceptionReportingAction.execute(ExceptionReportingAction.java:33)
	at org.gradle.launcher.cli.ExceptionReportingAction.execute(ExceptionReportingAction.java:22)
	at org.gradle.launcher.Main.doAction(Main.java:33)
	at org.gradle.launcher.bootstrap.EntryPoint.run(EntryPoint.java:45)
	at org.gradle.launcher.bootstrap.ProcessBootstrap.runNoExit(ProcessBootstrap.java:54)
	at org.gradle.launcher.bootstrap.ProcessBootstrap.run(ProcessBootstrap.java:35)
	at org.gradle.launcher.GradleMain.main(GradleMain.java:23)
	at org.gradle.wrapper.BootstrapMainStarter.start(BootstrapMainStarter.java:33)
	at org.gradle.wrapper.WrapperExecutor.execute(WrapperExecutor.java:130)
	at org.gradle.wrapper.GradleWrapperMain.main(GradleWrapperMain.java:48)


BUILD FAILED

Total time: 6.779 secs

2018-04-08 05:06:01,977 ERROR ProjectBuildService - Excluded tasks were detected wrong
2018-04-08 05:06:01,977 INFO  SysUtils - Execute command: [/tmp/rdisk/1073/src/gradlew, -b, /tmp/rdisk/1073/src/demo/build.gradle, -Dorg.gradle.daemon=false, -Dorg.gradle.daemon.performance.enable-monitoring=false, -Dorg.gradle.configureondemand=true, --stacktrace, build]
2018-04-08 05:06:35,537 INFO  SysUtils - Configuration on demand is an incubating feature.
:demo:preBuild UP-TO-DATE
:demo:preDebugBuild UP-TO-DATE
:demo:checkDebugManifest
:demo:preReleaseBuild UP-TO-DATE
:library:compileLint
:library:copyReleaseLint UP-TO-DATE
:library:preBuild UP-TO-DATE
:library:preReleaseBuild UP-TO-DATE
:library:checkReleaseManifest
:library:preDebugAndroidTestBuild UP-TO-DATE
:library:preDebugBuild UP-TO-DATE
:library:preDebugUnitTestBuild UP-TO-DATE
:library:preReleaseUnitTestBuild UP-TO-DATE
:library:prepareComAndroidSupportAppcompatV72311Library
:library:prepareComAndroidSupportSupportV42311Library
:library:prepareReleaseDependencies
:library:compileReleaseAidl
:library:compileReleaseRenderscript
:library:generateReleaseBuildConfig
:library:generateReleaseAssets UP-TO-DATE
:library:mergeReleaseAssets
:library:generateReleaseResValues
:library:generateReleaseResources
:library:mergeReleaseResources
:library:processReleaseManifest
:library:processReleaseResources
:library:generateReleaseSources
:library:processReleaseJavaRes UP-TO-DATE
:library:compileReleaseJavaWithJavac
:library:extractReleaseAnnotations
:library:mergeReleaseProguardFiles
:library:packageReleaseJar
:library:compileReleaseNdk UP-TO-DATE
:library:packageReleaseJniLibs UP-TO-DATE
:library:packageReleaseLocalJar UP-TO-DATE
:library:packageReleaseRenderscript UP-TO-DATE
:library:packageReleaseResources
:library:bundleRelease
:demo:prepareComAndroidSupportAppcompatV72311Library
:demo:prepareComAndroidSupportSupportV42311Library
:demo:prepareSrcLibraryUnspecifiedLibrary
:demo:prepareDebugDependencies
:demo:compileDebugAidl
:demo:compileDebugRenderscript
:demo:generateDebugBuildConfig
:demo:generateDebugAssets UP-TO-DATE
:demo:mergeDebugAssets
:demo:generateDebugResValues
:demo:generateDebugResources
:demo:mergeDebugResources
AAPT: /tmp/rdisk/1073/src/demo/src/main/res/drawable-xhdpi/ic_mail.png: libpng warning: iCCP: Not recognizing known sRGB profile that has been edited
AAPT: /tmp/rdisk/1073/src/demo/src/main/res/drawable-xhdpi/ic_messages.png: libpng warning: iCCP: Not recognizing known sRGB profile that has been edited
:demo:processDebugManifest
:demo:processDebugResources
:demo:generateDebugSources
:demo:processDebugJavaRes UP-TO-DATE
:demo:compileDebugJavaWithJavacNote: /tmp/rdisk/1073/src/demo/src/main/java/pl/polak/flipview/demo/MainActivity.java uses or overrides a deprecated API.
Note: Recompile with -Xlint:deprecation for details.

:demo:compileDebugNdk UP-TO-DATE
:demo:compileDebugSources
:demo:preDexDebug
:demo:dexDebug
:demo:validateDebugSigning
:demo:packageDebug
:demo:zipalignDebug
:demo:assembleDebug
:demo:checkReleaseManifest
:demo:prepareReleaseDependencies
:demo:compileReleaseAidl
:demo:compileReleaseRenderscript
:demo:generateReleaseBuildConfig
:demo:generateReleaseAssets UP-TO-DATE
:demo:mergeReleaseAssets
:demo:generateReleaseResValues
:demo:generateReleaseResources
:demo:mergeReleaseResourcesAAPT err(1223490685) : No Delegate set : lost message:/tmp/rdisk/1073/src/demo/src/main/res/drawable-xhdpi/ic_mail.png: libpng warning: iCCP: Not recognizing known sRGB profile that has been edited

AAPT: /tmp/rdisk/1073/src/demo/src/main/res/drawable-xhdpi/ic_messages.png: libpng warning: iCCP: Not recognizing known sRGB profile that has been edited
:demo:processReleaseManifest
:demo:processReleaseResources
:demo:generateReleaseSources
:demo:processReleaseJavaRes UP-TO-DATE
:demo:compileReleaseJavaWithJavacNote: /tmp/rdisk/1073/src/demo/src/main/java/pl/polak/flipview/demo/MainActivity.java uses or overrides a deprecated API.
Note: Recompile with -Xlint:deprecation for details.

:demo:compileReleaseNdk UP-TO-DATE
:demo:compileReleaseSources
:demo:preDexRelease
:demo:dexRelease
:demo:packageRelease
:demo:assembleRelease
:demo:assemble
:demo:compileLint
:demo:lint
Ran lint on variant debug: 28 issues found
Ran lint on variant release: 28 issues found
Wrote HTML report to file:/tmp/rdisk/1073/src/demo/build/outputs/lint-results.html
Wrote XML report to /tmp/rdisk/1073/src/demo/build/outputs/lint-results.xml
:demo:preDebugUnitTestBuild UP-TO-DATE
:demo:prepareDebugUnitTestDependencies
:demo:processDebugUnitTestJavaRes UP-TO-DATE
:demo:compileDebugUnitTestJavaWithJavac UP-TO-DATE
:demo:compileDebugUnitTestSources UP-TO-DATE
:demo:mockableAndroidJar
:demo:assembleDebugUnitTest
:demo:testDebugUnitTest
:demo:preReleaseUnitTestBuild UP-TO-DATE
:demo:prepareReleaseUnitTestDependencies
:demo:processReleaseUnitTestJavaRes UP-TO-DATE
:demo:compileReleaseUnitTestJavaWithJavac UP-TO-DATE
:demo:compileReleaseUnitTestSources UP-TO-DATE
:demo:assembleReleaseUnitTest
:demo:testReleaseUnitTest
:demo:test
:demo:check
:demo:build

BUILD SUCCESSFUL

Total time: 33.133 secs

2018-04-08 05:06:35,601 INFO  FullProcessService - Found APK file: /tmp/rdisk/1073/src/demo/build/outputs/apk/demo-release-unsigned.apk
