2018-04-07 21:45:27,202 INFO  DownloadService - Downloading "https://github.com/suarezjulian/WizardPager/archive/master.zip", attempt 3
2018-04-07 21:46:27,203 INFO  GithubDownloadService - Could not find ZIP archive for master branch
2018-04-07 21:46:27,878 INFO  GithubDownloadService - Default branch of this repository: master
2018-04-07 21:46:27,878 INFO  DownloadService - Downloading "https://github.com/suarezjulian/WizardPager/archive/master.zip", attempt 3
2018-04-07 21:47:28,644 DEBUG FullProcessService - Repository https://github.com/suarezjulian/WizardPager available: true
2018-04-07 21:47:28,644 INFO  FullProcessService - Could not download ZIP file from Github, lets clone it
2018-04-07 21:47:28,644 INFO  SysUtils - Execute command: [git, clone, -q, --single-branch, --depth, 1, https://github.com/suarezjulian/WizardPager, /tmp/rdisk/1176/src]
2018-04-07 21:47:30,146 INFO  SysUtils - 
2018-04-07 21:47:30,151 INFO  GitService - Deleted "/tmp/rdisk/1176/src/.git": true
2018-04-07 21:47:30,154 INFO  FullProcessService - Size of directory with sources: 192 KB
2018-04-07 21:47:30,154 INFO  SysUtils - Execute command: [git, init, /tmp/rdisk/1176/src]
2018-04-07 21:47:30,161 INFO  SysUtils - Initialized empty Git repository in /tmp/rdisk/1176/src/.git/

2018-04-07 21:47:30,163 INFO  ProjectBuildService - Gradle wrapper(s): /tmp/rdisk/1176/src/gradlew
2018-04-07 21:47:30,168 INFO  ProjectBuildService - Build script(s): /tmp/rdisk/1176/src/library/build.gradle /tmp/rdisk/1176/src/sample/build.gradle /tmp/rdisk/1176/src/build.gradle
2018-04-07 21:47:30,170 INFO  ProjectBuildService - All script(s): /tmp/rdisk/1176/src/settings.gradle /tmp/rdisk/1176/src/sample/build.gradle /tmp/rdisk/1176/src/library/build.gradle /tmp/rdisk/1176/src/gradle-mvn-push.gradle /tmp/rdisk/1176/src/build.gradle
2018-04-07 21:47:30,171 INFO  ProjectBuildService - Remote scripts: none
2018-04-07 21:47:30,171 INFO  ProjectFixService - Fixing project...
2018-04-07 21:47:30,178 INFO  LocalPropertiesFixService - Created fake /tmp/rdisk/1176/src/library/local.properties
2018-04-07 21:47:30,180 INFO  ProjectFixService - Build info for "/tmp/rdisk/1176/src/library/build.gradle": [buildToolsVersion=<null>,compileSdkVersion=<null>,minSdkVersion=<null>,targetSdkVersion=<null>]
2018-04-07 21:47:30,180 INFO  ProjectFixService - Fixed build info for "/tmp/rdisk/1176/src/library/build.gradle": [buildToolsVersion=28.0.0-rc1,compileSdkVersion=27,minSdkVersion=27,targetSdkVersion=27]
2018-04-07 21:47:30,181 INFO  LocalPropertiesFixService - Created fake /tmp/rdisk/1176/src/sample/local.properties
2018-04-07 21:47:30,184 INFO  ProjectFixService - Build info for "/tmp/rdisk/1176/src/sample/build.gradle": [buildToolsVersion=<null>,compileSdkVersion=<null>,minSdkVersion=<null>,targetSdkVersion=<null>]
2018-04-07 21:47:30,184 INFO  ProjectFixService - Fixed build info for "/tmp/rdisk/1176/src/sample/build.gradle": [buildToolsVersion=28.0.0-rc1,compileSdkVersion=27,minSdkVersion=27,targetSdkVersion=27]
2018-04-07 21:47:30,184 INFO  LocalPropertiesFixService - Created fake /tmp/rdisk/1176/src/local.properties
2018-04-07 21:47:30,184 INFO  WrapperPropertiesFixService - Gradle wrapper: https://services.gradle.org/distributions/gradle-2.2.1-all.zip
2018-04-07 21:47:30,184 INFO  WrapperPropertiesFixService - Gradle wrapper was changed from "-all.zip" to "-bin.zip" (https://services.gradle.org/distributions/gradle-2.2.1-bin.zip)
2018-04-07 21:47:30,187 INFO  ProjectFixService - Build info for "/tmp/rdisk/1176/src/build.gradle": [buildToolsVersion=<null>,compileSdkVersion=<null>,minSdkVersion=<null>,targetSdkVersion=<null>]
2018-04-07 21:47:30,187 INFO  ProjectFixService - Fixed build info for "/tmp/rdisk/1176/src/build.gradle": [buildToolsVersion=28.0.0-rc1,compileSdkVersion=27,minSdkVersion=27,targetSdkVersion=27]
2018-04-07 21:47:30,187 INFO  ProjectFixService - Project was maybe fixed
2018-04-07 21:47:30,187 INFO  ProjectTaskService - Detecting possible tasks...
2018-04-07 21:47:30,187 INFO  SysUtils - Execute command: [/tmp/rdisk/1176/src/gradlew, -b, /tmp/rdisk/1176/src/library/build.gradle, -Dorg.gradle.daemon=false, -Dorg.gradle.daemon.performance.enable-monitoring=false, -Dorg.gradle.configureondemand=true, tasks]
2018-04-07 21:47:44,183 INFO  ProjectTaskService - Detected possible tasks: 56
2018-04-07 21:47:44,183 INFO  ProjectTaskService - Excluded tasks (8): lintDebug deviceCheck lint connectedCheck uninstallAll check connectedAndroidTest lintRelease
2018-04-07 21:47:44,183 INFO  SysUtils - Execute command: [/tmp/rdisk/1176/src/gradlew, -b, /tmp/rdisk/1176/src/library/build.gradle, -Dorg.gradle.daemon=false, -Dorg.gradle.daemon.performance.enable-monitoring=false, -Dorg.gradle.configureondemand=true, --stacktrace, -x, lintDebug, -x, deviceCheck, -x, lint, -x, connectedCheck, -x, uninstallAll, -x, check, -x, connectedAndroidTest, -x, lintRelease, build]
2018-04-07 21:47:52,164 ERROR SysUtils - Could not process external command
org.apache.commons.exec.ExecuteException: Process exited with an error: 1 (Exit value: 1)
	at org.apache.commons.exec.DefaultExecutor.executeInternal(DefaultExecutor.java:404)
	at org.apache.commons.exec.DefaultExecutor.execute(DefaultExecutor.java:166)
	at com.github.vbauer.apkmaster.util.SysUtils.execute(SysUtils.java:67)
	at com.github.vbauer.apkmaster.util.SysUtils.executeSimple(SysUtils.java:43)
	at com.github.vbauer.apkmaster.service.assembly.ProjectBuildService.buildProject(ProjectBuildService.java:78)
	at com.github.vbauer.apkmaster.service.assembly.ProjectBuildService.buildProject(ProjectBuildService.java:64)
	at com.github.vbauer.apkmaster.service.assembly.ProjectBuildService.buildProject(ProjectBuildService.java:43)
	at com.github.vbauer.apkmaster.service.FullProcessService.build(FullProcessService.java:84)
	at com.github.vbauer.apkmaster.service.FullProcessService.process(FullProcessService.java:34)
	at com.github.vbauer.apkmaster.app.MainApplication.process(MainApplication.java:38)
	at com.github.vbauer.apkmaster.app.MainApplication.main(MainApplication.java:20)
	at sun.reflect.GeneratedMethodAccessor8.invoke(Unknown Source)
	at sun.reflect.DelegatingMethodAccessorImpl.invoke(DelegatingMethodAccessorImpl.java:43)
	at java.lang.reflect.Method.invoke(Method.java:498)
	at com.android.arsenal.util.ReflectionUtils.invoke(ReflectionUtils.java:42)
	at com.android.arsenal.util.ApkMasterUtils.main(ApkMasterUtils.java:30)
	at com.android.arsenal.service.processor.impl.BuildProcessorServiceImpl.buildProject(BuildProcessorServiceImpl.java:197)
	at com.android.arsenal.service.processor.impl.BuildProcessorServiceImpl.build(BuildProcessorServiceImpl.java:131)
	at com.android.arsenal.service.processor.impl.BuildProcessorServiceImpl.lambda$null$1(BuildProcessorServiceImpl.java:114)
	at java.util.concurrent.FutureTask.run(FutureTask.java:266)
	at java.util.concurrent.Executors$RunnableAdapter.call(Executors.java:511)
	at java.util.concurrent.FutureTask.run(FutureTask.java:266)
	at java.util.concurrent.ThreadPoolExecutor.runWorker(ThreadPoolExecutor.java:1149)
	at java.util.concurrent.ThreadPoolExecutor$Worker.run(ThreadPoolExecutor.java:624)
	at java.lang.Thread.run(Thread.java:748)
2018-04-07 21:47:52,164 INFO  SysUtils - Configuration on demand is an incubating feature.
:library:androidJavadocs/tmp/rdisk/1176/src/library/src/main/java/com/tech/freak/wizardpager/ui/TextFragment.java:6: error: package android.support.v4.app does not exist
import android.support.v4.app.Fragment;
                             ^
/tmp/rdisk/1176/src/library/src/main/java/com/tech/freak/wizardpager/ui/TextFragment.java:16: error: cannot find symbol
import com.tech.freak.wizardpager.R;
                                 ^
  symbol:   class R
  location: package com.tech.freak.wizardpager
/tmp/rdisk/1176/src/library/src/main/java/com/tech/freak/wizardpager/ui/TextFragment.java:19: error: cannot find symbol
public class TextFragment extends Fragment {
                                  ^
  symbol: class Fragment
/tmp/rdisk/1176/src/library/src/main/java/com/tech/freak/wizardpager/model/Page.java:20: error: package android.support.v4.app does not exist
import android.support.v4.app.Fragment;
                             ^
/tmp/rdisk/1176/src/library/src/main/java/com/tech/freak/wizardpager/model/Page.java:74: error: cannot find symbol
    public abstract Fragment createFragment();
                    ^
  symbol:   class Fragment
  location: class Page
/tmp/rdisk/1176/src/library/src/main/java/com/tech/freak/wizardpager/ui/StepPagerStrip.java:29: error: cannot find symbol
import com.tech.freak.wizardpager.R;
                                 ^
  symbol:   class R
  location: package com.tech.freak.wizardpager
/tmp/rdisk/1176/src/library/src/main/java/com/tech/freak/wizardpager/ui/SingleChoiceFragment.java:25: error: package android.support.v4.app does not exist
import android.support.v4.app.ListFragment;
                             ^
/tmp/rdisk/1176/src/library/src/main/java/com/tech/freak/wizardpager/ui/SingleChoiceFragment.java:32: error: cannot find symbol
import com.tech.freak.wizardpager.R;
                                 ^
  symbol:   class R
  location: package com.tech.freak.wizardpager
/tmp/rdisk/1176/src/library/src/main/java/com/tech/freak/wizardpager/ui/SingleChoiceFragment.java:36: error: cannot find symbol
public class SingleChoiceFragment extends ListFragment {
                                          ^
  symbol: class ListFragment
/tmp/rdisk/1176/src/library/src/main/java/com/tech/freak/wizardpager/ui/ReviewFragment.java:26: error: package android.support.v4.app does not exist
import android.support.v4.app.ListFragment;
                             ^
/tmp/rdisk/1176/src/library/src/main/java/com/tech/freak/wizardpager/ui/ReviewFragment.java:34: error: cannot find symbol
import com.tech.freak.wizardpager.R;
                                 ^
  symbol:   class R
  location: package com.tech.freak.wizardpager
/tmp/rdisk/1176/src/library/src/main/java/com/tech/freak/wizardpager/ui/ReviewFragment.java:40: error: cannot find symbol
public class ReviewFragment extends ListFragment implements ModelCallbacks {
                                    ^
  symbol: class ListFragment
/tmp/rdisk/1176/src/library/src/main/java/com/tech/freak/wizardpager/ui/MultipleChoiceFragment.java:27: error: package android.support.v4.app does not exist
import android.support.v4.app.ListFragment;
                             ^
/tmp/rdisk/1176/src/library/src/main/java/com/tech/freak/wizardpager/ui/MultipleChoiceFragment.java:35: error: cannot find symbol
import com.tech.freak.wizardpager.R;
                                 ^
  symbol:   class R
  location: package com.tech.freak.wizardpager
/tmp/rdisk/1176/src/library/src/main/java/com/tech/freak/wizardpager/ui/MultipleChoiceFragment.java:39: error: cannot find symbol
public class MultipleChoiceFragment extends ListFragment {
                                            ^
  symbol: class ListFragment
/tmp/rdisk/1176/src/library/src/main/java/com/tech/freak/wizardpager/ui/ImageFragment.java:12: error: package android.support.v4.app does not exist
import android.support.v4.app.DialogFragment;
                             ^
/tmp/rdisk/1176/src/library/src/main/java/com/tech/freak/wizardpager/ui/ImageFragment.java:13: error: package android.support.v4.app does not exist
import android.support.v4.app.Fragment;
                             ^
/tmp/rdisk/1176/src/library/src/main/java/com/tech/freak/wizardpager/ui/ImageFragment.java:21: error: cannot find symbol
import com.tech.freak.wizardpager.R;
                                 ^
  symbol:   class R
  location: package com.tech.freak.wizardpager
/tmp/rdisk/1176/src/library/src/main/java/com/tech/freak/wizardpager/ui/ImageFragment.java:24: error: cannot find symbol
public class ImageFragment extends Fragment {
                                   ^
  symbol: class Fragment
/tmp/rdisk/1176/src/library/src/main/java/com/tech/freak/wizardpager/ui/GeoFragment.java:9: error: package android.support.v4.app does not exist
import android.support.v4.app.Fragment;
                             ^
/tmp/rdisk/1176/src/library/src/main/java/com/tech/freak/wizardpager/ui/GeoFragment.java:17: error: cannot find symbol
import com.tech.freak.wizardpager.R;
                                 ^
  symbol:   class R
  location: package com.tech.freak.wizardpager
/tmp/rdisk/1176/src/library/src/main/java/com/tech/freak/wizardpager/ui/GeoFragment.java:24: error: cannot find symbol
public class GeoFragment extends Fragment implements SimpleLocationListener {
                                 ^
  symbol: class Fragment
/tmp/rdisk/1176/src/library/src/main/java/com/tech/freak/wizardpager/model/TextPage.java:5: error: package android.support.v4.app does not exist
import android.support.v4.app.Fragment;
                             ^
/tmp/rdisk/1176/src/library/src/main/java/com/tech/freak/wizardpager/model/TextPage.java:16: error: cannot find symbol
	public Fragment createFragment() {
	       ^
  symbol:   class Fragment
  location: class TextPage
/tmp/rdisk/1176/src/library/src/main/java/com/tech/freak/wizardpager/model/SingleFixedChoicePage.java:22: error: package android.support.v4.app does not exist
import android.support.v4.app.Fragment;
                             ^
/tmp/rdisk/1176/src/library/src/main/java/com/tech/freak/wizardpager/model/SingleFixedChoicePage.java:37: error: cannot find symbol
    public Fragment createFragment() {
           ^
  symbol:   class Fragment
  location: class SingleFixedChoicePage
/tmp/rdisk/1176/src/library/src/main/java/com/tech/freak/wizardpager/model/NumberPage.java:3: error: package android.support.v4.app does not exist
import android.support.v4.app.Fragment;
                             ^
/tmp/rdisk/1176/src/library/src/main/java/com/tech/freak/wizardpager/model/NumberPage.java:13: error: cannot find symbol
	public Fragment createFragment() {
	       ^
  symbol:   class Fragment
  location: class NumberPage
/tmp/rdisk/1176/src/library/src/main/java/com/tech/freak/wizardpager/model/MultipleFixedChoicePage.java:21: error: package android.support.v4.app does not exist
import android.support.v4.app.Fragment;
                             ^
/tmp/rdisk/1176/src/library/src/main/java/com/tech/freak/wizardpager/model/MultipleFixedChoicePage.java:33: error: cannot find symbol
    public Fragment createFragment() {
           ^
  symbol:   class Fragment
  location: class MultipleFixedChoicePage
/tmp/rdisk/1176/src/library/src/main/java/com/tech/freak/wizardpager/model/ImagePage.java:3: error: package android.support.v4.app does not exist
import android.support.v4.app.Fragment;
                             ^
/tmp/rdisk/1176/src/library/src/main/java/com/tech/freak/wizardpager/model/ImagePage.java:13: error: cannot find symbol
	public Fragment createFragment() {
	       ^
  symbol:   class Fragment
  location: class ImagePage
/tmp/rdisk/1176/src/library/src/main/java/com/tech/freak/wizardpager/model/GeoPage.java:3: error: package android.support.v4.app does not exist
import android.support.v4.app.Fragment;
                             ^
/tmp/rdisk/1176/src/library/src/main/java/com/tech/freak/wizardpager/model/GeoPage.java:13: error: cannot find symbol
	public Fragment createFragment() {
	       ^
  symbol:   class Fragment
  location: class GeoPage
/tmp/rdisk/1176/src/library/src/main/java/com/tech/freak/wizardpager/model/BranchPage.java:22: error: package android.support.v4.app does not exist
import android.support.v4.app.Fragment;
                             ^
/tmp/rdisk/1176/src/library/src/main/java/com/tech/freak/wizardpager/model/BranchPage.java:74: error: cannot find symbol
    public Fragment createFragment() {
           ^
  symbol:   class Fragment
  location: class BranchPage
/tmp/rdisk/1176/src/library/src/main/java/com/tech/freak/wizardpager/model/AbstractWizardModel.java:45: warning: no @return
    protected abstract PageList onNewRootPageList();
                                ^
/tmp/rdisk/1176/src/library/src/main/java/com/tech/freak/wizardpager/model/AbstractWizardModel.java:91: warning: no @return
    public List<Page> getCurrentPageSequence() {
                      ^
/tmp/rdisk/1176/src/library/src/main/java/com/tech/freak/wizardpager/model/ModelCallbacks.java:21: error: reference not found
 * objects (e.g. {@link com.example.android.wizardpager.MainActivity}.
                        ^
/tmp/rdisk/1176/src/library/src/main/java/com/tech/freak/wizardpager/model/ReviewItem.java:22: error: reference not found
 * @see com.example.android.wizardpager.wizard.ui.ReviewFragment
        ^

2 errors
38 warnings
:library:androidJavadocs FAILED

FAILURE: Build failed with an exception.

* What went wrong:
Execution failed for task ':library:androidJavadocs'.
> Javadoc generation failed. Generated Javadoc options file (useful for troubleshooting): '/tmp/rdisk/1176/src/library/build/tmp/androidJavadocs/javadoc.options'

* Try:
Run with --info or --debug option to get more log output.

* Exception is:
org.gradle.api.tasks.TaskExecutionException: Execution failed for task ':library:androidJavadocs'.
	at org.gradle.api.internal.tasks.execution.ExecuteActionsTaskExecuter.executeActions(ExecuteActionsTaskExecuter.java:69)
	at org.gradle.api.internal.tasks.execution.ExecuteActionsTaskExecuter.execute(ExecuteActionsTaskExecuter.java:46)
	at org.gradle.api.internal.tasks.execution.PostExecutionAnalysisTaskExecuter.execute(PostExecutionAnalysisTaskExecuter.java:35)
	at org.gradle.api.internal.tasks.execution.SkipUpToDateTaskExecuter.execute(SkipUpToDateTaskExecuter.java:64)
	at org.gradle.api.internal.tasks.execution.ValidatingTaskExecuter.execute(ValidatingTaskExecuter.java:58)
	at org.gradle.api.internal.tasks.execution.SkipEmptySourceFilesTaskExecuter.execute(SkipEmptySourceFilesTaskExecuter.java:42)
	at org.gradle.api.internal.tasks.execution.SkipTaskWithNoActionsExecuter.execute(SkipTaskWithNoActionsExecuter.java:52)
	at org.gradle.api.internal.tasks.execution.SkipOnlyIfTaskExecuter.execute(SkipOnlyIfTaskExecuter.java:53)
	at org.gradle.api.internal.tasks.execution.ExecuteAtMostOnceTaskExecuter.execute(ExecuteAtMostOnceTaskExecuter.java:43)
	at org.gradle.api.internal.AbstractTask.executeWithoutThrowingTaskFailure(AbstractTask.java:305)
	at org.gradle.execution.taskgraph.AbstractTaskPlanExecutor$TaskExecutorWorker.executeTask(AbstractTaskPlanExecutor.java:79)
	at org.gradle.execution.taskgraph.AbstractTaskPlanExecutor$TaskExecutorWorker.processTask(AbstractTaskPlanExecutor.java:63)
	at org.gradle.execution.taskgraph.AbstractTaskPlanExecutor$TaskExecutorWorker.run(AbstractTaskPlanExecutor.java:51)
	at org.gradle.execution.taskgraph.DefaultTaskPlanExecutor.process(DefaultTaskPlanExecutor.java:23)
	at org.gradle.execution.taskgraph.DefaultTaskGraphExecuter.execute(DefaultTaskGraphExecuter.java:88)
	at org.gradle.execution.SelectedTaskExecutionAction.execute(SelectedTaskExecutionAction.java:29)
	at org.gradle.execution.DefaultBuildExecuter.execute(DefaultBuildExecuter.java:62)
	at org.gradle.execution.DefaultBuildExecuter.access$200(DefaultBuildExecuter.java:23)
	at org.gradle.execution.DefaultBuildExecuter$2.proceed(DefaultBuildExecuter.java:68)
	at org.gradle.execution.DryRunBuildExecutionAction.execute(DryRunBuildExecutionAction.java:32)
	at org.gradle.execution.DefaultBuildExecuter.execute(DefaultBuildExecuter.java:62)
	at org.gradle.execution.DefaultBuildExecuter.execute(DefaultBuildExecuter.java:55)
	at org.gradle.initialization.DefaultGradleLauncher.doBuildStages(DefaultGradleLauncher.java:149)
	at org.gradle.initialization.DefaultGradleLauncher.doBuild(DefaultGradleLauncher.java:106)
	at org.gradle.initialization.DefaultGradleLauncher.run(DefaultGradleLauncher.java:86)
	at org.gradle.launcher.exec.InProcessBuildActionExecuter$DefaultBuildController.run(InProcessBuildActionExecuter.java:80)
	at org.gradle.launcher.cli.ExecuteBuildAction.run(ExecuteBuildAction.java:33)
	at org.gradle.launcher.cli.ExecuteBuildAction.run(ExecuteBuildAction.java:24)
	at org.gradle.launcher.exec.InProcessBuildActionExecuter.execute(InProcessBuildActionExecuter.java:36)
	at org.gradle.launcher.exec.InProcessBuildActionExecuter.execute(InProcessBuildActionExecuter.java:26)
	at org.gradle.launcher.cli.RunBuildAction.run(RunBuildAction.java:51)
	at org.gradle.internal.Actions$RunnableActionAdapter.execute(Actions.java:171)
	at org.gradle.launcher.cli.CommandLineActionFactory$ParseAndBuildAction.execute(CommandLineActionFactory.java:237)
	at org.gradle.launcher.cli.CommandLineActionFactory$ParseAndBuildAction.execute(CommandLineActionFactory.java:210)
	at org.gradle.launcher.cli.JavaRuntimeValidationAction.execute(JavaRuntimeValidationAction.java:35)
	at org.gradle.launcher.cli.JavaRuntimeValidationAction.execute(JavaRuntimeValidationAction.java:24)
	at org.gradle.launcher.cli.CommandLineActionFactory$WithLogging.execute(CommandLineActionFactory.java:206)
	at org.gradle.launcher.cli.CommandLineActionFactory$WithLogging.execute(CommandLineActionFactory.java:169)
	at org.gradle.launcher.cli.ExceptionReportingAction.execute(ExceptionReportingAction.java:33)
	at org.gradle.launcher.cli.ExceptionReportingAction.execute(ExceptionReportingAction.java:22)
	at org.gradle.launcher.Main.doAction(Main.java:33)
	at org.gradle.launcher.bootstrap.EntryPoint.run(EntryPoint.java:45)
	at org.gradle.launcher.bootstrap.ProcessBootstrap.runNoExit(ProcessBootstrap.java:54)
	at org.gradle.launcher.bootstrap.ProcessBootstrap.run(ProcessBootstrap.java:35)
	at org.gradle.launcher.GradleMain.main(GradleMain.java:23)
	at org.gradle.wrapper.BootstrapMainStarter.start(BootstrapMainStarter.java:33)
	at org.gradle.wrapper.WrapperExecutor.execute(WrapperExecutor.java:130)
	at org.gradle.wrapper.GradleWrapperMain.main(GradleWrapperMain.java:48)
Caused by: org.gradle.api.GradleException: Javadoc generation failed. Generated Javadoc options file (useful for troubleshooting): '/tmp/rdisk/1176/src/library/build/tmp/androidJavadocs/javadoc.options'
	at org.gradle.api.tasks.javadoc.internal.JavadocGenerator.execute(JavadocGenerator.java:55)
	at org.gradle.api.tasks.javadoc.internal.JavadocGenerator.execute(JavadocGenerator.java:31)
	at org.gradle.api.tasks.javadoc.Javadoc.executeExternalJavadoc(Javadoc.java:140)
	at org.gradle.api.tasks.javadoc.Javadoc.generate(Javadoc.java:128)
	at org.gradle.internal.reflect.JavaMethod.invoke(JavaMethod.java:63)

BUILD FAILED

Total time: 7.55 secs
	at org.gradle.api.internal.project.taskfactory.AnnotationProcessingTaskFactory$StandardTaskAction.doExecute(AnnotationProcessingTaskFactory.java:218)
	at org.gradle.api.internal.project.taskfactory.AnnotationProcessingTaskFactory$StandardTaskAction.execute(AnnotationProcessingTaskFactory.java:211)
	at org.gradle.api.internal.project.taskfactory.AnnotationProcessingTaskFactory$StandardTaskAction.execute(AnnotationProcessingTaskFactory.java:200)
	at org.gradle.api.internal.AbstractTask$TaskActionWrapper.execute(AbstractTask.java:579)
	at org.gradle.api.internal.AbstractTask$TaskActionWrapper.execute(AbstractTask.java:562)
	at org.gradle.api.internal.tasks.execution.ExecuteActionsTaskExecuter.executeAction(ExecuteActionsTaskExecuter.java:80)
	at org.gradle.api.internal.tasks.execution.ExecuteActionsTaskExecuter.executeActions(ExecuteActionsTaskExecuter.java:61)
	... 47 more
Caused by: org.gradle.process.internal.ExecException: Process 'command '/usr/lib/jvm/java-8-oracle/bin/javadoc'' finished with non-zero exit value 1
	at org.gradle.process.internal.DefaultExecHandle$ExecResultImpl.assertNormalExitValue(DefaultExecHandle.java:365)
	at org.gradle.process.internal.DefaultExecAction.execute(DefaultExecAction.java:31)
	at org.gradle.api.tasks.javadoc.internal.JavadocGenerator.execute(JavadocGenerator.java:52)
	... 58 more


2018-04-07 21:47:52,169 INFO  ProjectTaskService - Detecting possible tasks...
2018-04-07 21:47:52,169 INFO  SysUtils - Execute command: [/tmp/rdisk/1176/src/gradlew, -b, /tmp/rdisk/1176/src/sample/build.gradle, -Dorg.gradle.daemon=false, -Dorg.gradle.daemon.performance.enable-monitoring=false, -Dorg.gradle.configureondemand=true, tasks]
2018-04-07 21:47:58,758 INFO  ProjectTaskService - Detected possible tasks: 53
2018-04-07 21:47:58,759 INFO  ProjectTaskService - Excluded tasks (11): lintDebug deviceCheck lint uninstallRelease connectedCheck uninstallAll check connectedAndroidTest installDebug lintRelease uninstallDebug
2018-04-07 21:47:58,759 INFO  SysUtils - Execute command: [/tmp/rdisk/1176/src/gradlew, -b, /tmp/rdisk/1176/src/sample/build.gradle, -Dorg.gradle.daemon=false, -Dorg.gradle.daemon.performance.enable-monitoring=false, -Dorg.gradle.configureondemand=true, --stacktrace, -x, lintDebug, -x, deviceCheck, -x, lint, -x, uninstallRelease, -x, connectedCheck, -x, uninstallAll, -x, check, -x, connectedAndroidTest, -x, installDebug, -x, lintRelease, -x, uninstallDebug, build]
2018-04-07 21:48:21,977 INFO  SysUtils - Configuration on demand is an incubating feature.
:sample:preBuild
:sample:compileDebugNdk
:library:compileLint
:library:copyReleaseLint UP-TO-DATE
:library:preBuild
:library:preReleaseBuild
:library:checkReleaseManifest
:library:preDebugBuild
:library:preDebugTestBuild
:library:prepareComAndroidSupportSupportV42000Library
:library:prepareReleaseDependencies
:library:compileReleaseAidl
:library:compileReleaseRenderscript
:library:generateReleaseBuildConfig
:library:generateReleaseAssets UP-TO-DATE
:library:mergeReleaseAssets
:library:generateReleaseResValues
:library:generateReleaseResources
:library:mergeReleaseResources
:library:processReleaseManifest
:library:processReleaseResources
:library:generateReleaseSources
:library:compileReleaseJava
:library:extractReleaseAnnotations
:library:mergeReleaseProguardFiles
:library:processReleaseJavaRes UP-TO-DATE
:library:packageReleaseJar
:library:compileReleaseNdk
:library:packageReleaseJniLibs UP-TO-DATE
:library:packageReleaseLocalJar UP-TO-DATE
:library:packageReleaseRenderscript UP-TO-DATE
:library:packageReleaseResources
:library:bundleRelease
:sample:preDebugBuild
:sample:checkDebugManifest
:sample:preReleaseBuild
:sample:prepareComAndroidSupportAppcompatV72103Library
:sample:prepareComAndroidSupportSupportV42103Library
:sample:prepareComGithubTechfreakLibrary103Library
:sample:prepareDebugDependencies
:sample:compileDebugAidl
:sample:compileDebugRenderscript
:sample:generateDebugBuildConfig
:sample:generateDebugAssets UP-TO-DATE
:sample:mergeDebugAssets
:sample:generateDebugResValues
:sample:generateDebugResources
:sample:mergeDebugResources/tmp/rdisk/1176/src/sample/build/intermediates/exploded-aar/com.android.support/appcompat-v7/21.0.3/res/drawable-xhdpi/abc_ab_share_pack_holo_dark.9.png: libpng warning: iCCP: Not recognizing known sRGB profile that has been edited
/tmp/rdisk/1176/src/sample/build/intermediates/exploded-aar/com.android.support/appcompat-v7/21.0.3/res/drawable-hdpi/abc_spinner_mtrl_am_alpha.9.png: libpng warning: iCCP: Not recognizing known sRGB profile that has been edited
/tmp/rdisk/1176/src/sample/build/intermediates/exploded-aar/com.android.support/appcompat-v7/21.0.3/res/drawable-mdpi/abc_ab_share_pack_holo_dark.9.png: libpng warning: iCCP: Not recognizing known sRGB profile that has been edited
/tmp/rdisk/1176/src/sample/build/intermediates/exploded-aar/com.android.support/appcompat-v7/21.0.3/res/drawable-hdpi/abc_ab_share_pack_holo_light.9.png: libpng warning: iCCP: Not recognizing known sRGB profile that has been edited
/tmp/rdisk/1176/src/sample/build/intermediates/exploded-aar/com.android.support/appcompat-v7/21.0.3/res/drawable-hdpi/abc_ab_share_pack_holo_dark.9.png: libpng warning: iCCP: Not recognizing known sRGB profile that has been edited
/tmp/rdisk/1176/src/sample/build/intermediates/exploded-aar/com.android.support/appcompat-v7/21.0.3/res/drawable-xhdpi/abc_ab_share_pack_holo_light.9.png: libpng warning: iCCP: Not recognizing known sRGB profile that has been edited

:sample:processDebugManifest
:sample:processDebugResources
:sample:generateDebugSources
:sample:compileDebugJava
:sample:preDexDebug
:sample:dexDebug
:sample:processDebugJavaRes UP-TO-DATE
:sample:validateDebugSigning
:sample:packageDebug
:sample:zipalignDebug
:sample:assembleDebug
:sample:checkReleaseManifest
:sample:prepareReleaseDependencies
:sample:compileReleaseAidl
:sample:compileReleaseRenderscript
:sample:generateReleaseBuildConfig
:sample:generateReleaseAssets UP-TO-DATE
:sample:mergeReleaseAssets
:sample:generateReleaseResValues
:sample:generateReleaseResources
:sample:mergeReleaseResources/tmp/rdisk/1176/src/sample/build/intermediates/exploded-aar/com.android.support/appcompat-v7/21.0.3/res/drawable-xhdpi/abc_ab_share_pack_holo_dark.9.png: libpng warning: iCCP: Not recognizing known sRGB profile that has been edited
/tmp/rdisk/1176/src/sample/build/intermediates/exploded-aar/com.android.support/appcompat-v7/21.0.3/res/drawable-hdpi/abc_spinner_mtrl_am_alpha.9.png: libpng warning: iCCP: Not recognizing known sRGB profile that has been edited
/tmp/rdisk/1176/src/sample/build/intermediates/exploded-aar/com.android.support/appcompat-v7/21.0.3/res/drawable-mdpi/abc_ab_share_pack_holo_dark.9.png: libpng warning: iCCP: Not recognizing known sRGB profile that has been edited
/tmp/rdisk/1176/src/sample/build/intermediates/exploded-aar/com.android.support/appcompat-v7/21.0.3/res/drawable-hdpi/abc_ab_share_pack_holo_light.9.png: libpng warning: iCCP: Not recognizing known sRGB profile that has been edited
/tmp/rdisk/1176/src/sample/build/intermediates/exploded-aar/com.android.support/appcompat-v7/21.0.3/res/drawable-hdpi/abc_ab_share_pack_holo_dark.9.png: libpng warning: iCCP: Not recognizing known sRGB profile that has been edited
/tmp/rdisk/1176/src/sample/build/intermediates/exploded-aar/com.android.support/appcompat-v7/21.0.3/res/drawable-xhdpi/abc_ab_share_pack_holo_light.9.png: libpng warning: iCCP: Not recognizing known sRGB profile that has been edited

:sample:processReleaseManifest
:sample:processReleaseResources
:sample:generateReleaseSources
:sample:compileReleaseJava
:sample:lintVitalRelease
:sample:compileReleaseNdk
:sample:preDexRelease
:sample:dexRelease
:sample:processReleaseJavaRes UP-TO-DATE
:sample:packageRelease
:sample:assembleRelease
:sample:assemble
:sample:build

BUILD SUCCESSFUL

Total time: 22.773 secs

2018-04-07 21:48:22,024 INFO  FullProcessService - Found APK file: /tmp/rdisk/1176/src/sample/build/outputs/apk/sample-release-unsigned.apk
