2018-04-07 20:46:34,456 INFO  DownloadService - Downloading "https://github.com/MostafaGazar/CustomShapeImageView/archive/master.zip", attempt 3
2018-04-07 20:47:34,457 INFO  GithubDownloadService - Could not find ZIP archive for master branch
2018-04-07 20:47:35,160 INFO  GithubDownloadService - Default branch of this repository: master
2018-04-07 20:47:35,160 INFO  DownloadService - Downloading "https://github.com/MostafaGazar/CustomShapeImageView/archive/master.zip", attempt 3
2018-04-07 20:48:35,955 DEBUG FullProcessService - Repository https://github.com/MostafaGazar/CustomShapeImageView available: true
2018-04-07 20:48:35,955 INFO  FullProcessService - Could not download ZIP file from Github, lets clone it
2018-04-07 20:48:35,955 INFO  SysUtils - Execute command: [git, clone, -q, --single-branch, --depth, 1, https://github.com/MostafaGazar/CustomShapeImageView, /tmp/rdisk/1197/src]
2018-04-07 20:48:37,719 INFO  SysUtils - 
2018-04-07 20:48:37,724 INFO  GitService - Deleted "/tmp/rdisk/1197/src/.git": true
2018-04-07 20:48:37,727 INFO  FullProcessService - Size of directory with sources: 811 KB
2018-04-07 20:48:37,727 INFO  SysUtils - Execute command: [git, init, /tmp/rdisk/1197/src]
2018-04-07 20:48:37,735 INFO  SysUtils - Initialized empty Git repository in /tmp/rdisk/1197/src/.git/

2018-04-07 20:48:37,738 INFO  ProjectBuildService - Gradle wrapper(s): /tmp/rdisk/1197/src/gradlew
2018-04-07 20:48:37,742 INFO  ProjectBuildService - Build script(s): /tmp/rdisk/1197/src/library/build.gradle /tmp/rdisk/1197/src/samples/build.gradle /tmp/rdisk/1197/src/build.gradle
2018-04-07 20:48:37,745 INFO  ProjectBuildService - All script(s): /tmp/rdisk/1197/src/settings.gradle /tmp/rdisk/1197/src/samples/build.gradle /tmp/rdisk/1197/src/library/build.gradle /tmp/rdisk/1197/src/build.gradle
2018-04-07 20:48:37,745 INFO  DownloadService - Downloading "https://raw.github.com/chrisbanes/gradle-mvn-push/master/gradle-mvn-push.gradle", attempt 3
2018-04-07 20:48:38,485 INFO  DownloadService - Downloaded https://raw.github.com/chrisbanes/gradle-mvn-push/master/gradle-mvn-push.gradle, attempt 3
2018-04-07 20:48:38,485 INFO  ProjectBuildService - Remote scripts: https://raw.github.com/chrisbanes/gradle-mvn-push/master/gradle-mvn-push.gradle
2018-04-07 20:48:38,485 INFO  ProjectFixService - Fixing project...
2018-04-07 20:48:38,494 INFO  LocalPropertiesFixService - Created fake /tmp/rdisk/1197/src/library/local.properties
2018-04-07 20:48:38,494 INFO  ProjectFixService - Build info for "/tmp/rdisk/1197/src/library/build.gradle": [buildToolsVersion=23.0.2,compileSdkVersion=23,minSdkVersion=10,targetSdkVersion=23]
2018-04-07 20:48:38,494 INFO  LocalPropertiesFixService - Created fake /tmp/rdisk/1197/src/samples/local.properties
2018-04-07 20:48:38,494 INFO  ProjectFixService - Build info for "/tmp/rdisk/1197/src/samples/build.gradle": [buildToolsVersion=23.0.2,compileSdkVersion=23,minSdkVersion=18,targetSdkVersion=23]
2018-04-07 20:48:38,494 INFO  LocalPropertiesFixService - Created fake /tmp/rdisk/1197/src/local.properties
2018-04-07 20:48:38,495 INFO  WrapperPropertiesFixService - Gradle wrapper: https://services.gradle.org/distributions/gradle-2.4-all.zip
2018-04-07 20:48:38,495 INFO  WrapperPropertiesFixService - Gradle wrapper was changed from "-all.zip" to "-bin.zip" (https://services.gradle.org/distributions/gradle-2.4-bin.zip)
2018-04-07 20:48:38,496 INFO  ProjectFixService - Build info for "/tmp/rdisk/1197/src/build.gradle": [buildToolsVersion=23.0.2,compileSdkVersion=23,minSdkVersion=18,targetSdkVersion=23]
2018-04-07 20:48:38,496 INFO  ProjectFixService - Project was maybe fixed
2018-04-07 20:48:38,496 INFO  ProjectTaskService - Detecting possible tasks...
2018-04-07 20:48:38,496 INFO  SysUtils - Execute command: [/tmp/rdisk/1197/src/gradlew, -b, /tmp/rdisk/1197/src/library/build.gradle, -Dorg.gradle.daemon=false, -Dorg.gradle.daemon.performance.enable-monitoring=false, -Dorg.gradle.configureondemand=true, tasks]
2018-04-07 20:48:57,822 ERROR ProjectTaskService - Could not detect possible Gradle tasks: Process exited with an error: 1 (Exit value: 1)
2018-04-07 20:48:57,823 INFO  ProjectTaskService - Detected possible tasks: 4
2018-04-07 20:48:57,823 INFO  ProjectTaskService - Excluded tasks (3): androidJavadocsJar androidJavadocs androidSourcesJar
2018-04-07 20:48:57,823 INFO  SysUtils - Execute command: [/tmp/rdisk/1197/src/gradlew, -b, /tmp/rdisk/1197/src/library/build.gradle, -Dorg.gradle.daemon=false, -Dorg.gradle.daemon.performance.enable-monitoring=false, -Dorg.gradle.configureondemand=true, --stacktrace, -x, androidJavadocsJar, -x, androidJavadocs, -x, androidSourcesJar, build]
2018-04-07 20:49:33,154 INFO  SysUtils - Configuration on demand is an incubating feature.
:library:compileLint
:library:copyDebugLint UP-TO-DATE
:library:mergeDebugProguardFiles
:library:preBuild UP-TO-DATE
:library:preDebugBuild UP-TO-DATE
:library:checkDebugManifest
:library:prepareDebugDependencies
:library:compileDebugAidl
:library:compileDebugRenderscript
:library:generateDebugBuildConfig
:library:generateDebugAssets UP-TO-DATE
:library:mergeDebugAssets
:library:generateDebugResValues
:library:generateDebugResources
:library:packageDebugResources
:library:processDebugManifest
:library:processDebugResources
:library:generateDebugSources
:library:processDebugJavaRes UP-TO-DATE
:library:compileDebugJavaWithJavac
:library:packageDebugJar
:library:compileDebugNdk UP-TO-DATE
:library:packageDebugJniLibs UP-TO-DATE
:library:packageDebugLocalJar UP-TO-DATE
:library:packageDebugRenderscript UP-TO-DATE
:library:bundleDebug
:library:compileDebugSources
:library:assembleDebug
:library:copyReleaseLint UP-TO-DATE
:library:mergeReleaseProguardFiles
:library:preReleaseBuild UP-TO-DATE
:library:checkReleaseManifest
:library:prepareReleaseDependencies
:library:compileReleaseAidl
:library:compileReleaseRenderscript
:library:generateReleaseBuildConfig
:library:generateReleaseAssets UP-TO-DATE
:library:mergeReleaseAssets
:library:generateReleaseResValues
:library:generateReleaseResources
:library:packageReleaseResources
:library:processReleaseManifest
:library:processReleaseResources
:library:generateReleaseSources
:library:processReleaseJavaRes UP-TO-DATE
:library:compileReleaseJavaWithJavac
:library:packageReleaseJar
:library:compileReleaseNdk UP-TO-DATE
:library:packageReleaseJniLibs UP-TO-DATE
:library:packageReleaseLocalJar UP-TO-DATE
:library:packageReleaseRenderscript UP-TO-DATE
:library:bundleRelease
:library:compileReleaseSources
:library:assembleRelease
:library:signArchives SKIPPED
:library:assemble
:library:lint
Ran lint on variant debug: 9 issues found
Ran lint on variant release: 9 issues found
Wrote HTML report to file:/tmp/rdisk/1197/src/library/build/outputs/lint-results.html
Wrote XML report to /tmp/rdisk/1197/src/library/build/outputs/lint-results.xml
:library:preDebugUnitTestBuild UP-TO-DATE
:library:prepareDebugUnitTestDependencies
:library:processDebugUnitTestJavaRes
:library:compileDebugUnitTestJavaWithJavac
:library:compileDebugUnitTestSources
:library:mockableAndroidJar
:library:assembleDebugUnitTest
:library:instrument SKIPPED
:library:copyCoberturaDatafile SKIPPED
:library:testDebugUnitTest
:library:generateCoberturaReport SKIPPED
:library:performCoverageCheck SKIPPED
:library:preReleaseUnitTestBuild UP-TO-DATE
:library:prepareReleaseUnitTestDependencies
:library:processReleaseUnitTestJavaRes
:library:compileReleaseUnitTestJavaWithJavac
:library:compileReleaseUnitTestSources
:library:assembleReleaseUnitTest
:library:testReleaseUnitTest
:library:test
:library:check
:library:build

BUILD SUCCESSFUL

Total time: 34.908 secs

2018-04-07 20:49:33,164 INFO  ProjectTaskService - Detecting possible tasks...
2018-04-07 20:49:33,164 INFO  SysUtils - Execute command: [/tmp/rdisk/1197/src/gradlew, -b, /tmp/rdisk/1197/src/samples/build.gradle, -Dorg.gradle.daemon=false, -Dorg.gradle.daemon.performance.enable-monitoring=false, -Dorg.gradle.configureondemand=true, tasks]
2018-04-07 20:49:41,413 ERROR ProjectTaskService - Could not detect possible Gradle tasks: Process exited with an error: 1 (Exit value: 1)
2018-04-07 20:49:41,413 INFO  ProjectTaskService - Detected possible tasks: 4
2018-04-07 20:49:41,413 INFO  ProjectTaskService - Excluded tasks (3): androidJavadocsJar androidJavadocs androidSourcesJar
2018-04-07 20:49:41,414 INFO  SysUtils - Execute command: [/tmp/rdisk/1197/src/gradlew, -b, /tmp/rdisk/1197/src/samples/build.gradle, -Dorg.gradle.daemon=false, -Dorg.gradle.daemon.performance.enable-monitoring=false, -Dorg.gradle.configureondemand=true, --stacktrace, -x, androidJavadocsJar, -x, androidJavadocs, -x, androidSourcesJar, build]
2018-04-07 20:49:47,136 ERROR SysUtils - Could not process external command
org.apache.commons.exec.ExecuteException: Process exited with an error: 1 (Exit value: 1)
	at org.apache.commons.exec.DefaultExecutor.executeInternal(DefaultExecutor.java:404)
	at org.apache.commons.exec.DefaultExecutor.execute(DefaultExecutor.java:166)
	at com.github.vbauer.apkmaster.util.SysUtils.execute(SysUtils.java:67)
	at com.github.vbauer.apkmaster.util.SysUtils.executeSimple(SysUtils.java:43)
	at com.github.vbauer.apkmaster.service.assembly.ProjectBuildService.buildProject(ProjectBuildService.java:78)
	at com.github.vbauer.apkmaster.service.assembly.ProjectBuildService.buildProject(ProjectBuildService.java:64)
	at com.github.vbauer.apkmaster.service.assembly.ProjectBuildService.buildProject(ProjectBuildService.java:43)
	at com.github.vbauer.apkmaster.service.FullProcessService.build(FullProcessService.java:84)
	at com.github.vbauer.apkmaster.service.FullProcessService.process(FullProcessService.java:34)
	at com.github.vbauer.apkmaster.app.MainApplication.process(MainApplication.java:38)
	at com.github.vbauer.apkmaster.app.MainApplication.main(MainApplication.java:20)
	at sun.reflect.GeneratedMethodAccessor8.invoke(Unknown Source)
	at sun.reflect.DelegatingMethodAccessorImpl.invoke(DelegatingMethodAccessorImpl.java:43)
	at java.lang.reflect.Method.invoke(Method.java:498)
	at com.android.arsenal.util.ReflectionUtils.invoke(ReflectionUtils.java:42)
	at com.android.arsenal.util.ApkMasterUtils.main(ApkMasterUtils.java:30)
	at com.android.arsenal.service.processor.impl.BuildProcessorServiceImpl.buildProject(BuildProcessorServiceImpl.java:197)
	at com.android.arsenal.service.processor.impl.BuildProcessorServiceImpl.build(BuildProcessorServiceImpl.java:131)
	at com.android.arsenal.service.processor.impl.BuildProcessorServiceImpl.lambda$null$1(BuildProcessorServiceImpl.java:114)
	at java.util.concurrent.FutureTask.run(FutureTask.java:266)
	at java.util.concurrent.Executors$RunnableAdapter.call(Executors.java:511)
	at java.util.concurrent.FutureTask.run(FutureTask.java:266)
	at java.util.concurrent.ThreadPoolExecutor.runWorker(ThreadPoolExecutor.java:1149)
	at java.util.concurrent.ThreadPoolExecutor$Worker.run(ThreadPoolExecutor.java:624)
	at java.lang.Thread.run(Thread.java:748)
2018-04-07 20:49:47,136 INFO  SysUtils - Configuration on demand is an incubating feature.

FAILURE: Build failed with an exception.

* What went wrong:
Task 'androidJavadocsJar' not found in project ':samples'.

* Try:
Run gradlew tasks to get a list of available tasks. Run with --info or --debug option to get more log output.

* Exception is:
org.gradle.execution.TaskSelectionException: Task 'androidJavadocsJar' not found in project ':samples'.
	at org.gradle.execution.TaskSelector.getSelection(TaskSelector.java:100)
	at org.gradle.execution.TaskSelector.getFilter(TaskSelector.java:63)
	at org.gradle.execution.ExcludedTaskFilteringBuildConfigurationAction.configure(ExcludedTaskFilteringBuildConfigurationAction.java:42)
	at org.gradle.execution.DefaultBuildExecuter.configure(DefaultBuildExecuter.java:42)
	at org.gradle.execution.DefaultBuildExecuter.access$100(DefaultBuildExecuter.java:23)
	at org.gradle.execution.DefaultBuildExecuter$1.proceed(DefaultBuildExecuter.java:48)
	at org.gradle.execution.DefaultTasksBuildExecutionAction.configure(DefaultTasksBuildExecutionAction.java:44)
	at org.gradle.execution.DefaultBuildExecuter.configure(DefaultBuildExecuter.java:42)
	at org.gradle.execution.DefaultBuildExecuter.select(DefaultBuildExecuter.java:35)
	at org.gradle.initialization.DefaultGradleLauncher.doBuildStages(DefaultGradleLauncher.java:142)
	at org.gradle.initialization.DefaultGradleLauncher.doBuild(DefaultGradleLauncher.java:106)
	at org.gradle.initialization.DefaultGradleLauncher.run(DefaultGradleLauncher.java:86)
	at org.gradle.launcher.exec.InProcessBuildActionExecuter$DefaultBuildController.run(InProcessBuildActionExecuter.java:90)
	at org.gradle.tooling.internal.provider.ExecuteBuildActionRunner.run(ExecuteBuildActionRunner.java:28)
	at org.gradle.launcher.exec.ChainingBuildActionRunner.run(ChainingBuildActionRunner.java:35)
	at org.gradle.launcher.exec.InProcessBuildActionExecuter.execute(InProcessBuildActionExecuter.java:41)
	at org.gradle.launcher.exec.InProcessBuildActionExecuter.execute(InProcessBuildActionExecuter.java:28)
	at org.gradle.launcher.exec.DaemonUsageSuggestingBuildActionExecuter.execute(DaemonUsageSuggestingBuildActionExecuter.java:50)
	at org.gradle.launcher.exec.DaemonUsageSuggestingBuildActionExecuter.execute(DaemonUsageSuggestingBuildActionExecuter.java:27)
	at org.gradle.launcher.cli.RunBuildAction.run(RunBuildAction.java:40)
	at org.gradle.internal.Actions$RunnableActionAdapter.execute(Actions.java:169)
	at org.gradle.launcher.cli.CommandLineActionFactory$ParseAndBuildAction.execute(CommandLineActionFactory.java:237)
	at org.gradle.launcher.cli.CommandLineActionFactory$ParseAndBuildAction.execute(CommandLineActionFactory.java:210)
	at org.gradle.launcher.cli.JavaRuntimeValidationAction.execute(JavaRuntimeValidationAction.java:35)
	at org.gradle.launcher.cli.JavaRuntimeValidationAction.execute(JavaRuntimeValidationAction.java:24)
	at org.gradle.launcher.cli.CommandLineActionFactory$WithLogging.execute(CommandLineActionFactory.java:206)
	at org.gradle.launcher.cli.CommandLineActionFactory$WithLogging.execute(CommandLineActionFactory.java:169)
	at org.gradle.launcher.cli.ExceptionReportingAction.execute(ExceptionReportingAction.java:33)
	at org.gradle.launcher.cli.ExceptionReportingAction.execute(ExceptionReportingAction.java:22)
	at org.gradle.launcher.Main.doAction(Main.java:33)
	at org.gradle.launcher.bootstrap.EntryPoint.run(EntryPoint.java:45)
	at org.gradle.launcher.bootstrap.ProcessBootstrap.runNoExit(ProcessBootstrap.java:54)
	at org.gradle.launcher.bootstrap.ProcessBootstrap.run(ProcessBootstrap.java:35)
	at org.gradle.launcher.GradleMain.main(GradleMain.java:23)
	at org.gradle.wrapper.BootstrapMainStarter.start(BootstrapMainStarter.java:33)
	at org.gradle.wrapper.WrapperExecutor.execute(WrapperExecutor.java:130)
	at org.gradle.wrapper.GradleWrapperMain.main(GradleWrapperMain.java:48)


BUILD FAILED

Total time: 5.254 secs

2018-04-07 20:49:47,136 ERROR ProjectBuildService - Excluded tasks were detected wrong
2018-04-07 20:49:47,136 INFO  SysUtils - Execute command: [/tmp/rdisk/1197/src/gradlew, -b, /tmp/rdisk/1197/src/samples/build.gradle, -Dorg.gradle.daemon=false, -Dorg.gradle.daemon.performance.enable-monitoring=false, -Dorg.gradle.configureondemand=true, --stacktrace, build]
2018-04-07 20:50:19,127 INFO  SysUtils - Configuration on demand is an incubating feature.
:samples:preBuild UP-TO-DATE
:samples:preDebugBuild UP-TO-DATE
:samples:checkDebugManifest
:samples:preReleaseBuild UP-TO-DATE
:samples:prepareComAndroidSupportAppcompatV72311Library
:samples:prepareComAndroidSupportSupportV42311Library
:samples:prepareComMostafagazarCustomshapeimageview101Library
:samples:prepareDebugDependencies
:samples:compileDebugAidl
:samples:compileDebugRenderscript
:samples:generateDebugBuildConfig
:samples:generateDebugAssets UP-TO-DATE
:samples:mergeDebugAssets
:samples:generateDebugResValues
:samples:generateDebugResources
:samples:mergeDebugResources
:samples:processDebugManifest
:samples:processDebugResources
:samples:generateDebugSources
:samples:processDebugJavaRes UP-TO-DATE
:samples:compileDebugJavaWithJavac
:samples:compileDebugNdk UP-TO-DATE
:samples:compileDebugSources
:samples:preDexDebug
:samples:dexDebug
:samples:validateDebugSigning
:samples:packageDebug
:samples:zipalignDebug
:samples:assembleDebug
:samples:checkReleaseManifest
:samples:prepareReleaseDependencies
:samples:compileReleaseAidl
:samples:compileReleaseRenderscript
:samples:generateReleaseBuildConfig
:samples:generateReleaseAssets UP-TO-DATE
:samples:mergeReleaseAssets
:samples:generateReleaseResValues
:samples:generateReleaseResources
:samples:mergeReleaseResources
:samples:processReleaseManifest
:samples:processReleaseResources
:samples:generateReleaseSources
:samples:processReleaseJavaRes UP-TO-DATE
:samples:compileReleaseJavaWithJavac
:samples:compileReleaseNdk UP-TO-DATE
:samples:compileReleaseSources
:samples:preDexRelease
:samples:dexRelease
:samples:packageRelease
:samples:assembleRelease
:samples:assemble
:samples:compileLint
:samples:lint
Ran lint on variant release: 20 issues found
Ran lint on variant debug: 20 issues found
Wrote HTML report to file:/tmp/rdisk/1197/src/samples/build/outputs/lint-results.html
Wrote XML report to /tmp/rdisk/1197/src/samples/build/outputs/lint-results.xml
:samples:preDebugUnitTestBuild UP-TO-DATE
:samples:prepareDebugUnitTestDependencies
:samples:processDebugUnitTestJavaRes UP-TO-DATE
:samples:compileDebugUnitTestJavaWithJavac
:samples:compileDebugUnitTestSources
:samples:mockableAndroidJar
:samples:assembleDebugUnitTest
:samples:testDebugUnitTest
:samples:preReleaseUnitTestBuild UP-TO-DATE
:samples:prepareReleaseUnitTestDependencies
:samples:processReleaseUnitTestJavaRes UP-TO-DATE
:samples:compileReleaseUnitTestJavaWithJavac
:samples:compileReleaseUnitTestSources
:samples:assembleReleaseUnitTest
:samples:testReleaseUnitTest
:samples:test
:samples:check
:samples:build

BUILD SUCCESSFUL

Total time: 31.564 secs

2018-04-07 20:50:19,173 INFO  FullProcessService - Found APK file: /tmp/rdisk/1197/src/samples/build/outputs/apk/samples-release-unsigned.apk
