2018-04-08 12:55:39,231 INFO  DownloadService - Downloading "https://github.com/Mariuxtheone/Teleport/archive/master.zip", attempt 3
2018-04-08 12:55:39,617 INFO  DownloadService - Downloaded https://github.com/Mariuxtheone/Teleport/archive/master.zip, attempt 3
2018-04-08 12:55:39,617 INFO  DownloadService - Size of file "/tmp/rdisk/1023/master.zip": 210 KB
2018-04-08 12:55:39,617 INFO  ArchiveUtils - Checking entries [.gradle] in ZIP file...
2018-04-08 12:55:39,617 INFO  ArchiveUtils - Has entries [.gradle] in ZIP file /tmp/rdisk/1023/master.zip: true
2018-04-08 12:55:39,617 DEBUG ZipUtil - Extracting '/tmp/rdisk/1023/master.zip' into '/tmp/rdisk/1023/src'.
2018-04-08 12:55:39,629 INFO  FullProcessService - Size of directory with sources: 248 KB
2018-04-08 12:55:39,629 INFO  SysUtils - Execute command: [git, init, /tmp/rdisk/1023/src]
2018-04-08 12:55:39,634 INFO  SysUtils - Initialized empty Git repository in /tmp/rdisk/1023/src/.git/

2018-04-08 12:55:39,638 INFO  ProjectBuildService - Gradle wrapper(s): /tmp/rdisk/1023/src/Teleport-master/gradlew
2018-04-08 12:55:39,642 INFO  ProjectBuildService - Build script(s): /tmp/rdisk/1023/src/Teleport-master/mobile/build.gradle /tmp/rdisk/1023/src/Teleport-master/teleportlib/build.gradle /tmp/rdisk/1023/src/Teleport-master/wear/build.gradle /tmp/rdisk/1023/src/Teleport-master/build.gradle
2018-04-08 12:55:39,645 INFO  ProjectBuildService - All script(s): /tmp/rdisk/1023/src/Teleport-master/wear/build.gradle /tmp/rdisk/1023/src/Teleport-master/teleportlib/build.gradle /tmp/rdisk/1023/src/Teleport-master/settings.gradle /tmp/rdisk/1023/src/Teleport-master/mobile/build.gradle /tmp/rdisk/1023/src/Teleport-master/build.gradle
2018-04-08 12:55:39,645 INFO  ProjectBuildService - Remote scripts: none
2018-04-08 12:55:39,645 INFO  ProjectFixService - Fixing project...
2018-04-08 12:55:39,653 INFO  LocalPropertiesFixService - Created fake /tmp/rdisk/1023/src/Teleport-master/mobile/local.properties
2018-04-08 12:55:39,654 INFO  ProjectFixService - Build info for "/tmp/rdisk/1023/src/Teleport-master/mobile/build.gradle": [buildToolsVersion=21.1.1,compileSdkVersion=21,minSdkVersion=15,targetSdkVersion=21]
2018-04-08 12:55:39,654 INFO  LocalPropertiesFixService - Created fake /tmp/rdisk/1023/src/Teleport-master/teleportlib/local.properties
2018-04-08 12:55:39,654 INFO  ProjectFixService - Build info for "/tmp/rdisk/1023/src/Teleport-master/teleportlib/build.gradle": [buildToolsVersion=21.1.1,compileSdkVersion=21,minSdkVersion=15,targetSdkVersion=21]
2018-04-08 12:55:39,654 INFO  LocalPropertiesFixService - Created fake /tmp/rdisk/1023/src/Teleport-master/wear/local.properties
2018-04-08 12:55:39,655 INFO  ProjectFixService - Build info for "/tmp/rdisk/1023/src/Teleport-master/wear/build.gradle": [buildToolsVersion=21.1.1,compileSdkVersion=21,minSdkVersion=20,targetSdkVersion=21]
2018-04-08 12:55:39,655 INFO  LocalPropertiesFixService - Created fake /tmp/rdisk/1023/src/Teleport-master/local.properties
2018-04-08 12:55:39,655 INFO  WrapperPropertiesFixService - Gradle wrapper: https://services.gradle.org/distributions/gradle-2.2.1-all.zip
2018-04-08 12:55:39,656 INFO  WrapperPropertiesFixService - Gradle wrapper was changed from "-all.zip" to "-bin.zip" (https://services.gradle.org/distributions/gradle-2.2.1-bin.zip)
2018-04-08 12:55:39,656 INFO  ProjectFixService - Build info for "/tmp/rdisk/1023/src/Teleport-master/build.gradle": [buildToolsVersion=21.1.1,compileSdkVersion=21,minSdkVersion=20,targetSdkVersion=21]
2018-04-08 12:55:39,656 INFO  ProjectFixService - Project was maybe fixed
2018-04-08 12:55:39,656 INFO  ProjectTaskService - Detecting possible tasks...
2018-04-08 12:55:39,657 INFO  SysUtils - Execute command: [/tmp/rdisk/1023/src/Teleport-master/gradlew, -b, /tmp/rdisk/1023/src/Teleport-master/mobile/build.gradle, -Dorg.gradle.daemon=false, -Dorg.gradle.daemon.performance.enable-monitoring=false, -Dorg.gradle.configureondemand=true, tasks]
2018-04-08 12:56:03,014 ERROR ProjectTaskService - Could not detect possible Gradle tasks: Process exited with an error: 1 (Exit value: 1)
2018-04-08 12:56:03,014 INFO  ProjectTaskService - Detected possible tasks: 0
2018-04-08 12:56:03,015 INFO  ProjectTaskService - Excluded tasks (0): none
2018-04-08 12:56:03,015 INFO  SysUtils - Execute command: [/tmp/rdisk/1023/src/Teleport-master/gradlew, -b, /tmp/rdisk/1023/src/Teleport-master/mobile/build.gradle, -Dorg.gradle.daemon=false, -Dorg.gradle.daemon.performance.enable-monitoring=false, -Dorg.gradle.configureondemand=true, --stacktrace, build]
2018-04-08 12:56:17,119 ERROR SysUtils - Could not process external command
org.apache.commons.exec.ExecuteException: Process exited with an error: 1 (Exit value: 1)
	at org.apache.commons.exec.DefaultExecutor.executeInternal(DefaultExecutor.java:404)
	at org.apache.commons.exec.DefaultExecutor.execute(DefaultExecutor.java:166)
	at com.github.vbauer.apkmaster.util.SysUtils.execute(SysUtils.java:67)
	at com.github.vbauer.apkmaster.util.SysUtils.executeSimple(SysUtils.java:43)
	at com.github.vbauer.apkmaster.service.assembly.ProjectBuildService.buildProject(ProjectBuildService.java:78)
	at com.github.vbauer.apkmaster.service.assembly.ProjectBuildService.buildProject(ProjectBuildService.java:64)
	at com.github.vbauer.apkmaster.service.assembly.ProjectBuildService.buildProject(ProjectBuildService.java:43)
	at com.github.vbauer.apkmaster.service.FullProcessService.build(FullProcessService.java:84)
	at com.github.vbauer.apkmaster.service.FullProcessService.process(FullProcessService.java:34)
	at com.github.vbauer.apkmaster.app.MainApplication.process(MainApplication.java:38)
	at com.github.vbauer.apkmaster.app.MainApplication.main(MainApplication.java:20)
	at sun.reflect.GeneratedMethodAccessor9.invoke(Unknown Source)
	at sun.reflect.DelegatingMethodAccessorImpl.invoke(DelegatingMethodAccessorImpl.java:43)
	at java.lang.reflect.Method.invoke(Method.java:498)
	at com.android.arsenal.util.ReflectionUtils.invoke(ReflectionUtils.java:42)
	at com.android.arsenal.util.ApkMasterUtils.main(ApkMasterUtils.java:30)
	at com.android.arsenal.service.processor.impl.BuildProcessorServiceImpl.buildProject(BuildProcessorServiceImpl.java:197)
	at com.android.arsenal.service.processor.impl.BuildProcessorServiceImpl.build(BuildProcessorServiceImpl.java:131)
	at com.android.arsenal.service.processor.impl.BuildProcessorServiceImpl.lambda$null$1(BuildProcessorServiceImpl.java:114)
	at java.util.concurrent.FutureTask.run(FutureTask.java:266)
	at java.util.concurrent.Executors$RunnableAdapter.call(Executors.java:511)
	at java.util.concurrent.FutureTask.run(FutureTask.java:266)
	at java.util.concurrent.ThreadPoolExecutor.runWorker(ThreadPoolExecutor.java:1149)
	at java.util.concurrent.ThreadPoolExecutor$Worker.run(ThreadPoolExecutor.java:624)
	at java.lang.Thread.run(Thread.java:748)
2018-04-08 12:56:17,120 INFO  SysUtils - Configuration on demand is an incubating feature.
signing.properties not found
signing.properties not found

FAILURE: Build failed with an exception.

* What went wrong:
A problem occurred configuring project ':mobile'.
> Could not resolve all dependencies for configuration ':mobile:_debugCompile'.
   > A problem occurred configuring project ':wear'.
      > Could not resolve all dependencies for configuration ':wear:_debugCompile'.
         > Could not find com.android.support:percent:26.0.0.
           Searched in the following locations:
               https://jcenter.bintray.com/com/android/support/percent/26.0.0/percent-26.0.0.pom
               https://jcenter.bintray.com/com/android/support/percent/26.0.0/percent-26.0.0.jar
               file:/root/Applications/android-sdk/extras/android/m2repository/com/android/support/percent/26.0.0/percent-26.0.0.pom
               file:/root/Applications/android-sdk/extras/android/m2repository/com/android/support/percent/26.0.0/percent-26.0.0.jar
               file:/root/Applications/android-sdk/extras/google/m2repository/com/android/support/percent/26.0.0/percent-26.0.0.pom
               file:/root/Applications/android-sdk/extras/google/m2repository/com/android/support/percent/26.0.0/percent-26.0.0.jar
           Required by:
               Teleport-master:wear:unspecified > com.google.android.support:wearable:2.0.5
         > Could not find com.android.support:support-v4:26.0.0.
           Searched in the following locations:
               https://jcenter.bintray.com/com/android/support/support-v4/26.0.0/support-v4-26.0.0.pom
               https://jcenter.bintray.com/com/android/support/support-v4/26.0.0/support-v4-26.0.0.jar
               file:/root/Applications/android-sdk/extras/android/m2repository/com/android/support/support-v4/26.0.0/support-v4-26.0.0.pom
               file:/root/Applications/android-sdk/extras/android/m2repository/com/android/support/support-v4/26.0.0/support-v4-26.0.0.jar
               file:/root/Applications/android-sdk/extras/google/m2repository/com/android/support/support-v4/26.0.0/support-v4-26.0.0.pom
               file:/root/Applications/android-sdk/extras/google/m2repository/com/android/support/support-v4/26.0.0/support-v4-26.0.0.jar
           Required by:
               Teleport-master:wear:unspecified > com.google.android.support:wearable:2.0.5
         > Could not find com.android.support:support-annotations:26.0.0.
           Searched in the following locations:
               https://jcenter.bintray.com/com/android/support/support-annotations/26.0.0/support-annotations-26.0.0.pom
               https://jcenter.bintray.com/com/android/support/support-annotations/26.0.0/support-annotations-26.0.0.jar
               file:/root/Applications/android-sdk/extras/android/m2repository/com/android/support/support-annotations/26.0.0/support-annotations-26.0.0.pom
               file:/root/Applications/android-sdk/extras/android/m2repository/com/android/support/support-annotations/26.0.0/support-annotations-26.0.0.jar
               file:/root/Applications/android-sdk/extras/google/m2repository/com/android/support/support-annotations/26.0.0/support-annotations-26.0.0.pom
               file:/root/Applications/android-sdk/extras/google/m2repository/com/android/support/support-annotations/26.0.0/support-annotations-26.0.0.jar
           Required by:
               Teleport-master:wear:unspecified > com.google.android.support:wearable:2.0.5
         > Could not find com.android.support:recyclerview-v7:26.0.0.
           Searched in the following locations:
               https://jcenter.bintray.com/com/android/support/recyclerview-v7/26.0.0/recyclerview-v7-26.0.0.pom
               https://jcenter.bintray.com/com/android/support/recyclerview-v7/26.0.0/recyclerview-v7-26.0.0.jar
               file:/root/Applications/android-sdk/extras/android/m2repository/com/android/support/recyclerview-v7/26.0.0/recyclerview-v7-26.0.0.pom
               file:/root/Applications/android-sdk/extras/android/m2repository/com/android/support/recyclerview-v7/26.0.0/recyclerview-v7-26.0.0.jar
               file:/root/Applications/android-sdk/extras/google/m2repository/com/android/support/recyclerview-v7/26.0.0/recyclerview-v7-26.0.0.pom
               file:/root/Applications/android-sdk/extras/google/m2repository/com/android/support/recyclerview-v7/26.0.0/recyclerview-v7-26.0.0.jar
           Required by:
               Teleport-master:wear:unspecified > com.google.android.support:wearable:2.0.5
         > Could not find com.android.support:support-v4:26.0.0.
           Searched in the following locations:
               https://jcenter.bintray.com/com/android/support/support-v4/26.0.0/support-v4-26.0.0.pom
               https://jcenter.bintray.com/com/android/support/support-v4/26.0.0/support-v4-26.0.0.jar
               file:/root/Applications/android-sdk/extras/android/m2repository/com/android/support/support-v4/26.0.0/support-v4-26.0.0.pom
               file:/root/Applications/android-sdk/extras/android/m2repository/com/android/support/support-v4/26.0.0/support-v4-26.0.0.jar
               file:/root/Applications/android-sdk/extras/google/m2repository/com/android/support/support-v4/26.0.0/support-v4-26.0.0.pom
               file:/root/Applications/android-sdk/extras/google/m2repository/com/android/support/support-v4/26.0.0/support-v4-26.0.0.jar
           Required by:
               Teleport-master:wear:unspecified > com.google.android.gms:play-services-wearable:11.0.4 > com.google.android.gms:play-services-basement:11.0.4

* Try:
Run with --info or --debug option to get more log output.

* Exception is:
org.gradle.api.ProjectConfigurationException: A problem occurred configuring project ':mobile'.
	at org.gradle.configuration.project.LifecycleProjectEvaluator.addConfigurationFailure(LifecycleProjectEvaluator.java:91)
	at org.gradle.configuration.project.LifecycleProjectEvaluator.notifyAfterEvaluate(LifecycleProjectEvaluator.java:86)
	at org.gradle.configuration.project.LifecycleProjectEvaluator.evaluate(LifecycleProjectEvaluator.java:65)
	at org.gradle.api.internal.project.AbstractProject.evaluate(AbstractProject.java:504)
	at org.gradle.api.internal.project.AbstractProject.evaluate(AbstractProject.java:83)
	at org.gradle.execution.TaskPathProjectEvaluator.configureHierarchy(TaskPathProjectEvaluator.java:42)
	at org.gradle.execution.TaskSelector.getSelection(TaskSelector.java:85)
	at org.gradle.execution.TaskSelector.getSelection(TaskSelector.java:76)
	at org.gradle.execution.commandline.CommandLineTaskParser.parseTasks(CommandLineTaskParser.java:42)
	at org.gradle.execution.TaskNameResolvingBuildConfigurationAction.configure(TaskNameResolvingBuildConfigurationAction.java:44)
	at org.gradle.execution.DefaultBuildExecuter.configure(DefaultBuildExecuter.java:42)
	at org.gradle.execution.DefaultBuildExecuter.access$100(DefaultBuildExecuter.java:23)
	at org.gradle.execution.DefaultBuildExecuter$1.proceed(DefaultBuildExecuter.java:48)
	at org.gradle.execution.ExcludedTaskFilteringBuildConfigurationAction.configure(ExcludedTaskFilteringBuildConfigurationAction.java:47)
	at org.gradle.execution.DefaultBuildExecuter.configure(DefaultBuildExecuter.java:42)
	at org.gradle.execution.DefaultBuildExecuter.access$100(DefaultBuildExecuter.java:23)
	at org.gradle.execution.DefaultBuildExecuter$1.proceed(DefaultBuildExecuter.java:48)
	at org.gradle.execution.DefaultTasksBuildExecutionAction.configure(DefaultTasksBuildExecutionAction.java:44)
	at org.gradle.execution.DefaultBuildExecuter.configure(DefaultBuildExecuter.java:42)
	at org.gradle.execution.DefaultBuildExecuter.select(DefaultBuildExecuter.java:35)
	at org.gradle.initialization.DefaultGradleLauncher.doBuildStages(DefaultGradleLauncher.java:142)
	at org.gradle.initialization.DefaultGradleLauncher.doBuild(DefaultGradleLauncher.java:106)
	at org.gradle.initialization.DefaultGradleLauncher.run(DefaultGradleLauncher.java:86)
	at org.gradle.launcher.exec.InProcessBuildActionExecuter$DefaultBuildController.run(InProcessBuildActionExecuter.java:80)
	at org.gradle.launcher.cli.ExecuteBuildAction.run(ExecuteBuildAction.java:33)
	at org.gradle.launcher.cli.ExecuteBuildAction.run(ExecuteBuildAction.java:24)
	at org.gradle.launcher.exec.InProcessBuildActionExecuter.execute(InProcessBuildActionExecuter.java:36)
	at org.gradle.launcher.exec.InProcessBuildActionExecuter.execute(InProcessBuildActionExecuter.java:26)
	at org.gradle.launcher.cli.RunBuildAction.run(RunBuildAction.java:51)
	at org.gradle.internal.Actions$RunnableActionAdapter.execute(Actions.java:171)
	at org.gradle.launcher.cli.CommandLineActionFactory$ParseAndBuildAction.execute(CommandLineActionFactory.java:237)
	at org.gradle.launcher.cli.CommandLineActionFactory$ParseAndBuildAction.execute(CommandLineActionFactory.java:210)
	at org.gradle.launcher.cli.JavaRuntimeValidationAction.execute(JavaRuntimeValidationAction.java:35)
	at org.gradle.launcher.cli.JavaRuntimeValidationAction.execute(JavaRuntimeValidationAction.java:24)
	at org.gradle.launcher.cli.CommandLineActionFactory$WithLogging.execute(CommandLineActionFactory.java:206)
	at org.gradle.launcher.cli.CommandLineActionFactory$WithLogging.execute(CommandLineActionFactory.java:169)
	at org.gradle.launcher.cli.ExceptionReportingAction.execute(ExceptionReportingAction.java:33)
	at org.gradle.launcher.cli.ExceptionReportingAction.execute(ExceptionReportingAction.java:22)
	at org.gradle.launcher.Main.doAction(Main.java:33)
	at org.gradle.launcher.bootstrap.EntryPoint.run(EntryPoint.java:45)
	at org.gradle.launcher.bootstrap.ProcessBootstrap.runNoExit(ProcessBootstrap.java:54)
	at org.gradle.launcher.bootstrap.ProcessBootstrap.run(ProcessBootstrap.java:35)
	at org.gradle.launcher.GradleMain.main(GradleMain.java:23)
	at org.gradle.wrapper.BootstrapMainStarter.start(BootstrapMainStarter.java:33)
	at org.gradle.wrapper.WrapperExecutor.execute(WrapperExecutor.java:130)
	at org.gradle.wrapper.GradleWrapperMain.main(GradleWrapperMain.java:48)
Caused by: org.gradle.api.artifacts.ResolveException: Could not resolve all dependencies for configuration ':mobile:_debugCompile'.
	at org.gradle.api.internal.artifacts.ivyservice.ErrorHandlingArtifactDependencyResolver.wrapException(ErrorHandlingArtifactDependencyResolver.java:61)
	at org.gradle.api.internal.artifacts.ivyservice.ErrorHandlingArtifactDependencyResolver.access$000(ErrorHandlingArtifactDependencyResolver.java:35)
	at org.gradle.api.internal.artifacts.ivyservice.ErrorHandlingArtifactDependencyResolver$BrokenResolvedConfiguration.getResolvedArtifacts(ErrorHandlingArtifactDependencyResolver.java:253)
	at com.android.build.gradle.BasePlugin.collectArtifacts(BasePlugin.groovy:3372)
	at com.android.build.gradle.BasePlugin.this$2$collectArtifacts(BasePlugin.groovy)
	at com.android.build.gradle.BasePlugin$this$2$collectArtifacts$3.callCurrent(Unknown Source)
	at com.android.build.gradle.BasePlugin$this$2$collectArtifacts$3.callCurrent(Unknown Source)
	at com.android.build.gradle.BasePlugin.resolveDependencyForConfig(BasePlugin.groovy:3263)
	at com.android.build.gradle.BasePlugin.this$2$resolveDependencyForConfig(BasePlugin.groovy)
	at com.android.build.gradle.BasePlugin$this$2$resolveDependencyForConfig$1.callCurrent(Unknown Source)
	at com.android.build.gradle.BasePlugin.resolveDependencies(BasePlugin.groovy:3174)
	at com.android.build.gradle.internal.VariantManager.createVariantData(VariantManager.java:464)
	at com.android.build.gradle.internal.VariantManager.createVariantDataForProductFlavors(VariantManager.java:550)
	at com.android.build.gradle.internal.VariantManager.populateVariantDataList(VariantManager.java:326)
	at com.android.build.gradle.internal.VariantManager.createAndroidTasks(VariantManager.java:212)
	at com.android.build.gradle.internal.VariantManager$createAndroidTasks.call(Unknown Source)
	at com.android.build.gradle.BasePlugin.createAndroidTasks(BasePlugin.groovy:463)
	at com.android.build.gradle.BasePlugin$_createTasks_closure9.doCall(BasePlugin.groovy:408)
	at org.gradle.listener.ClosureBackedMethodInvocationDispatch.dispatch(ClosureBackedMethodInvocationDispatch.java:40)
	at org.gradle.listener.ClosureBackedMethodInvocationDispatch.dispatch(ClosureBackedMethodInvocationDispatch.java:25)
	at org.gradle.listener.BroadcastDispatch.dispatch(BroadcastDispatch.java:83)
	at org.gradle.listener.BroadcastDispatch.dispatch(BroadcastDispatch.java:31)
	at org.gradle.messaging.dispatch.ProxyDispatchAdapter$DispatchingInvocationHandler.invoke(ProxyDispatchAdapter.java:93)
	at com.sun.proxy.$Proxy13.afterEvaluate(Unknown Source)
	at org.gradle.configuration.project.LifecycleProjectEvaluator.notifyAfterEvaluate(LifecycleProjectEvaluator.java:79)
	... 44 more
Caused by: org.gradle.api.ProjectConfigurationException: A problem occurred configuring project ':wear'.
	at org.gradle.configuration.project.LifecycleProjectEvaluator.addConfigurationFailure(LifecycleProjectEvaluator.java:91)
	at org.gradle.configuration.project.LifecycleProjectEvaluator.notifyAfterEvaluate(LifecycleProjectEvaluator.java:86)
	at org.gradle.configuration.project.LifecycleProjectEvaluator.evaluate(LifecycleProjectEvaluator.java:65)
	at org.gradle.api.internal.project.AbstractProject.evaluate(AbstractProject.java:504)
	at org.gradle.api.internal.project.AbstractProject.evaluate(AbstractProject.java:83)
	at org.gradle.api.internal.project.DefaultProjectAccessListener.beforeResolvingProjectDependency(DefaultProjectAccessListener.java:28)
	at org.gradle.api.internal.artifacts.dependencies.DefaultProjectDependency.beforeResolved(DefaultProjectDependency.java:90)
	at org.gradle.api.internal.artifacts.ivyservice.moduleconverter.dependencies.ProjectIvyDependencyDescriptorFactory.createDependencyDescriptor(ProjectIvyDependencyDescriptorFactory.java:38)
	at org.gradle.api.internal.artifacts.ivyservice.moduleconverter.dependencies.ProjectIvyDependencyDescriptorFactory.createDependencyDescriptor(ProjectIvyDependencyDescriptorFactory.java:31)
	at org.gradle.api.internal.artifacts.ivyservice.moduleconverter.dependencies.DefaultDependencyDescriptorFactory.createDependencyDescriptor(DefaultDependencyDescriptorFactory.java:36)
	at org.gradle.api.internal.artifacts.ivyservice.moduleconverter.dependencies.DefaultDependenciesToModuleDescriptorConverter.addDependencies(DefaultDependenciesToModuleDescriptorConverter.java:45)
	at org.gradle.api.internal.artifacts.ivyservice.moduleconverter.dependencies.DefaultDependenciesToModuleDescriptorConverter.addDependencyDescriptors(DefaultDependenciesToModuleDescriptorConverter.java:38)
	at org.gradle.api.internal.artifacts.ivyservice.moduleconverter.ResolveLocalComponentFactory.convert(ResolveLocalComponentFactory.java:58)
	at org.gradle.api.internal.artifacts.ivyservice.projectmodule.ProjectDependencyResolver.resolve(ProjectDependencyResolver.java:53)
	at org.gradle.api.internal.artifacts.ivyservice.resolveengine.graph.DependencyGraphBuilder.resolveDependencyGraph(DependencyGraphBuilder.java:89)
	at org.gradle.api.internal.artifacts.ivyservice.resolveengine.graph.DependencyGraphBuilder.resolve(DependencyGraphBuilder.java:84)
	at org.gradle.api.internal.artifacts.ivyservice.resolveengine.DefaultDependencyResolver$1.execute(DefaultDependencyResolver.java:122)
	at org.gradle.api.internal.artifacts.ivyservice.resolveengine.DefaultDependencyResolver$1.execute(DefaultDependencyResolver.java:88)
	at org.gradle.internal.Transformers$4.transform(Transformers.java:136)
	at org.gradle.api.internal.artifacts.ivyservice.DefaultIvyContextManager.withIvy(DefaultIvyContextManager.java:61)
	at org.gradle.api.internal.artifacts.ivyservice.DefaultIvyContextManager.withIvy(DefaultIvyContextManager.java:39)
	at org.gradle.api.internal.artifacts.ivyservice.resolveengine.DefaultDependencyResolver.resolve(DefaultDependencyResolver.java:88)
	at org.gradle.api.internal.artifacts.ivyservice.CacheLockingArtifactDependencyResolver$1.run(CacheLockingArtifactDependencyResolver.java:42)
	at org.gradle.internal.Factories$1.create(Factories.java:22)
	at org.gradle.cache.internal.DefaultCacheAccess.useCache(DefaultCacheAccess.java:187)
	at org.gradle.cache.internal.DefaultCacheAccess.useCache(DefaultCacheAccess.java:175)
	at org.gradle.cache.internal.DefaultPersistentDirectoryStore.useCache(DefaultPersistentDirectoryStore.java:106)
	at org.gradle.cache.internal.DefaultCacheFactory$ReferenceTrackingCache.useCache(DefaultCacheFactory.java:187)
	at org.gradle.api.internal.artifacts.ivyservice.DefaultCacheLockingManager.useCache(DefaultCacheLockingManager.java:64)
	at org.gradle.api.internal.artifacts.ivyservice.CacheLockingArtifactDependencyResolver.resolve(CacheLockingArtifactDependencyResolver.java:40)
	at org.gradle.api.internal.artifacts.ivyservice.SelfResolvingDependencyResolver.resolve(SelfResolvingDependencyResolver.java:45)
	at org.gradle.api.internal.artifacts.ivyservice.ShortcircuitEmptyConfigsArtifactDependencyResolver.resolve(ShortcircuitEmptyConfigsArtifactDependencyResolver.java:55)
	at org.gradle.api.internal.artifacts.ivyservice.ErrorHandlingArtifactDependencyResolver.resolve(ErrorHandlingArtifactDependencyResolver.java:47)
	at org.gradle.api.internal.artifacts.ivyservice.DefaultConfigurationResolver.resolve(DefaultConfigurationResolver.java:46)
	at org.gradle.api.internal.artifacts.configurations.DefaultConfiguration.resolveNow(DefaultConfiguration.java:250)
	at org.gradle.api.internal.artifacts.configurations.DefaultConfiguration.getResolvedConfiguration(DefaultConfiguration.java:240)
	at org.gradle.api.internal.artifacts.configurations.DefaultConfiguration_Decorated.getResolvedConfiguration(Unknown Source)
	at org.gradle.api.internal.BeanDynamicObject$MetaClassAdapter.getProperty(BeanDynamicObject.java:153)
	at org.gradle.api.internal.BeanDynamicObject.getProperty(BeanDynamicObject.java:107)
	at org.gradle.api.internal.CompositeDynamicObject.getProperty(CompositeDynamicObject.java:78)
	at org.gradle.api.internal.artifacts.configurations.DefaultConfiguration_Decorated.getProperty(Unknown Source)
	... 66 more
Caused by: org.gradle.api.artifacts.ResolveException: Could not resolve all dependencies for configuration ':wear:_debugCompile'.
	at org.gradle.api.internal.artifacts.ivyservice.DefaultLenientConfiguration.rethrowFailure(DefaultLenientConfiguration.java:52)
	at org.gradle.api.internal.artifacts.ivyservice.DefaultResolvedConfiguration.rethrowFailure(DefaultResolvedConfiguration.java:36)
	at org.gradle.api.internal.artifacts.ivyservice.DefaultResolvedConfiguration.getResolvedArtifacts(DefaultResolvedConfiguration.java:59)
	at org.gradle.api.internal.artifacts.ivyservice.SelfResolvingDependencyResolver$FilesAggregatingResolvedConfiguration.getResolvedArtifacts(SelfResolvingDependencyResolver.java:90)
	at org.gradle.api.internal.artifacts.ivyservice.ErrorHandlingArtifactDependencyResolver$ErrorHandlingResolvedConfiguration.getResolvedArtifacts(ErrorHandlingArtifactDependencyResolver.java:212)
	at com.android.build.gradle.BasePlugin.collectArtifacts(BasePlugin.groovy:3372)
	at com.android.build.gradle.BasePlugin.this$2$collectArtifacts(BasePlugin.groovy)
	at com.android.build.gradle.BasePlugin$this$2$collectArtifacts$3.callCurrent(Unknown Source)
	at com.android.build.gradle.BasePlugin.resolveDependencyForConfig(BasePlugin.groovy:3263)
	at com.android.build.gradle.BasePlugin.this$2$resolveDependencyForConfig(BasePlugin.groovy)
	at com.android.build.gradle.BasePlugin$this$2$resolveDependencyForConfig$1.callCurrent(Unknown Source)
	at com.android.build.gradle.BasePlugin$this$2$resolveDependencyForConfig$1.callCurrent(Unknown Source)
	at com.android.build.gradle.BasePlugin.resolveDependencies(BasePlugin.groovy:3174)
	at com.android.build.gradle.internal.VariantManager.createVariantData(VariantManager.java:464)
	at com.android.build.gradle.internal.VariantManager.createVariantDataForProductFlavors(VariantManager.java:550)
	at com.android.build.gradle.internal.VariantManager.populateVariantDataList(VariantManager.java:326)
	at com.android.build.gradle.internal.VariantManager.createAndroidTasks(VariantManager.java:212)
	at com.android.build.gradle.internal.VariantManager$createAndroidTasks.call(Unknown Source)
	at com.android.build.gradle.BasePlugin.createAndroidTasks(BasePlugin.groovy:463)
	at com.android.build.gradle.BasePlugin$_createTasks_closure9.doCall(BasePlugin.groovy:408)
	at org.gradle.listener.ClosureBackedMethodInvocationDispatch.dispatch(ClosureBackedMethodInvocationDispatch.java:40)
	at org.gradle.listener.ClosureBackedMethodInvocationDispatch.dispatch(ClosureBackedMethodInvocationDispatch.java:25)
	at org.gradle.listener.BroadcastDispatch.dispatch(BroadcastDispatch.java:83)
	at org.gradle.listener.BroadcastDispatch.dispatch(BroadcastDispatch.java:31)
	at org.gradle.messaging.dispatch.ProxyDispatchAdapter$DispatchingInvocationHandler.invoke(ProxyDispatchAdapter.java:93)
	at com.sun.proxy.$Proxy13.afterEvaluate(Unknown Source)
	at org.gradle.configuration.project.LifecycleProjectEvaluator.notifyAfterEvaluate(LifecycleProjectEvaluator.java:79)
	... 105 more
Caused by: org.gradle.internal.resolve.ModuleVersionNotFoundException: Could not find com.android.support:percent:26.0.0.
Searched in the following locations:
    https://jcenter.bintray.com/com/android/support/percent/26.0.0/percent-26.0.0.pom
    https://jcenter.bintray.com/com/android/support/percent/26.0.0/percent-26.0.0.jar
    file:/root/Applications/android-sdk/extras/android/m2repository/com/android/support/percent/26.0.0/percent-26.0.0.pom
    file:/root/Applications/android-sdk/extras/android/m2repository/com/android/support/percent/26.0.0/percent-26.0.0.jar
    file:/root/Applications/android-sdk/extras/google/m2repository/com/android/support/percent/26.0.0/percent-26.0.0.pom
    file:/root/Applications/android-sdk/extras/google/m2repository/com/android/support/percent/26.0.0/percent-26.0.0.jar
Required by:
    Teleport-master:wear:unspecified > com.google.android.support:wearable:2.0.5
	at org.gradle.internal.resolve.result.DefaultBuildableComponentResolveResult.notFound(DefaultBuildableComponentResolveResult.java:40)
	at org.gradle.api.internal.artifacts.ivyservice.ivyresolve.RepositoryChainDependencyResolver.resolve(RepositoryChainDependencyResolver.java:86)
	at org.gradle.api.internal.artifacts.ivyservice.ivyresolve.RepositoryChainAdapter.resolve(RepositoryChainAdapter.java:69)
	at org.gradle.api.internal.artifacts.ivyservice.clientmodule.ClientModuleResolver.resolve(ClientModuleResolver.java:44)
	at org.gradle.api.internal.artifacts.ivyservice.resolveengine.graph.DependencyGraphBuilder$ModuleVersionResolveState.resolve(DependencyGraphBuilder.java:577)
	at org.gradle.api.internal.artifacts.ivyservice.resolveengine.graph.DependencyGraphBuilder$ModuleVersionResolveState.getMetaData(DependencyGraphBuilder.java:587)
	at org.gradle.api.internal.artifacts.ivyservice.resolveengine.graph.DependencyGraphBuilder$DependencyEdge.calculateTargetConfigurations(DependencyGraphBuilder.java:272)
	at org.gradle.api.internal.artifacts.ivyservice.resolveengine.graph.DependencyGraphBuilder$DependencyEdge.attachToTargetConfigurations(DependencyGraphBuilder.java:246)
	at org.gradle.api.internal.artifacts.ivyservice.resolveengine.graph.DependencyGraphBuilder.traverseGraph(DependencyGraphBuilder.java:156)
	at org.gradle.api.internal.artifacts.ivyservice.resolveengine.graph.DependencyGraphBuilder.resolveDependencyGraph(DependencyGraphBuilder.java:94)
	at org.gradle.api.internal.artifacts.ivyservice.resolveengine.graph.DependencyGraphBuilder.resolve(DependencyGraphBuilder.java:84)
	at org.gradle.api.internal.artifacts.ivyservice.resolveengine.DefaultDependencyResolver$1.execute(DefaultDependencyResolver.java:122)
	at org.gradle.api.internal.artifacts.ivyservice.resolveengine.DefaultDependencyResolver$1.execute(DefaultDependencyResolver.java:88)
	at org.gradle.internal.Transformers$4.transform(Transformers.java:136)
	at org.gradle.api.internal.artifacts.ivyservice.DefaultIvyContextManager.withIvy(DefaultIvyContextManager.java:48)
	at org.gradle.api.internal.artifacts.ivyservice.DefaultIvyContextManager.withIvy(DefaultIvyContextManager.java:39)
	at org.gradle.api.internal.artifacts.ivyservice.resolveengine.DefaultDependencyResolver.resolve(DefaultDependencyResolver.java:88)
	at org.gradle.api.internal.artifacts.ivyservice.CacheLockingArtifactDependencyResolver$1.run(CacheLockingArtifactDependencyResolver.java:42)
	at org.gradle.internal.Factories$1.create(Factories.java:22)
	at org.gradle.cache.internal.DefaultCacheAccess.useCache(DefaultCacheAccess.java:187)
	at org.gradle.cache.internal.DefaultCacheAccess.useCache(DefaultCacheAccess.java:175)
	at org.gradle.cache.internal.DefaultPersistentDirectoryStore.useCache(DefaultPersistentDirectoryStore.java:106)
	at org.gradle.cache.internal.DefaultCacheFactory$ReferenceTrackingCache.useCache(DefaultCacheFactory.java:187)
	at org.gradle.api.internal.artifacts.ivyservice.DefaultCacheLockingManager.useCache(DefaultCacheLockingManager.java:64)
	at org.gradle.api.internal.artifacts.ivyservice.CacheLockingArtifactDependencyResolver.resolve(CacheLockingArtifactDependencyResolver.java:40)
	at org.gradle.api.internal.artifacts.ivyservice.SelfResolvingDependencyResolver.resolve(SelfResolvingDependencyResolver.java:45)
	at org.gradle.api.internal.artifacts.ivyservice.ShortcircuitEmptyConfigsArtifactDependencyResolver.resolve(ShortcircuitEmptyConfigsArtifactDependencyResolver.java:55)
	at org.gradle.api.internal.artifacts.ivyservice.ErrorHandlingArtifactDependencyResolver.resolve(ErrorHandlingArtifactDependencyResolver.java:47)
	at org.gradle.api.internal.artifacts.ivyservice.DefaultConfigurationResolver.resolve(DefaultConfigurationResolver.java:46)
	at org.gradle.api.internal.artifacts.configurations.DefaultConfiguration.resolveNow(DefaultConfiguration.java:250)
	at org.gradle.api.internal.artifacts.configurations.DefaultConfiguration.getResolvedConfiguration(DefaultConfiguration.java:240)
	at org.gradle.api.internal.artifacts.configurations.DefaultConfiguration_Decorated.getResolvedConfiguration(Unknown Source)
	at org.gradle.api.internal.BeanDynamicObject$MetaClassAdapter.getProperty(BeanDynamicObject.java:153)
	at org.gradle.api.internal.BeanDynamicObject.getProperty(BeanDynamicObject.java:107)
	at org.gradle.api.internal.CompositeDynamicObject.getProperty(CompositeDynamicObject.java:78)
	at org.gradle.api.internal.artifacts.configurations.DefaultConfiguration_Decorated.getProperty(Unknown Source)
	... 127 more


BUILD FAILED

Total time: 12.822 secs

2018-04-08 12:56:17,124 INFO  ProjectTaskService - Detecting possible tasks...
2018-04-08 12:56:17,124 INFO  SysUtils - Execute command: [/tmp/rdisk/1023/src/Teleport-master/gradlew, -b, /tmp/rdisk/1023/src/Teleport-master/teleportlib/build.gradle, -Dorg.gradle.daemon=false, -Dorg.gradle.daemon.performance.enable-monitoring=false, -Dorg.gradle.configureondemand=true, tasks]
2018-04-08 12:56:30,318 ERROR ProjectTaskService - Could not detect possible Gradle tasks: Process exited with an error: 1 (Exit value: 1)
2018-04-08 12:56:30,318 INFO  ProjectTaskService - Detected possible tasks: 0
2018-04-08 12:56:30,318 INFO  ProjectTaskService - Excluded tasks (0): none
2018-04-08 12:56:30,318 INFO  SysUtils - Execute command: [/tmp/rdisk/1023/src/Teleport-master/gradlew, -b, /tmp/rdisk/1023/src/Teleport-master/teleportlib/build.gradle, -Dorg.gradle.daemon=false, -Dorg.gradle.daemon.performance.enable-monitoring=false, -Dorg.gradle.configureondemand=true, --stacktrace, build]
2018-04-08 12:56:44,531 INFO  SysUtils - Configuration on demand is an incubating feature.
:teleportlib:compileLint
:teleportlib:copyDebugLint UP-TO-DATE
:teleportlib:preBuild
:teleportlib:preDebugBuild
:teleportlib:checkDebugManifest
:teleportlib:preDebugTestBuild
:teleportlib:preReleaseBuild
:teleportlib:prepareComAndroidSupportSupportCompat2520Library
:teleportlib:prepareComAndroidSupportSupportCoreUi2520Library
:teleportlib:prepareComAndroidSupportSupportCoreUtils2520Library
:teleportlib:prepareComAndroidSupportSupportFragment2520Library
:teleportlib:prepareComAndroidSupportSupportMediaCompat2520Library
:teleportlib:prepareComAndroidSupportSupportV42520Library
:teleportlib:prepareComGoogleAndroidGmsPlayServicesBase1104Library
:teleportlib:prepareComGoogleAndroidGmsPlayServicesBasement1104Library
:teleportlib:prepareComGoogleAndroidGmsPlayServicesTasks1104Library
:teleportlib:prepareComGoogleAndroidGmsPlayServicesWearable1104Library
:teleportlib:prepareDebugDependencies
:teleportlib:compileDebugAidl
:teleportlib:compileDebugRenderscript
:teleportlib:generateDebugBuildConfig
:teleportlib:generateDebugAssets UP-TO-DATE
:teleportlib:mergeDebugAssets
:teleportlib:generateDebugResValues
:teleportlib:generateDebugResources
:teleportlib:mergeDebugResources
:teleportlib:processDebugManifest
:teleportlib:processDebugResources
:teleportlib:generateDebugSources
:teleportlib:compileDebugJavaNote: /tmp/rdisk/1023/src/Teleport-master/teleportlib/src/main/java/com/mariux/teleport/lib/TeleportClient.java uses or overrides a deprecated API.
Note: Recompile with -Xlint:deprecation for details.

:teleportlib:extractDebugAnnotations
:teleportlib:mergeDebugProguardFiles
:teleportlib:processDebugJavaRes UP-TO-DATE
:teleportlib:packageDebugJar
:teleportlib:compileDebugNdk
:teleportlib:packageDebugJniLibs UP-TO-DATE
:teleportlib:packageDebugLocalJar UP-TO-DATE
:teleportlib:packageDebugRenderscript UP-TO-DATE
:teleportlib:packageDebugResources
:teleportlib:bundleDebug
:teleportlib:assembleDebug
:teleportlib:copyReleaseLint UP-TO-DATE
:teleportlib:checkReleaseManifest
:teleportlib:prepareReleaseDependencies
:teleportlib:compileReleaseAidl
:teleportlib:compileReleaseRenderscript
:teleportlib:generateReleaseBuildConfig
:teleportlib:generateReleaseAssets UP-TO-DATE
:teleportlib:mergeReleaseAssets
:teleportlib:generateReleaseResValues
:teleportlib:generateReleaseResources
:teleportlib:mergeReleaseResources
:teleportlib:processReleaseManifest
:teleportlib:processReleaseResources
:teleportlib:generateReleaseSources
:teleportlib:compileReleaseJavaNote: /tmp/rdisk/1023/src/Teleport-master/teleportlib/src/main/java/com/mariux/teleport/lib/TeleportClient.java uses or overrides a deprecated API.
Note: Recompile with -Xlint:deprecation for details.

:teleportlib:extractReleaseAnnotations
:teleportlib:mergeReleaseProguardFiles
:teleportlib:processReleaseJavaRes UP-TO-DATE
:teleportlib:packageReleaseJar
:teleportlib:compileReleaseNdk
:teleportlib:packageReleaseJniLibs UP-TO-DATE
:teleportlib:packageReleaseLocalJar UP-TO-DATE
:teleportlib:packageReleaseRenderscript UP-TO-DATE
:teleportlib:packageReleaseResources
:teleportlib:bundleRelease
:teleportlib:assembleRelease
:teleportlib:assemble
:teleportlib:lint
Ran lint on variant release: 4 issues found
Ran lint on variant debug: 4 issues found
Wrote HTML report to file:/tmp/rdisk/1023/src/Teleport-master/teleportlib/build/outputs/lint-results.html
Wrote XML report to /tmp/rdisk/1023/src/Teleport-master/teleportlib/build/outputs/lint-results.xml
:teleportlib:check
:teleportlib:build

BUILD SUCCESSFUL

Total time: 13.452 secs

2018-04-08 12:56:44,559 INFO  ProjectTaskService - Detecting possible tasks...
2018-04-08 12:56:44,559 INFO  SysUtils - Execute command: [/tmp/rdisk/1023/src/Teleport-master/gradlew, -b, /tmp/rdisk/1023/src/Teleport-master/wear/build.gradle, -Dorg.gradle.daemon=false, -Dorg.gradle.daemon.performance.enable-monitoring=false, -Dorg.gradle.configureondemand=true, tasks]
2018-04-08 12:56:57,478 ERROR ProjectTaskService - Could not detect possible Gradle tasks: Process exited with an error: 1 (Exit value: 1)
2018-04-08 12:56:57,478 INFO  ProjectTaskService - Detected possible tasks: 0
2018-04-08 12:56:57,478 INFO  ProjectTaskService - Excluded tasks (0): none
2018-04-08 12:56:57,478 INFO  SysUtils - Execute command: [/tmp/rdisk/1023/src/Teleport-master/gradlew, -b, /tmp/rdisk/1023/src/Teleport-master/wear/build.gradle, -Dorg.gradle.daemon=false, -Dorg.gradle.daemon.performance.enable-monitoring=false, -Dorg.gradle.configureondemand=true, --stacktrace, build]
2018-04-08 12:57:10,187 ERROR SysUtils - Could not process external command
org.apache.commons.exec.ExecuteException: Process exited with an error: 1 (Exit value: 1)
	at org.apache.commons.exec.DefaultExecutor.executeInternal(DefaultExecutor.java:404)
	at org.apache.commons.exec.DefaultExecutor.execute(DefaultExecutor.java:166)
	at com.github.vbauer.apkmaster.util.SysUtils.execute(SysUtils.java:67)
	at com.github.vbauer.apkmaster.util.SysUtils.executeSimple(SysUtils.java:43)
	at com.github.vbauer.apkmaster.service.assembly.ProjectBuildService.buildProject(ProjectBuildService.java:78)
	at com.github.vbauer.apkmaster.service.assembly.ProjectBuildService.buildProject(ProjectBuildService.java:64)
	at com.github.vbauer.apkmaster.service.assembly.ProjectBuildService.buildProject(ProjectBuildService.java:43)
	at com.github.vbauer.apkmaster.service.FullProcessService.build(FullProcessService.java:84)
	at com.github.vbauer.apkmaster.service.FullProcessService.process(FullProcessService.java:34)
	at com.github.vbauer.apkmaster.app.MainApplication.process(MainApplication.java:38)
	at com.github.vbauer.apkmaster.app.MainApplication.main(MainApplication.java:20)
	at sun.reflect.GeneratedMethodAccessor9.invoke(Unknown Source)
	at sun.reflect.DelegatingMethodAccessorImpl.invoke(DelegatingMethodAccessorImpl.java:43)
	at java.lang.reflect.Method.invoke(Method.java:498)
	at com.android.arsenal.util.ReflectionUtils.invoke(ReflectionUtils.java:42)
	at com.android.arsenal.util.ApkMasterUtils.main(ApkMasterUtils.java:30)
	at com.android.arsenal.service.processor.impl.BuildProcessorServiceImpl.buildProject(BuildProcessorServiceImpl.java:197)
	at com.android.arsenal.service.processor.impl.BuildProcessorServiceImpl.build(BuildProcessorServiceImpl.java:131)
	at com.android.arsenal.service.processor.impl.BuildProcessorServiceImpl.lambda$null$1(BuildProcessorServiceImpl.java:114)
	at java.util.concurrent.FutureTask.run(FutureTask.java:266)
	at java.util.concurrent.Executors$RunnableAdapter.call(Executors.java:511)
	at java.util.concurrent.FutureTask.run(FutureTask.java:266)
	at java.util.concurrent.ThreadPoolExecutor.runWorker(ThreadPoolExecutor.java:1149)
	at java.util.concurrent.ThreadPoolExecutor$Worker.run(ThreadPoolExecutor.java:624)
	at java.lang.Thread.run(Thread.java:748)
2018-04-08 12:57:10,188 INFO  SysUtils - Configuration on demand is an incubating feature.
signing.properties not found

FAILURE: Build failed with an exception.

* What went wrong:
A problem occurred configuring project ':wear'.
> Could not resolve all dependencies for configuration ':wear:_debugCompile'.
   > Could not find com.android.support:percent:26.0.0.
     Searched in the following locations:
         https://jcenter.bintray.com/com/android/support/percent/26.0.0/percent-26.0.0.pom
         https://jcenter.bintray.com/com/android/support/percent/26.0.0/percent-26.0.0.jar
         file:/root/Applications/android-sdk/extras/android/m2repository/com/android/support/percent/26.0.0/percent-26.0.0.pom
         file:/root/Applications/android-sdk/extras/android/m2repository/com/android/support/percent/26.0.0/percent-26.0.0.jar
         file:/root/Applications/android-sdk/extras/google/m2repository/com/android/support/percent/26.0.0/percent-26.0.0.pom
         file:/root/Applications/android-sdk/extras/google/m2repository/com/android/support/percent/26.0.0/percent-26.0.0.jar
     Required by:
         Teleport-master:wear:unspecified > com.google.android.support:wearable:2.0.5
   > Could not find com.android.support:support-v4:26.0.0.
     Searched in the following locations:
         https://jcenter.bintray.com/com/android/support/support-v4/26.0.0/support-v4-26.0.0.pom
         https://jcenter.bintray.com/com/android/support/support-v4/26.0.0/support-v4-26.0.0.jar
         file:/root/Applications/android-sdk/extras/android/m2repository/com/android/support/support-v4/26.0.0/support-v4-26.0.0.pom
         file:/root/Applications/android-sdk/extras/android/m2repository/com/android/support/support-v4/26.0.0/support-v4-26.0.0.jar
         file:/root/Applications/android-sdk/extras/google/m2repository/com/android/support/support-v4/26.0.0/support-v4-26.0.0.pom
         file:/root/Applications/android-sdk/extras/google/m2repository/com/android/support/support-v4/26.0.0/support-v4-26.0.0.jar
     Required by:
         Teleport-master:wear:unspecified > com.google.android.support:wearable:2.0.5
   > Could not find com.android.support:support-annotations:26.0.0.
     Searched in the following locations:
         https://jcenter.bintray.com/com/android/support/support-annotations/26.0.0/support-annotations-26.0.0.pom
         https://jcenter.bintray.com/com/android/support/support-annotations/26.0.0/support-annotations-26.0.0.jar
         file:/root/Applications/android-sdk/extras/android/m2repository/com/android/support/support-annotations/26.0.0/support-annotations-26.0.0.pom
         file:/root/Applications/android-sdk/extras/android/m2repository/com/android/support/support-annotations/26.0.0/support-annotations-26.0.0.jar
         file:/root/Applications/android-sdk/extras/google/m2repository/com/android/support/support-annotations/26.0.0/support-annotations-26.0.0.pom
         file:/root/Applications/android-sdk/extras/google/m2repository/com/android/support/support-annotations/26.0.0/support-annotations-26.0.0.jar
     Required by:
         Teleport-master:wear:unspecified > com.google.android.support:wearable:2.0.5
   > Could not find com.android.support:recyclerview-v7:26.0.0.
     Searched in the following locations:
         https://jcenter.bintray.com/com/android/support/recyclerview-v7/26.0.0/recyclerview-v7-26.0.0.pom
         https://jcenter.bintray.com/com/android/support/recyclerview-v7/26.0.0/recyclerview-v7-26.0.0.jar
         file:/root/Applications/android-sdk/extras/android/m2repository/com/android/support/recyclerview-v7/26.0.0/recyclerview-v7-26.0.0.pom
         file:/root/Applications/android-sdk/extras/android/m2repository/com/android/support/recyclerview-v7/26.0.0/recyclerview-v7-26.0.0.jar
         file:/root/Applications/android-sdk/extras/google/m2repository/com/android/support/recyclerview-v7/26.0.0/recyclerview-v7-26.0.0.pom
         file:/root/Applications/android-sdk/extras/google/m2repository/com/android/support/recyclerview-v7/26.0.0/recyclerview-v7-26.0.0.jar
     Required by:
         Teleport-master:wear:unspecified > com.google.android.support:wearable:2.0.5
   > Could not find com.android.support:support-v4:26.0.0.
     Searched in the following locations:
         https://jcenter.bintray.com/com/android/support/support-v4/26.0.0/support-v4-26.0.0.pom
         https://jcenter.bintray.com/com/android/support/support-v4/26.0.0/support-v4-26.0.0.jar
         file:/root/Applications/android-sdk/extras/android/m2repository/com/android/support/support-v4/26.0.0/support-v4-26.0.0.pom
         file:/root/Applications/android-sdk/extras/android/m2repository/com/android/support/support-v4/26.0.0/support-v4-26.0.0.jar
         file:/root/Applications/android-sdk/extras/google/m2repository/com/android/support/support-v4/26.0.0/support-v4-26.0.0.pom
         file:/root/Applications/android-sdk/extras/google/m2repository/com/android/support/support-v4/26.0.0/support-v4-26.0.0.jar
     Required by:
         Teleport-master:wear:unspecified > com.google.android.gms:play-services-wearable:11.0.4 > com.google.android.gms:play-services-basement:11.0.4

* Try:
Run with --info or --debug option to get more log output.

* Exception is:
org.gradle.api.ProjectConfigurationException: A problem occurred configuring project ':wear'.
	at org.gradle.configuration.project.LifecycleProjectEvaluator.addConfigurationFailure(LifecycleProjectEvaluator.java:91)
	at org.gradle.configuration.project.LifecycleProjectEvaluator.notifyAfterEvaluate(LifecycleProjectEvaluator.java:86)
	at org.gradle.configuration.project.LifecycleProjectEvaluator.evaluate(LifecycleProjectEvaluator.java:65)
	at org.gradle.api.internal.project.AbstractProject.evaluate(AbstractProject.java:504)
	at org.gradle.api.internal.project.AbstractProject.evaluate(AbstractProject.java:83)
	at org.gradle.execution.TaskPathProjectEvaluator.configureHierarchy(TaskPathProjectEvaluator.java:42)
	at org.gradle.execution.TaskSelector.getSelection(TaskSelector.java:85)
	at org.gradle.execution.TaskSelector.getSelection(TaskSelector.java:76)
	at org.gradle.execution.commandline.CommandLineTaskParser.parseTasks(CommandLineTaskParser.java:42)
	at org.gradle.execution.TaskNameResolvingBuildConfigurationAction.configure(TaskNameResolvingBuildConfigurationAction.java:44)
	at org.gradle.execution.DefaultBuildExecuter.configure(DefaultBuildExecuter.java:42)
	at org.gradle.execution.DefaultBuildExecuter.access$100(DefaultBuildExecuter.java:23)
	at org.gradle.execution.DefaultBuildExecuter$1.proceed(DefaultBuildExecuter.java:48)
	at org.gradle.execution.ExcludedTaskFilteringBuildConfigurationAction.configure(ExcludedTaskFilteringBuildConfigurationAction.java:47)
	at org.gradle.execution.DefaultBuildExecuter.configure(DefaultBuildExecuter.java:42)
	at org.gradle.execution.DefaultBuildExecuter.access$100(DefaultBuildExecuter.java:23)
	at org.gradle.execution.DefaultBuildExecuter$1.proceed(DefaultBuildExecuter.java:48)
	at org.gradle.execution.DefaultTasksBuildExecutionAction.configure(DefaultTasksBuildExecutionAction.java:44)
	at org.gradle.execution.DefaultBuildExecuter.configure(DefaultBuildExecuter.java:42)
	at org.gradle.execution.DefaultBuildExecuter.select(DefaultBuildExecuter.java:35)
	at org.gradle.initialization.DefaultGradleLauncher.doBuildStages(DefaultGradleLauncher.java:142)
	at org.gradle.initialization.DefaultGradleLauncher.doBuild(DefaultGradleLauncher.java:106)
	at org.gradle.initialization.DefaultGradleLauncher.run(DefaultGradleLauncher.java:86)
	at org.gradle.launcher.exec.InProcessBuildActionExecuter$DefaultBuildController.run(InProcessBuildActionExecuter.java:80)
	at org.gradle.launcher.cli.ExecuteBuildAction.run(ExecuteBuildAction.java:33)
	at org.gradle.launcher.cli.ExecuteBuildAction.run(ExecuteBuildAction.java:24)
	at org.gradle.launcher.exec.InProcessBuildActionExecuter.execute(InProcessBuildActionExecuter.java:36)
	at org.gradle.launcher.exec.InProcessBuildActionExecuter.execute(InProcessBuildActionExecuter.java:26)
	at org.gradle.launcher.cli.RunBuildAction.run(RunBuildAction.java:51)
	at org.gradle.internal.Actions$RunnableActionAdapter.execute(Actions.java:171)
	at org.gradle.launcher.cli.CommandLineActionFactory$ParseAndBuildAction.execute(CommandLineActionFactory.java:237)
	at org.gradle.launcher.cli.CommandLineActionFactory$ParseAndBuildAction.execute(CommandLineActionFactory.java:210)
	at org.gradle.launcher.cli.JavaRuntimeValidationAction.execute(JavaRuntimeValidationAction.java:35)
	at org.gradle.launcher.cli.JavaRuntimeValidationAction.execute(JavaRuntimeValidationAction.java:24)
	at org.gradle.launcher.cli.CommandLineActionFactory$WithLogging.execute(CommandLineActionFactory.java:206)
	at org.gradle.launcher.cli.CommandLineActionFactory$WithLogging.execute(CommandLineActionFactory.java:169)
	at org.gradle.launcher.cli.ExceptionReportingAction.execute(ExceptionReportingAction.java:33)
	at org.gradle.launcher.cli.ExceptionReportingAction.execute(ExceptionReportingAction.java:22)
	at org.gradle.launcher.Main.doAction(Main.java:33)
	at org.gradle.launcher.bootstrap.EntryPoint.run(EntryPoint.java:45)
	at org.gradle.launcher.bootstrap.ProcessBootstrap.runNoExit(ProcessBootstrap.java:54)
	at org.gradle.launcher.bootstrap.ProcessBootstrap.run(ProcessBootstrap.java:35)
	at org.gradle.launcher.GradleMain.main(GradleMain.java:23)
	at org.gradle.wrapper.BootstrapMainStarter.start(BootstrapMainStarter.java:33)
	at org.gradle.wrapper.WrapperExecutor.execute(WrapperExecutor.java:130)
	at org.gradle.wrapper.GradleWrapperMain.main(GradleWrapperMain.java:48)
Caused by: org.gradle.api.artifacts.ResolveException: Could not resolve all dependencies for configuration ':wear:_debugCompile'.
	at org.gradle.api.internal.artifacts.ivyservice.DefaultLenientConfiguration.rethrowFailure(DefaultLenientConfiguration.java:52)
	at org.gradle.api.internal.artifacts.ivyservice.DefaultResolvedConfiguration.rethrowFailure(DefaultResolvedConfiguration.java:36)
	at org.gradle.api.internal.artifacts.ivyservice.DefaultResolvedConfiguration.getResolvedArtifacts(DefaultResolvedConfiguration.java:59)
	at org.gradle.api.internal.artifacts.ivyservice.SelfResolvingDependencyResolver$FilesAggregatingResolvedConfiguration.getResolvedArtifacts(SelfResolvingDependencyResolver.java:90)
	at org.gradle.api.internal.artifacts.ivyservice.ErrorHandlingArtifactDependencyResolver$ErrorHandlingResolvedConfiguration.getResolvedArtifacts(ErrorHandlingArtifactDependencyResolver.java:212)
	at com.android.build.gradle.BasePlugin.collectArtifacts(BasePlugin.groovy:3372)
	at com.android.build.gradle.BasePlugin.this$2$collectArtifacts(BasePlugin.groovy)
	at com.android.build.gradle.BasePlugin$this$2$collectArtifacts$3.callCurrent(Unknown Source)
	at com.android.build.gradle.BasePlugin$this$2$collectArtifacts$3.callCurrent(Unknown Source)
	at com.android.build.gradle.BasePlugin.resolveDependencyForConfig(BasePlugin.groovy:3263)
	at com.android.build.gradle.BasePlugin.this$2$resolveDependencyForConfig(BasePlugin.groovy)
	at com.android.build.gradle.BasePlugin$this$2$resolveDependencyForConfig$1.callCurrent(Unknown Source)
	at com.android.build.gradle.BasePlugin.resolveDependencies(BasePlugin.groovy:3174)
	at com.android.build.gradle.internal.VariantManager.createVariantData(VariantManager.java:464)
	at com.android.build.gradle.internal.VariantManager.createVariantDataForProductFlavors(VariantManager.java:550)
	at com.android.build.gradle.internal.VariantManager.populateVariantDataList(VariantManager.java:326)
	at com.android.build.gradle.internal.VariantManager.createAndroidTasks(VariantManager.java:212)
	at com.android.build.gradle.internal.VariantManager$createAndroidTasks.call(Unknown Source)
	at com.android.build.gradle.BasePlugin.createAndroidTasks(BasePlugin.groovy:463)
	at com.android.build.gradle.BasePlugin$_createTasks_closure9.doCall(BasePlugin.groovy:408)
	at org.gradle.listener.ClosureBackedMethodInvocationDispatch.dispatch(ClosureBackedMethodInvocationDispatch.java:40)
	at org.gradle.listener.ClosureBackedMethodInvocationDispatch.dispatch(ClosureBackedMethodInvocationDispatch.java:25)
	at org.gradle.listener.BroadcastDispatch.dispatch(BroadcastDispatch.java:83)
	at org.gradle.listener.BroadcastDispatch.dispatch(BroadcastDispatch.java:31)
	at org.gradle.messaging.dispatch.ProxyDispatchAdapter$DispatchingInvocationHandler.invoke(ProxyDispatchAdapter.java:93)
	at com.sun.proxy.$Proxy13.afterEvaluate(Unknown Source)
	at org.gradle.configuration.project.LifecycleProjectEvaluator.notifyAfterEvaluate(LifecycleProjectEvaluator.java:79)
	... 44 more
Caused by: org.gradle.internal.resolve.ModuleVersionNotFoundException: Could not find com.android.support:percent:26.0.0.
Searched in the following locations:
    https://jcenter.bintray.com/com/android/support/percent/26.0.0/percent-26.0.0.pom
    https://jcenter.bintray.com/com/android/support/percent/26.0.0/percent-26.0.0.jar
    file:/root/Applications/android-sdk/extras/android/m2repository/com/android/support/percent/26.0.0/percent-26.0.0.pom
    file:/root/Applications/android-sdk/extras/android/m2repository/com/android/support/percent/26.0.0/percent-26.0.0.jar
    file:/root/Applications/android-sdk/extras/google/m2repository/com/android/support/percent/26.0.0/percent-26.0.0.pom
    file:/root/Applications/android-sdk/extras/google/m2repository/com/android/support/percent/26.0.0/percent-26.0.0.jar
Required by:
    Teleport-master:wear:unspecified > com.google.android.support:wearable:2.0.5
	at org.gradle.internal.resolve.result.DefaultBuildableComponentResolveResult.notFound(DefaultBuildableComponentResolveResult.java:40)
	at org.gradle.api.internal.artifacts.ivyservice.ivyresolve.RepositoryChainDependencyResolver.resolve(RepositoryChainDependencyResolver.java:86)
	at org.gradle.api.internal.artifacts.ivyservice.ivyresolve.RepositoryChainAdapter.resolve(RepositoryChainAdapter.java:69)
	at org.gradle.api.internal.artifacts.ivyservice.clientmodule.ClientModuleResolver.resolve(ClientModuleResolver.java:44)
	at org.gradle.api.internal.artifacts.ivyservice.resolveengine.graph.DependencyGraphBuilder$ModuleVersionResolveState.resolve(DependencyGraphBuilder.java:577)
	at org.gradle.api.internal.artifacts.ivyservice.resolveengine.graph.DependencyGraphBuilder$ModuleVersionResolveState.getMetaData(DependencyGraphBuilder.java:587)
	at org.gradle.api.internal.artifacts.ivyservice.resolveengine.graph.DependencyGraphBuilder$DependencyEdge.calculateTargetConfigurations(DependencyGraphBuilder.java:272)
	at org.gradle.api.internal.artifacts.ivyservice.resolveengine.graph.DependencyGraphBuilder$DependencyEdge.attachToTargetConfigurations(DependencyGraphBuilder.java:246)
	at org.gradle.api.internal.artifacts.ivyservice.resolveengine.graph.DependencyGraphBuilder.traverseGraph(DependencyGraphBuilder.java:156)
	at org.gradle.api.internal.artifacts.ivyservice.resolveengine.graph.DependencyGraphBuilder.resolveDependencyGraph(DependencyGraphBuilder.java:94)
	at org.gradle.api.internal.artifacts.ivyservice.resolveengine.graph.DependencyGraphBuilder.resolve(DependencyGraphBuilder.java:84)
	at org.gradle.api.internal.artifacts.ivyservice.resolveengine.DefaultDependencyResolver$1.execute(DefaultDependencyResolver.java:122)
	at org.gradle.api.internal.artifacts.ivyservice.resolveengine.DefaultDependencyResolver$1.execute(DefaultDependencyResolver.java:88)
	at org.gradle.internal.Transformers$4.transform(Transformers.java:136)
	at org.gradle.api.internal.artifacts.ivyservice.DefaultIvyContextManager.withIvy(DefaultIvyContextManager.java:61)
	at org.gradle.api.internal.artifacts.ivyservice.DefaultIvyContextManager.withIvy(DefaultIvyContextManager.java:39)
	at org.gradle.api.internal.artifacts.ivyservice.resolveengine.DefaultDependencyResolver.resolve(DefaultDependencyResolver.java:88)
	at org.gradle.api.internal.artifacts.ivyservice.CacheLockingArtifactDependencyResolver$1.run(CacheLockingArtifactDependencyResolver.java:42)
	at org.gradle.internal.Factories$1.create(Factories.java:22)
	at org.gradle.cache.internal.DefaultCacheAccess.useCache(DefaultCacheAccess.java:187)
	at org.gradle.cache.internal.DefaultCacheAccess.useCache(DefaultCacheAccess.java:175)
	at org.gradle.cache.internal.DefaultPersistentDirectoryStore.useCache(DefaultPersistentDirectoryStore.java:106)
	at org.gradle.cache.internal.DefaultCacheFactory$ReferenceTrackingCache.useCache(DefaultCacheFactory.java:187)
	at org.gradle.api.internal.artifacts.ivyservice.DefaultCacheLockingManager.useCache(DefaultCacheLockingManager.java:64)
	at org.gradle.api.internal.artifacts.ivyservice.CacheLockingArtifactDependencyResolver.resolve(CacheLockingArtifactDependencyResolver.java:40)
	at org.gradle.api.internal.artifacts.ivyservice.SelfResolvingDependencyResolver.resolve(SelfResolvingDependencyResolver.java:45)
	at org.gradle.api.internal.artifacts.ivyservice.ShortcircuitEmptyConfigsArtifactDependencyResolver.resolve(ShortcircuitEmptyConfigsArtifactDependencyResolver.java:55)
	at org.gradle.api.internal.artifacts.ivyservice.ErrorHandlingArtifactDependencyResolver.resolve(ErrorHandlingArtifactDependencyResolver.java:47)
	at org.gradle.api.internal.artifacts.ivyservice.DefaultConfigurationResolver.resolve(DefaultConfigurationResolver.java:46)
	at org.gradle.api.internal.artifacts.configurations.DefaultConfiguration.resolveNow(DefaultConfiguration.java:250)
	at org.gradle.api.internal.artifacts.configurations.DefaultConfiguration.getResolvedConfiguration(DefaultConfiguration.java:240)
	at org.gradle.api.internal.artifacts.configurations.DefaultConfiguration_Decorated.getResolvedConfiguration(Unknown Source)
	at org.gradle.api.internal.BeanDynamicObject$MetaClassAdapter.getProperty(BeanDynamicObject.java:153)
	at org.gradle.api.internal.BeanDynamicObject.getProperty(BeanDynamicObject.java:107)
	at org.gradle.api.internal.CompositeDynamicObject.getProperty(CompositeDynamicObject.java:78)
	at org.gradle.api.internal.artifacts.configurations.DefaultConfiguration_Decorated.getProperty(Unknown Source)
	... 66 more


BUILD FAILED

Total time: 12.254 secs

2018-04-08 12:57:10,217 INFO  ProjectTaskService - Detecting possible tasks...
2018-04-08 12:57:10,217 INFO  SysUtils - Execute command: [/tmp/rdisk/1023/src/Teleport-master/gradlew, -b, /tmp/rdisk/1023/src/Teleport-master/build.gradle, -Dorg.gradle.daemon=false, -Dorg.gradle.daemon.performance.enable-monitoring=false, -Dorg.gradle.configureondemand=true, tasks]
2018-04-08 12:57:22,967 ERROR ProjectTaskService - Could not detect possible Gradle tasks: Process exited with an error: 1 (Exit value: 1)
2018-04-08 12:57:22,967 INFO  ProjectTaskService - Detected possible tasks: 0
2018-04-08 12:57:22,968 INFO  ProjectTaskService - Excluded tasks (0): none
2018-04-08 12:57:22,968 INFO  SysUtils - Execute command: [/tmp/rdisk/1023/src/Teleport-master/gradlew, -b, /tmp/rdisk/1023/src/Teleport-master/build.gradle, -Dorg.gradle.daemon=false, -Dorg.gradle.daemon.performance.enable-monitoring=false, -Dorg.gradle.configureondemand=true, --stacktrace, build]
2018-04-08 12:57:35,897 ERROR SysUtils - Could not process external command
org.apache.commons.exec.ExecuteException: Process exited with an error: 1 (Exit value: 1)
	at org.apache.commons.exec.DefaultExecutor.executeInternal(DefaultExecutor.java:404)
	at org.apache.commons.exec.DefaultExecutor.execute(DefaultExecutor.java:166)
	at com.github.vbauer.apkmaster.util.SysUtils.execute(SysUtils.java:67)
	at com.github.vbauer.apkmaster.util.SysUtils.executeSimple(SysUtils.java:43)
	at com.github.vbauer.apkmaster.service.assembly.ProjectBuildService.buildProject(ProjectBuildService.java:78)
	at com.github.vbauer.apkmaster.service.assembly.ProjectBuildService.buildProject(ProjectBuildService.java:64)
	at com.github.vbauer.apkmaster.service.assembly.ProjectBuildService.buildProject(ProjectBuildService.java:43)
	at com.github.vbauer.apkmaster.service.FullProcessService.build(FullProcessService.java:84)
	at com.github.vbauer.apkmaster.service.FullProcessService.process(FullProcessService.java:34)
	at com.github.vbauer.apkmaster.app.MainApplication.process(MainApplication.java:38)
	at com.github.vbauer.apkmaster.app.MainApplication.main(MainApplication.java:20)
	at sun.reflect.GeneratedMethodAccessor9.invoke(Unknown Source)
	at sun.reflect.DelegatingMethodAccessorImpl.invoke(DelegatingMethodAccessorImpl.java:43)
	at java.lang.reflect.Method.invoke(Method.java:498)
	at com.android.arsenal.util.ReflectionUtils.invoke(ReflectionUtils.java:42)
	at com.android.arsenal.util.ApkMasterUtils.main(ApkMasterUtils.java:30)
	at com.android.arsenal.service.processor.impl.BuildProcessorServiceImpl.buildProject(BuildProcessorServiceImpl.java:197)
	at com.android.arsenal.service.processor.impl.BuildProcessorServiceImpl.build(BuildProcessorServiceImpl.java:131)
	at com.android.arsenal.service.processor.impl.BuildProcessorServiceImpl.lambda$null$1(BuildProcessorServiceImpl.java:114)
	at java.util.concurrent.FutureTask.run(FutureTask.java:266)
	at java.util.concurrent.Executors$RunnableAdapter.call(Executors.java:511)
	at java.util.concurrent.FutureTask.run(FutureTask.java:266)
	at java.util.concurrent.ThreadPoolExecutor.runWorker(ThreadPoolExecutor.java:1149)
	at java.util.concurrent.ThreadPoolExecutor$Worker.run(ThreadPoolExecutor.java:624)
	at java.lang.Thread.run(Thread.java:748)
2018-04-08 12:57:35,898 INFO  SysUtils - Configuration on demand is an incubating feature.
signing.properties not found
signing.properties not found

FAILURE: Build failed with an exception.

* What went wrong:
A problem occurred configuring project ':mobile'.
> Could not resolve all dependencies for configuration ':mobile:_debugCompile'.
   > A problem occurred configuring project ':wear'.
      > Could not resolve all dependencies for configuration ':wear:_debugCompile'.
         > Could not find com.android.support:percent:26.0.0.
           Searched in the following locations:
               https://jcenter.bintray.com/com/android/support/percent/26.0.0/percent-26.0.0.pom
               https://jcenter.bintray.com/com/android/support/percent/26.0.0/percent-26.0.0.jar
               file:/root/Applications/android-sdk/extras/android/m2repository/com/android/support/percent/26.0.0/percent-26.0.0.pom
               file:/root/Applications/android-sdk/extras/android/m2repository/com/android/support/percent/26.0.0/percent-26.0.0.jar
               file:/root/Applications/android-sdk/extras/google/m2repository/com/android/support/percent/26.0.0/percent-26.0.0.pom
               file:/root/Applications/android-sdk/extras/google/m2repository/com/android/support/percent/26.0.0/percent-26.0.0.jar
           Required by:
               Teleport-master:wear:unspecified > com.google.android.support:wearable:2.0.5
         > Could not find com.android.support:support-v4:26.0.0.
           Searched in the following locations:
               https://jcenter.bintray.com/com/android/support/support-v4/26.0.0/support-v4-26.0.0.pom
               https://jcenter.bintray.com/com/android/support/support-v4/26.0.0/support-v4-26.0.0.jar
               file:/root/Applications/android-sdk/extras/android/m2repository/com/android/support/support-v4/26.0.0/support-v4-26.0.0.pom
               file:/root/Applications/android-sdk/extras/android/m2repository/com/android/support/support-v4/26.0.0/support-v4-26.0.0.jar
               file:/root/Applications/android-sdk/extras/google/m2repository/com/android/support/support-v4/26.0.0/support-v4-26.0.0.pom
               file:/root/Applications/android-sdk/extras/google/m2repository/com/android/support/support-v4/26.0.0/support-v4-26.0.0.jar
           Required by:
               Teleport-master:wear:unspecified > com.google.android.support:wearable:2.0.5
         > Could not find com.android.support:support-annotations:26.0.0.
           Searched in the following locations:
               https://jcenter.bintray.com/com/android/support/support-annotations/26.0.0/support-annotations-26.0.0.pom
               https://jcenter.bintray.com/com/android/support/support-annotations/26.0.0/support-annotations-26.0.0.jar
               file:/root/Applications/android-sdk/extras/android/m2repository/com/android/support/support-annotations/26.0.0/support-annotations-26.0.0.pom
               file:/root/Applications/android-sdk/extras/android/m2repository/com/android/support/support-annotations/26.0.0/support-annotations-26.0.0.jar
               file:/root/Applications/android-sdk/extras/google/m2repository/com/android/support/support-annotations/26.0.0/support-annotations-26.0.0.pom
               file:/root/Applications/android-sdk/extras/google/m2repository/com/android/support/support-annotations/26.0.0/support-annotations-26.0.0.jar
           Required by:
               Teleport-master:wear:unspecified > com.google.android.support:wearable:2.0.5
         > Could not find com.android.support:recyclerview-v7:26.0.0.
           Searched in the following locations:
               https://jcenter.bintray.com/com/android/support/recyclerview-v7/26.0.0/recyclerview-v7-26.0.0.pom
               https://jcenter.bintray.com/com/android/support/recyclerview-v7/26.0.0/recyclerview-v7-26.0.0.jar
               file:/root/Applications/android-sdk/extras/android/m2repository/com/android/support/recyclerview-v7/26.0.0/recyclerview-v7-26.0.0.pom
               file:/root/Applications/android-sdk/extras/android/m2repository/com/android/support/recyclerview-v7/26.0.0/recyclerview-v7-26.0.0.jar
               file:/root/Applications/android-sdk/extras/google/m2repository/com/android/support/recyclerview-v7/26.0.0/recyclerview-v7-26.0.0.pom
               file:/root/Applications/android-sdk/extras/google/m2repository/com/android/support/recyclerview-v7/26.0.0/recyclerview-v7-26.0.0.jar
           Required by:
               Teleport-master:wear:unspecified > com.google.android.support:wearable:2.0.5
         > Could not find com.android.support:support-v4:26.0.0.
           Searched in the following locations:
               https://jcenter.bintray.com/com/android/support/support-v4/26.0.0/support-v4-26.0.0.pom
               https://jcenter.bintray.com/com/android/support/support-v4/26.0.0/support-v4-26.0.0.jar
               file:/root/Applications/android-sdk/extras/android/m2repository/com/android/support/support-v4/26.0.0/support-v4-26.0.0.pom
               file:/root/Applications/android-sdk/extras/android/m2repository/com/android/support/support-v4/26.0.0/support-v4-26.0.0.jar
               file:/root/Applications/android-sdk/extras/google/m2repository/com/android/support/support-v4/26.0.0/support-v4-26.0.0.pom
               file:/root/Applications/android-sdk/extras/google/m2repository/com/android/support/support-v4/26.0.0/support-v4-26.0.0.jar
           Required by:
               Teleport-master:wear:unspecified > com.google.android.gms:play-services-wearable:11.0.4 > com.google.android.gms:play-services-basement:11.0.4

* Try:
Run with --info or --debug option to get more log output.

* Exception is:
org.gradle.api.ProjectConfigurationException: A problem occurred configuring project ':mobile'.
	at org.gradle.configuration.project.LifecycleProjectEvaluator.addConfigurationFailure(LifecycleProjectEvaluator.java:91)
	at org.gradle.configuration.project.LifecycleProjectEvaluator.notifyAfterEvaluate(LifecycleProjectEvaluator.java:86)
	at org.gradle.configuration.project.LifecycleProjectEvaluator.evaluate(LifecycleProjectEvaluator.java:65)
	at org.gradle.api.internal.project.AbstractProject.evaluate(AbstractProject.java:504)
	at org.gradle.api.internal.project.AbstractProject.evaluate(AbstractProject.java:83)
	at org.gradle.execution.TaskPathProjectEvaluator.configureHierarchy(TaskPathProjectEvaluator.java:47)
	at org.gradle.execution.TaskSelector.getSelection(TaskSelector.java:85)
	at org.gradle.execution.TaskSelector.getSelection(TaskSelector.java:76)
	at org.gradle.execution.commandline.CommandLineTaskParser.parseTasks(CommandLineTaskParser.java:42)
	at org.gradle.execution.TaskNameResolvingBuildConfigurationAction.configure(TaskNameResolvingBuildConfigurationAction.java:44)
	at org.gradle.execution.DefaultBuildExecuter.configure(DefaultBuildExecuter.java:42)
	at org.gradle.execution.DefaultBuildExecuter.access$100(DefaultBuildExecuter.java:23)
	at org.gradle.execution.DefaultBuildExecuter$1.proceed(DefaultBuildExecuter.java:48)
	at org.gradle.execution.ExcludedTaskFilteringBuildConfigurationAction.configure(ExcludedTaskFilteringBuildConfigurationAction.java:47)
	at org.gradle.execution.DefaultBuildExecuter.configure(DefaultBuildExecuter.java:42)
	at org.gradle.execution.DefaultBuildExecuter.access$100(DefaultBuildExecuter.java:23)
	at org.gradle.execution.DefaultBuildExecuter$1.proceed(DefaultBuildExecuter.java:48)
	at org.gradle.execution.DefaultTasksBuildExecutionAction.configure(DefaultTasksBuildExecutionAction.java:44)
	at org.gradle.execution.DefaultBuildExecuter.configure(DefaultBuildExecuter.java:42)
	at org.gradle.execution.DefaultBuildExecuter.select(DefaultBuildExecuter.java:35)
	at org.gradle.initialization.DefaultGradleLauncher.doBuildStages(DefaultGradleLauncher.java:142)
	at org.gradle.initialization.DefaultGradleLauncher.doBuild(DefaultGradleLauncher.java:106)
	at org.gradle.initialization.DefaultGradleLauncher.run(DefaultGradleLauncher.java:86)
	at org.gradle.launcher.exec.InProcessBuildActionExecuter$DefaultBuildController.run(InProcessBuildActionExecuter.java:80)
	at org.gradle.launcher.cli.ExecuteBuildAction.run(ExecuteBuildAction.java:33)
	at org.gradle.launcher.cli.ExecuteBuildAction.run(ExecuteBuildAction.java:24)
	at org.gradle.launcher.exec.InProcessBuildActionExecuter.execute(InProcessBuildActionExecuter.java:36)
	at org.gradle.launcher.exec.InProcessBuildActionExecuter.execute(InProcessBuildActionExecuter.java:26)
	at org.gradle.launcher.cli.RunBuildAction.run(RunBuildAction.java:51)
	at org.gradle.internal.Actions$RunnableActionAdapter.execute(Actions.java:171)
	at org.gradle.launcher.cli.CommandLineActionFactory$ParseAndBuildAction.execute(CommandLineActionFactory.java:237)
	at org.gradle.launcher.cli.CommandLineActionFactory$ParseAndBuildAction.execute(CommandLineActionFactory.java:210)
	at org.gradle.launcher.cli.JavaRuntimeValidationAction.execute(JavaRuntimeValidationAction.java:35)
	at org.gradle.launcher.cli.JavaRuntimeValidationAction.execute(JavaRuntimeValidationAction.java:24)
	at org.gradle.launcher.cli.CommandLineActionFactory$WithLogging.execute(CommandLineActionFactory.java:206)
	at org.gradle.launcher.cli.CommandLineActionFactory$WithLogging.execute(CommandLineActionFactory.java:169)
	at org.gradle.launcher.cli.ExceptionReportingAction.execute(ExceptionReportingAction.java:33)
	at org.gradle.launcher.cli.ExceptionReportingAction.execute(ExceptionReportingAction.java:22)
	at org.gradle.launcher.Main.doAction(Main.java:33)
	at org.gradle.launcher.bootstrap.EntryPoint.run(EntryPoint.java:45)
	at org.gradle.launcher.bootstrap.ProcessBootstrap.runNoExit(ProcessBootstrap.java:54)
	at org.gradle.launcher.bootstrap.ProcessBootstrap.run(ProcessBootstrap.java:35)
	at org.gradle.launcher.GradleMain.main(GradleMain.java:23)
	at org.gradle.wrapper.BootstrapMainStarter.start(BootstrapMainStarter.java:33)
	at org.gradle.wrapper.WrapperExecutor.execute(WrapperExecutor.java:130)
	at org.gradle.wrapper.GradleWrapperMain.main(GradleWrapperMain.java:48)
Caused by: org.gradle.api.artifacts.ResolveException: Could not resolve all dependencies for configuration ':mobile:_debugCompile'.
	at org.gradle.api.internal.artifacts.ivyservice.ErrorHandlingArtifactDependencyResolver.wrapException(ErrorHandlingArtifactDependencyResolver.java:61)
	at org.gradle.api.internal.artifacts.ivyservice.ErrorHandlingArtifactDependencyResolver.access$000(ErrorHandlingArtifactDependencyResolver.java:35)
	at org.gradle.api.internal.artifacts.ivyservice.ErrorHandlingArtifactDependencyResolver$BrokenResolvedConfiguration.getResolvedArtifacts(ErrorHandlingArtifactDependencyResolver.java:253)
	at com.android.build.gradle.BasePlugin.collectArtifacts(BasePlugin.groovy:3372)
	at com.android.build.gradle.BasePlugin.this$2$collectArtifacts(BasePlugin.groovy)
	at com.android.build.gradle.BasePlugin$this$2$collectArtifacts$3.callCurrent(Unknown Source)
	at com.android.build.gradle.BasePlugin$this$2$collectArtifacts$3.callCurrent(Unknown Source)
	at com.android.build.gradle.BasePlugin.resolveDependencyForConfig(BasePlugin.groovy:3263)
	at com.android.build.gradle.BasePlugin.this$2$resolveDependencyForConfig(BasePlugin.groovy)
	at com.android.build.gradle.BasePlugin$this$2$resolveDependencyForConfig$1.callCurrent(Unknown Source)
	at com.android.build.gradle.BasePlugin.resolveDependencies(BasePlugin.groovy:3174)
	at com.android.build.gradle.internal.VariantManager.createVariantData(VariantManager.java:464)
	at com.android.build.gradle.internal.VariantManager.createVariantDataForProductFlavors(VariantManager.java:550)
	at com.android.build.gradle.internal.VariantManager.populateVariantDataList(VariantManager.java:326)
	at com.android.build.gradle.internal.VariantManager.createAndroidTasks(VariantManager.java:212)
	at com.android.build.gradle.internal.VariantManager$createAndroidTasks.call(Unknown Source)
	at com.android.build.gradle.BasePlugin.createAndroidTasks(BasePlugin.groovy:463)
	at com.android.build.gradle.BasePlugin$_createTasks_closure9.doCall(BasePlugin.groovy:408)
	at org.gradle.listener.ClosureBackedMethodInvocationDispatch.dispatch(ClosureBackedMethodInvocationDispatch.java:40)
	at org.gradle.listener.ClosureBackedMethodInvocationDispatch.dispatch(ClosureBackedMethodInvocationDispatch.java:25)
	at org.gradle.listener.BroadcastDispatch.dispatch(BroadcastDispatch.java:83)
	at org.gradle.listener.BroadcastDispatch.dispatch(BroadcastDispatch.java:31)
	at org.gradle.messaging.dispatch.ProxyDispatchAdapter$DispatchingInvocationHandler.invoke(ProxyDispatchAdapter.java:93)
	at com.sun.proxy.$Proxy13.afterEvaluate(Unknown Source)
	at org.gradle.configuration.project.LifecycleProjectEvaluator.notifyAfterEvaluate(LifecycleProjectEvaluator.java:79)
	... 44 more
Caused by: org.gradle.api.ProjectConfigurationException: A problem occurred configuring project ':wear'.
	at org.gradle.configuration.project.LifecycleProjectEvaluator.addConfigurationFailure(LifecycleProjectEvaluator.java:91)
	at org.gradle.configuration.project.LifecycleProjectEvaluator.notifyAfterEvaluate(LifecycleProjectEvaluator.java:86)
	at org.gradle.configuration.project.LifecycleProjectEvaluator.evaluate(LifecycleProjectEvaluator.java:65)
	at org.gradle.api.internal.project.AbstractProject.evaluate(AbstractProject.java:504)
	at org.gradle.api.internal.project.AbstractProject.evaluate(AbstractProject.java:83)
	at org.gradle.api.internal.project.DefaultProjectAccessListener.beforeResolvingProjectDependency(DefaultProjectAccessListener.java:28)
	at org.gradle.api.internal.artifacts.dependencies.DefaultProjectDependency.beforeResolved(DefaultProjectDependency.java:90)
	at org.gradle.api.internal.artifacts.ivyservice.moduleconverter.dependencies.ProjectIvyDependencyDescriptorFactory.createDependencyDescriptor(ProjectIvyDependencyDescriptorFactory.java:38)
	at org.gradle.api.internal.artifacts.ivyservice.moduleconverter.dependencies.ProjectIvyDependencyDescriptorFactory.createDependencyDescriptor(ProjectIvyDependencyDescriptorFactory.java:31)
	at org.gradle.api.internal.artifacts.ivyservice.moduleconverter.dependencies.DefaultDependencyDescriptorFactory.createDependencyDescriptor(DefaultDependencyDescriptorFactory.java:36)
	at org.gradle.api.internal.artifacts.ivyservice.moduleconverter.dependencies.DefaultDependenciesToModuleDescriptorConverter.addDependencies(DefaultDependenciesToModuleDescriptorConverter.java:45)
	at org.gradle.api.internal.artifacts.ivyservice.moduleconverter.dependencies.DefaultDependenciesToModuleDescriptorConverter.addDependencyDescriptors(DefaultDependenciesToModuleDescriptorConverter.java:38)
	at org.gradle.api.internal.artifacts.ivyservice.moduleconverter.ResolveLocalComponentFactory.convert(ResolveLocalComponentFactory.java:58)
	at org.gradle.api.internal.artifacts.ivyservice.projectmodule.ProjectDependencyResolver.resolve(ProjectDependencyResolver.java:53)
	at org.gradle.api.internal.artifacts.ivyservice.resolveengine.graph.DependencyGraphBuilder.resolveDependencyGraph(DependencyGraphBuilder.java:89)
	at org.gradle.api.internal.artifacts.ivyservice.resolveengine.graph.DependencyGraphBuilder.resolve(DependencyGraphBuilder.java:84)
	at org.gradle.api.internal.artifacts.ivyservice.resolveengine.DefaultDependencyResolver$1.execute(DefaultDependencyResolver.java:122)
	at org.gradle.api.internal.artifacts.ivyservice.resolveengine.DefaultDependencyResolver$1.execute(DefaultDependencyResolver.java:88)
	at org.gradle.internal.Transformers$4.transform(Transformers.java:136)
	at org.gradle.api.internal.artifacts.ivyservice.DefaultIvyContextManager.withIvy(DefaultIvyContextManager.java:61)
	at org.gradle.api.internal.artifacts.ivyservice.DefaultIvyContextManager.withIvy(DefaultIvyContextManager.java:39)
	at org.gradle.api.internal.artifacts.ivyservice.resolveengine.DefaultDependencyResolver.resolve(DefaultDependencyResolver.java:88)
	at org.gradle.api.internal.artifacts.ivyservice.CacheLockingArtifactDependencyResolver$1.run(CacheLockingArtifactDependencyResolver.java:42)
	at org.gradle.internal.Factories$1.create(Factories.java:22)
	at org.gradle.cache.internal.DefaultCacheAccess.useCache(DefaultCacheAccess.java:187)
	at org.gradle.cache.internal.DefaultCacheAccess.useCache(DefaultCacheAccess.java:175)
	at org.gradle.cache.internal.DefaultPersistentDirectoryStore.useCache(DefaultPersistentDirectoryStore.java:106)
	at org.gradle.cache.internal.DefaultCacheFactory$ReferenceTrackingCache.useCache(DefaultCacheFactory.java:187)
	at org.gradle.api.internal.artifacts.ivyservice.DefaultCacheLockingManager.useCache(DefaultCacheLockingManager.java:64)
	at org.gradle.api.internal.artifacts.ivyservice.CacheLockingArtifactDependencyResolver.resolve(CacheLockingArtifactDependencyResolver.java:40)
	at org.gradle.api.internal.artifacts.ivyservice.SelfResolvingDependencyResolver.resolve(SelfResolvingDependencyResolver.java:45)
	at org.gradle.api.internal.artifacts.ivyservice.ShortcircuitEmptyConfigsArtifactDependencyResolver.resolve(ShortcircuitEmptyConfigsArtifactDependencyResolver.java:55)
	at org.gradle.api.internal.artifacts.ivyservice.ErrorHandlingArtifactDependencyResolver.resolve(ErrorHandlingArtifactDependencyResolver.java:47)
	at org.gradle.api.internal.artifacts.ivyservice.DefaultConfigurationResolver.resolve(DefaultConfigurationResolver.java:46)
	at org.gradle.api.internal.artifacts.configurations.DefaultConfiguration.resolveNow(DefaultConfiguration.java:250)
	at org.gradle.api.internal.artifacts.configurations.DefaultConfiguration.getResolvedConfiguration(DefaultConfiguration.java:240)
	at org.gradle.api.internal.artifacts.configurations.DefaultConfiguration_Decorated.getResolvedConfiguration(Unknown Source)
	at org.gradle.api.internal.BeanDynamicObject$MetaClassAdapter.getProperty(BeanDynamicObject.java:153)
	at org.gradle.api.internal.BeanDynamicObject.getProperty(BeanDynamicObject.java:107)
	at org.gradle.api.internal.CompositeDynamicObject.getProperty(CompositeDynamicObject.java:78)
	at org.gradle.api.internal.artifacts.configurations.DefaultConfiguration_Decorated.getProperty(Unknown Source)
	... 66 more
Caused by: org.gradle.api.artifacts.ResolveException: Could not resolve all dependencies for configuration ':wear:_debugCompile'.
	at org.gradle.api.internal.artifacts.ivyservice.DefaultLenientConfiguration.rethrowFailure(DefaultLenientConfiguration.java:52)
	at org.gradle.api.internal.artifacts.ivyservice.DefaultResolvedConfiguration.rethrowFailure(DefaultResolvedConfiguration.java:36)
	at org.gradle.api.internal.artifacts.ivyservice.DefaultResolvedConfiguration.getResolvedArtifacts(DefaultResolvedConfiguration.java:59)
	at org.gradle.api.internal.artifacts.ivyservice.SelfResolvingDependencyResolver$FilesAggregatingResolvedConfiguration.getResolvedArtifacts(SelfResolvingDependencyResolver.java:90)
	at org.gradle.api.internal.artifacts.ivyservice.ErrorHandlingArtifactDependencyResolver$ErrorHandlingResolvedConfiguration.getResolvedArtifacts(ErrorHandlingArtifactDependencyResolver.java:212)
	at com.android.build.gradle.BasePlugin.collectArtifacts(BasePlugin.groovy:3372)
	at com.android.build.gradle.BasePlugin.this$2$collectArtifacts(BasePlugin.groovy)
	at com.android.build.gradle.BasePlugin$this$2$collectArtifacts$3.callCurrent(Unknown Source)
	at com.android.build.gradle.BasePlugin.resolveDependencyForConfig(BasePlugin.groovy:3263)
	at com.android.build.gradle.BasePlugin.this$2$resolveDependencyForConfig(BasePlugin.groovy)
	at com.android.build.gradle.BasePlugin$this$2$resolveDependencyForConfig$1.callCurrent(Unknown Source)
	at com.android.build.gradle.BasePlugin$this$2$resolveDependencyForConfig$1.callCurrent(Unknown Source)
	at com.android.build.gradle.BasePlugin.resolveDependencies(BasePlugin.groovy:3174)
	at com.android.build.gradle.internal.VariantManager.createVariantData(VariantManager.java:464)
	at com.android.build.gradle.internal.VariantManager.createVariantDataForProductFlavors(VariantManager.java:550)
	at com.android.build.gradle.internal.VariantManager.populateVariantDataList(VariantManager.java:326)
	at com.android.build.gradle.internal.VariantManager.createAndroidTasks(VariantManager.java:212)
	at com.android.build.gradle.internal.VariantManager$createAndroidTasks.call(Unknown Source)
	at com.android.build.gradle.BasePlugin.createAndroidTasks(BasePlugin.groovy:463)
	at com.android.build.gradle.BasePlugin$_createTasks_closure9.doCall(BasePlugin.groovy:408)
	at org.gradle.listener.ClosureBackedMethodInvocationDispatch.dispatch(ClosureBackedMethodInvocationDispatch.java:40)
	at org.gradle.listener.ClosureBackedMethodInvocationDispatch.dispatch(ClosureBackedMethodInvocationDispatch.java:25)
	at org.gradle.listener.BroadcastDispatch.dispatch(BroadcastDispatch.java:83)
	at org.gradle.listener.BroadcastDispatch.dispatch(BroadcastDispatch.java:31)
	at org.gradle.messaging.dispatch.ProxyDispatchAdapter$DispatchingInvocationHandler.invoke(ProxyDispatchAdapter.java:93)
	at com.sun.proxy.$Proxy13.afterEvaluate(Unknown Source)
	at org.gradle.configuration.project.LifecycleProjectEvaluator.notifyAfterEvaluate(LifecycleProjectEvaluator.java:79)
	... 105 more
Caused by: org.gradle.internal.resolve.ModuleVersionNotFoundException: Could not find com.android.support:percent:26.0.0.
Searched in the following locations:
    https://jcenter.bintray.com/com/android/support/percent/26.0.0/percent-26.0.0.pom
    https://jcenter.bintray.com/com/android/support/percent/26.0.0/percent-26.0.0.jar
    file:/root/Applications/android-sdk/extras/android/m2repository/com/android/support/percent/26.0.0/percent-26.0.0.pom
    file:/root/Applications/android-sdk/extras/android/m2repository/com/android/support/percent/26.0.0/percent-26.0.0.jar
    file:/root/Applications/android-sdk/extras/google/m2repository/com/android/support/percent/26.0.0/percent-26.0.0.pom
    file:/root/Applications/android-sdk/extras/google/m2repository/com/android/support/percent/26.0.0/percent-26.0.0.jar
Required by:
    Teleport-master:wear:unspecified > com.google.android.support:wearable:2.0.5
	at org.gradle.internal.resolve.result.DefaultBuildableComponentResolveResult.notFound(DefaultBuildableComponentResolveResult.java:40)
	at org.gradle.api.internal.artifacts.ivyservice.ivyresolve.RepositoryChainDependencyResolver.resolve(RepositoryChainDependencyResolver.java:86)
	at org.gradle.api.internal.artifacts.ivyservice.ivyresolve.RepositoryChainAdapter.resolve(RepositoryChainAdapter.java:69)
	at org.gradle.api.internal.artifacts.ivyservice.clientmodule.ClientModuleResolver.resolve(ClientModuleResolver.java:44)
	at org.gradle.api.internal.artifacts.ivyservice.resolveengine.graph.DependencyGraphBuilder$ModuleVersionResolveState.resolve(DependencyGraphBuilder.java:577)
	at org.gradle.api.internal.artifacts.ivyservice.resolveengine.graph.DependencyGraphBuilder$ModuleVersionResolveState.getMetaData(DependencyGraphBuilder.java:587)
	at org.gradle.api.internal.artifacts.ivyservice.resolveengine.graph.DependencyGraphBuilder$DependencyEdge.calculateTargetConfigurations(DependencyGraphBuilder.java:272)
	at org.gradle.api.internal.artifacts.ivyservice.resolveengine.graph.DependencyGraphBuilder$DependencyEdge.attachToTargetConfigurations(DependencyGraphBuilder.java:246)
	at org.gradle.api.internal.artifacts.ivyservice.resolveengine.graph.DependencyGraphBuilder.traverseGraph(DependencyGraphBuilder.java:156)
	at org.gradle.api.internal.artifacts.ivyservice.resolveengine.graph.DependencyGraphBuilder.resolveDependencyGraph(DependencyGraphBuilder.java:94)
	at org.gradle.api.internal.artifacts.ivyservice.resolveengine.graph.DependencyGraphBuilder.resolve(DependencyGraphBuilder.java:84)
	at org.gradle.api.internal.artifacts.ivyservice.resolveengine.DefaultDependencyResolver$1.execute(DefaultDependencyResolver.java:122)
	at org.gradle.api.internal.artifacts.ivyservice.resolveengine.DefaultDependencyResolver$1.execute(DefaultDependencyResolver.java:88)
	at org.gradle.internal.Transformers$4.transform(Transformers.java:136)
	at org.gradle.api.internal.artifacts.ivyservice.DefaultIvyContextManager.withIvy(DefaultIvyContextManager.java:48)
	at org.gradle.api.internal.artifacts.ivyservice.DefaultIvyContextManager.withIvy(DefaultIvyContextManager.java:39)
	at org.gradle.api.internal.artifacts.ivyservice.resolveengine.DefaultDependencyResolver.resolve(DefaultDependencyResolver.java:88)
	at org.gradle.api.internal.artifacts.ivyservice.CacheLockingArtifactDependencyResolver$1.run(CacheLockingArtifactDependencyResolver.java:42)
	at org.gradle.internal.Factories$1.create(Factories.java:22)
	at org.gradle.cache.internal.DefaultCacheAccess.useCache(DefaultCacheAccess.java:187)
	at org.gradle.cache.internal.DefaultCacheAccess.useCache(DefaultCacheAccess.java:175)
	at org.gradle.cache.internal.DefaultPersistentDirectoryStore.useCache(DefaultPersistentDirectoryStore.java:106)
	at org.gradle.cache.internal.DefaultCacheFactory$ReferenceTrackingCache.useCache(DefaultCacheFactory.java:187)
	at org.gradle.api.internal.artifacts.ivyservice.DefaultCacheLockingManager.useCache(DefaultCacheLockingManager.java:64)
	at org.gradle.api.internal.artifacts.ivyservice.CacheLockingArtifactDependencyResolver.resolve(CacheLockingArtifactDependencyResolver.java:40)
	at org.gradle.api.internal.artifacts.ivyservice.SelfResolvingDependencyResolver.resolve(SelfResolvingDependencyResolver.java:45)
	at org.gradle.api.internal.artifacts.ivyservice.ShortcircuitEmptyConfigsArtifactDependencyResolver.resolve(ShortcircuitEmptyConfigsArtifactDependencyResolver.java:55)
	at org.gradle.api.internal.artifacts.ivyservice.ErrorHandlingArtifactDependencyResolver.resolve(ErrorHandlingArtifactDependencyResolver.java:47)
	at org.gradle.api.internal.artifacts.ivyservice.DefaultConfigurationResolver.resolve(DefaultConfigurationResolver.java:46)
	at org.gradle.api.internal.artifacts.configurations.DefaultConfiguration.resolveNow(DefaultConfiguration.java:250)
	at org.gradle.api.internal.artifacts.configurations.DefaultConfiguration.getResolvedConfiguration(DefaultConfiguration.java:240)
	at org.gradle.api.internal.artifacts.configurations.DefaultConfiguration_Decorated.getResolvedConfiguration(Unknown Source)
	at org.gradle.api.internal.BeanDynamicObject$MetaClassAdapter.getProperty(BeanDynamicObject.java:153)
	at org.gradle.api.internal.BeanDynamicObject.getProperty(BeanDynamicObject.java:107)
	at org.gradle.api.internal.CompositeDynamicObject.getProperty(CompositeDynamicObject.java:78)
	at org.gradle.api.internal.artifacts.configurations.DefaultConfiguration_Decorated.getProperty(Unknown Source)
	... 127 more


BUILD FAILED

Total time: 12.463 secs

2018-04-08 12:57:35,927 ERROR FullProcessService - Project build has not produced APK file
2018-04-08 12:57:35,954 ERROR FullProcessService - Could not find generated or existed APK file
