2018-05-11 15:30:34,090 INFO  DownloadService - Downloading "https://github.com/pardom-zz/Ollie/archive/master.zip", attempt 3
2018-05-11 15:30:34,512 INFO  DownloadService - Downloaded https://github.com/pardom-zz/Ollie/archive/master.zip, attempt 3
2018-05-11 15:30:34,512 INFO  DownloadService - Size of file "/tmp/rdisk/1037/master.zip": 141 KB
2018-05-11 15:30:34,512 INFO  ArchiveUtils - Checking entries [.gradle] in ZIP file...
2018-05-11 15:30:34,512 INFO  ArchiveUtils - Has entries [.gradle] in ZIP file /tmp/rdisk/1037/master.zip: true
2018-05-11 15:30:34,513 DEBUG ZipUtil - Extracting '/tmp/rdisk/1037/master.zip' into '/tmp/rdisk/1037/src'.
2018-05-11 15:30:34,528 INFO  FullProcessService - Size of directory with sources: 243 KB
2018-05-11 15:30:34,528 INFO  SysUtils - Execute command: [git, init, /tmp/rdisk/1037/src]
2018-05-11 15:30:34,534 INFO  SysUtils - Initialized empty Git repository in /tmp/rdisk/1037/src/.git/

2018-05-11 15:30:34,537 INFO  ProjectBuildService - Gradle wrapper(s): /tmp/rdisk/1037/src/Ollie-master/gradlew
2018-05-11 15:30:34,541 INFO  ProjectBuildService - Build script(s): /tmp/rdisk/1037/src/Ollie-master/build.gradle /tmp/rdisk/1037/src/Ollie-master/compiler/build.gradle /tmp/rdisk/1037/src/Ollie-master/core/build.gradle
2018-05-11 15:30:34,544 INFO  ProjectBuildService - All script(s): /tmp/rdisk/1037/src/Ollie-master/settings.gradle /tmp/rdisk/1037/src/Ollie-master/gradle-mvn-push.gradle /tmp/rdisk/1037/src/Ollie-master/core/build.gradle /tmp/rdisk/1037/src/Ollie-master/compiler/build.gradle /tmp/rdisk/1037/src/Ollie-master/build.gradle
2018-05-11 15:30:34,544 INFO  ProjectBuildService - Remote scripts: none
2018-05-11 15:30:34,544 INFO  ProjectFixService - Fixing project...
2018-05-11 15:30:34,555 INFO  LocalPropertiesFixService - Created fake /tmp/rdisk/1037/src/Ollie-master/local.properties
2018-05-11 15:30:34,556 INFO  WrapperPropertiesFixService - Gradle wrapper: https://services.gradle.org/distributions/gradle-2.2.1-bin.zip
2018-05-11 15:30:34,558 INFO  ProjectFixService - Build info for "/tmp/rdisk/1037/src/Ollie-master/build.gradle": [buildToolsVersion=<null>,compileSdkVersion=<null>,minSdkVersion=<null>,targetSdkVersion=<null>]
2018-05-11 15:30:34,558 INFO  ProjectFixService - Fixed build info for "/tmp/rdisk/1037/src/Ollie-master/build.gradle": [buildToolsVersion=28.0.0-rc1,compileSdkVersion=27,minSdkVersion=27,targetSdkVersion=27]
2018-05-11 15:30:34,559 INFO  LocalPropertiesFixService - Created fake /tmp/rdisk/1037/src/Ollie-master/compiler/local.properties
2018-05-11 15:30:34,561 INFO  ProjectFixService - Build info for "/tmp/rdisk/1037/src/Ollie-master/compiler/build.gradle": [buildToolsVersion=<null>,compileSdkVersion=<null>,minSdkVersion=<null>,targetSdkVersion=<null>]
2018-05-11 15:30:34,561 INFO  ProjectFixService - Fixed build info for "/tmp/rdisk/1037/src/Ollie-master/compiler/build.gradle": [buildToolsVersion=28.0.0-rc1,compileSdkVersion=27,minSdkVersion=27,targetSdkVersion=27]
2018-05-11 15:30:34,562 INFO  LocalPropertiesFixService - Created fake /tmp/rdisk/1037/src/Ollie-master/core/local.properties
2018-05-11 15:30:34,564 INFO  ProjectFixService - Build info for "/tmp/rdisk/1037/src/Ollie-master/core/build.gradle": [buildToolsVersion=<null>,compileSdkVersion=<null>,minSdkVersion=<null>,targetSdkVersion=<null>]
2018-05-11 15:30:34,564 INFO  ProjectFixService - Fixed build info for "/tmp/rdisk/1037/src/Ollie-master/core/build.gradle": [buildToolsVersion=28.0.0-rc1,compileSdkVersion=27,minSdkVersion=27,targetSdkVersion=27]
2018-05-11 15:30:34,564 INFO  ProjectFixService - Project was maybe fixed
2018-05-11 15:30:34,564 INFO  ProjectTaskService - Detecting possible tasks...
2018-05-11 15:30:34,564 INFO  SysUtils - Execute command: [/tmp/rdisk/1037/src/Ollie-master/gradlew, -b, /tmp/rdisk/1037/src/Ollie-master/build.gradle, -Dorg.gradle.daemon=false, -Dorg.gradle.daemon.performance.enable-monitoring=false, -Dorg.gradle.configureondemand=true, tasks]
2018-05-11 15:30:43,839 INFO  ProjectTaskService - Detected possible tasks: 41
2018-05-11 15:30:43,839 INFO  ProjectTaskService - Excluded tasks (3): javadoc test check
2018-05-11 15:30:43,839 INFO  SysUtils - Execute command: [/tmp/rdisk/1037/src/Ollie-master/gradlew, -b, /tmp/rdisk/1037/src/Ollie-master/build.gradle, -Dorg.gradle.daemon=false, -Dorg.gradle.daemon.performance.enable-monitoring=false, -Dorg.gradle.configureondemand=true, --stacktrace, -x, javadoc, -x, test, -x, check, build]
2018-05-11 15:30:49,149 ERROR SysUtils - Could not process external command
org.apache.commons.exec.ExecuteException: Process exited with an error: 1 (Exit value: 1)
	at org.apache.commons.exec.DefaultExecutor.executeInternal(DefaultExecutor.java:404)
	at org.apache.commons.exec.DefaultExecutor.execute(DefaultExecutor.java:166)
	at com.github.vbauer.apkmaster.util.SysUtils.execute(SysUtils.java:67)
	at com.github.vbauer.apkmaster.util.SysUtils.executeSimple(SysUtils.java:43)
	at com.github.vbauer.apkmaster.service.assembly.ProjectBuildService.buildProject(ProjectBuildService.java:78)
	at com.github.vbauer.apkmaster.service.assembly.ProjectBuildService.buildProject(ProjectBuildService.java:64)
	at com.github.vbauer.apkmaster.service.assembly.ProjectBuildService.buildProject(ProjectBuildService.java:43)
	at com.github.vbauer.apkmaster.service.FullProcessService.build(FullProcessService.java:84)
	at com.github.vbauer.apkmaster.service.FullProcessService.process(FullProcessService.java:34)
	at com.github.vbauer.apkmaster.app.MainApplication.process(MainApplication.java:38)
	at com.github.vbauer.apkmaster.app.MainApplication.main(MainApplication.java:20)
	at sun.reflect.GeneratedMethodAccessor8.invoke(Unknown Source)
	at sun.reflect.DelegatingMethodAccessorImpl.invoke(DelegatingMethodAccessorImpl.java:43)
	at java.lang.reflect.Method.invoke(Method.java:498)
	at com.android.arsenal.util.ReflectionUtils.invoke(ReflectionUtils.java:42)
	at com.android.arsenal.util.ApkMasterUtils.main(ApkMasterUtils.java:30)
	at com.android.arsenal.service.processor.impl.BuildProcessorServiceImpl.buildProject(BuildProcessorServiceImpl.java:197)
	at com.android.arsenal.service.processor.impl.BuildProcessorServiceImpl.build(BuildProcessorServiceImpl.java:131)
	at com.android.arsenal.service.processor.impl.BuildProcessorServiceImpl.lambda$null$1(BuildProcessorServiceImpl.java:114)
	at java.util.concurrent.FutureTask.run(FutureTask.java:266)
	at java.util.concurrent.Executors$RunnableAdapter.call(Executors.java:511)
	at java.util.concurrent.FutureTask.run(FutureTask.java:266)
	at java.util.concurrent.ThreadPoolExecutor.runWorker(ThreadPoolExecutor.java:1149)
	at java.util.concurrent.ThreadPoolExecutor$Worker.run(ThreadPoolExecutor.java:624)
	at java.lang.Thread.run(Thread.java:748)
2018-05-11 15:30:49,149 INFO  SysUtils - Configuration on demand is an incubating feature.
:core:compileJavawarning: [options] bootstrap class path not set in conjunction with -source 1.6
/tmp/rdisk/1037/src/Ollie-master/core/src/main/java/ollie/Ollie.java:25: error: package android.support.v4.util does not exist
import android.support.v4.util.LruCache;
                              ^
/tmp/rdisk/1037/src/Ollie-master/core/src/main/java/ollie/Ollie.java:43: error: cannot find symbol
	private static LruCache<String, Model> sCache;
	               ^
  symbol:   class LruCache
  location: class Ollie
/tmp/rdisk/1037/src/Ollie-master/core/src/main/java/ollie/Ollie.java:144: error: cannot find symbol
		sCache = new LruCache<String, Model>(cacheSize);
		             ^
  symbol:   class LruCache
  location: class Ollie
Note: /tmp/rdisk/1037/src/Ollie-master/core/src/main/java/ollie/Ollie.java uses or overrides a deprecated API.
Note: Recompile with -Xlint:deprecation for details.
Note: Some input files use unchecked or unsafe operations.
Note: Recompile with -Xlint:unchecked for details.
3 errors
1 warning
 FAILED

FAILURE: Build failed with an exception.

* What went wrong:
Execution failed for task ':core:compileJava'.
> Compilation failed; see the compiler error output for details.

* Try:
Run with --info or --debug option to get more log output.

* Exception is:
org.gradle.api.tasks.TaskExecutionException: Execution failed for task ':core:compileJava'.
	at org.gradle.api.internal.tasks.execution.ExecuteActionsTaskExecuter.executeActions(ExecuteActionsTaskExecuter.java:69)
	at org.gradle.api.internal.tasks.execution.ExecuteActionsTaskExecuter.execute(ExecuteActionsTaskExecuter.java:46)
	at org.gradle.api.internal.tasks.execution.PostExecutionAnalysisTaskExecuter.execute(PostExecutionAnalysisTaskExecuter.java:35)
	at org.gradle.api.internal.tasks.execution.SkipUpToDateTaskExecuter.execute(SkipUpToDateTaskExecuter.java:64)
	at org.gradle.api.internal.tasks.execution.ValidatingTaskExecuter.execute(ValidatingTaskExecuter.java:58)
	at org.gradle.api.internal.tasks.execution.SkipEmptySourceFilesTaskExecuter.execute(SkipEmptySourceFilesTaskExecuter.java:42)
	at org.gradle.api.internal.tasks.execution.SkipTaskWithNoActionsExecuter.execute(SkipTaskWithNoActionsExecuter.java:52)
	at org.gradle.api.internal.tasks.execution.SkipOnlyIfTaskExecuter.execute(SkipOnlyIfTaskExecuter.java:53)
	at org.gradle.api.internal.tasks.execution.ExecuteAtMostOnceTaskExecuter.execute(ExecuteAtMostOnceTaskExecuter.java:43)
	at org.gradle.api.internal.AbstractTask.executeWithoutThrowingTaskFailure(AbstractTask.java:305)
	at org.gradle.execution.taskgraph.AbstractTaskPlanExecutor$TaskExecutorWorker.executeTask(AbstractTaskPlanExecutor.java:79)
	at org.gradle.execution.taskgraph.AbstractTaskPlanExecutor$TaskExecutorWorker.processTask(AbstractTaskPlanExecutor.java:63)
	at org.gradle.execution.taskgraph.AbstractTaskPlanExecutor$TaskExecutorWorker.run(AbstractTaskPlanExecutor.java:51)
	at org.gradle.execution.taskgraph.DefaultTaskPlanExecutor.process(DefaultTaskPlanExecutor.java:23)
	at org.gradle.execution.taskgraph.DefaultTaskGraphExecuter.execute(DefaultTaskGraphExecuter.java:88)
	at org.gradle.execution.SelectedTaskExecutionAction.execute(SelectedTaskExecutionAction.java:29)
	at org.gradle.execution.DefaultBuildExecuter.execute(DefaultBuildExecuter.java:62)
	at org.gradle.execution.DefaultBuildExecuter.access$200(DefaultBuildExecuter.java:23)
	at org.gradle.execution.DefaultBuildExecuter$2.proceed(DefaultBuildExecuter.java:68)
	at org.gradle.execution.DryRunBuildExecutionAction.execute(DryRunBuildExecutionAction.java:32)
	at org.gradle.execution.DefaultBuildExecuter.execute(DefaultBuildExecuter.java:62)
	at org.gradle.execution.DefaultBuildExecuter.execute(DefaultBuildExecuter.java:55)
	at org.gradle.initialization.DefaultGradleLauncher.doBuildStages(DefaultGradleLauncher.java:149)
	at org.gradle.initialization.DefaultGradleLauncher.doBuild(DefaultGradleLauncher.java:106)
	at org.gradle.initialization.DefaultGradleLauncher.run(DefaultGradleLauncher.java:86)
	at org.gradle.launcher.exec.InProcessBuildActionExecuter$DefaultBuildController.run(InProcessBuildActionExecuter.java:80)
	at org.gradle.launcher.cli.ExecuteBuildAction.run(ExecuteBuildAction.java:33)
	at org.gradle.launcher.cli.ExecuteBuildAction.run(ExecuteBuildAction.java:24)
	at org.gradle.launcher.exec.InProcessBuildActionExecuter.execute(InProcessBuildActionExecuter.java:36)
	at org.gradle.launcher.exec.InProcessBuildActionExecuter.execute(InProcessBuildActionExecuter.java:26)
	at org.gradle.launcher.cli.RunBuildAction.run(RunBuildAction.java:51)
	at org.gradle.internal.Actions$RunnableActionAdapter.execute(Actions.java:171)
	at org.gradle.launcher.cli.CommandLineActionFactory$ParseAndBuildAction.execute(CommandLineActionFactory.java:237)
	at org.gradle.launcher.cli.CommandLineActionFactory$ParseAndBuildAction.execute(CommandLineActionFactory.java:210)
	at org.gradle.launcher.cli.JavaRuntimeValidationAction.execute(JavaRuntimeValidationAction.java:35)
	at org.gradle.launcher.cli.JavaRuntimeValidationAction.execute(JavaRuntimeValidationAction.java:24)
	at org.gradle.launcher.cli.CommandLineActionFactory$WithLogging.execute(CommandLineActionFactory.java:206)
	at org.gradle.launcher.cli.CommandLineActionFactory$WithLogging.execute(CommandLineActionFactory.java:169)
	at org.gradle.launcher.cli.ExceptionReportingAction.execute(ExceptionReportingAction.java:33)
	at org.gradle.launcher.cli.ExceptionReportingAction.execute(ExceptionReportingAction.java:22)
	at org.gradle.launcher.Main.doAction(Main.java:33)
	at org.gradle.launcher.bootstrap.EntryPoint.run(EntryPoint.java:45)
	at org.gradle.launcher.bootstrap.ProcessBootstrap.runNoExit(ProcessBootstrap.java:54)
	at org.gradle.launcher.bootstrap.ProcessBootstrap.run(ProcessBootstrap.java:35)
	at org.gradle.launcher.GradleMain.main(GradleMain.java:23)
	at org.gradle.wrapper.BootstrapMainStarter.start(BootstrapMainStarter.java:30)
	at org.gradle.wrapper.WrapperExecutor.execute(WrapperExecutor.java:127)
	at org.gradle.wrapper.GradleWrapperMain.main(GradleWrapperMain.java:56)
Caused by: org.gradle.api.internal.tasks.compile.CompilationFailedException: Compilation failed; see the compiler error output for details.
	at org.gradle.api.internal.tasks.compile.JdkJavaCompiler.execute(JdkJavaCompiler.java:44)
	at org.gradle.api.internal.tasks.compile.JdkJavaCompiler.execute(JdkJavaCompiler.java:35)
	at org.gradle.api.internal.tasks.compile.NormalizingJavaCompiler.delegateAndHandleErrors(NormalizingJavaCompiler.java:97)
	at org.gradle.api.internal.tasks.compile.NormalizingJavaCompiler.execute(NormalizingJavaCompiler.java:50)
	at org.gradle.api.internal.tasks.compile.NormalizingJavaCompiler.execute(NormalizingJavaCompiler.java:36)
	at org.gradle.api.internal.tasks.compile.CleaningJavaCompilerSupport.execute(CleaningJavaCompilerSupport.java:34)
	at org.gradle.api.internal.tasks.compile.CleaningJavaCompilerSupport.execute(CleaningJavaCompilerSupport.java:25)
	at org.gradle.api.tasks.compile.JavaCompile.performCompilation(JavaCompile.java:158)
	at org.gradle.api.tasks.compile.JavaCompile.compile(JavaCompile.java:138)
	at org.gradle.api.tasks.compile.JavaCompile.compile(JavaCompile.java:92)
	at org.gradle.internal.reflect.JavaMethod.invoke(JavaMethod.java:63)
	at org.gradle.api.internal.project.taskfactory.AnnotationProcessingTaskFactory$IncrementalTaskAction.doExecute(AnnotationProcessingTaskFactory.java:235)
	at org.gradle.api.internal.project.taskfactory.AnnotationProcessingTaskFactory$StandardTaskAction.execute(AnnotationProcessingTaskFactory.java:211)
	at org.gradle.api.internal.project.taskfactory.AnnotationProcessingTaskFactory$IncrementalTaskAction.execute(AnnotationProcessingTaskFactory.java:222)
	at org.gradle.api.internal.project.taskfactory.AnnotationProcessingTaskFactory$StandardTaskAction.execute(AnnotationProcessingTaskFactory.java:200)
	at org.gradle.api.internal.tasks.execution.ExecuteActionsTaskExecuter.executeAction(ExecuteActionsTaskExecuter.java:80)
	at org.gradle.api.internal.tasks.execution.ExecuteActionsTaskExecuter.executeActions(ExecuteActionsTaskExecuter.java:61)
	... 47 more


BUILD FAILED

Total time: 4.889 secs

2018-05-11 15:30:49,153 INFO  ProjectTaskService - Detecting possible tasks...
2018-05-11 15:30:49,153 INFO  SysUtils - Execute command: [/tmp/rdisk/1037/src/Ollie-master/gradlew, -b, /tmp/rdisk/1037/src/Ollie-master/compiler/build.gradle, -Dorg.gradle.daemon=false, -Dorg.gradle.daemon.performance.enable-monitoring=false, -Dorg.gradle.configureondemand=true, tasks]
2018-05-11 15:30:52,969 INFO  ProjectTaskService - Detected possible tasks: 41
2018-05-11 15:30:52,970 INFO  ProjectTaskService - Excluded tasks (3): javadoc test check
2018-05-11 15:30:52,970 INFO  SysUtils - Execute command: [/tmp/rdisk/1037/src/Ollie-master/gradlew, -b, /tmp/rdisk/1037/src/Ollie-master/compiler/build.gradle, -Dorg.gradle.daemon=false, -Dorg.gradle.daemon.performance.enable-monitoring=false, -Dorg.gradle.configureondemand=true, --stacktrace, -x, javadoc, -x, test, -x, check, build]
2018-05-11 15:30:57,841 ERROR SysUtils - Could not process external command
org.apache.commons.exec.ExecuteException: Process exited with an error: 1 (Exit value: 1)
	at org.apache.commons.exec.DefaultExecutor.executeInternal(DefaultExecutor.java:404)
	at org.apache.commons.exec.DefaultExecutor.execute(DefaultExecutor.java:166)
	at com.github.vbauer.apkmaster.util.SysUtils.execute(SysUtils.java:67)
	at com.github.vbauer.apkmaster.util.SysUtils.executeSimple(SysUtils.java:43)
	at com.github.vbauer.apkmaster.service.assembly.ProjectBuildService.buildProject(ProjectBuildService.java:78)
	at com.github.vbauer.apkmaster.service.assembly.ProjectBuildService.buildProject(ProjectBuildService.java:64)
	at com.github.vbauer.apkmaster.service.assembly.ProjectBuildService.buildProject(ProjectBuildService.java:43)
	at com.github.vbauer.apkmaster.service.FullProcessService.build(FullProcessService.java:84)
	at com.github.vbauer.apkmaster.service.FullProcessService.process(FullProcessService.java:34)
	at com.github.vbauer.apkmaster.app.MainApplication.process(MainApplication.java:38)
	at com.github.vbauer.apkmaster.app.MainApplication.main(MainApplication.java:20)
	at sun.reflect.GeneratedMethodAccessor8.invoke(Unknown Source)
	at sun.reflect.DelegatingMethodAccessorImpl.invoke(DelegatingMethodAccessorImpl.java:43)
	at java.lang.reflect.Method.invoke(Method.java:498)
	at com.android.arsenal.util.ReflectionUtils.invoke(ReflectionUtils.java:42)
	at com.android.arsenal.util.ApkMasterUtils.main(ApkMasterUtils.java:30)
	at com.android.arsenal.service.processor.impl.BuildProcessorServiceImpl.buildProject(BuildProcessorServiceImpl.java:197)
	at com.android.arsenal.service.processor.impl.BuildProcessorServiceImpl.build(BuildProcessorServiceImpl.java:131)
	at com.android.arsenal.service.processor.impl.BuildProcessorServiceImpl.lambda$null$1(BuildProcessorServiceImpl.java:114)
	at java.util.concurrent.FutureTask.run(FutureTask.java:266)
	at java.util.concurrent.Executors$RunnableAdapter.call(Executors.java:511)
	at java.util.concurrent.FutureTask.run(FutureTask.java:266)
	at java.util.concurrent.ThreadPoolExecutor.runWorker(ThreadPoolExecutor.java:1149)
	at java.util.concurrent.ThreadPoolExecutor$Worker.run(ThreadPoolExecutor.java:624)
	at java.lang.Thread.run(Thread.java:748)
2018-05-11 15:30:57,842 INFO  SysUtils - Configuration on demand is an incubating feature.
:core:compileJavawarning: [options] bootstrap class path not set in conjunction with -source 1.6
/tmp/rdisk/1037/src/Ollie-master/core/src/main/java/ollie/Ollie.java:25: error: package android.support.v4.util does not exist
import android.support.v4.util.LruCache;
                              ^
/tmp/rdisk/1037/src/Ollie-master/core/src/main/java/ollie/Ollie.java:43: error: cannot find symbol
	private static LruCache<String, Model> sCache;
	               ^
  symbol:   class LruCache
  location: class Ollie
/tmp/rdisk/1037/src/Ollie-master/core/src/main/java/ollie/Ollie.java:144: error: cannot find symbol
		sCache = new LruCache<String, Model>(cacheSize);
		             ^
  symbol:   class LruCache
  location: class Ollie
Note: /tmp/rdisk/1037/src/Ollie-master/core/src/main/java/ollie/Ollie.java uses or overrides a deprecated API.
Note: Recompile with -Xlint:deprecation for details.
Note: Some input files use unchecked or unsafe operations.
Note: Recompile with -Xlint:unchecked for details.
3 errors
1 warning
 FAILED

FAILURE: Build failed with an exception.

* What went wrong:
Execution failed for task ':core:compileJava'.
> Compilation failed; see the compiler error output for details.

* Try:
Run with --info or --debug option to get more log output.

* Exception is:
org.gradle.api.tasks.TaskExecutionException: Execution failed for task ':core:compileJava'.
	at org.gradle.api.internal.tasks.execution.ExecuteActionsTaskExecuter.executeActions(ExecuteActionsTaskExecuter.java:69)
	at org.gradle.api.internal.tasks.execution.ExecuteActionsTaskExecuter.execute(ExecuteActionsTaskExecuter.java:46)
	at org.gradle.api.internal.tasks.execution.PostExecutionAnalysisTaskExecuter.execute(PostExecutionAnalysisTaskExecuter.java:35)
	at org.gradle.api.internal.tasks.execution.SkipUpToDateTaskExecuter.execute(SkipUpToDateTaskExecuter.java:64)
	at org.gradle.api.internal.tasks.execution.ValidatingTaskExecuter.execute(ValidatingTaskExecuter.java:58)
	at org.gradle.api.internal.tasks.execution.SkipEmptySourceFilesTaskExecuter.execute(SkipEmptySourceFilesTaskExecuter.java:42)
	at org.gradle.api.internal.tasks.execution.SkipTaskWithNoActionsExecuter.execute(SkipTaskWithNoActionsExecuter.java:52)
	at org.gradle.api.internal.tasks.execution.SkipOnlyIfTaskExecuter.execute(SkipOnlyIfTaskExecuter.java:53)
	at org.gradle.api.internal.tasks.execution.ExecuteAtMostOnceTaskExecuter.execute(ExecuteAtMostOnceTaskExecuter.java:43)
	at org.gradle.api.internal.AbstractTask.executeWithoutThrowingTaskFailure(AbstractTask.java:305)
	at org.gradle.execution.taskgraph.AbstractTaskPlanExecutor$TaskExecutorWorker.executeTask(AbstractTaskPlanExecutor.java:79)
	at org.gradle.execution.taskgraph.AbstractTaskPlanExecutor$TaskExecutorWorker.processTask(AbstractTaskPlanExecutor.java:63)
	at org.gradle.execution.taskgraph.AbstractTaskPlanExecutor$TaskExecutorWorker.run(AbstractTaskPlanExecutor.java:51)
	at org.gradle.execution.taskgraph.DefaultTaskPlanExecutor.process(DefaultTaskPlanExecutor.java:23)
	at org.gradle.execution.taskgraph.DefaultTaskGraphExecuter.execute(DefaultTaskGraphExecuter.java:88)
	at org.gradle.execution.SelectedTaskExecutionAction.execute(SelectedTaskExecutionAction.java:29)
	at org.gradle.execution.DefaultBuildExecuter.execute(DefaultBuildExecuter.java:62)
	at org.gradle.execution.DefaultBuildExecuter.access$200(DefaultBuildExecuter.java:23)
	at org.gradle.execution.DefaultBuildExecuter$2.proceed(DefaultBuildExecuter.java:68)
	at org.gradle.execution.DryRunBuildExecutionAction.execute(DryRunBuildExecutionAction.java:32)
	at org.gradle.execution.DefaultBuildExecuter.execute(DefaultBuildExecuter.java:62)
	at org.gradle.execution.DefaultBuildExecuter.execute(DefaultBuildExecuter.java:55)
	at org.gradle.initialization.DefaultGradleLauncher.doBuildStages(DefaultGradleLauncher.java:149)
	at org.gradle.initialization.DefaultGradleLauncher.doBuild(DefaultGradleLauncher.java:106)
	at org.gradle.initialization.DefaultGradleLauncher.run(DefaultGradleLauncher.java:86)
	at org.gradle.launcher.exec.InProcessBuildActionExecuter$DefaultBuildController.run(InProcessBuildActionExecuter.java:80)
	at org.gradle.launcher.cli.ExecuteBuildAction.run(ExecuteBuildAction.java:33)
	at org.gradle.launcher.cli.ExecuteBuildAction.run(ExecuteBuildAction.java:24)
	at org.gradle.launcher.exec.InProcessBuildActionExecuter.execute(InProcessBuildActionExecuter.java:36)
	at org.gradle.launcher.exec.InProcessBuildActionExecuter.execute(InProcessBuildActionExecuter.java:26)
	at org.gradle.launcher.cli.RunBuildAction.run(RunBuildAction.java:51)
	at org.gradle.internal.Actions$RunnableActionAdapter.execute(Actions.java:171)
	at org.gradle.launcher.cli.CommandLineActionFactory$ParseAndBuildAction.execute(CommandLineActionFactory.java:237)
	at org.gradle.launcher.cli.CommandLineActionFactory$ParseAndBuildAction.execute(CommandLineActionFactory.java:210)
	at org.gradle.launcher.cli.JavaRuntimeValidationAction.execute(JavaRuntimeValidationAction.java:35)
	at org.gradle.launcher.cli.JavaRuntimeValidationAction.execute(JavaRuntimeValidationAction.java:24)
	at org.gradle.launcher.cli.CommandLineActionFactory$WithLogging.execute(CommandLineActionFactory.java:206)
	at org.gradle.launcher.cli.CommandLineActionFactory$WithLogging.execute(CommandLineActionFactory.java:169)
	at org.gradle.launcher.cli.ExceptionReportingAction.execute(ExceptionReportingAction.java:33)
	at org.gradle.launcher.cli.ExceptionReportingAction.execute(ExceptionReportingAction.java:22)
	at org.gradle.launcher.Main.doAction(Main.java:33)
	at org.gradle.launcher.bootstrap.EntryPoint.run(EntryPoint.java:45)
	at org.gradle.launcher.bootstrap.ProcessBootstrap.runNoExit(ProcessBootstrap.java:54)
	at org.gradle.launcher.bootstrap.ProcessBootstrap.run(ProcessBootstrap.java:35)
	at org.gradle.launcher.GradleMain.main(GradleMain.java:23)
	at org.gradle.wrapper.BootstrapMainStarter.start(BootstrapMainStarter.java:30)
	at org.gradle.wrapper.WrapperExecutor.execute(WrapperExecutor.java:127)
	at org.gradle.wrapper.GradleWrapperMain.main(GradleWrapperMain.java:56)
Caused by: org.gradle.api.internal.tasks.compile.CompilationFailedException: Compilation failed; see the compiler error output for details.
	at org.gradle.api.internal.tasks.compile.JdkJavaCompiler.execute(JdkJavaCompiler.java:44)
	at org.gradle.api.internal.tasks.compile.JdkJavaCompiler.execute(JdkJavaCompiler.java:35)
	at org.gradle.api.internal.tasks.compile.NormalizingJavaCompiler.delegateAndHandleErrors(NormalizingJavaCompiler.java:97)
	at org.gradle.api.internal.tasks.compile.NormalizingJavaCompiler.execute(NormalizingJavaCompiler.java:50)
	at org.gradle.api.internal.tasks.compile.NormalizingJavaCompiler.execute(NormalizingJavaCompiler.java:36)
	at org.gradle.api.internal.tasks.compile.CleaningJavaCompilerSupport.execute(CleaningJavaCompilerSupport.java:34)
	at org.gradle.api.internal.tasks.compile.CleaningJavaCompilerSupport.execute(CleaningJavaCompilerSupport.java:25)
	at org.gradle.api.tasks.compile.JavaCompile.performCompilation(JavaCompile.java:158)
	at org.gradle.api.tasks.compile.JavaCompile.compile(JavaCompile.java:138)
	at org.gradle.api.tasks.compile.JavaCompile.compile(JavaCompile.java:92)
	at org.gradle.internal.reflect.JavaMethod.invoke(JavaMethod.java:63)
	at org.gradle.api.internal.project.taskfactory.AnnotationProcessingTaskFactory$IncrementalTaskAction.doExecute(AnnotationProcessingTaskFactory.java:235)
	at org.gradle.api.internal.project.taskfactory.AnnotationProcessingTaskFactory$StandardTaskAction.execute(AnnotationProcessingTaskFactory.java:211)
	at org.gradle.api.internal.project.taskfactory.AnnotationProcessingTaskFactory$IncrementalTaskAction.execute(AnnotationProcessingTaskFactory.java:222)
	at org.gradle.api.internal.project.taskfactory.AnnotationProcessingTaskFactory$StandardTaskAction.execute(AnnotationProcessingTaskFactory.java:200)
	at org.gradle.api.internal.tasks.execution.ExecuteActionsTaskExecuter.executeAction(ExecuteActionsTaskExecuter.java:80)
	at org.gradle.api.internal.tasks.execution.ExecuteActionsTaskExecuter.executeActions(ExecuteActionsTaskExecuter.java:61)
	... 47 more


BUILD FAILED

Total time: 4.441 secs

2018-05-11 15:30:57,845 INFO  ProjectTaskService - Detecting possible tasks...
2018-05-11 15:30:57,845 INFO  SysUtils - Execute command: [/tmp/rdisk/1037/src/Ollie-master/gradlew, -b, /tmp/rdisk/1037/src/Ollie-master/core/build.gradle, -Dorg.gradle.daemon=false, -Dorg.gradle.daemon.performance.enable-monitoring=false, -Dorg.gradle.configureondemand=true, tasks]
2018-05-11 15:31:01,665 INFO  ProjectTaskService - Detected possible tasks: 41
2018-05-11 15:31:01,666 INFO  ProjectTaskService - Excluded tasks (3): javadoc test check
2018-05-11 15:31:01,666 INFO  SysUtils - Execute command: [/tmp/rdisk/1037/src/Ollie-master/gradlew, -b, /tmp/rdisk/1037/src/Ollie-master/core/build.gradle, -Dorg.gradle.daemon=false, -Dorg.gradle.daemon.performance.enable-monitoring=false, -Dorg.gradle.configureondemand=true, --stacktrace, -x, javadoc, -x, test, -x, check, build]
2018-05-11 15:31:06,550 ERROR SysUtils - Could not process external command
org.apache.commons.exec.ExecuteException: Process exited with an error: 1 (Exit value: 1)
	at org.apache.commons.exec.DefaultExecutor.executeInternal(DefaultExecutor.java:404)
	at org.apache.commons.exec.DefaultExecutor.execute(DefaultExecutor.java:166)
	at com.github.vbauer.apkmaster.util.SysUtils.execute(SysUtils.java:67)
	at com.github.vbauer.apkmaster.util.SysUtils.executeSimple(SysUtils.java:43)
	at com.github.vbauer.apkmaster.service.assembly.ProjectBuildService.buildProject(ProjectBuildService.java:78)
	at com.github.vbauer.apkmaster.service.assembly.ProjectBuildService.buildProject(ProjectBuildService.java:64)
	at com.github.vbauer.apkmaster.service.assembly.ProjectBuildService.buildProject(ProjectBuildService.java:43)
	at com.github.vbauer.apkmaster.service.FullProcessService.build(FullProcessService.java:84)
	at com.github.vbauer.apkmaster.service.FullProcessService.process(FullProcessService.java:34)
	at com.github.vbauer.apkmaster.app.MainApplication.process(MainApplication.java:38)
	at com.github.vbauer.apkmaster.app.MainApplication.main(MainApplication.java:20)
	at sun.reflect.GeneratedMethodAccessor8.invoke(Unknown Source)
	at sun.reflect.DelegatingMethodAccessorImpl.invoke(DelegatingMethodAccessorImpl.java:43)
	at java.lang.reflect.Method.invoke(Method.java:498)
	at com.android.arsenal.util.ReflectionUtils.invoke(ReflectionUtils.java:42)
	at com.android.arsenal.util.ApkMasterUtils.main(ApkMasterUtils.java:30)
	at com.android.arsenal.service.processor.impl.BuildProcessorServiceImpl.buildProject(BuildProcessorServiceImpl.java:197)
	at com.android.arsenal.service.processor.impl.BuildProcessorServiceImpl.build(BuildProcessorServiceImpl.java:131)
	at com.android.arsenal.service.processor.impl.BuildProcessorServiceImpl.lambda$null$1(BuildProcessorServiceImpl.java:114)
	at java.util.concurrent.FutureTask.run(FutureTask.java:266)
	at java.util.concurrent.Executors$RunnableAdapter.call(Executors.java:511)
	at java.util.concurrent.FutureTask.run(FutureTask.java:266)
	at java.util.concurrent.ThreadPoolExecutor.runWorker(ThreadPoolExecutor.java:1149)
	at java.util.concurrent.ThreadPoolExecutor$Worker.run(ThreadPoolExecutor.java:624)
	at java.lang.Thread.run(Thread.java:748)
2018-05-11 15:31:06,550 INFO  SysUtils - Configuration on demand is an incubating feature.
:core:compileJavawarning: [options] bootstrap class path not set in conjunction with -source 1.6
/tmp/rdisk/1037/src/Ollie-master/core/src/main/java/ollie/Ollie.java:25: error: package android.support.v4.util does not exist
import android.support.v4.util.LruCache;
                              ^
/tmp/rdisk/1037/src/Ollie-master/core/src/main/java/ollie/Ollie.java:43: error: cannot find symbol
	private static LruCache<String, Model> sCache;
	               ^
  symbol:   class LruCache
  location: class Ollie
/tmp/rdisk/1037/src/Ollie-master/core/src/main/java/ollie/Ollie.java:144: error: cannot find symbol
		sCache = new LruCache<String, Model>(cacheSize);
		             ^
  symbol:   class LruCache
  location: class Ollie
Note: /tmp/rdisk/1037/src/Ollie-master/core/src/main/java/ollie/Ollie.java uses or overrides a deprecated API.
Note: Recompile with -Xlint:deprecation for details.
Note: Some input files use unchecked or unsafe operations.
Note: Recompile with -Xlint:unchecked for details.
3 errors
1 warning
 FAILED

FAILURE: Build failed with an exception.

* What went wrong:
Execution failed for task ':core:compileJava'.
> Compilation failed; see the compiler error output for details.

* Try:
Run with --info or --debug option to get more log output.

* Exception is:
org.gradle.api.tasks.TaskExecutionException: Execution failed for task ':core:compileJava'.
	at org.gradle.api.internal.tasks.execution.ExecuteActionsTaskExecuter.executeActions(ExecuteActionsTaskExecuter.java:69)
	at org.gradle.api.internal.tasks.execution.ExecuteActionsTaskExecuter.execute(ExecuteActionsTaskExecuter.java:46)
	at org.gradle.api.internal.tasks.execution.PostExecutionAnalysisTaskExecuter.execute(PostExecutionAnalysisTaskExecuter.java:35)
	at org.gradle.api.internal.tasks.execution.SkipUpToDateTaskExecuter.execute(SkipUpToDateTaskExecuter.java:64)
	at org.gradle.api.internal.tasks.execution.ValidatingTaskExecuter.execute(ValidatingTaskExecuter.java:58)
	at org.gradle.api.internal.tasks.execution.SkipEmptySourceFilesTaskExecuter.execute(SkipEmptySourceFilesTaskExecuter.java:42)
	at org.gradle.api.internal.tasks.execution.SkipTaskWithNoActionsExecuter.execute(SkipTaskWithNoActionsExecuter.java:52)
	at org.gradle.api.internal.tasks.execution.SkipOnlyIfTaskExecuter.execute(SkipOnlyIfTaskExecuter.java:53)
	at org.gradle.api.internal.tasks.execution.ExecuteAtMostOnceTaskExecuter.execute(ExecuteAtMostOnceTaskExecuter.java:43)
	at org.gradle.api.internal.AbstractTask.executeWithoutThrowingTaskFailure(AbstractTask.java:305)
	at org.gradle.execution.taskgraph.AbstractTaskPlanExecutor$TaskExecutorWorker.executeTask(AbstractTaskPlanExecutor.java:79)
	at org.gradle.execution.taskgraph.AbstractTaskPlanExecutor$TaskExecutorWorker.processTask(AbstractTaskPlanExecutor.java:63)
	at org.gradle.execution.taskgraph.AbstractTaskPlanExecutor$TaskExecutorWorker.run(AbstractTaskPlanExecutor.java:51)
	at org.gradle.execution.taskgraph.DefaultTaskPlanExecutor.process(DefaultTaskPlanExecutor.java:23)
	at org.gradle.execution.taskgraph.DefaultTaskGraphExecuter.execute(DefaultTaskGraphExecuter.java:88)
	at org.gradle.execution.SelectedTaskExecutionAction.execute(SelectedTaskExecutionAction.java:29)
	at org.gradle.execution.DefaultBuildExecuter.execute(DefaultBuildExecuter.java:62)
	at org.gradle.execution.DefaultBuildExecuter.access$200(DefaultBuildExecuter.java:23)
	at org.gradle.execution.DefaultBuildExecuter$2.proceed(DefaultBuildExecuter.java:68)
	at org.gradle.execution.DryRunBuildExecutionAction.execute(DryRunBuildExecutionAction.java:32)
	at org.gradle.execution.DefaultBuildExecuter.execute(DefaultBuildExecuter.java:62)
	at org.gradle.execution.DefaultBuildExecuter.execute(DefaultBuildExecuter.java:55)
	at org.gradle.initialization.DefaultGradleLauncher.doBuildStages(DefaultGradleLauncher.java:149)
	at org.gradle.initialization.DefaultGradleLauncher.doBuild(DefaultGradleLauncher.java:106)
	at org.gradle.initialization.DefaultGradleLauncher.run(DefaultGradleLauncher.java:86)
	at org.gradle.launcher.exec.InProcessBuildActionExecuter$DefaultBuildController.run(InProcessBuildActionExecuter.java:80)
	at org.gradle.launcher.cli.ExecuteBuildAction.run(ExecuteBuildAction.java:33)
	at org.gradle.launcher.cli.ExecuteBuildAction.run(ExecuteBuildAction.java:24)
	at org.gradle.launcher.exec.InProcessBuildActionExecuter.execute(InProcessBuildActionExecuter.java:36)
	at org.gradle.launcher.exec.InProcessBuildActionExecuter.execute(InProcessBuildActionExecuter.java:26)
	at org.gradle.launcher.cli.RunBuildAction.run(RunBuildAction.java:51)
	at org.gradle.internal.Actions$RunnableActionAdapter.execute(Actions.java:171)
	at org.gradle.launcher.cli.CommandLineActionFactory$ParseAndBuildAction.execute(CommandLineActionFactory.java:237)
	at org.gradle.launcher.cli.CommandLineActionFactory$ParseAndBuildAction.execute(CommandLineActionFactory.java:210)
	at org.gradle.launcher.cli.JavaRuntimeValidationAction.execute(JavaRuntimeValidationAction.java:35)
	at org.gradle.launcher.cli.JavaRuntimeValidationAction.execute(JavaRuntimeValidationAction.java:24)
	at org.gradle.launcher.cli.CommandLineActionFactory$WithLogging.execute(CommandLineActionFactory.java:206)
	at org.gradle.launcher.cli.CommandLineActionFactory$WithLogging.execute(CommandLineActionFactory.java:169)
	at org.gradle.launcher.cli.ExceptionReportingAction.execute(ExceptionReportingAction.java:33)
	at org.gradle.launcher.cli.ExceptionReportingAction.execute(ExceptionReportingAction.java:22)
	at org.gradle.launcher.Main.doAction(Main.java:33)
	at org.gradle.launcher.bootstrap.EntryPoint.run(EntryPoint.java:45)
	at org.gradle.launcher.bootstrap.ProcessBootstrap.runNoExit(ProcessBootstrap.java:54)
	at org.gradle.launcher.bootstrap.ProcessBootstrap.run(ProcessBootstrap.java:35)
	at org.gradle.launcher.GradleMain.main(GradleMain.java:23)
	at org.gradle.wrapper.BootstrapMainStarter.start(BootstrapMainStarter.java:30)
	at org.gradle.wrapper.WrapperExecutor.execute(WrapperExecutor.java:127)
	at org.gradle.wrapper.GradleWrapperMain.main(GradleWrapperMain.java:56)
Caused by: org.gradle.api.internal.tasks.compile.CompilationFailedException: Compilation failed; see the compiler error output for details.
	at org.gradle.api.internal.tasks.compile.JdkJavaCompiler.execute(JdkJavaCompiler.java:44)
	at org.gradle.api.internal.tasks.compile.JdkJavaCompiler.execute(JdkJavaCompiler.java:35)
	at org.gradle.api.internal.tasks.compile.NormalizingJavaCompiler.delegateAndHandleErrors(NormalizingJavaCompiler.java:97)
	at org.gradle.api.internal.tasks.compile.NormalizingJavaCompiler.execute(NormalizingJavaCompiler.java:50)
	at org.gradle.api.internal.tasks.compile.NormalizingJavaCompiler.execute(NormalizingJavaCompiler.java:36)
	at org.gradle.api.internal.tasks.compile.CleaningJavaCompilerSupport.execute(CleaningJavaCompilerSupport.java:34)
	at org.gradle.api.internal.tasks.compile.CleaningJavaCompilerSupport.execute(CleaningJavaCompilerSupport.java:25)
	at org.gradle.api.tasks.compile.JavaCompile.performCompilation(JavaCompile.java:158)
	at org.gradle.api.tasks.compile.JavaCompile.compile(JavaCompile.java:138)
	at org.gradle.api.tasks.compile.JavaCompile.compile(JavaCompile.java:92)
	at org.gradle.internal.reflect.JavaMethod.invoke(JavaMethod.java:63)
	at org.gradle.api.internal.project.taskfactory.AnnotationProcessingTaskFactory$IncrementalTaskAction.doExecute(AnnotationProcessingTaskFactory.java:235)
	at org.gradle.api.internal.project.taskfactory.AnnotationProcessingTaskFactory$StandardTaskAction.execute(AnnotationProcessingTaskFactory.java:211)
	at org.gradle.api.internal.project.taskfactory.AnnotationProcessingTaskFactory$IncrementalTaskAction.execute(AnnotationProcessingTaskFactory.java:222)
	at org.gradle.api.internal.project.taskfactory.AnnotationProcessingTaskFactory$StandardTaskAction.execute(AnnotationProcessingTaskFactory.java:200)
	at org.gradle.api.internal.tasks.execution.ExecuteActionsTaskExecuter.executeAction(ExecuteActionsTaskExecuter.java:80)
	at org.gradle.api.internal.tasks.execution.ExecuteActionsTaskExecuter.executeActions(ExecuteActionsTaskExecuter.java:61)
	... 47 more


BUILD FAILED

Total time: 4.451 secs

2018-05-11 15:31:06,558 ERROR FullProcessService - Project build has not produced APK file
2018-05-11 15:31:06,561 ERROR FullProcessService - Could not find generated or existed APK file
