2018-05-21 02:46:05,789 INFO  DownloadService - Downloading "https://github.com/Drivemode/TypefaceHelper/archive/master.zip", attempt 3
2018-05-21 02:46:06,248 INFO  DownloadService - Downloaded https://github.com/Drivemode/TypefaceHelper/archive/master.zip, attempt 3
2018-05-21 02:46:06,248 INFO  DownloadService - Size of file "/tmp/rdisk/1246/master.zip": 174 KB
2018-05-21 02:46:06,248 INFO  ArchiveUtils - Checking entries [.gradle] in ZIP file...
2018-05-21 02:46:06,249 INFO  ArchiveUtils - Has entries [.gradle] in ZIP file /tmp/rdisk/1246/master.zip: true
2018-05-21 02:46:06,249 DEBUG ZipUtil - Extracting '/tmp/rdisk/1246/master.zip' into '/tmp/rdisk/1246/src'.
2018-05-21 02:46:06,257 INFO  FullProcessService - Size of directory with sources: 318 KB
2018-05-21 02:46:06,257 INFO  SysUtils - Execute command: [git, init, /tmp/rdisk/1246/src]
2018-05-21 02:46:06,262 INFO  SysUtils - Initialized empty Git repository in /tmp/rdisk/1246/src/.git/

2018-05-21 02:46:06,265 INFO  ProjectBuildService - Gradle wrapper(s): /tmp/rdisk/1246/src/TypefaceHelper-master/gradlew
2018-05-21 02:46:06,267 INFO  ProjectBuildService - Build script(s): /tmp/rdisk/1246/src/TypefaceHelper-master/TypefaceHelper/build.gradle /tmp/rdisk/1246/src/TypefaceHelper-master/sample/build.gradle /tmp/rdisk/1246/src/TypefaceHelper-master/build.gradle
2018-05-21 02:46:06,269 INFO  ProjectBuildService - All script(s): /tmp/rdisk/1246/src/TypefaceHelper-master/settings.gradle /tmp/rdisk/1246/src/TypefaceHelper-master/sample/build.gradle /tmp/rdisk/1246/src/TypefaceHelper-master/build.gradle /tmp/rdisk/1246/src/TypefaceHelper-master/TypefaceHelper/build.gradle
2018-05-21 02:46:06,270 INFO  DownloadService - Downloading "https://raw.github.com/chrisbanes/gradle-mvn-push/master/gradle-mvn-push.gradle", attempt 3
2018-05-21 02:46:07,027 INFO  DownloadService - Downloaded https://raw.github.com/chrisbanes/gradle-mvn-push/master/gradle-mvn-push.gradle, attempt 3
2018-05-21 02:46:07,027 INFO  ProjectBuildService - Remote scripts: https://raw.github.com/chrisbanes/gradle-mvn-push/master/gradle-mvn-push.gradle
2018-05-21 02:46:07,027 INFO  ProjectFixService - Fixing project...
2018-05-21 02:46:07,045 INFO  LocalPropertiesFixService - Created fake /tmp/rdisk/1246/src/TypefaceHelper-master/TypefaceHelper/local.properties
2018-05-21 02:46:07,045 INFO  ProjectFixService - Build info for "/tmp/rdisk/1246/src/TypefaceHelper-master/TypefaceHelper/build.gradle": [buildToolsVersion=25.0.3,compileSdkVersion=25,minSdkVersion=10,targetSdkVersion=25]
2018-05-21 02:46:07,045 INFO  LocalPropertiesFixService - Created fake /tmp/rdisk/1246/src/TypefaceHelper-master/sample/local.properties
2018-05-21 02:46:07,046 INFO  ProjectFixService - Build info for "/tmp/rdisk/1246/src/TypefaceHelper-master/sample/build.gradle": [buildToolsVersion=25.0.3,compileSdkVersion=25,minSdkVersion=10,targetSdkVersion=25]
2018-05-21 02:46:07,051 INFO  LocalPropertiesFixService - Created fake /tmp/rdisk/1246/src/TypefaceHelper-master/local.properties
2018-05-21 02:46:07,051 INFO  WrapperPropertiesFixService - Gradle wrapper: https://services.gradle.org/distributions/gradle-3.5-all.zip
2018-05-21 02:46:07,051 INFO  WrapperPropertiesFixService - Gradle wrapper was changed from "-all.zip" to "-bin.zip" (https://services.gradle.org/distributions/gradle-3.5-bin.zip)
2018-05-21 02:46:07,052 INFO  ProjectFixService - Build info for "/tmp/rdisk/1246/src/TypefaceHelper-master/build.gradle": [buildToolsVersion=25.0.3,compileSdkVersion=25,minSdkVersion=10,targetSdkVersion=25]
2018-05-21 02:46:07,053 INFO  ProjectFixService - Project was maybe fixed
2018-05-21 02:46:07,053 INFO  ProjectTaskService - Detecting possible tasks...
2018-05-21 02:46:07,053 INFO  SysUtils - Execute command: [/tmp/rdisk/1246/src/TypefaceHelper-master/gradlew, -b, /tmp/rdisk/1246/src/TypefaceHelper-master/TypefaceHelper/build.gradle, -Dorg.gradle.daemon=false, -Dorg.gradle.daemon.performance.enable-monitoring=false, -Dorg.gradle.configureondemand=true, tasks]
2018-05-21 02:46:17,614 INFO  ProjectTaskService - Detected possible tasks: 71
2018-05-21 02:46:17,614 INFO  ProjectTaskService - Excluded tasks (19): lintDebug mockableAndroidJar androidJavadocs deviceCheck lint androidSourcesJar testReleaseUnitTest deviceAndroidTest uninstallDebugAndroidTest installDebugAndroidTest connectedCheck connectedDebugAndroidTest uninstallAll androidJavadocsJar test check testDebugUnitTest connectedAndroidTest lintRelease
2018-05-21 02:46:17,615 INFO  SysUtils - Execute command: [/tmp/rdisk/1246/src/TypefaceHelper-master/gradlew, -b, /tmp/rdisk/1246/src/TypefaceHelper-master/TypefaceHelper/build.gradle, -Dorg.gradle.daemon=false, -Dorg.gradle.daemon.performance.enable-monitoring=false, -Dorg.gradle.configureondemand=true, --stacktrace, -x, lintDebug, -x, mockableAndroidJar, -x, androidJavadocs, -x, deviceCheck, -x, lint, -x, androidSourcesJar, -x, testReleaseUnitTest, -x, deviceAndroidTest, -x, uninstallDebugAndroidTest, -x, installDebugAndroidTest, -x, connectedCheck, -x, connectedDebugAndroidTest, -x, uninstallAll, -x, androidJavadocsJar, -x, test, -x, check, -x, testDebugUnitTest, -x, connectedAndroidTest, -x, lintRelease, build]
2018-05-21 02:46:29,609 INFO  SysUtils - Configuration on demand is an incubating feature.
:TypefaceHelper:preBuild UP-TO-DATE
:TypefaceHelper:preDebugBuild UP-TO-DATE
:TypefaceHelper:checkDebugManifest
:TypefaceHelper:preDebugAndroidTestBuild UP-TO-DATE
:TypefaceHelper:preDebugUnitTestBuild UP-TO-DATE
:TypefaceHelper:preReleaseBuild UP-TO-DATE
:TypefaceHelper:preReleaseUnitTestBuild UP-TO-DATE
:TypefaceHelper:prepareComAndroidSupportSupportCompat2531Library
:TypefaceHelper:prepareComAndroidSupportSupportCoreUi2531Library
:TypefaceHelper:prepareComAndroidSupportSupportCoreUtils2531Library
:TypefaceHelper:prepareComAndroidSupportSupportFragment2531Library
:TypefaceHelper:prepareComAndroidSupportSupportMediaCompat2531Library
:TypefaceHelper:prepareComAndroidSupportSupportV42531Library
:TypefaceHelper:prepareDebugDependencies
:TypefaceHelper:compileDebugAidl
:TypefaceHelper:compileDebugNdk NO-SOURCE
:TypefaceHelper:compileLint
:TypefaceHelper:copyDebugLint NO-SOURCE
:TypefaceHelper:compileDebugRenderscript
:TypefaceHelper:generateDebugBuildConfig
:TypefaceHelper:generateDebugResValues
:TypefaceHelper:generateDebugResources
:TypefaceHelper:mergeDebugResources
:TypefaceHelper:processDebugManifest
:TypefaceHelper:processDebugResources
:TypefaceHelper:generateDebugSources
:TypefaceHelper:incrementalDebugJavaCompilationSafeguard
:TypefaceHelper:javaPreCompileDebug
:TypefaceHelper:compileDebugJavaWithJavac
:TypefaceHelper:compileDebugJavaWithJavac - is not incremental (e.g. outputs have changed, no previous execution, etc.).
:TypefaceHelper:extractDebugAnnotations
:TypefaceHelper:mergeDebugShaders
:TypefaceHelper:compileDebugShaders
:TypefaceHelper:generateDebugAssets
:TypefaceHelper:mergeDebugAssets
:TypefaceHelper:mergeDebugProguardFiles
:TypefaceHelper:packageDebugRenderscript NO-SOURCE
:TypefaceHelper:packageDebugResources
:TypefaceHelper:processDebugJavaRes NO-SOURCE
:TypefaceHelper:transformResourcesWithMergeJavaResForDebug
:TypefaceHelper:transformClassesAndResourcesWithSyncLibJarsForDebug
:TypefaceHelper:mergeDebugJniLibFolders
:TypefaceHelper:transformNativeLibsWithMergeJniLibsForDebug
:TypefaceHelper:transformNativeLibsWithStripDebugSymbolForDebug
:TypefaceHelper:transformNativeLibsWithSyncJniLibsForDebug
:TypefaceHelper:bundleDebug
:TypefaceHelper:compileDebugSources
:TypefaceHelper:assembleDebug
:TypefaceHelper:checkReleaseManifest
:TypefaceHelper:prepareReleaseDependencies
:TypefaceHelper:compileReleaseAidl
:TypefaceHelper:compileReleaseNdk NO-SOURCE
:TypefaceHelper:copyReleaseLint NO-SOURCE
:TypefaceHelper:compileReleaseRenderscript
:TypefaceHelper:generateReleaseBuildConfig
:TypefaceHelper:generateReleaseResValues
:TypefaceHelper:generateReleaseResources
:TypefaceHelper:mergeReleaseResources
:TypefaceHelper:processReleaseManifest
:TypefaceHelper:processReleaseResources
:TypefaceHelper:generateReleaseSources
:TypefaceHelper:incrementalReleaseJavaCompilationSafeguard
:TypefaceHelper:javaPreCompileRelease
:TypefaceHelper:compileReleaseJavaWithJavac
:TypefaceHelper:compileReleaseJavaWithJavac - is not incremental (e.g. outputs have changed, no previous execution, etc.).
:TypefaceHelper:extractReleaseAnnotations
:TypefaceHelper:mergeReleaseShaders
:TypefaceHelper:compileReleaseShaders
:TypefaceHelper:generateReleaseAssets
:TypefaceHelper:mergeReleaseAssets
:TypefaceHelper:mergeReleaseProguardFiles
:TypefaceHelper:packageReleaseRenderscript NO-SOURCE
:TypefaceHelper:packageReleaseResources
:TypefaceHelper:processReleaseJavaRes NO-SOURCE
:TypefaceHelper:transformResourcesWithMergeJavaResForRelease
:TypefaceHelper:transformClassesAndResourcesWithSyncLibJarsForRelease
:TypefaceHelper:mergeReleaseJniLibFolders
:TypefaceHelper:transformNativeLibsWithMergeJniLibsForRelease
:TypefaceHelper:transformNativeLibsWithStripDebugSymbolForRelease
:TypefaceHelper:transformNativeLibsWithSyncJniLibsForRelease
:TypefaceHelper:bundleRelease
:TypefaceHelper:compileReleaseSources
:TypefaceHelper:assembleRelease
:TypefaceHelper:signArchives SKIPPED
:TypefaceHelper:assemble
:TypefaceHelper:build

BUILD SUCCESSFUL

Total time: 11.746 secs

2018-05-21 02:46:29,619 INFO  ProjectTaskService - Detecting possible tasks...
2018-05-21 02:46:29,619 INFO  SysUtils - Execute command: [/tmp/rdisk/1246/src/TypefaceHelper-master/gradlew, -b, /tmp/rdisk/1246/src/TypefaceHelper-master/sample/build.gradle, -Dorg.gradle.daemon=false, -Dorg.gradle.daemon.performance.enable-monitoring=false, -Dorg.gradle.configureondemand=true, tasks]
2018-05-21 02:46:37,666 INFO  ProjectTaskService - Detected possible tasks: 69
2018-05-21 02:46:37,667 INFO  ProjectTaskService - Excluded tasks (22): lintDebug mockableAndroidJar androidJavadocs deviceCheck lint androidSourcesJar testReleaseUnitTest uninstallRelease deviceAndroidTest uninstallDebugAndroidTest installDebugAndroidTest connectedCheck connectedDebugAndroidTest uninstallAll androidJavadocsJar test check testDebugUnitTest connectedAndroidTest installDebug lintRelease uninstallDebug
2018-05-21 02:46:37,667 INFO  SysUtils - Execute command: [/tmp/rdisk/1246/src/TypefaceHelper-master/gradlew, -b, /tmp/rdisk/1246/src/TypefaceHelper-master/sample/build.gradle, -Dorg.gradle.daemon=false, -Dorg.gradle.daemon.performance.enable-monitoring=false, -Dorg.gradle.configureondemand=true, --stacktrace, -x, lintDebug, -x, mockableAndroidJar, -x, androidJavadocs, -x, deviceCheck, -x, lint, -x, androidSourcesJar, -x, testReleaseUnitTest, -x, uninstallRelease, -x, deviceAndroidTest, -x, uninstallDebugAndroidTest, -x, installDebugAndroidTest, -x, connectedCheck, -x, connectedDebugAndroidTest, -x, uninstallAll, -x, androidJavadocsJar, -x, test, -x, check, -x, testDebugUnitTest, -x, connectedAndroidTest, -x, installDebug, -x, lintRelease, -x, uninstallDebug, build]
2018-05-21 02:46:45,747 ERROR SysUtils - Could not process external command
org.apache.commons.exec.ExecuteException: Process exited with an error: 1 (Exit value: 1)
	at org.apache.commons.exec.DefaultExecutor.executeInternal(DefaultExecutor.java:404)
	at org.apache.commons.exec.DefaultExecutor.execute(DefaultExecutor.java:166)
	at com.github.vbauer.apkmaster.util.SysUtils.execute(SysUtils.java:67)
	at com.github.vbauer.apkmaster.util.SysUtils.executeSimple(SysUtils.java:43)
	at com.github.vbauer.apkmaster.service.assembly.ProjectBuildService.buildProject(ProjectBuildService.java:78)
	at com.github.vbauer.apkmaster.service.assembly.ProjectBuildService.buildProject(ProjectBuildService.java:64)
	at com.github.vbauer.apkmaster.service.assembly.ProjectBuildService.buildProject(ProjectBuildService.java:43)
	at com.github.vbauer.apkmaster.service.FullProcessService.build(FullProcessService.java:84)
	at com.github.vbauer.apkmaster.service.FullProcessService.process(FullProcessService.java:34)
	at com.github.vbauer.apkmaster.app.MainApplication.process(MainApplication.java:38)
	at com.github.vbauer.apkmaster.app.MainApplication.main(MainApplication.java:20)
	at sun.reflect.GeneratedMethodAccessor9.invoke(Unknown Source)
	at sun.reflect.DelegatingMethodAccessorImpl.invoke(DelegatingMethodAccessorImpl.java:43)
	at java.lang.reflect.Method.invoke(Method.java:498)
	at com.android.arsenal.util.ReflectionUtils.invoke(ReflectionUtils.java:42)
	at com.android.arsenal.util.ApkMasterUtils.main(ApkMasterUtils.java:30)
	at com.android.arsenal.service.processor.impl.BuildProcessorServiceImpl.buildProject(BuildProcessorServiceImpl.java:197)
	at com.android.arsenal.service.processor.impl.BuildProcessorServiceImpl.build(BuildProcessorServiceImpl.java:131)
	at com.android.arsenal.service.processor.impl.BuildProcessorServiceImpl.lambda$null$1(BuildProcessorServiceImpl.java:114)
	at java.util.concurrent.FutureTask.run(FutureTask.java:266)
	at java.util.concurrent.Executors$RunnableAdapter.call(Executors.java:511)
	at java.util.concurrent.FutureTask.run(FutureTask.java:266)
	at java.util.concurrent.ThreadPoolExecutor.runWorker(ThreadPoolExecutor.java:1149)
	at java.util.concurrent.ThreadPoolExecutor$Worker.run(ThreadPoolExecutor.java:624)
	at java.lang.Thread.run(Thread.java:748)
2018-05-21 02:46:45,747 INFO  SysUtils - Configuration on demand is an incubating feature.

FAILURE: Build failed with an exception.

* What went wrong:
Task 'androidJavadocs' not found in project ':sample'.

* Try:
Run gradlew tasks to get a list of available tasks. Run with --info or --debug option to get more log output.

* Exception is:
org.gradle.execution.TaskSelectionException: Task 'androidJavadocs' not found in project ':sample'.
	at org.gradle.execution.TaskSelector.getSelection(TaskSelector.java:116)
	at org.gradle.execution.TaskSelector.getFilter(TaskSelector.java:66)
	at org.gradle.execution.ExcludedTaskFilteringBuildConfigurationAction.configure(ExcludedTaskFilteringBuildConfigurationAction.java:42)
	at org.gradle.execution.DefaultBuildConfigurationActionExecuter.configure(DefaultBuildConfigurationActionExecuter.java:48)
	at org.gradle.execution.DefaultBuildConfigurationActionExecuter.select(DefaultBuildConfigurationActionExecuter.java:36)
	at org.gradle.initialization.DefaultGradleLauncher$CalculateTaskGraphAction.execute(DefaultGradleLauncher.java:220)
	at org.gradle.initialization.DefaultGradleLauncher$CalculateTaskGraphAction.execute(DefaultGradleLauncher.java:217)
	at org.gradle.internal.Transformers$4.transform(Transformers.java:169)
	at org.gradle.internal.progress.DefaultBuildOperationExecutor.run(DefaultBuildOperationExecutor.java:106)
	at org.gradle.internal.progress.DefaultBuildOperationExecutor.run(DefaultBuildOperationExecutor.java:56)
	at org.gradle.initialization.DefaultGradleLauncher.doBuildStages(DefaultGradleLauncher.java:158)
	at org.gradle.initialization.DefaultGradleLauncher.doBuild(DefaultGradleLauncher.java:112)
	at org.gradle.initialization.DefaultGradleLauncher.run(DefaultGradleLauncher.java:95)
	at org.gradle.launcher.exec.GradleBuildController.run(GradleBuildController.java:66)
	at org.gradle.tooling.internal.provider.ExecuteBuildActionRunner.run(ExecuteBuildActionRunner.java:28)
	at org.gradle.launcher.exec.ChainingBuildActionRunner.run(ChainingBuildActionRunner.java:35)
	at org.gradle.launcher.exec.InProcessBuildActionExecuter.execute(InProcessBuildActionExecuter.java:41)
	at org.gradle.launcher.exec.InProcessBuildActionExecuter.execute(InProcessBuildActionExecuter.java:26)
	at org.gradle.tooling.internal.provider.ContinuousBuildActionExecuter.execute(ContinuousBuildActionExecuter.java:75)
	at org.gradle.tooling.internal.provider.ContinuousBuildActionExecuter.execute(ContinuousBuildActionExecuter.java:49)
	at org.gradle.tooling.internal.provider.ServicesSetupBuildActionExecuter.execute(ServicesSetupBuildActionExecuter.java:49)
	at org.gradle.tooling.internal.provider.ServicesSetupBuildActionExecuter.execute(ServicesSetupBuildActionExecuter.java:31)
	at org.gradle.launcher.cli.RunBuildAction.run(RunBuildAction.java:51)
	at org.gradle.internal.Actions$RunnableActionAdapter.execute(Actions.java:173)
	at org.gradle.launcher.cli.CommandLineActionFactory$ParseAndBuildAction.execute(CommandLineActionFactory.java:281)
	at org.gradle.launcher.cli.CommandLineActionFactory$ParseAndBuildAction.execute(CommandLineActionFactory.java:254)
	at org.gradle.launcher.cli.JavaRuntimeValidationAction.execute(JavaRuntimeValidationAction.java:33)
	at org.gradle.launcher.cli.JavaRuntimeValidationAction.execute(JavaRuntimeValidationAction.java:24)
	at org.gradle.launcher.cli.ExceptionReportingAction.execute(ExceptionReportingAction.java:33)
	at org.gradle.launcher.cli.ExceptionReportingAction.execute(ExceptionReportingAction.java:22)
	at org.gradle.launcher.cli.CommandLineActionFactory$WithLogging.execute(CommandLineActionFactory.java:247)
	at org.gradle.launcher.cli.CommandLineActionFactory$WithLogging.execute(CommandLineActionFactory.java:182)
	at org.gradle.launcher.Main.doAction(Main.java:33)
	at org.gradle.launcher.bootstrap.EntryPoint.run(EntryPoint.java:45)
	at org.gradle.launcher.bootstrap.ProcessBootstrap.runNoExit(ProcessBootstrap.java:60)
	at org.gradle.launcher.bootstrap.ProcessBootstrap.run(ProcessBootstrap.java:37)
	at org.gradle.launcher.GradleMain.main(GradleMain.java:23)
	at org.gradle.wrapper.BootstrapMainStarter.start(BootstrapMainStarter.java:33)
	at org.gradle.wrapper.WrapperExecutor.execute(WrapperExecutor.java:130)
	at org.gradle.wrapper.GradleWrapperMain.main(GradleWrapperMain.java:48)


BUILD FAILED

Total time: 7.863 secs

2018-05-21 02:46:45,747 ERROR ProjectBuildService - Excluded tasks were detected wrong
2018-05-21 02:46:45,747 INFO  SysUtils - Execute command: [/tmp/rdisk/1246/src/TypefaceHelper-master/gradlew, -b, /tmp/rdisk/1246/src/TypefaceHelper-master/sample/build.gradle, -Dorg.gradle.daemon=false, -Dorg.gradle.daemon.performance.enable-monitoring=false, -Dorg.gradle.configureondemand=true, --stacktrace, build]
2018-05-21 02:47:11,717 INFO  SysUtils - Configuration on demand is an incubating feature.
:TypefaceHelper:preBuild UP-TO-DATE
:TypefaceHelper:preReleaseBuild UP-TO-DATE
:TypefaceHelper:checkReleaseManifest
:TypefaceHelper:preDebugAndroidTestBuild UP-TO-DATE
:TypefaceHelper:preDebugBuild UP-TO-DATE
:TypefaceHelper:preDebugUnitTestBuild UP-TO-DATE
:TypefaceHelper:preReleaseUnitTestBuild UP-TO-DATE
:TypefaceHelper:prepareComAndroidSupportSupportCompat2531Library
:TypefaceHelper:prepareComAndroidSupportSupportCoreUi2531Library
:TypefaceHelper:prepareComAndroidSupportSupportCoreUtils2531Library
:TypefaceHelper:prepareComAndroidSupportSupportFragment2531Library
:TypefaceHelper:prepareComAndroidSupportSupportMediaCompat2531Library
:TypefaceHelper:prepareComAndroidSupportSupportV42531Library
:TypefaceHelper:prepareReleaseDependencies
:TypefaceHelper:compileReleaseAidl UP-TO-DATE
:TypefaceHelper:compileReleaseNdk NO-SOURCE
:TypefaceHelper:compileLint UP-TO-DATE
:TypefaceHelper:copyReleaseLint NO-SOURCE
:TypefaceHelper:compileReleaseRenderscript UP-TO-DATE
:TypefaceHelper:generateReleaseBuildConfig UP-TO-DATE
:TypefaceHelper:generateReleaseResValues UP-TO-DATE
:TypefaceHelper:generateReleaseResources UP-TO-DATE
:TypefaceHelper:mergeReleaseResources UP-TO-DATE
:TypefaceHelper:processReleaseManifest UP-TO-DATE
:TypefaceHelper:processReleaseResources UP-TO-DATE
:TypefaceHelper:generateReleaseSources UP-TO-DATE
:TypefaceHelper:incrementalReleaseJavaCompilationSafeguard UP-TO-DATE
:TypefaceHelper:javaPreCompileRelease
:TypefaceHelper:compileReleaseJavaWithJavac UP-TO-DATE
:TypefaceHelper:extractReleaseAnnotations UP-TO-DATE
:TypefaceHelper:mergeReleaseShaders UP-TO-DATE
:TypefaceHelper:compileReleaseShaders UP-TO-DATE
:TypefaceHelper:generateReleaseAssets UP-TO-DATE
:TypefaceHelper:mergeReleaseAssets UP-TO-DATE
:TypefaceHelper:mergeReleaseProguardFiles UP-TO-DATE
:TypefaceHelper:packageReleaseRenderscript NO-SOURCE
:TypefaceHelper:packageReleaseResources UP-TO-DATE
:TypefaceHelper:processReleaseJavaRes NO-SOURCE
:TypefaceHelper:transformResourcesWithMergeJavaResForRelease UP-TO-DATE
:TypefaceHelper:transformClassesAndResourcesWithSyncLibJarsForRelease UP-TO-DATE
:TypefaceHelper:mergeReleaseJniLibFolders UP-TO-DATE
:TypefaceHelper:transformNativeLibsWithMergeJniLibsForRelease UP-TO-DATE
:TypefaceHelper:transformNativeLibsWithStripDebugSymbolForRelease UP-TO-DATE
:TypefaceHelper:transformNativeLibsWithSyncJniLibsForRelease UP-TO-DATE
:TypefaceHelper:bundleRelease UP-TO-DATE
:sample:preBuild UP-TO-DATE
:sample:preDebugBuild UP-TO-DATE
:sample:checkDebugManifest
:sample:preReleaseBuild UP-TO-DATE
:sample:prepareComAndroidSupportAnimatedVectorDrawable2531Library
:sample:prepareComAndroidSupportAppcompatV72531Library
:sample:prepareComAndroidSupportSupportCompat2531Library
:sample:prepareComAndroidSupportSupportCoreUi2531Library
:sample:prepareComAndroidSupportSupportCoreUtils2531Library
:sample:prepareComAndroidSupportSupportFragment2531Library
:sample:prepareComAndroidSupportSupportMediaCompat2531Library
:sample:prepareComAndroidSupportSupportV42531Library
:sample:prepareComAndroidSupportSupportVectorDrawable2531Library
:sample:prepareDebugDependencies
:sample:compileDebugAidl
:sample:compileDebugRenderscript
:sample:generateDebugBuildConfig
:sample:generateDebugResValues
:sample:generateDebugResources
:sample:mergeDebugResources
:sample:processDebugManifest
:sample:processDebugResources
:sample:generateDebugSources
:sample:incrementalDebugJavaCompilationSafeguard
:sample:javaPreCompileDebug
:sample:compileDebugJavaWithJavac
:sample:compileDebugJavaWithJavac - is not incremental (e.g. outputs have changed, no previous execution, etc.).
Note: /tmp/rdisk/1246/src/TypefaceHelper-master/sample/src/main/java/com/drivemode/android/typeface/sample/MainActivity.java uses or overrides a deprecated API.
Note: Recompile with -Xlint:deprecation for details.
:sample:compileDebugNdk NO-SOURCE
:sample:compileDebugSources
:sample:mergeDebugShaders
:sample:compileDebugShaders
:sample:generateDebugAssets
:sample:mergeDebugAssets
:sample:transformClassesWithDexForDebug
:sample:mergeDebugJniLibFolders
:sample:transformNativeLibsWithMergeJniLibsForDebug
:sample:transformNativeLibsWithStripDebugSymbolForDebug
:sample:processDebugJavaRes NO-SOURCE
:sample:transformResourcesWithMergeJavaResForDebug
:sample:validateSigningDebug
:sample:packageDebug
:sample:assembleDebug
:sample:checkReleaseManifest
:sample:prepareReleaseDependencies
:sample:compileReleaseAidl
:sample:compileReleaseRenderscript
:sample:generateReleaseBuildConfig
:sample:generateReleaseResValues
:sample:generateReleaseResources
:sample:mergeReleaseResources
:sample:processReleaseManifest
:sample:processReleaseResources
:sample:generateReleaseSources
:sample:incrementalReleaseJavaCompilationSafeguard
:sample:javaPreCompileRelease
:sample:compileReleaseJavaWithJavac
:sample:compileReleaseJavaWithJavac - is not incremental (e.g. outputs have changed, no previous execution, etc.).
Note: /tmp/rdisk/1246/src/TypefaceHelper-master/sample/src/main/java/com/drivemode/android/typeface/sample/MainActivity.java uses or overrides a deprecated API.
Note: Recompile with -Xlint:deprecation for details.
:sample:compileReleaseNdk NO-SOURCE
:sample:compileReleaseSources
:sample:lintVitalRelease
:sample:mergeReleaseShaders
:sample:compileReleaseShaders
:sample:generateReleaseAssets
:sample:mergeReleaseAssets
:sample:transformClassesWithDexForRelease
:sample:mergeReleaseJniLibFolders
:sample:transformNativeLibsWithMergeJniLibsForRelease
:sample:transformNativeLibsWithStripDebugSymbolForRelease
:sample:processReleaseJavaRes NO-SOURCE
:sample:transformResourcesWithMergeJavaResForRelease
:sample:packageRelease
:sample:assembleRelease
:sample:assemble
:sample:lint
Ran lint on variant debug: 7 issues found
Ran lint on variant release: 7 issues found
Wrote HTML report to file:///tmp/rdisk/1246/src/TypefaceHelper-master/sample/build/reports/lint-results.html
Wrote XML report to file:///tmp/rdisk/1246/src/TypefaceHelper-master/sample/build/reports/lint-results.xml
:sample:incrementalDebugUnitTestJavaCompilationSafeguard NO-SOURCE
:sample:javaPreCompileDebugUnitTest
:sample:preDebugUnitTestBuild UP-TO-DATE
:sample:prepareDebugUnitTestDependencies
:sample:compileDebugUnitTestJavaWithJavac NO-SOURCE
:sample:processDebugUnitTestJavaRes NO-SOURCE
:sample:compileDebugUnitTestSources UP-TO-DATE
:sample:mockableAndroidJar
:sample:assembleDebugUnitTest
:sample:testDebugUnitTest NO-SOURCE
:sample:incrementalReleaseUnitTestJavaCompilationSafeguard NO-SOURCE
:sample:javaPreCompileReleaseUnitTest
:sample:preReleaseUnitTestBuild UP-TO-DATE
:sample:prepareReleaseUnitTestDependencies
:sample:compileReleaseUnitTestJavaWithJavac NO-SOURCE
:sample:processReleaseUnitTestJavaRes NO-SOURCE
:sample:compileReleaseUnitTestSources UP-TO-DATE
:sample:assembleReleaseUnitTest
:sample:testReleaseUnitTest NO-SOURCE
:sample:test UP-TO-DATE
:sample:check
:sample:build

BUILD SUCCESSFUL

Total time: 25.725 secs

2018-05-21 02:47:11,768 INFO  FullProcessService - Found APK file: /tmp/rdisk/1246/src/TypefaceHelper-master/sample/build/outputs/apk/sample-release-unsigned.apk
