2018-04-08 03:11:20,328 INFO  DownloadService - Downloading "https://github.com/tekinarslan/AndroidPdfViewer/archive/master.zip", attempt 3
2018-04-08 03:12:20,780 INFO  GithubDownloadService - Could not find ZIP archive for master branch
2018-04-08 03:12:21,465 INFO  GithubDownloadService - Default branch of this repository: master
2018-04-08 03:12:21,465 INFO  DownloadService - Downloading "https://github.com/tekinarslan/AndroidPdfViewer/archive/master.zip", attempt 3
2018-04-08 03:13:22,705 DEBUG FullProcessService - Repository https://github.com/tekinarslan/AndroidPdfViewer available: true
2018-04-08 03:13:22,705 INFO  FullProcessService - Could not download ZIP file from Github, lets clone it
2018-04-08 03:13:22,705 INFO  SysUtils - Execute command: [git, clone, -q, --single-branch, --depth, 1, https://github.com/tekinarslan/AndroidPdfViewer, /tmp/rdisk/1124/src]
2018-04-08 03:13:33,430 INFO  SysUtils - 
2018-04-08 03:13:33,437 INFO  GitService - Deleted "/tmp/rdisk/1124/src/.git": true
2018-04-08 03:13:33,443 INFO  FullProcessService - Size of directory with sources: 18 MB
2018-04-08 03:13:33,443 INFO  SysUtils - Execute command: [git, init, /tmp/rdisk/1124/src]
2018-04-08 03:13:33,447 INFO  SysUtils - Initialized empty Git repository in /tmp/rdisk/1124/src/.git/

2018-04-08 03:13:33,452 INFO  ProjectBuildService - Gradle wrapper(s): /tmp/rdisk/1124/src/gradlew
2018-04-08 03:13:33,457 INFO  ProjectBuildService - Build script(s): /tmp/rdisk/1124/src/mupdflibrary/build.gradle /tmp/rdisk/1124/src/sample/build.gradle /tmp/rdisk/1124/src/build.gradle
2018-04-08 03:13:33,462 INFO  ProjectBuildService - All script(s): /tmp/rdisk/1124/src/settings.gradle /tmp/rdisk/1124/src/sample/build.gradle /tmp/rdisk/1124/src/mupdflibrary/build.gradle /tmp/rdisk/1124/src/build.gradle
2018-04-08 03:13:33,462 INFO  ProjectBuildService - Remote scripts: none
2018-04-08 03:13:33,462 INFO  ProjectFixService - Fixing project...
2018-04-08 03:13:33,473 INFO  LocalPropertiesFixService - Created fake /tmp/rdisk/1124/src/mupdflibrary/local.properties
2018-04-08 03:13:33,473 INFO  ProjectFixService - Build info for "/tmp/rdisk/1124/src/mupdflibrary/build.gradle": [buildToolsVersion=22.0.1,compileSdkVersion=22,minSdkVersion=14,targetSdkVersion=22]
2018-04-08 03:13:33,473 INFO  LocalPropertiesFixService - Created fake /tmp/rdisk/1124/src/sample/local.properties
2018-04-08 03:13:33,473 INFO  ProjectFixService - Build info for "/tmp/rdisk/1124/src/sample/build.gradle": [buildToolsVersion=22.0.1,compileSdkVersion=22,minSdkVersion=14,targetSdkVersion=22]
2018-04-08 03:13:33,474 INFO  LocalPropertiesFixService - Created fake /tmp/rdisk/1124/src/local.properties
2018-04-08 03:13:33,474 INFO  WrapperPropertiesFixService - Gradle wrapper: https://services.gradle.org/distributions/gradle-2.2.1-all.zip
2018-04-08 03:13:33,474 INFO  WrapperPropertiesFixService - Gradle wrapper was changed from "-all.zip" to "-bin.zip" (https://services.gradle.org/distributions/gradle-2.2.1-bin.zip)
2018-04-08 03:13:33,475 INFO  ProjectFixService - Build info for "/tmp/rdisk/1124/src/build.gradle": [buildToolsVersion=22.0.1,compileSdkVersion=22,minSdkVersion=14,targetSdkVersion=22]
2018-04-08 03:13:33,475 INFO  ProjectFixService - Project was maybe fixed
2018-04-08 03:13:33,475 INFO  ProjectTaskService - Detecting possible tasks...
2018-04-08 03:13:33,475 INFO  SysUtils - Execute command: [/tmp/rdisk/1124/src/gradlew, -b, /tmp/rdisk/1124/src/mupdflibrary/build.gradle, -Dorg.gradle.daemon=false, -Dorg.gradle.daemon.performance.enable-monitoring=false, -Dorg.gradle.configureondemand=true, tasks]
2018-04-08 03:13:41,671 ERROR ProjectTaskService - Could not detect possible Gradle tasks: Process exited with an error: 1 (Exit value: 1)
2018-04-08 03:13:41,671 INFO  ProjectTaskService - Detected possible tasks: 0
2018-04-08 03:13:41,671 INFO  ProjectTaskService - Excluded tasks (0): none
2018-04-08 03:13:41,671 INFO  SysUtils - Execute command: [/tmp/rdisk/1124/src/gradlew, -b, /tmp/rdisk/1124/src/mupdflibrary/build.gradle, -Dorg.gradle.daemon=false, -Dorg.gradle.daemon.performance.enable-monitoring=false, -Dorg.gradle.configureondemand=true, --stacktrace, build]
2018-04-08 03:13:59,211 ERROR SysUtils - Could not process external command
org.apache.commons.exec.ExecuteException: Process exited with an error: 1 (Exit value: 1)
	at org.apache.commons.exec.DefaultExecutor.executeInternal(DefaultExecutor.java:404)
	at org.apache.commons.exec.DefaultExecutor.execute(DefaultExecutor.java:166)
	at com.github.vbauer.apkmaster.util.SysUtils.execute(SysUtils.java:67)
	at com.github.vbauer.apkmaster.util.SysUtils.executeSimple(SysUtils.java:43)
	at com.github.vbauer.apkmaster.service.assembly.ProjectBuildService.buildProject(ProjectBuildService.java:78)
	at com.github.vbauer.apkmaster.service.assembly.ProjectBuildService.buildProject(ProjectBuildService.java:64)
	at com.github.vbauer.apkmaster.service.assembly.ProjectBuildService.buildProject(ProjectBuildService.java:43)
	at com.github.vbauer.apkmaster.service.FullProcessService.build(FullProcessService.java:84)
	at com.github.vbauer.apkmaster.service.FullProcessService.process(FullProcessService.java:34)
	at com.github.vbauer.apkmaster.app.MainApplication.process(MainApplication.java:38)
	at com.github.vbauer.apkmaster.app.MainApplication.main(MainApplication.java:20)
	at sun.reflect.GeneratedMethodAccessor8.invoke(Unknown Source)
	at sun.reflect.DelegatingMethodAccessorImpl.invoke(DelegatingMethodAccessorImpl.java:43)
	at java.lang.reflect.Method.invoke(Method.java:498)
	at com.android.arsenal.util.ReflectionUtils.invoke(ReflectionUtils.java:42)
	at com.android.arsenal.util.ApkMasterUtils.main(ApkMasterUtils.java:30)
	at com.android.arsenal.service.processor.impl.BuildProcessorServiceImpl.buildProject(BuildProcessorServiceImpl.java:197)
	at com.android.arsenal.service.processor.impl.BuildProcessorServiceImpl.build(BuildProcessorServiceImpl.java:131)
	at com.android.arsenal.service.processor.impl.BuildProcessorServiceImpl.lambda$null$1(BuildProcessorServiceImpl.java:114)
	at java.util.concurrent.FutureTask.run(FutureTask.java:266)
	at java.util.concurrent.Executors$RunnableAdapter.call(Executors.java:511)
	at java.util.concurrent.FutureTask.run(FutureTask.java:266)
	at java.util.concurrent.ThreadPoolExecutor.runWorker(ThreadPoolExecutor.java:1149)
	at java.util.concurrent.ThreadPoolExecutor$Worker.run(ThreadPoolExecutor.java:624)
	at java.lang.Thread.run(Thread.java:748)
2018-04-08 03:13:59,211 INFO  SysUtils - Configuration on demand is an incubating feature.
:mupdflibrary:compileLint
:mupdflibrary:copyDebugLint UP-TO-DATE
:mupdflibrary:mergeDebugProguardFiles
:mupdflibrary:preBuild UP-TO-DATE
:mupdflibrary:preDebugBuild UP-TO-DATE
:mupdflibrary:checkDebugManifest
:mupdflibrary:prepareDebugDependencies
:mupdflibrary:compileDebugAidl
:mupdflibrary:compileDebugRenderscript
:mupdflibrary:generateDebugBuildConfig
:mupdflibrary:generateDebugAssets UP-TO-DATE
:mupdflibrary:mergeDebugAssets
:mupdflibrary:generateDebugResValues
:mupdflibrary:generateDebugResources
:mupdflibrary:packageDebugResources
:mupdflibrary:processDebugManifest
:mupdflibrary:processDebugResourcesUnknown source file : warning: string 'app_name' has no default translation.


:mupdflibrary:generateDebugSources
:mupdflibrary:processDebugJavaRes UP-TO-DATE
:mupdflibrary:compileDebugJavaWithJavacNote: Some input files use or override a deprecated API.
Note: Recompile with -Xlint:deprecation for details.
Note: /tmp/rdisk/1124/src/mupdflibrary/src/main/java/com/artifex/mupdfdemo/AsyncTask.java uses unchecked or unsafe operations.
Note: Recompile with -Xlint:unchecked for details.

:mupdflibrary:packageDebugJar
:mupdflibrary:compileDebugNdk UP-TO-DATE
:mupdflibrary:packageDebugJniLibs
:mupdflibrary:packageDebugLocalJar UP-TO-DATE
:mupdflibrary:packageDebugRenderscript UP-TO-DATE
:mupdflibrary:bundleDebug
:mupdflibrary:compileDebugSources
:mupdflibrary:assembleDebug
:mupdflibrary:copyReleaseLint UP-TO-DATE
:mupdflibrary:mergeReleaseProguardFiles
:mupdflibrary:preReleaseBuild UP-TO-DATE
:mupdflibrary:checkReleaseManifest
:mupdflibrary:prepareReleaseDependencies
:mupdflibrary:compileReleaseAidl
:mupdflibrary:compileReleaseRenderscript
:mupdflibrary:generateReleaseBuildConfig
:mupdflibrary:generateReleaseAssets UP-TO-DATE
:mupdflibrary:mergeReleaseAssets
:mupdflibrary:generateReleaseResValues
:mupdflibrary:generateReleaseResources
:mupdflibrary:packageReleaseResources
:mupdflibrary:processReleaseManifest
:mupdflibrary:processReleaseResourcesUnknown source file : warning: string 'app_name' has no default translation.


:mupdflibrary:generateReleaseSources
:mupdflibrary:processReleaseJavaRes UP-TO-DATE
:mupdflibrary:compileReleaseJavaWithJavacNote: Some input files use or override a deprecated API.
Note: Recompile with -Xlint:deprecation for details.
Note: /tmp/rdisk/1124/src/mupdflibrary/src/main/java/com/artifex/mupdfdemo/AsyncTask.java uses unchecked or unsafe operations.
Note: Recompile with -Xlint:unchecked for details.

:mupdflibrary:packageReleaseJar
:mupdflibrary:compileReleaseNdk UP-TO-DATE
:mupdflibrary:packageReleaseJniLibs
:mupdflibrary:packageReleaseLocalJar UP-TO-DATE
:mupdflibrary:packageReleaseRenderscript UP-TO-DATE
:mupdflibrary:bundleRelease
:mupdflibrary:compileReleaseSources
:mupdflibrary:assembleRelease
:mupdflibrary:assemble
:mupdflibrary:lint
Ran lint on variant release: 84 issues found
Ran lint on variant debug: 84 issues found
Wrote HTML report to file:/tmp/rdisk/1124/src/mupdflibrary/build/outputs/lint-results.html
Wrote XML report to /tmp/rdisk/1124/src/mupdflibrary/build/outputs/lint-results.xml
:mupdflibrary:lint FAILED

FAILURE: Build failed with an exception.

* What went wrong:
Execution failed for task ':mupdflibrary:lint'.
> Lint found errors in the project; aborting build.
  
  Fix the issues identified by lint, or add the following to your build script to proceed with errors:
  ...
  android {
      lintOptions {
          abortOnError false
      }
  }
  ...

* Try:
Run with --info or --debug option to get more log output.

* Exception is:
org.gradle.api.tasks.TaskExecutionException: Execution failed for task ':mupdflibrary:lint'.
	at org.gradle.api.internal.tasks.execution.ExecuteActionsTaskExecuter.executeActions(ExecuteActionsTaskExecuter.java:69)
	at org.gradle.api.internal.tasks.execution.ExecuteActionsTaskExecuter.execute(ExecuteActionsTaskExecuter.java:46)
	at org.gradle.api.internal.tasks.execution.PostExecutionAnalysisTaskExecuter.execute(PostExecutionAnalysisTaskExecuter.java:35)
	at org.gradle.api.internal.tasks.execution.SkipUpToDateTaskExecuter.execute(SkipUpToDateTaskExecuter.java:64)
	at org.gradle.api.internal.tasks.execution.ValidatingTaskExecuter.execute(ValidatingTaskExecuter.java:58)
	at org.gradle.api.internal.tasks.execution.SkipEmptySourceFilesTaskExecuter.execute(SkipEmptySourceFilesTaskExecuter.java:42)
	at org.gradle.api.internal.tasks.execution.SkipTaskWithNoActionsExecuter.execute(SkipTaskWithNoActionsExecuter.java:52)
	at org.gradle.api.internal.tasks.execution.SkipOnlyIfTaskExecuter.execute(SkipOnlyIfTaskExecuter.java:53)
	at org.gradle.api.internal.tasks.execution.ExecuteAtMostOnceTaskExecuter.execute(ExecuteAtMostOnceTaskExecuter.java:43)
	at org.gradle.api.internal.AbstractTask.executeWithoutThrowingTaskFailure(AbstractTask.java:305)
	at org.gradle.execution.taskgraph.AbstractTaskPlanExecutor$TaskExecutorWorker.executeTask(AbstractTaskPlanExecutor.java:79)
	at org.gradle.execution.taskgraph.AbstractTaskPlanExecutor$TaskExecutorWorker.processTask(AbstractTaskPlanExecutor.java:63)
	at org.gradle.execution.taskgraph.AbstractTaskPlanExecutor$TaskExecutorWorker.run(AbstractTaskPlanExecutor.java:51)
	at org.gradle.execution.taskgraph.DefaultTaskPlanExecutor.process(DefaultTaskPlanExecutor.java:23)
	at org.gradle.execution.taskgraph.DefaultTaskGraphExecuter.execute(DefaultTaskGraphExecuter.java:88)
	at org.gradle.execution.SelectedTaskExecutionAction.execute(SelectedTaskExecutionAction.java:29)
	at org.gradle.execution.DefaultBuildExecuter.execute(DefaultBuildExecuter.java:62)
	at org.gradle.execution.DefaultBuildExecuter.access$200(DefaultBuildExecuter.java:23)
	at org.gradle.execution.DefaultBuildExecuter$2.proceed(DefaultBuildExecuter.java:68)
	at org.gradle.execution.DryRunBuildExecutionAction.execute(DryRunBuildExecutionAction.java:32)
	at org.gradle.execution.DefaultBuildExecuter.execute(DefaultBuildExecuter.java:62)
	at org.gradle.execution.DefaultBuildExecuter.execute(DefaultBuildExecuter.java:55)
	at org.gradle.initialization.DefaultGradleLauncher.doBuildStages(DefaultGradleLauncher.java:149)
	at org.gradle.initialization.DefaultGradleLauncher.doBuild(DefaultGradleLauncher.java:106)
	at org.gradle.initialization.DefaultGradleLauncher.run(DefaultGradleLauncher.java:86)
	at org.gradle.launcher.exec.InProcessBuildActionExecuter$DefaultBuildController.run(InProcessBuildActionExecuter.java:80)
	at org.gradle.launcher.cli.ExecuteBuildAction.run(ExecuteBuildAction.java:33)
	at org.gradle.launcher.cli.ExecuteBuildAction.run(ExecuteBuildAction.java:24)
	at org.gradle.launcher.exec.InProcessBuildActionExecuter.execute(InProcessBuildActionExecuter.java:36)
	at org.gradle.launcher.exec.InProcessBuildActionExecuter.execute(InProcessBuildActionExecuter.java:26)
	at org.gradle.launcher.cli.RunBuildAction.run(RunBuildAction.java:51)
	at org.gradle.internal.Actions$RunnableActionAdapter.execute(Actions.java:171)
	at org.gradle.launcher.cli.CommandLineActionFactory$ParseAndBuildAction.execute(CommandLineActionFactory.java:237)
	at org.gradle.launcher.cli.CommandLineActionFactory$ParseAndBuildAction.execute(CommandLineActionFactory.java:210)
	at org.gradle.launcher.cli.JavaRuntimeValidationAction.execute(JavaRuntimeValidationAction.java:35)
	at org.gradle.launcher.cli.JavaRuntimeValidationAction.execute(JavaRuntimeValidationAction.java:24)
	at org.gradle.launcher.cli.CommandLineActionFactory$WithLogging.execute(CommandLineActionFactory.java:206)
	at org.gradle.launcher.cli.CommandLineActionFactory$WithLogging.execute(CommandLineActionFactory.java:169)
	at org.gradle.launcher.cli.ExceptionReportingAction.execute(ExceptionReportingAction.java:33)
	at org.gradle.launcher.cli.ExceptionReportingAction.execute(ExceptionReportingAction.java:22)
	at org.gradle.launcher.Main.doAction(Main.java:33)
	at org.gradle.launcher.bootstrap.EntryPoint.run(EntryPoint.java:45)
	at org.gradle.launcher.bootstrap.ProcessBootstrap.runNoExit(ProcessBootstrap.java:54)
	at org.gradle.launcher.bootstrap.ProcessBootstrap.run(ProcessBootstrap.java:35)
	at org.gradle.launcher.GradleMain.main(GradleMain.java:23)
	at org.gradle.wrapper.BootstrapMainStarter.start(BootstrapMainStarter.java:33)
	at org.gradle.wrapper.WrapperExecutor.execute(WrapperExecutor.java:130)
	at org.gradle.wrapper.GradleWrapperMain.main(GradleWrapperMain.java:48)
Caused by: org.gradle.api.GradleException: Lint found errors in the project; aborting build.

Fix the issues identified by lint, or add the following to your build script to proceed with errors:
...
android {
    lintOptions {
        abortOnError false
    }
}
...
	at com.android.build.gradle.tasks.Lint.abort(Lint.groovy:171)
	at com.android.build.gradle.tasks.Lint.lintAllVariants(Lint.groovy:136)
	at com.android.build.gradle.tasks.Lint$lintAllVariants$4.callCurrent(Unknown Source)
	at com.android.build.gradle.tasks.Lint.lint(Lint.groovy:82)
	at org.gradle.internal.reflect.JavaMethod.invoke(JavaMethod.java:63)
	at org.gradle.api.internal.project.taskfactory.AnnotationProcessingTaskFactory$StandardTaskAction.doExecute(AnnotationProcessingTaskFactory.java:218)
	at org.gradle.api.internal.project.taskfactory.AnnotationProcessingTaskFactory$StandardTaskAction.execute(AnnotationProcessingTaskFactory.java:211)
	at org.gradle.api.internal.project.taskfactory.AnnotationProcessingTaskFactory$StandardTaskAction.execute(AnnotationProcessingTaskFactory.java:200)
	at org.gradle.api.internal.AbstractTask$TaskActionWrapper.execute(AbstractTask.java:579)
	at org.gradle.api.internal.AbstractTask$TaskActionWrapper.execute(AbstractTask.java:562)
	at org.gradle.api.internal.tasks.execution.ExecuteActionsTaskExecuter.executeAction(ExecuteActionsTaskExecuter.java:80)
	at org.gradle.api.internal.tasks.execution.ExecuteActionsTaskExecuter.executeActions(ExecuteActionsTaskExecuter.java:61)
	... 47 more


BUILD FAILED

Total time: 17.098 secs

2018-04-08 03:13:59,228 INFO  ProjectTaskService - Detecting possible tasks...
2018-04-08 03:13:59,228 INFO  SysUtils - Execute command: [/tmp/rdisk/1124/src/gradlew, -b, /tmp/rdisk/1124/src/sample/build.gradle, -Dorg.gradle.daemon=false, -Dorg.gradle.daemon.performance.enable-monitoring=false, -Dorg.gradle.configureondemand=true, tasks]
2018-04-08 03:14:05,871 INFO  ProjectTaskService - Detected possible tasks: 65
2018-04-08 03:14:05,871 INFO  ProjectTaskService - Excluded tasks (19): lintDebug mockableAndroidJar deviceCheck lint testReleaseUnitTest uninstallRelease deviceAndroidTest uninstallDebugAndroidTest installDebugAndroidTest connectedCheck connectedDebugAndroidTest uninstallAll test check testDebugUnitTest connectedAndroidTest installDebug lintRelease uninstallDebug
2018-04-08 03:14:05,871 INFO  SysUtils - Execute command: [/tmp/rdisk/1124/src/gradlew, -b, /tmp/rdisk/1124/src/sample/build.gradle, -Dorg.gradle.daemon=false, -Dorg.gradle.daemon.performance.enable-monitoring=false, -Dorg.gradle.configureondemand=true, --stacktrace, -x, lintDebug, -x, mockableAndroidJar, -x, deviceCheck, -x, lint, -x, testReleaseUnitTest, -x, uninstallRelease, -x, deviceAndroidTest, -x, uninstallDebugAndroidTest, -x, installDebugAndroidTest, -x, connectedCheck, -x, connectedDebugAndroidTest, -x, uninstallAll, -x, test, -x, check, -x, testDebugUnitTest, -x, connectedAndroidTest, -x, installDebug, -x, lintRelease, -x, uninstallDebug, build]
2018-04-08 03:14:29,422 INFO  SysUtils - Configuration on demand is an incubating feature.
:mupdflibrary:compileLint
:mupdflibrary:copyReleaseLint UP-TO-DATE
:mupdflibrary:mergeReleaseProguardFiles UP-TO-DATE
:mupdflibrary:preBuild UP-TO-DATE
:mupdflibrary:preReleaseBuild UP-TO-DATE
:mupdflibrary:checkReleaseManifest
:mupdflibrary:prepareReleaseDependencies
:mupdflibrary:compileReleaseAidl UP-TO-DATE
:mupdflibrary:compileReleaseRenderscript UP-TO-DATE
:mupdflibrary:generateReleaseBuildConfig UP-TO-DATE
:mupdflibrary:generateReleaseAssets UP-TO-DATE
:mupdflibrary:mergeReleaseAssets UP-TO-DATE
:mupdflibrary:generateReleaseResValues UP-TO-DATE
:mupdflibrary:generateReleaseResources UP-TO-DATE
:mupdflibrary:packageReleaseResources UP-TO-DATE
:mupdflibrary:processReleaseManifest UP-TO-DATE
:mupdflibrary:processReleaseResources UP-TO-DATE
:mupdflibrary:generateReleaseSources UP-TO-DATE
:mupdflibrary:processReleaseJavaRes UP-TO-DATE
:mupdflibrary:compileReleaseJavaWithJavac UP-TO-DATE
:mupdflibrary:packageReleaseJar UP-TO-DATE
:mupdflibrary:compileReleaseNdk UP-TO-DATE
:mupdflibrary:packageReleaseJniLibs UP-TO-DATE
:mupdflibrary:packageReleaseLocalJar UP-TO-DATE
:mupdflibrary:packageReleaseRenderscript UP-TO-DATE
:mupdflibrary:bundleRelease UP-TO-DATE
:sample:preBuild UP-TO-DATE
:sample:preDebugBuild UP-TO-DATE
:sample:checkDebugManifest
:sample:preReleaseBuild UP-TO-DATE
:sample:prepareComAndroidSupportSupportV42200Library
:sample:prepareSrcMupdflibraryUnspecifiedLibrary
:sample:prepareDebugDependencies
:sample:compileDebugAidl
:sample:compileDebugRenderscript
:sample:generateDebugBuildConfig
:sample:generateDebugAssets UP-TO-DATE
:sample:mergeDebugAssets
:sample:generateDebugResValues
:sample:generateDebugResources
:sample:mergeDebugResources
AAPT: /tmp/rdisk/1124/src/sample/build/intermediates/exploded-aar/src/mupdflibrary/unspecified/res/drawable-ldpi/ic_list.png: libpng warning: iCCP: Not recognizing known sRGB profile that has been edited
AAPT: /tmp/rdisk/1124/src/sample/build/intermediates/exploded-aar/src/mupdflibrary/unspecified/res/drawable-mdpi/ic_list.png: libpng warning: iCCP: Not recognizing known sRGB profile that has been edited
:sample:processDebugManifest
:sample:processDebugResources
:sample:generateDebugSources
:sample:processDebugJavaRes UP-TO-DATE
:sample:compileDebugJavaWithJavac
:sample:compileDebugNdk UP-TO-DATE
:sample:compileDebugSources
:sample:preDexDebug
:sample:dexDebug
:sample:validateDebugSigning
:sample:packageDebug
:sample:zipalignDebug
:sample:assembleDebug
:sample:checkReleaseManifest
:sample:prepareReleaseDependencies
:sample:compileReleaseAidl
:sample:compileReleaseRenderscript
:sample:generateReleaseBuildConfig
:sample:generateReleaseAssets UP-TO-DATE
:sample:mergeReleaseAssets
:sample:generateReleaseResValues
:sample:generateReleaseResources
:sample:mergeReleaseResources
AAPT: /tmp/rdisk/1124/src/sample/build/intermediates/exploded-aar/src/mupdflibrary/unspecified/res/drawable-ldpi/ic_list.png: libpng warning: iCCP: Not recognizing known sRGB profile that has been edited
AAPT: /tmp/rdisk/1124/src/sample/build/intermediates/exploded-aar/src/mupdflibrary/unspecified/res/drawable-mdpi/ic_list.png: libpng warning: iCCP: Not recognizing known sRGB profile that has been edited
:sample:processReleaseManifest
:sample:processReleaseResources
:sample:generateReleaseSources
:sample:processReleaseJavaRes UP-TO-DATE
:sample:compileReleaseJavaWithJavac
:sample:compileReleaseNdk UP-TO-DATE
:sample:compileReleaseSources
:sample:preDexRelease
:sample:dexRelease
:sample:packageRelease
:sample:assembleRelease
:sample:assemble
:sample:build

BUILD SUCCESSFUL

Total time: 23.1 secs

2018-04-08 03:14:29,452 INFO  FullProcessService - Found APK file: /tmp/rdisk/1124/src/sample/build/outputs/apk/sample-release-unsigned.apk
