2018-04-08 12:58:46,061 INFO  DownloadService - Downloading "https://github.com/learnNcode/GmailLikePullToRefresh/archive/master.zip", attempt 3
2018-04-08 12:58:47,735 INFO  DownloadService - Downloaded https://github.com/learnNcode/GmailLikePullToRefresh/archive/master.zip, attempt 3
2018-04-08 12:58:47,736 INFO  DownloadService - Size of file "/tmp/rdisk/1021/master.zip": 340 KB
2018-04-08 12:58:47,736 INFO  ArchiveUtils - Checking entries [.gradle] in ZIP file...
2018-04-08 12:58:47,737 INFO  ArchiveUtils - Has entries [.gradle] in ZIP file /tmp/rdisk/1021/master.zip: true
2018-04-08 12:58:47,737 DEBUG ZipUtil - Extracting '/tmp/rdisk/1021/master.zip' into '/tmp/rdisk/1021/src'.
2018-04-08 12:58:47,762 INFO  FullProcessService - Size of directory with sources: 430 KB
2018-04-08 12:58:47,762 INFO  SysUtils - Execute command: [git, init, /tmp/rdisk/1021/src]
2018-04-08 12:58:47,768 INFO  SysUtils - Initialized empty Git repository in /tmp/rdisk/1021/src/.git/

2018-04-08 12:58:47,773 INFO  ProjectBuildService - Gradle wrapper(s): /tmp/rdisk/1021/src/GmailLikePullToRefresh-master/Sample/gradlew /tmp/rdisk/1021/src/GmailLikePullToRefresh-master/Sample/app/libs/Library/gradlew
2018-04-08 12:58:47,778 INFO  ProjectBuildService - Build script(s): /tmp/rdisk/1021/src/GmailLikePullToRefresh-master/GmailLikePullToRefresh-lib/app/build.gradle /tmp/rdisk/1021/src/GmailLikePullToRefresh-master/Sample/app/build.gradle /tmp/rdisk/1021/src/GmailLikePullToRefresh-master/Sample/app/libs/Library/app/build.gradle /tmp/rdisk/1021/src/GmailLikePullToRefresh-master/Sample/library/build.gradle /tmp/rdisk/1021/src/GmailLikePullToRefresh-master/Sample/app/libs/Library/build.gradle /tmp/rdisk/1021/src/GmailLikePullToRefresh-master/Sample/build.gradle
2018-04-08 12:58:47,783 INFO  ProjectBuildService - All script(s): /tmp/rdisk/1021/src/GmailLikePullToRefresh-master/Sample/settings.gradle /tmp/rdisk/1021/src/GmailLikePullToRefresh-master/Sample/library/build.gradle /tmp/rdisk/1021/src/GmailLikePullToRefresh-master/Sample/build.gradle /tmp/rdisk/1021/src/GmailLikePullToRefresh-master/Sample/app/libs/Library/settings.gradle /tmp/rdisk/1021/src/GmailLikePullToRefresh-master/Sample/app/libs/Library/build.gradle /tmp/rdisk/1021/src/GmailLikePullToRefresh-master/Sample/app/libs/Library/app/build.gradle /tmp/rdisk/1021/src/GmailLikePullToRefresh-master/Sample/app/build.gradle /tmp/rdisk/1021/src/GmailLikePullToRefresh-master/GmailLikePullToRefresh-lib/settings.gradle /tmp/rdisk/1021/src/GmailLikePullToRefresh-master/GmailLikePullToRefresh-lib/app/build.gradle
2018-04-08 12:58:47,784 INFO  ProjectBuildService - Remote scripts: none
2018-04-08 12:58:47,784 INFO  ProjectFixService - Fixing project...
2018-04-08 12:58:47,795 INFO  LocalPropertiesFixService - Created fake /tmp/rdisk/1021/src/GmailLikePullToRefresh-master/GmailLikePullToRefresh-lib/app/local.properties
2018-04-08 12:58:47,796 INFO  ProjectFixService - Build info for "/tmp/rdisk/1021/src/GmailLikePullToRefresh-master/GmailLikePullToRefresh-lib/app/build.gradle": [buildToolsVersion=21.1.2,compileSdkVersion=18,minSdkVersion=11,targetSdkVersion=17]
2018-04-08 12:58:47,796 INFO  LocalPropertiesFixService - Created fake /tmp/rdisk/1021/src/GmailLikePullToRefresh-master/Sample/app/local.properties
2018-04-08 12:58:47,797 INFO  ProjectFixService - Build info for "/tmp/rdisk/1021/src/GmailLikePullToRefresh-master/Sample/app/build.gradle": [buildToolsVersion=21.1.2,compileSdkVersion=21,minSdkVersion=11,targetSdkVersion=21]
2018-04-08 12:58:47,798 INFO  LocalPropertiesFixService - Created fake /tmp/rdisk/1021/src/GmailLikePullToRefresh-master/Sample/app/libs/Library/app/local.properties
2018-04-08 12:58:47,798 INFO  ProjectFixService - Build info for "/tmp/rdisk/1021/src/GmailLikePullToRefresh-master/Sample/app/libs/Library/app/build.gradle": [buildToolsVersion=21.1.2,compileSdkVersion=18,minSdkVersion=11,targetSdkVersion=17]
2018-04-08 12:58:47,798 INFO  LocalPropertiesFixService - Created fake /tmp/rdisk/1021/src/GmailLikePullToRefresh-master/Sample/library/local.properties
2018-04-08 12:58:47,799 INFO  ProjectFixService - Build info for "/tmp/rdisk/1021/src/GmailLikePullToRefresh-master/Sample/library/build.gradle": [buildToolsVersion=21.1.2,compileSdkVersion=18,minSdkVersion=11,targetSdkVersion=17]
2018-04-08 12:58:47,799 INFO  LocalPropertiesFixService - Updated fake /tmp/rdisk/1021/src/GmailLikePullToRefresh-master/Sample/app/libs/Library/local.properties
2018-04-08 12:58:47,799 INFO  WrapperPropertiesFixService - Gradle wrapper: https://services.gradle.org/distributions/gradle-2.2.1-all.zip
2018-04-08 12:58:47,800 INFO  WrapperPropertiesFixService - Gradle wrapper was changed from "-all.zip" to "-bin.zip" (https://services.gradle.org/distributions/gradle-2.2.1-bin.zip)
2018-04-08 12:58:47,800 INFO  ProjectFixService - Build info for "/tmp/rdisk/1021/src/GmailLikePullToRefresh-master/Sample/app/libs/Library/build.gradle": [buildToolsVersion=21.1.2,compileSdkVersion=18,minSdkVersion=11,targetSdkVersion=17]
2018-04-08 12:58:47,801 INFO  LocalPropertiesFixService - Updated fake /tmp/rdisk/1021/src/GmailLikePullToRefresh-master/Sample/local.properties
2018-04-08 12:58:47,802 INFO  ProjectFixService - Build info for "/tmp/rdisk/1021/src/GmailLikePullToRefresh-master/Sample/build.gradle": [buildToolsVersion=21.1.2,compileSdkVersion=18,minSdkVersion=11,targetSdkVersion=17]
2018-04-08 12:58:47,802 INFO  ProjectFixService - Project was maybe fixed
2018-04-08 12:58:47,802 INFO  ProjectTaskService - Detecting possible tasks...
2018-04-08 12:58:47,802 INFO  SysUtils - Execute command: [/tmp/rdisk/1021/src/GmailLikePullToRefresh-master/Sample/gradlew, -b, /tmp/rdisk/1021/src/GmailLikePullToRefresh-master/GmailLikePullToRefresh-lib/app/build.gradle, -Dorg.gradle.daemon=false, -Dorg.gradle.daemon.performance.enable-monitoring=false, -Dorg.gradle.configureondemand=true, tasks]
2018-04-08 12:58:47,916 ERROR ProjectTaskService - Could not detect possible Gradle tasks: Process exited with an error: 1 (Exit value: 1)
2018-04-08 12:58:47,917 INFO  ProjectTaskService - Detected possible tasks: 0
2018-04-08 12:58:47,917 INFO  ProjectTaskService - Excluded tasks (0): none
2018-04-08 12:58:47,917 INFO  SysUtils - Execute command: [/tmp/rdisk/1021/src/GmailLikePullToRefresh-master/Sample/gradlew, -b, /tmp/rdisk/1021/src/GmailLikePullToRefresh-master/GmailLikePullToRefresh-lib/app/build.gradle, -Dorg.gradle.daemon=false, -Dorg.gradle.daemon.performance.enable-monitoring=false, -Dorg.gradle.configureondemand=true, --stacktrace, build]
2018-04-08 12:58:48,029 ERROR SysUtils - Could not process external command
org.apache.commons.exec.ExecuteException: Process exited with an error: 1 (Exit value: 1)
	at org.apache.commons.exec.DefaultExecutor.executeInternal(DefaultExecutor.java:404)
	at org.apache.commons.exec.DefaultExecutor.execute(DefaultExecutor.java:166)
	at com.github.vbauer.apkmaster.util.SysUtils.execute(SysUtils.java:67)
	at com.github.vbauer.apkmaster.util.SysUtils.executeSimple(SysUtils.java:43)
	at com.github.vbauer.apkmaster.service.assembly.ProjectBuildService.buildProject(ProjectBuildService.java:78)
	at com.github.vbauer.apkmaster.service.assembly.ProjectBuildService.buildProject(ProjectBuildService.java:64)
	at com.github.vbauer.apkmaster.service.assembly.ProjectBuildService.buildProject(ProjectBuildService.java:43)
	at com.github.vbauer.apkmaster.service.FullProcessService.build(FullProcessService.java:84)
	at com.github.vbauer.apkmaster.service.FullProcessService.process(FullProcessService.java:34)
	at com.github.vbauer.apkmaster.app.MainApplication.process(MainApplication.java:38)
	at com.github.vbauer.apkmaster.app.MainApplication.main(MainApplication.java:20)
	at sun.reflect.GeneratedMethodAccessor9.invoke(Unknown Source)
	at sun.reflect.DelegatingMethodAccessorImpl.invoke(DelegatingMethodAccessorImpl.java:43)
	at java.lang.reflect.Method.invoke(Method.java:498)
	at com.android.arsenal.util.ReflectionUtils.invoke(ReflectionUtils.java:42)
	at com.android.arsenal.util.ApkMasterUtils.main(ApkMasterUtils.java:30)
	at com.android.arsenal.service.processor.impl.BuildProcessorServiceImpl.buildProject(BuildProcessorServiceImpl.java:197)
	at com.android.arsenal.service.processor.impl.BuildProcessorServiceImpl.build(BuildProcessorServiceImpl.java:131)
	at com.android.arsenal.service.processor.impl.BuildProcessorServiceImpl.lambda$null$1(BuildProcessorServiceImpl.java:114)
	at java.util.concurrent.FutureTask.run(FutureTask.java:266)
	at java.util.concurrent.Executors$RunnableAdapter.call(Executors.java:511)
	at java.util.concurrent.FutureTask.run(FutureTask.java:266)
	at java.util.concurrent.ThreadPoolExecutor.runWorker(ThreadPoolExecutor.java:1149)
	at java.util.concurrent.ThreadPoolExecutor$Worker.run(ThreadPoolExecutor.java:624)
	at java.lang.Thread.run(Thread.java:748)
2018-04-08 12:58:48,029 INFO  SysUtils - Error: Could not find or load main class org.gradle.wrapper.GradleWrapperMain

2018-04-08 12:58:48,035 INFO  ProjectTaskService - Detecting possible tasks...
2018-04-08 12:58:48,035 INFO  SysUtils - Execute command: [/tmp/rdisk/1021/src/GmailLikePullToRefresh-master/Sample/gradlew, -b, /tmp/rdisk/1021/src/GmailLikePullToRefresh-master/Sample/app/build.gradle, -Dorg.gradle.daemon=false, -Dorg.gradle.daemon.performance.enable-monitoring=false, -Dorg.gradle.configureondemand=true, tasks]
2018-04-08 12:58:48,139 ERROR ProjectTaskService - Could not detect possible Gradle tasks: Process exited with an error: 1 (Exit value: 1)
2018-04-08 12:58:48,139 INFO  ProjectTaskService - Detected possible tasks: 0
2018-04-08 12:58:48,139 INFO  ProjectTaskService - Excluded tasks (0): none
2018-04-08 12:58:48,139 INFO  SysUtils - Execute command: [/tmp/rdisk/1021/src/GmailLikePullToRefresh-master/Sample/gradlew, -b, /tmp/rdisk/1021/src/GmailLikePullToRefresh-master/Sample/app/build.gradle, -Dorg.gradle.daemon=false, -Dorg.gradle.daemon.performance.enable-monitoring=false, -Dorg.gradle.configureondemand=true, --stacktrace, build]
2018-04-08 12:58:48,245 ERROR SysUtils - Could not process external command
org.apache.commons.exec.ExecuteException: Process exited with an error: 1 (Exit value: 1)
	at org.apache.commons.exec.DefaultExecutor.executeInternal(DefaultExecutor.java:404)
	at org.apache.commons.exec.DefaultExecutor.execute(DefaultExecutor.java:166)
	at com.github.vbauer.apkmaster.util.SysUtils.execute(SysUtils.java:67)
	at com.github.vbauer.apkmaster.util.SysUtils.executeSimple(SysUtils.java:43)
	at com.github.vbauer.apkmaster.service.assembly.ProjectBuildService.buildProject(ProjectBuildService.java:78)
	at com.github.vbauer.apkmaster.service.assembly.ProjectBuildService.buildProject(ProjectBuildService.java:64)
	at com.github.vbauer.apkmaster.service.assembly.ProjectBuildService.buildProject(ProjectBuildService.java:43)
	at com.github.vbauer.apkmaster.service.FullProcessService.build(FullProcessService.java:84)
	at com.github.vbauer.apkmaster.service.FullProcessService.process(FullProcessService.java:34)
	at com.github.vbauer.apkmaster.app.MainApplication.process(MainApplication.java:38)
	at com.github.vbauer.apkmaster.app.MainApplication.main(MainApplication.java:20)
	at sun.reflect.GeneratedMethodAccessor9.invoke(Unknown Source)
	at sun.reflect.DelegatingMethodAccessorImpl.invoke(DelegatingMethodAccessorImpl.java:43)
	at java.lang.reflect.Method.invoke(Method.java:498)
	at com.android.arsenal.util.ReflectionUtils.invoke(ReflectionUtils.java:42)
	at com.android.arsenal.util.ApkMasterUtils.main(ApkMasterUtils.java:30)
	at com.android.arsenal.service.processor.impl.BuildProcessorServiceImpl.buildProject(BuildProcessorServiceImpl.java:197)
	at com.android.arsenal.service.processor.impl.BuildProcessorServiceImpl.build(BuildProcessorServiceImpl.java:131)
	at com.android.arsenal.service.processor.impl.BuildProcessorServiceImpl.lambda$null$1(BuildProcessorServiceImpl.java:114)
	at java.util.concurrent.FutureTask.run(FutureTask.java:266)
	at java.util.concurrent.Executors$RunnableAdapter.call(Executors.java:511)
	at java.util.concurrent.FutureTask.run(FutureTask.java:266)
	at java.util.concurrent.ThreadPoolExecutor.runWorker(ThreadPoolExecutor.java:1149)
	at java.util.concurrent.ThreadPoolExecutor$Worker.run(ThreadPoolExecutor.java:624)
	at java.lang.Thread.run(Thread.java:748)
2018-04-08 12:58:48,245 INFO  SysUtils - Error: Could not find or load main class org.gradle.wrapper.GradleWrapperMain

2018-04-08 12:58:48,250 INFO  ProjectTaskService - Detecting possible tasks...
2018-04-08 12:58:48,250 INFO  SysUtils - Execute command: [/tmp/rdisk/1021/src/GmailLikePullToRefresh-master/Sample/app/libs/Library/gradlew, -b, /tmp/rdisk/1021/src/GmailLikePullToRefresh-master/Sample/app/libs/Library/app/build.gradle, -Dorg.gradle.daemon=false, -Dorg.gradle.daemon.performance.enable-monitoring=false, -Dorg.gradle.configureondemand=true, tasks]
2018-04-08 12:58:55,195 INFO  ProjectTaskService - Detected possible tasks: 51
2018-04-08 12:58:55,195 INFO  ProjectTaskService - Excluded tasks (8): lintDebug deviceCheck lint connectedCheck uninstallAll check connectedAndroidTest lintRelease
2018-04-08 12:58:55,195 INFO  SysUtils - Execute command: [/tmp/rdisk/1021/src/GmailLikePullToRefresh-master/Sample/app/libs/Library/gradlew, -b, /tmp/rdisk/1021/src/GmailLikePullToRefresh-master/Sample/app/libs/Library/app/build.gradle, -Dorg.gradle.daemon=false, -Dorg.gradle.daemon.performance.enable-monitoring=false, -Dorg.gradle.configureondemand=true, --stacktrace, -x, lintDebug, -x, deviceCheck, -x, lint, -x, connectedCheck, -x, uninstallAll, -x, check, -x, connectedAndroidTest, -x, lintRelease, build]
2018-04-08 12:59:02,450 INFO  SysUtils - Configuration on demand is an incubating feature.
:app:compileLint
:app:copyDebugLint UP-TO-DATE
:app:mergeDebugProguardFiles
:app:preBuild
:app:preDebugBuild
:app:checkDebugManifest
:app:prepareDebugDependencies
:app:compileDebugAidl
:app:compileDebugRenderscript
:app:generateDebugBuildConfig
:app:generateDebugAssets UP-TO-DATE
:app:mergeDebugAssets
:app:generateDebugResValues
:app:generateDebugResources
:app:packageDebugResources
:app:processDebugManifest
:app:processDebugResources
:app:generateDebugSources
:app:compileDebugJava
:app:processDebugJavaRes UP-TO-DATE
:app:packageDebugJar
:app:compileDebugNdk
:app:packageDebugJniLibs UP-TO-DATE
:app:packageDebugLocalJar UP-TO-DATE
:app:packageDebugRenderscript UP-TO-DATE
:app:bundleDebug
:app:assembleDebug
:app:copyReleaseLint UP-TO-DATE
:app:mergeReleaseProguardFiles
:app:preReleaseBuild
:app:checkReleaseManifest
:app:prepareReleaseDependencies
:app:compileReleaseAidl
:app:compileReleaseRenderscript
:app:generateReleaseBuildConfig
:app:generateReleaseAssets UP-TO-DATE
:app:mergeReleaseAssets
:app:generateReleaseResValues
:app:generateReleaseResources
:app:packageReleaseResources
:app:processReleaseManifest
:app:processReleaseResources
:app:generateReleaseSources
:app:compileReleaseJava
:app:processReleaseJavaRes UP-TO-DATE
:app:packageReleaseJar
:app:compileReleaseNdk
:app:packageReleaseJniLibs UP-TO-DATE
:app:packageReleaseLocalJar UP-TO-DATE
:app:packageReleaseRenderscript UP-TO-DATE
:app:bundleRelease
:app:assembleRelease
:app:assemble
:app:build

BUILD SUCCESSFUL

Total time: 6.79 secs

2018-04-08 12:59:02,462 INFO  ProjectTaskService - Detecting possible tasks...
2018-04-08 12:59:02,462 INFO  SysUtils - Execute command: [/tmp/rdisk/1021/src/GmailLikePullToRefresh-master/Sample/gradlew, -b, /tmp/rdisk/1021/src/GmailLikePullToRefresh-master/Sample/library/build.gradle, -Dorg.gradle.daemon=false, -Dorg.gradle.daemon.performance.enable-monitoring=false, -Dorg.gradle.configureondemand=true, tasks]
2018-04-08 12:59:02,715 ERROR ProjectTaskService - Could not detect possible Gradle tasks: Process exited with an error: 1 (Exit value: 1)
2018-04-08 12:59:02,716 INFO  ProjectTaskService - Detected possible tasks: 0
2018-04-08 12:59:02,716 INFO  ProjectTaskService - Excluded tasks (0): none
2018-04-08 12:59:02,716 INFO  SysUtils - Execute command: [/tmp/rdisk/1021/src/GmailLikePullToRefresh-master/Sample/gradlew, -b, /tmp/rdisk/1021/src/GmailLikePullToRefresh-master/Sample/library/build.gradle, -Dorg.gradle.daemon=false, -Dorg.gradle.daemon.performance.enable-monitoring=false, -Dorg.gradle.configureondemand=true, --stacktrace, build]
2018-04-08 12:59:02,826 ERROR SysUtils - Could not process external command
org.apache.commons.exec.ExecuteException: Process exited with an error: 1 (Exit value: 1)
	at org.apache.commons.exec.DefaultExecutor.executeInternal(DefaultExecutor.java:404)
	at org.apache.commons.exec.DefaultExecutor.execute(DefaultExecutor.java:166)
	at com.github.vbauer.apkmaster.util.SysUtils.execute(SysUtils.java:67)
	at com.github.vbauer.apkmaster.util.SysUtils.executeSimple(SysUtils.java:43)
	at com.github.vbauer.apkmaster.service.assembly.ProjectBuildService.buildProject(ProjectBuildService.java:78)
	at com.github.vbauer.apkmaster.service.assembly.ProjectBuildService.buildProject(ProjectBuildService.java:64)
	at com.github.vbauer.apkmaster.service.assembly.ProjectBuildService.buildProject(ProjectBuildService.java:43)
	at com.github.vbauer.apkmaster.service.FullProcessService.build(FullProcessService.java:84)
	at com.github.vbauer.apkmaster.service.FullProcessService.process(FullProcessService.java:34)
	at com.github.vbauer.apkmaster.app.MainApplication.process(MainApplication.java:38)
	at com.github.vbauer.apkmaster.app.MainApplication.main(MainApplication.java:20)
	at sun.reflect.GeneratedMethodAccessor9.invoke(Unknown Source)
	at sun.reflect.DelegatingMethodAccessorImpl.invoke(DelegatingMethodAccessorImpl.java:43)
	at java.lang.reflect.Method.invoke(Method.java:498)
	at com.android.arsenal.util.ReflectionUtils.invoke(ReflectionUtils.java:42)
	at com.android.arsenal.util.ApkMasterUtils.main(ApkMasterUtils.java:30)
	at com.android.arsenal.service.processor.impl.BuildProcessorServiceImpl.buildProject(BuildProcessorServiceImpl.java:197)
	at com.android.arsenal.service.processor.impl.BuildProcessorServiceImpl.build(BuildProcessorServiceImpl.java:131)
	at com.android.arsenal.service.processor.impl.BuildProcessorServiceImpl.lambda$null$1(BuildProcessorServiceImpl.java:114)
	at java.util.concurrent.FutureTask.run(FutureTask.java:266)
	at java.util.concurrent.Executors$RunnableAdapter.call(Executors.java:511)
	at java.util.concurrent.FutureTask.run(FutureTask.java:266)
	at java.util.concurrent.ThreadPoolExecutor.runWorker(ThreadPoolExecutor.java:1149)
	at java.util.concurrent.ThreadPoolExecutor$Worker.run(ThreadPoolExecutor.java:624)
	at java.lang.Thread.run(Thread.java:748)
2018-04-08 12:59:02,826 INFO  SysUtils - Error: Could not find or load main class org.gradle.wrapper.GradleWrapperMain

2018-04-08 12:59:02,836 INFO  ProjectTaskService - Detecting possible tasks...
2018-04-08 12:59:02,836 INFO  SysUtils - Execute command: [/tmp/rdisk/1021/src/GmailLikePullToRefresh-master/Sample/app/libs/Library/gradlew, -b, /tmp/rdisk/1021/src/GmailLikePullToRefresh-master/Sample/app/libs/Library/build.gradle, -Dorg.gradle.daemon=false, -Dorg.gradle.daemon.performance.enable-monitoring=false, -Dorg.gradle.configureondemand=true, tasks]
2018-04-08 12:59:08,396 INFO  ProjectTaskService - Detected possible tasks: 51
2018-04-08 12:59:08,397 INFO  ProjectTaskService - Excluded tasks (8): lintDebug deviceCheck lint connectedCheck uninstallAll check connectedAndroidTest lintRelease
2018-04-08 12:59:08,397 INFO  SysUtils - Execute command: [/tmp/rdisk/1021/src/GmailLikePullToRefresh-master/Sample/app/libs/Library/gradlew, -b, /tmp/rdisk/1021/src/GmailLikePullToRefresh-master/Sample/app/libs/Library/build.gradle, -Dorg.gradle.daemon=false, -Dorg.gradle.daemon.performance.enable-monitoring=false, -Dorg.gradle.configureondemand=true, --stacktrace, -x, lintDebug, -x, deviceCheck, -x, lint, -x, connectedCheck, -x, uninstallAll, -x, check, -x, connectedAndroidTest, -x, lintRelease, build]
2018-04-08 12:59:13,868 INFO  SysUtils - Configuration on demand is an incubating feature.
:app:compileLint
:app:copyDebugLint UP-TO-DATE
:app:mergeDebugProguardFiles UP-TO-DATE
:app:preBuild
:app:preDebugBuild
:app:checkDebugManifest
:app:prepareDebugDependencies
:app:compileDebugAidl UP-TO-DATE
:app:compileDebugRenderscript UP-TO-DATE
:app:generateDebugBuildConfig UP-TO-DATE
:app:generateDebugAssets UP-TO-DATE
:app:mergeDebugAssets UP-TO-DATE
:app:generateDebugResValues UP-TO-DATE
:app:generateDebugResources UP-TO-DATE
:app:packageDebugResources UP-TO-DATE
:app:processDebugManifest UP-TO-DATE
:app:processDebugResources UP-TO-DATE
:app:generateDebugSources UP-TO-DATE
:app:compileDebugJava UP-TO-DATE
:app:processDebugJavaRes UP-TO-DATE
:app:packageDebugJar UP-TO-DATE
:app:compileDebugNdk UP-TO-DATE
:app:packageDebugJniLibs UP-TO-DATE
:app:packageDebugLocalJar UP-TO-DATE
:app:packageDebugRenderscript UP-TO-DATE
:app:bundleDebug UP-TO-DATE
:app:assembleDebug UP-TO-DATE
:app:copyReleaseLint UP-TO-DATE
:app:mergeReleaseProguardFiles UP-TO-DATE
:app:preReleaseBuild
:app:checkReleaseManifest
:app:prepareReleaseDependencies
:app:compileReleaseAidl UP-TO-DATE
:app:compileReleaseRenderscript UP-TO-DATE
:app:generateReleaseBuildConfig UP-TO-DATE
:app:generateReleaseAssets UP-TO-DATE
:app:mergeReleaseAssets UP-TO-DATE
:app:generateReleaseResValues UP-TO-DATE
:app:generateReleaseResources UP-TO-DATE
:app:packageReleaseResources UP-TO-DATE
:app:processReleaseManifest UP-TO-DATE
:app:processReleaseResources UP-TO-DATE
:app:generateReleaseSources UP-TO-DATE
:app:compileReleaseJava UP-TO-DATE
:app:processReleaseJavaRes UP-TO-DATE
:app:packageReleaseJar UP-TO-DATE
:app:compileReleaseNdk UP-TO-DATE
:app:packageReleaseJniLibs UP-TO-DATE
:app:packageReleaseLocalJar UP-TO-DATE
:app:packageReleaseRenderscript UP-TO-DATE
:app:bundleRelease UP-TO-DATE
:app:assembleRelease UP-TO-DATE
:app:assemble UP-TO-DATE
:app:build

BUILD SUCCESSFUL

Total time: 5.056 secs

2018-04-08 12:59:13,879 INFO  ProjectTaskService - Detecting possible tasks...
2018-04-08 12:59:13,879 INFO  SysUtils - Execute command: [/tmp/rdisk/1021/src/GmailLikePullToRefresh-master/Sample/gradlew, -b, /tmp/rdisk/1021/src/GmailLikePullToRefresh-master/Sample/build.gradle, -Dorg.gradle.daemon=false, -Dorg.gradle.daemon.performance.enable-monitoring=false, -Dorg.gradle.configureondemand=true, tasks]
2018-04-08 12:59:13,983 ERROR ProjectTaskService - Could not detect possible Gradle tasks: Process exited with an error: 1 (Exit value: 1)
2018-04-08 12:59:13,983 INFO  ProjectTaskService - Detected possible tasks: 0
2018-04-08 12:59:13,983 INFO  ProjectTaskService - Excluded tasks (0): none
2018-04-08 12:59:13,983 INFO  SysUtils - Execute command: [/tmp/rdisk/1021/src/GmailLikePullToRefresh-master/Sample/gradlew, -b, /tmp/rdisk/1021/src/GmailLikePullToRefresh-master/Sample/build.gradle, -Dorg.gradle.daemon=false, -Dorg.gradle.daemon.performance.enable-monitoring=false, -Dorg.gradle.configureondemand=true, --stacktrace, build]
2018-04-08 12:59:14,092 ERROR SysUtils - Could not process external command
org.apache.commons.exec.ExecuteException: Process exited with an error: 1 (Exit value: 1)
	at org.apache.commons.exec.DefaultExecutor.executeInternal(DefaultExecutor.java:404)
	at org.apache.commons.exec.DefaultExecutor.execute(DefaultExecutor.java:166)
	at com.github.vbauer.apkmaster.util.SysUtils.execute(SysUtils.java:67)
	at com.github.vbauer.apkmaster.util.SysUtils.executeSimple(SysUtils.java:43)
	at com.github.vbauer.apkmaster.service.assembly.ProjectBuildService.buildProject(ProjectBuildService.java:78)
	at com.github.vbauer.apkmaster.service.assembly.ProjectBuildService.buildProject(ProjectBuildService.java:64)
	at com.github.vbauer.apkmaster.service.assembly.ProjectBuildService.buildProject(ProjectBuildService.java:43)
	at com.github.vbauer.apkmaster.service.FullProcessService.build(FullProcessService.java:84)
	at com.github.vbauer.apkmaster.service.FullProcessService.process(FullProcessService.java:34)
	at com.github.vbauer.apkmaster.app.MainApplication.process(MainApplication.java:38)
	at com.github.vbauer.apkmaster.app.MainApplication.main(MainApplication.java:20)
	at sun.reflect.GeneratedMethodAccessor9.invoke(Unknown Source)
	at sun.reflect.DelegatingMethodAccessorImpl.invoke(DelegatingMethodAccessorImpl.java:43)
	at java.lang.reflect.Method.invoke(Method.java:498)
	at com.android.arsenal.util.ReflectionUtils.invoke(ReflectionUtils.java:42)
	at com.android.arsenal.util.ApkMasterUtils.main(ApkMasterUtils.java:30)
	at com.android.arsenal.service.processor.impl.BuildProcessorServiceImpl.buildProject(BuildProcessorServiceImpl.java:197)
	at com.android.arsenal.service.processor.impl.BuildProcessorServiceImpl.build(BuildProcessorServiceImpl.java:131)
	at com.android.arsenal.service.processor.impl.BuildProcessorServiceImpl.lambda$null$1(BuildProcessorServiceImpl.java:114)
	at java.util.concurrent.FutureTask.run(FutureTask.java:266)
	at java.util.concurrent.Executors$RunnableAdapter.call(Executors.java:511)
	at java.util.concurrent.FutureTask.run(FutureTask.java:266)
	at java.util.concurrent.ThreadPoolExecutor.runWorker(ThreadPoolExecutor.java:1149)
	at java.util.concurrent.ThreadPoolExecutor$Worker.run(ThreadPoolExecutor.java:624)
	at java.lang.Thread.run(Thread.java:748)
2018-04-08 12:59:14,093 INFO  SysUtils - Error: Could not find or load main class org.gradle.wrapper.GradleWrapperMain

2018-04-08 12:59:14,103 ERROR FullProcessService - Project build has not produced APK file
2018-04-08 12:59:14,112 ERROR FullProcessService - Could not find generated or existed APK file
