2018-04-08 12:54:41,178 INFO  DownloadService - Downloading "https://github.com/r0adkll/PostOffice/archive/master.zip", attempt 3
2018-04-08 12:54:41,887 INFO  DownloadService - Downloaded https://github.com/r0adkll/PostOffice/archive/master.zip, attempt 3
2018-04-08 12:54:41,887 INFO  DownloadService - Size of file "/tmp/rdisk/1024/master.zip": 991 KB
2018-04-08 12:54:41,887 INFO  ArchiveUtils - Checking entries [.gradle] in ZIP file...
2018-04-08 12:54:41,888 INFO  ArchiveUtils - Has entries [.gradle] in ZIP file /tmp/rdisk/1024/master.zip: true
2018-04-08 12:54:41,888 DEBUG ZipUtil - Extracting '/tmp/rdisk/1024/master.zip' into '/tmp/rdisk/1024/src'.
2018-04-08 12:54:41,916 INFO  FullProcessService - Size of directory with sources: 1 MB
2018-04-08 12:54:41,916 INFO  SysUtils - Execute command: [git, init, /tmp/rdisk/1024/src]
2018-04-08 12:54:41,920 INFO  SysUtils - Initialized empty Git repository in /tmp/rdisk/1024/src/.git/

2018-04-08 12:54:41,925 INFO  ProjectBuildService - Gradle wrapper(s): /tmp/rdisk/1024/src/PostOffice-master/gradlew
2018-04-08 12:54:41,930 INFO  ProjectBuildService - Build script(s): /tmp/rdisk/1024/src/PostOffice-master/example/build.gradle /tmp/rdisk/1024/src/PostOffice-master/library/build.gradle /tmp/rdisk/1024/src/PostOffice-master/build.gradle
2018-04-08 12:54:41,934 INFO  ProjectBuildService - All script(s): /tmp/rdisk/1024/src/PostOffice-master/settings.gradle /tmp/rdisk/1024/src/PostOffice-master/library/build.gradle /tmp/rdisk/1024/src/PostOffice-master/gradle-mvn-push.gradle /tmp/rdisk/1024/src/PostOffice-master/example/build.gradle /tmp/rdisk/1024/src/PostOffice-master/build.gradle
2018-04-08 12:54:41,934 INFO  ProjectBuildService - Remote scripts: none
2018-04-08 12:54:41,934 INFO  ProjectFixService - Fixing project...
2018-04-08 12:54:41,947 INFO  LocalPropertiesFixService - Created fake /tmp/rdisk/1024/src/PostOffice-master/example/local.properties
2018-04-08 12:54:41,947 INFO  ProjectFixService - Build info for "/tmp/rdisk/1024/src/PostOffice-master/example/build.gradle": [buildToolsVersion=21.1.2,compileSdkVersion=21,minSdkVersion=14,targetSdkVersion=21]
2018-04-08 12:54:41,947 INFO  LocalPropertiesFixService - Created fake /tmp/rdisk/1024/src/PostOffice-master/library/local.properties
2018-04-08 12:54:41,948 INFO  ProjectFixService - Build info for "/tmp/rdisk/1024/src/PostOffice-master/library/build.gradle": [buildToolsVersion=22.0.1,compileSdkVersion=22,minSdkVersion=14,targetSdkVersion=21]
2018-04-08 12:54:41,948 INFO  LocalPropertiesFixService - Created fake /tmp/rdisk/1024/src/PostOffice-master/local.properties
2018-04-08 12:54:41,948 INFO  WrapperPropertiesFixService - Gradle wrapper: https://services.gradle.org/distributions/gradle-2.2.1-all.zip
2018-04-08 12:54:41,948 INFO  WrapperPropertiesFixService - Gradle wrapper was changed from "-all.zip" to "-bin.zip" (https://services.gradle.org/distributions/gradle-2.2.1-bin.zip)
2018-04-08 12:54:41,949 INFO  ProjectFixService - Build info for "/tmp/rdisk/1024/src/PostOffice-master/build.gradle": [buildToolsVersion=22.0.1,compileSdkVersion=22,minSdkVersion=14,targetSdkVersion=21]
2018-04-08 12:54:41,949 INFO  ProjectFixService - Project was maybe fixed
2018-04-08 12:54:41,950 INFO  ProjectTaskService - Detecting possible tasks...
2018-04-08 12:54:41,950 INFO  SysUtils - Execute command: [/tmp/rdisk/1024/src/PostOffice-master/gradlew, -b, /tmp/rdisk/1024/src/PostOffice-master/example/build.gradle, -Dorg.gradle.daemon=false, -Dorg.gradle.daemon.performance.enable-monitoring=false, -Dorg.gradle.configureondemand=true, tasks]
2018-04-08 12:54:51,815 ERROR ProjectTaskService - Could not detect possible Gradle tasks: Process exited with an error: 1 (Exit value: 1)
2018-04-08 12:54:51,815 INFO  ProjectTaskService - Detected possible tasks: 0
2018-04-08 12:54:51,815 INFO  ProjectTaskService - Excluded tasks (0): none
2018-04-08 12:54:51,815 INFO  SysUtils - Execute command: [/tmp/rdisk/1024/src/PostOffice-master/gradlew, -b, /tmp/rdisk/1024/src/PostOffice-master/example/build.gradle, -Dorg.gradle.daemon=false, -Dorg.gradle.daemon.performance.enable-monitoring=false, -Dorg.gradle.configureondemand=true, --stacktrace, build]
2018-04-08 12:54:55,923 ERROR SysUtils - Could not process external command
org.apache.commons.exec.ExecuteException: Process exited with an error: 1 (Exit value: 1)
	at org.apache.commons.exec.DefaultExecutor.executeInternal(DefaultExecutor.java:404)
	at org.apache.commons.exec.DefaultExecutor.execute(DefaultExecutor.java:166)
	at com.github.vbauer.apkmaster.util.SysUtils.execute(SysUtils.java:67)
	at com.github.vbauer.apkmaster.util.SysUtils.executeSimple(SysUtils.java:43)
	at com.github.vbauer.apkmaster.service.assembly.ProjectBuildService.buildProject(ProjectBuildService.java:78)
	at com.github.vbauer.apkmaster.service.assembly.ProjectBuildService.buildProject(ProjectBuildService.java:64)
	at com.github.vbauer.apkmaster.service.assembly.ProjectBuildService.buildProject(ProjectBuildService.java:43)
	at com.github.vbauer.apkmaster.service.FullProcessService.build(FullProcessService.java:84)
	at com.github.vbauer.apkmaster.service.FullProcessService.process(FullProcessService.java:34)
	at com.github.vbauer.apkmaster.app.MainApplication.process(MainApplication.java:38)
	at com.github.vbauer.apkmaster.app.MainApplication.main(MainApplication.java:20)
	at sun.reflect.GeneratedMethodAccessor9.invoke(Unknown Source)
	at sun.reflect.DelegatingMethodAccessorImpl.invoke(DelegatingMethodAccessorImpl.java:43)
	at java.lang.reflect.Method.invoke(Method.java:498)
	at com.android.arsenal.util.ReflectionUtils.invoke(ReflectionUtils.java:42)
	at com.android.arsenal.util.ApkMasterUtils.main(ApkMasterUtils.java:30)
	at com.android.arsenal.service.processor.impl.BuildProcessorServiceImpl.buildProject(BuildProcessorServiceImpl.java:197)
	at com.android.arsenal.service.processor.impl.BuildProcessorServiceImpl.build(BuildProcessorServiceImpl.java:131)
	at com.android.arsenal.service.processor.impl.BuildProcessorServiceImpl.lambda$null$1(BuildProcessorServiceImpl.java:114)
	at java.util.concurrent.FutureTask.run(FutureTask.java:266)
	at java.util.concurrent.Executors$RunnableAdapter.call(Executors.java:511)
	at java.util.concurrent.FutureTask.run(FutureTask.java:266)
	at java.util.concurrent.ThreadPoolExecutor.runWorker(ThreadPoolExecutor.java:1149)
	at java.util.concurrent.ThreadPoolExecutor$Worker.run(ThreadPoolExecutor.java:624)
	at java.lang.Thread.run(Thread.java:748)
2018-04-08 12:54:55,924 INFO  SysUtils - Configuration on demand is an incubating feature.

FAILURE: Build failed with an exception.

* Where:
Build file '/tmp/rdisk/1024/src/PostOffice-master/example/build.gradle' line: 24

* What went wrong:
A problem occurred evaluating project ':example'.
> Neither path nor baseDir may be null or empty string. path='' basedir='/tmp/rdisk/1024/src/PostOffice-master/example'

* Try:
Run with --info or --debug option to get more log output.

* Exception is:
org.gradle.api.GradleScriptException: A problem occurred evaluating project ':example'.
	at org.gradle.groovy.scripts.internal.DefaultScriptRunnerFactory$ScriptRunnerImpl.run(DefaultScriptRunnerFactory.java:54)
	at org.gradle.configuration.DefaultScriptPluginFactory$ScriptPluginImpl.apply(DefaultScriptPluginFactory.java:148)
	at org.gradle.configuration.project.BuildScriptProcessor.execute(BuildScriptProcessor.java:39)
	at org.gradle.configuration.project.BuildScriptProcessor.execute(BuildScriptProcessor.java:26)
	at org.gradle.configuration.project.ConfigureActionsProjectEvaluator.evaluate(ConfigureActionsProjectEvaluator.java:34)
	at org.gradle.configuration.project.LifecycleProjectEvaluator.evaluate(LifecycleProjectEvaluator.java:59)
	at org.gradle.api.internal.project.AbstractProject.evaluate(AbstractProject.java:504)
	at org.gradle.api.internal.project.AbstractProject.evaluate(AbstractProject.java:83)
	at org.gradle.execution.TaskPathProjectEvaluator.configureHierarchy(TaskPathProjectEvaluator.java:42)
	at org.gradle.execution.TaskSelector.getSelection(TaskSelector.java:85)
	at org.gradle.execution.TaskSelector.getSelection(TaskSelector.java:76)
	at org.gradle.execution.commandline.CommandLineTaskParser.parseTasks(CommandLineTaskParser.java:42)
	at org.gradle.execution.TaskNameResolvingBuildConfigurationAction.configure(TaskNameResolvingBuildConfigurationAction.java:44)
	at org.gradle.execution.DefaultBuildExecuter.configure(DefaultBuildExecuter.java:42)
	at org.gradle.execution.DefaultBuildExecuter.access$100(DefaultBuildExecuter.java:23)
	at org.gradle.execution.DefaultBuildExecuter$1.proceed(DefaultBuildExecuter.java:48)
	at org.gradle.execution.ExcludedTaskFilteringBuildConfigurationAction.configure(ExcludedTaskFilteringBuildConfigurationAction.java:47)
	at org.gradle.execution.DefaultBuildExecuter.configure(DefaultBuildExecuter.java:42)
	at org.gradle.execution.DefaultBuildExecuter.access$100(DefaultBuildExecuter.java:23)
	at org.gradle.execution.DefaultBuildExecuter$1.proceed(DefaultBuildExecuter.java:48)
	at org.gradle.execution.DefaultTasksBuildExecutionAction.configure(DefaultTasksBuildExecutionAction.java:44)
	at org.gradle.execution.DefaultBuildExecuter.configure(DefaultBuildExecuter.java:42)
	at org.gradle.execution.DefaultBuildExecuter.select(DefaultBuildExecuter.java:35)
	at org.gradle.initialization.DefaultGradleLauncher.doBuildStages(DefaultGradleLauncher.java:142)
	at org.gradle.initialization.DefaultGradleLauncher.doBuild(DefaultGradleLauncher.java:106)
	at org.gradle.initialization.DefaultGradleLauncher.run(DefaultGradleLauncher.java:86)
	at org.gradle.launcher.exec.InProcessBuildActionExecuter$DefaultBuildController.run(InProcessBuildActionExecuter.java:80)
	at org.gradle.launcher.cli.ExecuteBuildAction.run(ExecuteBuildAction.java:33)
	at org.gradle.launcher.cli.ExecuteBuildAction.run(ExecuteBuildAction.java:24)
	at org.gradle.launcher.exec.InProcessBuildActionExecuter.execute(InProcessBuildActionExecuter.java:36)
	at org.gradle.launcher.exec.InProcessBuildActionExecuter.execute(InProcessBuildActionExecuter.java:26)
	at org.gradle.launcher.cli.RunBuildAction.run(RunBuildAction.java:51)
	at org.gradle.internal.Actions$RunnableActionAdapter.execute(Actions.java:171)
	at org.gradle.launcher.cli.CommandLineActionFactory$ParseAndBuildAction.execute(CommandLineActionFactory.java:237)
	at org.gradle.launcher.cli.CommandLineActionFactory$ParseAndBuildAction.execute(CommandLineActionFactory.java:210)
	at org.gradle.launcher.cli.JavaRuntimeValidationAction.execute(JavaRuntimeValidationAction.java:35)
	at org.gradle.launcher.cli.JavaRuntimeValidationAction.execute(JavaRuntimeValidationAction.java:24)
	at org.gradle.launcher.cli.CommandLineActionFactory$WithLogging.execute(CommandLineActionFactory.java:206)
	at org.gradle.launcher.cli.CommandLineActionFactory$WithLogging.execute(CommandLineActionFactory.java:169)
	at org.gradle.launcher.cli.ExceptionReportingAction.execute(ExceptionReportingAction.java:33)
	at org.gradle.launcher.cli.ExceptionReportingAction.execute(ExceptionReportingAction.java:22)
	at org.gradle.launcher.Main.doAction(Main.java:33)
	at org.gradle.launcher.bootstrap.EntryPoint.run(EntryPoint.java:45)
	at org.gradle.launcher.bootstrap.ProcessBootstrap.runNoExit(ProcessBootstrap.java:54)
	at org.gradle.launcher.bootstrap.ProcessBootstrap.run(ProcessBootstrap.java:35)
	at org.gradle.launcher.GradleMain.main(GradleMain.java:23)
	at org.gradle.wrapper.BootstrapMainStarter.start(BootstrapMainStarter.java:33)
	at org.gradle.wrapper.WrapperExecutor.execute(WrapperExecutor.java:130)
	at org.gradle.wrapper.GradleWrapperMain.main(GradleWrapperMain.java:48)
Caused by: java.lang.IllegalArgumentException: Neither path nor baseDir may be null or empty string. path='' basedir='/tmp/rdisk/1024/src/PostOffice-master/example'
	at org.gradle.api.internal.file.BaseDirFileResolver.doResolve(BaseDirFileResolver.java:65)
	at org.gradle.api.internal.file.AbstractFileResolver.resolve(AbstractFileResolver.java:77)
	at org.gradle.api.internal.file.AbstractFileResolver.resolve(AbstractFileResolver.java:60)
	at org.gradle.api.internal.file.DefaultFileOperations.file(DefaultFileOperations.java:69)
	at org.gradle.api.internal.project.AbstractProject.file(AbstractProject.java:620)
	at org.gradle.groovy.scripts.DefaultScript.file(DefaultScript.java:113)
	at org.gradle.api.internal.BeanDynamicObject$GroovyObjectAdapter.invokeMethod(BeanDynamicObject.java:268)
	at org.gradle.api.internal.BeanDynamicObject.invokeMethod(BeanDynamicObject.java:129)
	at org.gradle.api.internal.ConfigureDelegate.invokeMethod(ConfigureDelegate.java:78)
	at build_d0owucokmojkhasljlbcnpcui$_run_closure1_closure5_closure8.doCall(/tmp/rdisk/1024/src/PostOffice-master/example/build.gradle:24)
	at org.gradle.api.internal.ClosureBackedAction.execute(ClosureBackedAction.java:63)
	at org.gradle.api.internal.AbstractNamedDomainObjectContainer.create(AbstractNamedDomainObjectContainer.java:59)
	at org.gradle.api.internal.AbstractNamedDomainObjectContainer.create(AbstractNamedDomainObjectContainer.java:52)
	at org.gradle.api.internal.NamedDomainObjectContainerConfigureDelegate._configure(NamedDomainObjectContainerConfigureDelegate.java:39)
	at org.gradle.api.internal.ConfigureDelegate.invokeMethod(ConfigureDelegate.java:73)
	at build_d0owucokmojkhasljlbcnpcui$_run_closure1_closure5.doCall(/tmp/rdisk/1024/src/PostOffice-master/example/build.gradle:23)
	at org.gradle.api.internal.ClosureBackedAction.execute(ClosureBackedAction.java:63)
	at org.gradle.util.ConfigureUtil.configure(ConfigureUtil.java:130)
	at org.gradle.util.ConfigureUtil.configure(ConfigureUtil.java:91)
	at org.gradle.api.internal.AbstractNamedDomainObjectContainer.configure(AbstractNamedDomainObjectContainer.java:68)
	at org.gradle.api.internal.AbstractNamedDomainObjectContainer.configure(AbstractNamedDomainObjectContainer.java:24)
	at org.gradle.api.internal.ClosureBackedAction.execute(ClosureBackedAction.java:55)
	at org.gradle.api.Action$execute.call(Unknown Source)
	at com.android.build.gradle.BaseExtension.signingConfigs(BaseExtension.groovy:317)
	at com.android.build.gradle.AppExtension_Decorated.signingConfigs(Unknown Source)
	at build_d0owucokmojkhasljlbcnpcui$_run_closure1.doCall(/tmp/rdisk/1024/src/PostOffice-master/example/build.gradle:22)
	at org.gradle.api.internal.ClosureBackedAction.execute(ClosureBackedAction.java:63)
	at org.gradle.api.internal.plugins.ExtensionsStorage$ExtensionHolder.configure(ExtensionsStorage.java:145)
	at org.gradle.api.internal.plugins.ExtensionsStorage.configureExtension(ExtensionsStorage.java:69)
	at org.gradle.api.internal.plugins.DefaultConvention$ExtensionsDynamicObject.invokeMethod(DefaultConvention.java:207)
	at org.gradle.api.internal.CompositeDynamicObject.invokeMethod(CompositeDynamicObject.java:147)
	at org.gradle.groovy.scripts.BasicScript.methodMissing(BasicScript.java:79)
	at build_d0owucokmojkhasljlbcnpcui.run(/tmp/rdisk/1024/src/PostOffice-master/example/build.gradle:4)
	at org.gradle.groovy.scripts.internal.DefaultScriptRunnerFactory$ScriptRunnerImpl.run(DefaultScriptRunnerFactory.java:52)
	... 48 more


BUILD FAILED

Total time: 3.681 secs

2018-04-08 12:54:55,928 INFO  ProjectTaskService - Detecting possible tasks...
2018-04-08 12:54:55,928 INFO  SysUtils - Execute command: [/tmp/rdisk/1024/src/PostOffice-master/gradlew, -b, /tmp/rdisk/1024/src/PostOffice-master/library/build.gradle, -Dorg.gradle.daemon=false, -Dorg.gradle.daemon.performance.enable-monitoring=false, -Dorg.gradle.configureondemand=true, tasks]
2018-04-08 12:55:10,254 ERROR ProjectTaskService - Could not detect possible Gradle tasks: Process exited with an error: 1 (Exit value: 1)
2018-04-08 12:55:10,254 INFO  ProjectTaskService - Detected possible tasks: 0
2018-04-08 12:55:10,254 INFO  ProjectTaskService - Excluded tasks (0): none
2018-04-08 12:55:10,254 INFO  SysUtils - Execute command: [/tmp/rdisk/1024/src/PostOffice-master/gradlew, -b, /tmp/rdisk/1024/src/PostOffice-master/library/build.gradle, -Dorg.gradle.daemon=false, -Dorg.gradle.daemon.performance.enable-monitoring=false, -Dorg.gradle.configureondemand=true, --stacktrace, build]
2018-04-08 12:55:30,914 INFO  SysUtils - Configuration on demand is an incubating feature.
:library:androidJavadocs/tmp/rdisk/1024/src/PostOffice-master/library/src/main/java/com/r0adkll/postoffice/PostOffice.java:16: error: package org.jetbrains.annotations does not exist
import org.jetbrains.annotations.NotNull;
                                ^
/tmp/rdisk/1024/src/PostOffice-master/library/src/main/java/com/r0adkll/postoffice/styles/EditTextStyle.java:16: error: cannot find symbol
import com.r0adkll.postoffice.R;
                             ^
  symbol:   class R
  location: package com.r0adkll.postoffice
/tmp/rdisk/1024/src/PostOffice-master/library/src/main/java/com/r0adkll/postoffice/styles/ListStyle.java:16: error: cannot find symbol
import com.r0adkll.postoffice.R;
                             ^
  symbol:   class R
  location: package com.r0adkll.postoffice
/tmp/rdisk/1024/src/PostOffice-master/library/src/main/java/com/r0adkll/postoffice/ui/Mail.java:33: error: package com.andexert.library does not exist
import com.andexert.library.RippleView;
                           ^
/tmp/rdisk/1024/src/PostOffice-master/library/src/main/java/com/r0adkll/postoffice/ui/Mail.java:34: error: package com.ftinc.fontloader does not exist
import com.ftinc.fontloader.FontLoader;
                           ^
/tmp/rdisk/1024/src/PostOffice-master/library/src/main/java/com/r0adkll/postoffice/ui/Mail.java:35: error: package com.ftinc.fontloader does not exist
import com.ftinc.fontloader.Types;
                           ^
/tmp/rdisk/1024/src/PostOffice-master/library/src/main/java/com/r0adkll/postoffice/ui/Mail.java:36: error: cannot find symbol
import com.r0adkll.postoffice.R;
                             ^
  symbol:   class R
  location: package com.r0adkll.postoffice
/tmp/rdisk/1024/src/PostOffice-master/library/src/main/java/com/r0adkll/postoffice/ui/SupportMail.java:10: error: package android.support.v4.app does not exist
import android.support.v4.app.DialogFragment;
                             ^
/tmp/rdisk/1024/src/PostOffice-master/library/src/main/java/com/r0adkll/postoffice/ui/SupportMail.java:31: error: package com.andexert.library does not exist
import com.andexert.library.RippleView;
                           ^
/tmp/rdisk/1024/src/PostOffice-master/library/src/main/java/com/r0adkll/postoffice/ui/SupportMail.java:32: error: package com.ftinc.fontloader does not exist
import com.ftinc.fontloader.FontLoader;
                           ^
/tmp/rdisk/1024/src/PostOffice-master/library/src/main/java/com/r0adkll/postoffice/ui/SupportMail.java:33: error: package com.ftinc.fontloader does not exist
import com.ftinc.fontloader.Types;
                           ^
/tmp/rdisk/1024/src/PostOffice-master/library/src/main/java/com/r0adkll/postoffice/ui/SupportMail.java:34: error: cannot find symbol
import com.r0adkll.postoffice.R;
                             ^
  symbol:   class R
  location: package com.r0adkll.postoffice
/tmp/rdisk/1024/src/PostOffice-master/library/src/main/java/com/r0adkll/postoffice/ui/SupportMail.java:52: error: cannot find symbol
public class SupportMail extends DialogFragment {
                                 ^
  symbol: class DialogFragment
/tmp/rdisk/1024/src/PostOffice-master/library/src/main/java/com/r0adkll/postoffice/model/Delivery.java:415: error: package android.support.v4.app does not exist
    public void show(android.support.v4.app.FragmentManager manager, String tag){
                                           ^
/tmp/rdisk/1024/src/PostOffice-master/library/src/main/java/com/r0adkll/postoffice/model/Delivery.java:428: error: package android.support.v4.app does not exist
    public void show(android.support.v4.app.FragmentTransaction transaction, String tag){
                                           ^
/tmp/rdisk/1024/src/PostOffice-master/library/src/main/java/com/r0adkll/postoffice/model/Delivery.java:439: error: package android.support.v4.app does not exist
    public void show(android.support.v4.app.FragmentManager manager){
                                           ^
/tmp/rdisk/1024/src/PostOffice-master/library/src/main/java/com/r0adkll/postoffice/model/Delivery.java:449: error: package android.support.v4.app does not exist
    public void show(android.support.v4.app.FragmentTransaction transaction){
                                           ^
/tmp/rdisk/1024/src/PostOffice-master/library/src/main/java/com/r0adkll/postoffice/model/Delivery.java:816: error: package android.support.v4.app does not exist
        public Delivery show(android.support.v4.app.FragmentManager manager, String tag){
                                                   ^
/tmp/rdisk/1024/src/PostOffice-master/library/src/main/java/com/r0adkll/postoffice/model/Delivery.java:838: error: package android.support.v4.app does not exist
        public Delivery show(android.support.v4.app.FragmentManager manager){
                                                   ^
/tmp/rdisk/1024/src/PostOffice-master/library/src/main/java/com/r0adkll/postoffice/model/Delivery.java:862: error: package android.support.v4.app does not exist
        public Delivery show(android.support.v4.app.FragmentTransaction transaction, String tag){
                                                   ^
/tmp/rdisk/1024/src/PostOffice-master/library/src/main/java/com/r0adkll/postoffice/model/Delivery.java:884: error: package android.support.v4.app does not exist
        public Delivery show(android.support.v4.app.FragmentTransaction transaction){
                                                   ^
/tmp/rdisk/1024/src/PostOffice-master/library/src/main/java/com/r0adkll/postoffice/widgets/MaterialButtonLayout.java:11: error: package com.andexert.library does not exist
import com.andexert.library.RippleView;
                           ^
/tmp/rdisk/1024/src/PostOffice-master/library/src/main/java/com/r0adkll/postoffice/widgets/MaterialButtonLayout.java:12: error: cannot find symbol
import com.r0adkll.postoffice.R;
                             ^
  symbol:   class R
  location: package com.r0adkll.postoffice
/tmp/rdisk/1024/src/PostOffice-master/library/src/main/java/com/r0adkll/postoffice/styles/ProgressStyle.java:23: error: package com.ftinc.fontloader does not exist
import com.ftinc.fontloader.FontLoader;
                           ^
/tmp/rdisk/1024/src/PostOffice-master/library/src/main/java/com/r0adkll/postoffice/styles/ProgressStyle.java:24: error: package com.ftinc.fontloader does not exist
import com.ftinc.fontloader.Types;
                           ^
/tmp/rdisk/1024/src/PostOffice-master/library/src/main/java/com/r0adkll/postoffice/styles/ProgressStyle.java:25: error: cannot find symbol
import com.r0adkll.postoffice.R;
                             ^
  symbol:   class R
  location: package com.r0adkll.postoffice
/tmp/rdisk/1024/src/PostOffice-master/library/src/main/java/com/r0adkll/postoffice/PostOffice.java:81: error: cannot find symbol
    public static Delivery.Builder newMail(@NotNull Context ctx){
                                            ^
  symbol:   class NotNull
  location: class PostOffice
/tmp/rdisk/1024/src/PostOffice-master/library/src/main/java/com/r0adkll/postoffice/PostOffice.java:100: error: cannot find symbol
    public static Delivery newAlertMail(@NotNull Context ctx, @NotNull CharSequence title, @NotNull CharSequence message){
                                         ^
  symbol:   class NotNull
  location: class PostOffice
/tmp/rdisk/1024/src/PostOffice-master/library/src/main/java/com/r0adkll/postoffice/PostOffice.java:100: error: cannot find symbol
    public static Delivery newAlertMail(@NotNull Context ctx, @NotNull CharSequence title, @NotNull CharSequence message){
                                                               ^
  symbol:   class NotNull
  location: class PostOffice
/tmp/rdisk/1024/src/PostOffice-master/library/src/main/java/com/r0adkll/postoffice/PostOffice.java:100: error: cannot find symbol
    public static Delivery newAlertMail(@NotNull Context ctx, @NotNull CharSequence title, @NotNull CharSequence message){
                                                                                            ^
  symbol:   class NotNull
  location: class PostOffice
/tmp/rdisk/1024/src/PostOffice-master/library/src/main/java/com/r0adkll/postoffice/PostOffice.java:119: error: cannot find symbol
    public static Delivery newAlertMail(@NotNull Context ctx, @NotNull Integer title, @NotNull Integer message){
                                         ^
  symbol:   class NotNull
  location: class PostOffice
/tmp/rdisk/1024/src/PostOffice-master/library/src/main/java/com/r0adkll/postoffice/PostOffice.java:119: error: cannot find symbol
    public static Delivery newAlertMail(@NotNull Context ctx, @NotNull Integer title, @NotNull Integer message){
                                                               ^
  symbol:   class NotNull
  location: class PostOffice
/tmp/rdisk/1024/src/PostOffice-master/library/src/main/java/com/r0adkll/postoffice/PostOffice.java:119: error: cannot find symbol
    public static Delivery newAlertMail(@NotNull Context ctx, @NotNull Integer title, @NotNull Integer message){
                                                                                       ^
  symbol:   class NotNull
  location: class PostOffice
/tmp/rdisk/1024/src/PostOffice-master/library/src/main/java/com/r0adkll/postoffice/PostOffice.java:138: error: cannot find symbol
    public static Delivery newAlertMail(@NotNull Context ctx, @NotNull Integer title, @NotNull CharSequence message){
                                         ^
  symbol:   class NotNull
  location: class PostOffice
/tmp/rdisk/1024/src/PostOffice-master/library/src/main/java/com/r0adkll/postoffice/PostOffice.java:138: error: cannot find symbol
    public static Delivery newAlertMail(@NotNull Context ctx, @NotNull Integer title, @NotNull CharSequence message){
                                                               ^
  symbol:   class NotNull
  location: class PostOffice
/tmp/rdisk/1024/src/PostOffice-master/library/src/main/java/com/r0adkll/postoffice/PostOffice.java:138: error: cannot find symbol
    public static Delivery newAlertMail(@NotNull Context ctx, @NotNull Integer title, @NotNull CharSequence message){
                                                                                       ^
  symbol:   class NotNull
  location: class PostOffice
/tmp/rdisk/1024/src/PostOffice-master/library/src/main/java/com/r0adkll/postoffice/PostOffice.java:156: error: cannot find symbol
    public static Delivery newAlertMail(@NotNull Context ctx, @NotNull CharSequence title, @NotNull Integer message){
                                         ^
  symbol:   class NotNull
  location: class PostOffice
/tmp/rdisk/1024/src/PostOffice-master/library/src/main/java/com/r0adkll/postoffice/PostOffice.java:156: error: cannot find symbol
    public static Delivery newAlertMail(@NotNull Context ctx, @NotNull CharSequence title, @NotNull Integer message){
                                                               ^
  symbol:   class NotNull
  location: class PostOffice
/tmp/rdisk/1024/src/PostOffice-master/library/src/main/java/com/r0adkll/postoffice/PostOffice.java:156: error: cannot find symbol
    public static Delivery newAlertMail(@NotNull Context ctx, @NotNull CharSequence title, @NotNull Integer message){
                                                                                            ^
  symbol:   class NotNull
  location: class PostOffice
/tmp/rdisk/1024/src/PostOffice-master/library/src/main/java/com/r0adkll/postoffice/PostOffice.java:174: error: cannot find symbol
    public static Delivery newAlertMail(@NotNull Context ctx, @NotNull CharSequence title, @NotNull CharSequence message,
                                         ^
  symbol:   class NotNull
  location: class PostOffice
/tmp/rdisk/1024/src/PostOffice-master/library/src/main/java/com/r0adkll/postoffice/PostOffice.java:174: error: cannot find symbol
    public static Delivery newAlertMail(@NotNull Context ctx, @NotNull CharSequence title, @NotNull CharSequence message,
                                                               ^
  symbol:   class NotNull
  location: class PostOffice
/tmp/rdisk/1024/src/PostOffice-master/library/src/main/java/com/r0adkll/postoffice/PostOffice.java:174: error: cannot find symbol
    public static Delivery newAlertMail(@NotNull Context ctx, @NotNull CharSequence title, @NotNull CharSequence message,
                                                                                            ^
  symbol:   class NotNull
  location: class PostOffice
/tmp/rdisk/1024/src/PostOffice-master/library/src/main/java/com/r0adkll/postoffice/PostOffice.java:175: error: cannot find symbol
                                        @NotNull final AlertHandler handler){
                                         ^
  symbol:   class NotNull
  location: class PostOffice
/tmp/rdisk/1024/src/PostOffice-master/library/src/main/java/com/r0adkll/postoffice/PostOffice.java:209: error: cannot find symbol
    public static Delivery newAlertMail(@NotNull Context ctx, @NotNull Integer title, @NotNull Integer message,
                                         ^
  symbol:   class NotNull
  location: class PostOffice
/tmp/rdisk/1024/src/PostOffice-master/library/src/main/java/com/r0adkll/postoffice/PostOffice.java:209: error: cannot find symbol
    public static Delivery newAlertMail(@NotNull Context ctx, @NotNull Integer title, @NotNull Integer message,
                                                               ^
  symbol:   class NotNull
  location: class PostOffice
/tmp/rdisk/1024/src/PostOffice-master/library/src/main/java/com/r0adkll/postoffice/PostOffice.java:209: error: cannot find symbol
    public static Delivery newAlertMail(@NotNull Context ctx, @NotNull Integer title, @NotNull Integer message,
                                                                                       ^
  symbol:   class NotNull
  location: class PostOffice
/tmp/rdisk/1024/src/PostOffice-master/library/src/main/java/com/r0adkll/postoffice/PostOffice.java:210: error: cannot find symbol
                                        @NotNull final AlertHandler handler){
                                         ^
  symbol:   class NotNull
  location: class PostOffice
/tmp/rdisk/1024/src/PostOffice-master/library/src/main/java/com/r0adkll/postoffice/PostOffice.java:244: error: cannot find symbol
    public static Delivery newAlertMail(@NotNull Context ctx, @NotNull Integer title, @NotNull CharSequence message,
                                         ^
  symbol:   class NotNull
  location: class PostOffice
/tmp/rdisk/1024/src/PostOffice-master/library/src/main/java/com/r0adkll/postoffice/PostOffice.java:244: error: cannot find symbol
    public static Delivery newAlertMail(@NotNull Context ctx, @NotNull Integer title, @NotNull CharSequence message,
                                                               ^
  symbol:   class NotNull
  location: class PostOffice
/tmp/rdisk/1024/src/PostOffice-master/library/src/main/java/com/r0adkll/postoffice/PostOffice.java:244: error: cannot find symbol
    public static Delivery newAlertMail(@NotNull Context ctx, @NotNull Integer title, @NotNull CharSequence message,
                                                                                       ^
  symbol:   class NotNull
  location: class PostOffice
/tmp/rdisk/1024/src/PostOffice-master/library/src/main/java/com/r0adkll/postoffice/PostOffice.java:245: error: cannot find symbol
                                        @NotNull final AlertHandler handler){
                                         ^
  symbol:   class NotNull
  location: class PostOffice
/tmp/rdisk/1024/src/PostOffice-master/library/src/main/java/com/r0adkll/postoffice/PostOffice.java:279: error: cannot find symbol
    public static Delivery newAlertMail(@NotNull Context ctx, @NotNull CharSequence title, @NotNull Integer message,
                                         ^
  symbol:   class NotNull
  location: class PostOffice
/tmp/rdisk/1024/src/PostOffice-master/library/src/main/java/com/r0adkll/postoffice/PostOffice.java:279: error: cannot find symbol
    public static Delivery newAlertMail(@NotNull Context ctx, @NotNull CharSequence title, @NotNull Integer message,
                                                               ^
  symbol:   class NotNull
  location: class PostOffice
/tmp/rdisk/1024/src/PostOffice-master/library/src/main/java/com/r0adkll/postoffice/PostOffice.java:279: error: cannot find symbol
    public static Delivery newAlertMail(@NotNull Context ctx, @NotNull CharSequence title, @NotNull Integer message,
                                                                                            ^
  symbol:   class NotNull
  location: class PostOffice
/tmp/rdisk/1024/src/PostOffice-master/library/src/main/java/com/r0adkll/postoffice/PostOffice.java:280: error: cannot find symbol
                                        @NotNull final AlertHandler handler){
                                         ^
  symbol:   class NotNull
  location: class PostOffice
/tmp/rdisk/1024/src/PostOffice-master/library/src/main/java/com/r0adkll/postoffice/PostOffice.java:317: error: cannot find symbol
    public static Delivery newEditTextMail(@NotNull Context ctx, CharSequence title, CharSequence hint, int inputType, EditTextStyle.OnTextAcceptedListener listener){
                                            ^
  symbol:   class NotNull
  location: class PostOffice
/tmp/rdisk/1024/src/PostOffice-master/library/src/main/java/com/r0adkll/postoffice/PostOffice.java:343: error: cannot find symbol
    public static Delivery newEditTextMail(@NotNull Context ctx, Integer title, CharSequence hint, int inputType, EditTextStyle.OnTextAcceptedListener listener){
                                            ^
  symbol:   class NotNull
  location: class PostOffice
/tmp/rdisk/1024/src/PostOffice-master/library/src/main/java/com/r0adkll/postoffice/PostOffice.java:369: error: cannot find symbol
    public static Delivery newProgressMail(@NotNull Context ctx, CharSequence title, String suffix, boolean indeterminate){
                                            ^
  symbol:   class NotNull
  location: class PostOffice
/tmp/rdisk/1024/src/PostOffice-master/library/src/main/java/com/r0adkll/postoffice/PostOffice.java:394: error: cannot find symbol
    public static Delivery newProgressMail(@NotNull Context ctx, Integer title, String suffix, boolean indeterminate){
                                            ^
  symbol:   class NotNull
  location: class PostOffice
/tmp/rdisk/1024/src/PostOffice-master/library/src/main/java/com/r0adkll/postoffice/PostOffice.java:420: error: cannot find symbol
    public static Delivery newSimpleListMail(@NotNull Context ctx, CharSequence title, Design design, CharSequence[] contents, ListStyle.OnItemAcceptedListener<CharSequence> listener){
                                              ^
  symbol:   class NotNull
  location: class PostOffice
javadoc: warning - Class NotNull not found.
javadoc: warning - Class NotNull not found.
javadoc: warning - Class NotNull not found.
javadoc: warning - Class NotNull not found.
javadoc: warning - Class NotNull not found.
javadoc: warning - Class NotNull not found.
javadoc: warning - Class NotNull not found.
javadoc: warning - Class NotNull not found.
javadoc: warning - Class NotNull not found.
javadoc: warning - Class NotNull not found.
javadoc: warning - Class NotNull not found.
javadoc: warning - Class NotNull not found.
javadoc: warning - Class NotNull not found.
javadoc: warning - Class NotNull not found.
javadoc: warning - Class NotNull not found.
javadoc: warning - Class NotNull not found.
javadoc: warning - Class NotNull not found.
javadoc: warning - Class NotNull not found.
javadoc: warning - Class NotNull not found.
javadoc: warning - Class NotNull not found.
javadoc: warning - Class NotNull not found.
javadoc: warning - Class NotNull not found.
javadoc: warning - Class NotNull not found.
javadoc: warning - Class NotNull not found.
javadoc: warning - Class NotNull not found.
javadoc: warning - Class NotNull not found.
javadoc: warning - Class NotNull not found.
javadoc: warning - Class NotNull not found.
javadoc: warning - Class NotNull not found.
javadoc: warning - Class NotNull not found.
javadoc: warning - Class NotNull not found.
javadoc: warning - Class NotNull not found.
javadoc: warning - Class NotNull not found.
javadoc: warning - Class NotNull not found.
/tmp/rdisk/1024/src/PostOffice-master/library/src/main/java/com/r0adkll/postoffice/widgets/MaterialButtonLayout.java:47: warning: no @param for context
    public MaterialButtonLayout(Context context) {
           ^
/tmp/rdisk/1024/src/PostOffice-master/library/src/main/java/com/r0adkll/postoffice/ui/SupportMail.java:107: warning: no @param for savedInstanceState
    public void onActivityCreated(Bundle savedInstanceState) {
                ^
/tmp/rdisk/1024/src/PostOffice-master/library/src/main/java/com/r0adkll/postoffice/styles/EditTextStyle.java:39: warning: no description for @return
     * @return
       ^
/tmp/rdisk/1024/src/PostOffice-master/library/src/main/java/com/r0adkll/postoffice/styles/EditTextStyle.java:90: warning: no description for @param
     * @param dialogInterface
       ^
/tmp/rdisk/1024/src/PostOffice-master/library/src/main/java/com/r0adkll/postoffice/styles/Style.java:28: warning: no @param for themeColor
    public void applyDesign(Design design, int themeColor);
                ^
/tmp/rdisk/1024/src/PostOffice-master/library/src/main/java/com/r0adkll/postoffice/styles/Style.java:33: warning: no description for @param
     * @param which
       ^
/tmp/rdisk/1024/src/PostOffice-master/library/src/main/java/com/r0adkll/postoffice/styles/ProgressStyle.java:467: error: bad use of '>'
         * i.e. when progress >= max
                              ^
/tmp/rdisk/1024/src/PostOffice-master/library/src/main/java/com/r0adkll/postoffice/model/Delivery.java:411: error: reference not found
     * @see android.support.v4.app.DialogFragment#show(android.support.v4.app.FragmentManager, String)
            ^
/tmp/rdisk/1024/src/PostOffice-master/library/src/main/java/com/r0adkll/postoffice/model/Delivery.java:424: error: reference not found
     * @see android.support.v4.app.DialogFragment#show(android.support.v4.app.FragmentTransaction, String)
            ^
/tmp/rdisk/1024/src/PostOffice-master/library/src/main/java/com/r0adkll/postoffice/model/Delivery.java:436: error: reference not found
     * @see android.support.v4.app.DialogFragment#show(android.support.v4.app.FragmentManager, String)
            ^
/tmp/rdisk/1024/src/PostOffice-master/library/src/main/java/com/r0adkll/postoffice/model/Delivery.java:446: error: reference not found
     * @see android.support.v4.app.DialogFragment#show(android.support.v4.app.FragmentTransaction, String)
            ^

5 errors
100 warnings
:library:androidJavadocsJar
:library:androidSourcesJar
:library:compileLint
:library:copyDebugLint UP-TO-DATE
:library:preBuild UP-TO-DATE
:library:preDebugBuild UP-TO-DATE
:library:checkDebugManifest
:library:preDebugAndroidTestBuild UP-TO-DATE
:library:preReleaseBuild UP-TO-DATE
:library:prepareCo52incFontloader101Library
:library:prepareComAndroidSupportSupportV42211Library
:library:prepareComGithubTraexRippleeffectLibrary122Library
:library:prepareDebugDependencies
:library:compileDebugAidl
:library:compileDebugRenderscript
:library:generateDebugBuildConfig
:library:generateDebugAssets UP-TO-DATE
:library:mergeDebugAssets
:library:generateDebugResValues
:library:generateDebugResources
:library:mergeDebugResources
:library:processDebugManifest
:library:processDebugResources
:library:generateDebugSources
:library:compileDebugJavaNote: Some input files use or override a deprecated API.
Note: Recompile with -Xlint:deprecation for details.
Note: /tmp/rdisk/1024/src/PostOffice-master/library/src/main/java/com/r0adkll/postoffice/styles/ListStyle.java uses unchecked or unsafe operations.
Note: Recompile with -Xlint:unchecked for details.

:library:extractDebugAnnotations
:library:mergeDebugProguardFiles
:library:processDebugJavaRes UP-TO-DATE
:library:packageDebugJar
:library:compileDebugNdk UP-TO-DATE
:library:packageDebugJniLibs UP-TO-DATE
:library:packageDebugLocalJar
:library:packageDebugRenderscript UP-TO-DATE
:library:packageDebugResources
:library:bundleDebug
:library:assembleDebug
:library:copyReleaseLint UP-TO-DATE
:library:checkReleaseManifest
:library:prepareReleaseDependencies
:library:compileReleaseAidl
:library:compileReleaseRenderscript
:library:generateReleaseBuildConfig
:library:generateReleaseAssets UP-TO-DATE
:library:mergeReleaseAssets
:library:generateReleaseResValues
:library:generateReleaseResources
:library:mergeReleaseResources
:library:processReleaseManifest
:library:processReleaseResources
:library:generateReleaseSources
:library:compileReleaseJavaNote: Some input files use or override a deprecated API.
Note: Recompile with -Xlint:deprecation for details.
Note: /tmp/rdisk/1024/src/PostOffice-master/library/src/main/java/com/r0adkll/postoffice/styles/ListStyle.java uses unchecked or unsafe operations.
Note: Recompile with -Xlint:unchecked for details.

:library:extractReleaseAnnotations
:library:mergeReleaseProguardFiles
:library:processReleaseJavaRes UP-TO-DATE
:library:packageReleaseJar
:library:compileReleaseNdk UP-TO-DATE
:library:packageReleaseJniLibs UP-TO-DATE
:library:packageReleaseLocalJar
:library:packageReleaseRenderscript UP-TO-DATE
:library:packageReleaseResources
:library:bundleRelease
:library:assembleRelease
:library:signArchives SKIPPED
:library:assemble
:library:lint
Ran lint on variant debug: 302 issues found
Ran lint on variant release: 302 issues found
Wrote HTML report to file:/tmp/rdisk/1024/src/PostOffice-master/library/build/outputs/lint-results.html
Wrote XML report to /tmp/rdisk/1024/src/PostOffice-master/library/build/outputs/lint-results.xml
:library:preCompileDebugUnitTestJava
:library:compileDebugUnitTestJava UP-TO-DATE
:library:compileDebugUnitTestSources UP-TO-DATE
:library:mockableAndroidJar
:library:assembleDebugUnitTest
:library:testDebug
:library:preCompileReleaseUnitTestJava
:library:compileReleaseUnitTestJava UP-TO-DATE
:library:compileReleaseUnitTestSources UP-TO-DATE
:library:assembleReleaseUnitTest
:library:testRelease
:library:test
:library:check
:library:build

BUILD SUCCESSFUL

Total time: 20.204 secs

2018-04-08 12:55:30,931 INFO  ProjectTaskService - Detecting possible tasks...
2018-04-08 12:55:30,931 INFO  SysUtils - Execute command: [/tmp/rdisk/1024/src/PostOffice-master/gradlew, -b, /tmp/rdisk/1024/src/PostOffice-master/build.gradle, -Dorg.gradle.daemon=false, -Dorg.gradle.daemon.performance.enable-monitoring=false, -Dorg.gradle.configureondemand=true, tasks]
2018-04-08 12:55:35,068 ERROR ProjectTaskService - Could not detect possible Gradle tasks: Process exited with an error: 1 (Exit value: 1)
2018-04-08 12:55:35,068 INFO  ProjectTaskService - Detected possible tasks: 0
2018-04-08 12:55:35,068 INFO  ProjectTaskService - Excluded tasks (0): none
2018-04-08 12:55:35,068 INFO  SysUtils - Execute command: [/tmp/rdisk/1024/src/PostOffice-master/gradlew, -b, /tmp/rdisk/1024/src/PostOffice-master/build.gradle, -Dorg.gradle.daemon=false, -Dorg.gradle.daemon.performance.enable-monitoring=false, -Dorg.gradle.configureondemand=true, --stacktrace, build]
2018-04-08 12:55:39,149 ERROR SysUtils - Could not process external command
org.apache.commons.exec.ExecuteException: Process exited with an error: 1 (Exit value: 1)
	at org.apache.commons.exec.DefaultExecutor.executeInternal(DefaultExecutor.java:404)
	at org.apache.commons.exec.DefaultExecutor.execute(DefaultExecutor.java:166)
	at com.github.vbauer.apkmaster.util.SysUtils.execute(SysUtils.java:67)
	at com.github.vbauer.apkmaster.util.SysUtils.executeSimple(SysUtils.java:43)
	at com.github.vbauer.apkmaster.service.assembly.ProjectBuildService.buildProject(ProjectBuildService.java:78)
	at com.github.vbauer.apkmaster.service.assembly.ProjectBuildService.buildProject(ProjectBuildService.java:64)
	at com.github.vbauer.apkmaster.service.assembly.ProjectBuildService.buildProject(ProjectBuildService.java:43)
	at com.github.vbauer.apkmaster.service.FullProcessService.build(FullProcessService.java:84)
	at com.github.vbauer.apkmaster.service.FullProcessService.process(FullProcessService.java:34)
	at com.github.vbauer.apkmaster.app.MainApplication.process(MainApplication.java:38)
	at com.github.vbauer.apkmaster.app.MainApplication.main(MainApplication.java:20)
	at sun.reflect.GeneratedMethodAccessor9.invoke(Unknown Source)
	at sun.reflect.DelegatingMethodAccessorImpl.invoke(DelegatingMethodAccessorImpl.java:43)
	at java.lang.reflect.Method.invoke(Method.java:498)
	at com.android.arsenal.util.ReflectionUtils.invoke(ReflectionUtils.java:42)
	at com.android.arsenal.util.ApkMasterUtils.main(ApkMasterUtils.java:30)
	at com.android.arsenal.service.processor.impl.BuildProcessorServiceImpl.buildProject(BuildProcessorServiceImpl.java:197)
	at com.android.arsenal.service.processor.impl.BuildProcessorServiceImpl.build(BuildProcessorServiceImpl.java:131)
	at com.android.arsenal.service.processor.impl.BuildProcessorServiceImpl.lambda$null$1(BuildProcessorServiceImpl.java:114)
	at java.util.concurrent.FutureTask.run(FutureTask.java:266)
	at java.util.concurrent.Executors$RunnableAdapter.call(Executors.java:511)
	at java.util.concurrent.FutureTask.run(FutureTask.java:266)
	at java.util.concurrent.ThreadPoolExecutor.runWorker(ThreadPoolExecutor.java:1149)
	at java.util.concurrent.ThreadPoolExecutor$Worker.run(ThreadPoolExecutor.java:624)
	at java.lang.Thread.run(Thread.java:748)
2018-04-08 12:55:39,149 INFO  SysUtils - Configuration on demand is an incubating feature.

FAILURE: Build failed with an exception.

* Where:
Build file '/tmp/rdisk/1024/src/PostOffice-master/example/build.gradle' line: 24

* What went wrong:
A problem occurred evaluating project ':example'.
> Neither path nor baseDir may be null or empty string. path='' basedir='/tmp/rdisk/1024/src/PostOffice-master/example'

* Try:
Run with --info or --debug option to get more log output.

* Exception is:
org.gradle.api.GradleScriptException: A problem occurred evaluating project ':example'.
	at org.gradle.groovy.scripts.internal.DefaultScriptRunnerFactory$ScriptRunnerImpl.run(DefaultScriptRunnerFactory.java:54)
	at org.gradle.configuration.DefaultScriptPluginFactory$ScriptPluginImpl.apply(DefaultScriptPluginFactory.java:148)
	at org.gradle.configuration.project.BuildScriptProcessor.execute(BuildScriptProcessor.java:39)
	at org.gradle.configuration.project.BuildScriptProcessor.execute(BuildScriptProcessor.java:26)
	at org.gradle.configuration.project.ConfigureActionsProjectEvaluator.evaluate(ConfigureActionsProjectEvaluator.java:34)
	at org.gradle.configuration.project.LifecycleProjectEvaluator.evaluate(LifecycleProjectEvaluator.java:59)
	at org.gradle.api.internal.project.AbstractProject.evaluate(AbstractProject.java:504)
	at org.gradle.api.internal.project.AbstractProject.evaluate(AbstractProject.java:83)
	at org.gradle.execution.TaskPathProjectEvaluator.configureHierarchy(TaskPathProjectEvaluator.java:47)
	at org.gradle.execution.TaskSelector.getSelection(TaskSelector.java:85)
	at org.gradle.execution.TaskSelector.getSelection(TaskSelector.java:76)
	at org.gradle.execution.commandline.CommandLineTaskParser.parseTasks(CommandLineTaskParser.java:42)
	at org.gradle.execution.TaskNameResolvingBuildConfigurationAction.configure(TaskNameResolvingBuildConfigurationAction.java:44)
	at org.gradle.execution.DefaultBuildExecuter.configure(DefaultBuildExecuter.java:42)
	at org.gradle.execution.DefaultBuildExecuter.access$100(DefaultBuildExecuter.java:23)
	at org.gradle.execution.DefaultBuildExecuter$1.proceed(DefaultBuildExecuter.java:48)
	at org.gradle.execution.ExcludedTaskFilteringBuildConfigurationAction.configure(ExcludedTaskFilteringBuildConfigurationAction.java:47)
	at org.gradle.execution.DefaultBuildExecuter.configure(DefaultBuildExecuter.java:42)
	at org.gradle.execution.DefaultBuildExecuter.access$100(DefaultBuildExecuter.java:23)
	at org.gradle.execution.DefaultBuildExecuter$1.proceed(DefaultBuildExecuter.java:48)
	at org.gradle.execution.DefaultTasksBuildExecutionAction.configure(DefaultTasksBuildExecutionAction.java:44)
	at org.gradle.execution.DefaultBuildExecuter.configure(DefaultBuildExecuter.java:42)
	at org.gradle.execution.DefaultBuildExecuter.select(DefaultBuildExecuter.java:35)
	at org.gradle.initialization.DefaultGradleLauncher.doBuildStages(DefaultGradleLauncher.java:142)
	at org.gradle.initialization.DefaultGradleLauncher.doBuild(DefaultGradleLauncher.java:106)
	at org.gradle.initialization.DefaultGradleLauncher.run(DefaultGradleLauncher.java:86)
	at org.gradle.launcher.exec.InProcessBuildActionExecuter$DefaultBuildController.run(InProcessBuildActionExecuter.java:80)
	at org.gradle.launcher.cli.ExecuteBuildAction.run(ExecuteBuildAction.java:33)
	at org.gradle.launcher.cli.ExecuteBuildAction.run(ExecuteBuildAction.java:24)
	at org.gradle.launcher.exec.InProcessBuildActionExecuter.execute(InProcessBuildActionExecuter.java:36)
	at org.gradle.launcher.exec.InProcessBuildActionExecuter.execute(InProcessBuildActionExecuter.java:26)
	at org.gradle.launcher.cli.RunBuildAction.run(RunBuildAction.java:51)
	at org.gradle.internal.Actions$RunnableActionAdapter.execute(Actions.java:171)
	at org.gradle.launcher.cli.CommandLineActionFactory$ParseAndBuildAction.execute(CommandLineActionFactory.java:237)
	at org.gradle.launcher.cli.CommandLineActionFactory$ParseAndBuildAction.execute(CommandLineActionFactory.java:210)
	at org.gradle.launcher.cli.JavaRuntimeValidationAction.execute(JavaRuntimeValidationAction.java:35)
	at org.gradle.launcher.cli.JavaRuntimeValidationAction.execute(JavaRuntimeValidationAction.java:24)
	at org.gradle.launcher.cli.CommandLineActionFactory$WithLogging.execute(CommandLineActionFactory.java:206)
	at org.gradle.launcher.cli.CommandLineActionFactory$WithLogging.execute(CommandLineActionFactory.java:169)
	at org.gradle.launcher.cli.ExceptionReportingAction.execute(ExceptionReportingAction.java:33)
	at org.gradle.launcher.cli.ExceptionReportingAction.execute(ExceptionReportingAction.java:22)
	at org.gradle.launcher.Main.doAction(Main.java:33)
	at org.gradle.launcher.bootstrap.EntryPoint.run(EntryPoint.java:45)
	at org.gradle.launcher.bootstrap.ProcessBootstrap.runNoExit(ProcessBootstrap.java:54)
	at org.gradle.launcher.bootstrap.ProcessBootstrap.run(ProcessBootstrap.java:35)
	at org.gradle.launcher.GradleMain.main(GradleMain.java:23)
	at org.gradle.wrapper.BootstrapMainStarter.start(BootstrapMainStarter.java:33)
	at org.gradle.wrapper.WrapperExecutor.execute(WrapperExecutor.java:130)
	at org.gradle.wrapper.GradleWrapperMain.main(GradleWrapperMain.java:48)
Caused by: java.lang.IllegalArgumentException: Neither path nor baseDir may be null or empty string. path='' basedir='/tmp/rdisk/1024/src/PostOffice-master/example'
	at org.gradle.api.internal.file.BaseDirFileResolver.doResolve(BaseDirFileResolver.java:65)
	at org.gradle.api.internal.file.AbstractFileResolver.resolve(AbstractFileResolver.java:77)
	at org.gradle.api.internal.file.AbstractFileResolver.resolve(AbstractFileResolver.java:60)
	at org.gradle.api.internal.file.DefaultFileOperations.file(DefaultFileOperations.java:69)
	at org.gradle.api.internal.project.AbstractProject.file(AbstractProject.java:620)
	at org.gradle.groovy.scripts.DefaultScript.file(DefaultScript.java:113)
	at org.gradle.api.internal.BeanDynamicObject$GroovyObjectAdapter.invokeMethod(BeanDynamicObject.java:268)
	at org.gradle.api.internal.BeanDynamicObject.invokeMethod(BeanDynamicObject.java:129)
	at org.gradle.api.internal.ConfigureDelegate.invokeMethod(ConfigureDelegate.java:78)
	at build_d0owucokmojkhasljlbcnpcui$_run_closure1_closure5_closure8.doCall(/tmp/rdisk/1024/src/PostOffice-master/example/build.gradle:24)
	at org.gradle.api.internal.ClosureBackedAction.execute(ClosureBackedAction.java:63)
	at org.gradle.api.internal.AbstractNamedDomainObjectContainer.create(AbstractNamedDomainObjectContainer.java:59)
	at org.gradle.api.internal.AbstractNamedDomainObjectContainer.create(AbstractNamedDomainObjectContainer.java:52)
	at org.gradle.api.internal.NamedDomainObjectContainerConfigureDelegate._configure(NamedDomainObjectContainerConfigureDelegate.java:39)
	at org.gradle.api.internal.ConfigureDelegate.invokeMethod(ConfigureDelegate.java:73)
	at build_d0owucokmojkhasljlbcnpcui$_run_closure1_closure5.doCall(/tmp/rdisk/1024/src/PostOffice-master/example/build.gradle:23)
	at org.gradle.api.internal.ClosureBackedAction.execute(ClosureBackedAction.java:63)
	at org.gradle.util.ConfigureUtil.configure(ConfigureUtil.java:130)
	at org.gradle.util.ConfigureUtil.configure(ConfigureUtil.java:91)
	at org.gradle.api.internal.AbstractNamedDomainObjectContainer.configure(AbstractNamedDomainObjectContainer.java:68)
	at org.gradle.api.internal.AbstractNamedDomainObjectContainer.configure(AbstractNamedDomainObjectContainer.java:24)
	at org.gradle.api.internal.ClosureBackedAction.execute(ClosureBackedAction.java:55)
	at org.gradle.api.Action$execute.call(Unknown Source)
	at com.android.build.gradle.BaseExtension.signingConfigs(BaseExtension.groovy:317)
	at com.android.build.gradle.AppExtension_Decorated.signingConfigs(Unknown Source)
	at build_d0owucokmojkhasljlbcnpcui$_run_closure1.doCall(/tmp/rdisk/1024/src/PostOffice-master/example/build.gradle:22)
	at org.gradle.api.internal.ClosureBackedAction.execute(ClosureBackedAction.java:63)
	at org.gradle.api.internal.plugins.ExtensionsStorage$ExtensionHolder.configure(ExtensionsStorage.java:145)
	at org.gradle.api.internal.plugins.ExtensionsStorage.configureExtension(ExtensionsStorage.java:69)
	at org.gradle.api.internal.plugins.DefaultConvention$ExtensionsDynamicObject.invokeMethod(DefaultConvention.java:207)
	at org.gradle.api.internal.CompositeDynamicObject.invokeMethod(CompositeDynamicObject.java:147)
	at org.gradle.groovy.scripts.BasicScript.methodMissing(BasicScript.java:79)
	at build_d0owucokmojkhasljlbcnpcui.run(/tmp/rdisk/1024/src/PostOffice-master/example/build.gradle:4)
	at org.gradle.groovy.scripts.internal.DefaultScriptRunnerFactory$ScriptRunnerImpl.run(DefaultScriptRunnerFactory.java:52)
	... 48 more


BUILD FAILED

Total time: 3.643 secs

2018-04-08 12:55:39,166 ERROR FullProcessService - Project build has not produced APK file
2018-04-08 12:55:39,182 ERROR FullProcessService - Could not find generated or existed APK file
