2018-04-07 20:26:07,256 INFO  DownloadService - Downloading "https://github.com/inloop/easygcm/archive/master.zip", attempt 3
2018-04-07 20:27:07,257 INFO  GithubDownloadService - Could not find ZIP archive for master branch
2018-04-07 20:27:07,937 INFO  GithubDownloadService - Default branch of this repository: master
2018-04-07 20:27:07,938 INFO  DownloadService - Downloading "https://github.com/inloop/easygcm/archive/master.zip", attempt 3
2018-04-07 20:28:08,739 DEBUG FullProcessService - Repository https://github.com/inloop/easygcm available: true
2018-04-07 20:28:08,739 INFO  FullProcessService - Could not download ZIP file from Github, lets clone it
2018-04-07 20:28:08,740 INFO  SysUtils - Execute command: [git, clone, -q, --single-branch, --depth, 1, https://github.com/inloop/easygcm, /tmp/rdisk/1205/src]
2018-04-07 20:28:10,190 INFO  SysUtils - 
2018-04-07 20:28:10,203 INFO  GitService - Deleted "/tmp/rdisk/1205/src/.git": true
2018-04-07 20:28:10,205 INFO  FullProcessService - Size of directory with sources: 173 KB
2018-04-07 20:28:10,205 INFO  SysUtils - Execute command: [git, init, /tmp/rdisk/1205/src]
2018-04-07 20:28:10,210 INFO  SysUtils - Initialized empty Git repository in /tmp/rdisk/1205/src/.git/

2018-04-07 20:28:10,212 INFO  ProjectBuildService - Gradle wrapper(s): /tmp/rdisk/1205/src/gradlew /tmp/rdisk/1205/src/easygcm-sample/gradlew
2018-04-07 20:28:10,214 INFO  ProjectBuildService - Build script(s): /tmp/rdisk/1205/src/easygcm-sample/build.gradle /tmp/rdisk/1205/src/easygcm-lib/build.gradle /tmp/rdisk/1205/src/build.gradle /tmp/rdisk/1205/src/buildSrc/build.gradle /tmp/rdisk/1205/src/easygcm-tasks/build.gradle
2018-04-07 20:28:10,216 INFO  ProjectBuildService - All script(s): /tmp/rdisk/1205/src/settings.gradle /tmp/rdisk/1205/src/easygcm-tasks/build.gradle /tmp/rdisk/1205/src/easygcm-sample/build.gradle /tmp/rdisk/1205/src/easygcm-lib/build.gradle /tmp/rdisk/1205/src/buildSrc/settings.gradle /tmp/rdisk/1205/src/buildSrc/build.gradle /tmp/rdisk/1205/src/build.gradle
2018-04-07 20:28:10,217 INFO  DownloadService - Downloading "https://raw.github.com/inloop/gradle-mvn-push/master/gradle-mvn-push.gradle", attempt 3
2018-04-07 20:28:11,728 INFO  DownloadService - Downloaded https://raw.github.com/inloop/gradle-mvn-push/master/gradle-mvn-push.gradle, attempt 3
2018-04-07 20:28:11,728 INFO  ProjectBuildService - Remote scripts: https://raw.github.com/inloop/gradle-mvn-push/master/gradle-mvn-push.gradle
2018-04-07 20:28:11,728 INFO  ProjectFixService - Fixing project...
2018-04-07 20:28:11,738 INFO  LocalPropertiesFixService - Created fake /tmp/rdisk/1205/src/easygcm-sample/local.properties
2018-04-07 20:28:11,738 INFO  WrapperPropertiesFixService - Gradle wrapper: https://services.gradle.org/distributions/gradle-2.3-bin.zip
2018-04-07 20:28:11,738 INFO  ProjectFixService - Build info for "/tmp/rdisk/1205/src/easygcm-sample/build.gradle": [buildToolsVersion=23.0.3,compileSdkVersion=23,minSdkVersion=14,targetSdkVersion=23]
2018-04-07 20:28:11,739 INFO  LocalPropertiesFixService - Created fake /tmp/rdisk/1205/src/easygcm-lib/local.properties
2018-04-07 20:28:11,740 INFO  ProjectFixService - Build info for "/tmp/rdisk/1205/src/easygcm-lib/build.gradle": [buildToolsVersion=23.0.3,compileSdkVersion=23,minSdkVersion=14,targetSdkVersion=23]
2018-04-07 20:28:11,740 INFO  LocalPropertiesFixService - Created fake /tmp/rdisk/1205/src/local.properties
2018-04-07 20:28:11,740 INFO  WrapperPropertiesFixService - Gradle wrapper: https://services.gradle.org/distributions/gradle-2.13-all.zip
2018-04-07 20:28:11,740 INFO  WrapperPropertiesFixService - Gradle wrapper was changed from "-all.zip" to "-bin.zip" (https://services.gradle.org/distributions/gradle-2.13-bin.zip)
2018-04-07 20:28:11,742 INFO  ProjectFixService - Build info for "/tmp/rdisk/1205/src/build.gradle": [buildToolsVersion=23.0.3,compileSdkVersion=23,minSdkVersion=14,targetSdkVersion=23]
2018-04-07 20:28:11,742 INFO  LocalPropertiesFixService - Created fake /tmp/rdisk/1205/src/buildSrc/local.properties
2018-04-07 20:28:11,743 INFO  ProjectFixService - Build info for "/tmp/rdisk/1205/src/buildSrc/build.gradle": [buildToolsVersion=23.0.3,compileSdkVersion=23,minSdkVersion=14,targetSdkVersion=23]
2018-04-07 20:28:11,743 INFO  LocalPropertiesFixService - Created fake /tmp/rdisk/1205/src/easygcm-tasks/local.properties
2018-04-07 20:28:11,744 INFO  ProjectFixService - Build info for "/tmp/rdisk/1205/src/easygcm-tasks/build.gradle": [buildToolsVersion=23.0.3,compileSdkVersion=23,minSdkVersion=14,targetSdkVersion=23]
2018-04-07 20:28:11,744 INFO  ProjectFixService - Project was maybe fixed
2018-04-07 20:28:11,744 INFO  ProjectTaskService - Detecting possible tasks...
2018-04-07 20:28:11,744 INFO  SysUtils - Execute command: [/tmp/rdisk/1205/src/easygcm-sample/gradlew, -b, /tmp/rdisk/1205/src/easygcm-sample/build.gradle, -Dorg.gradle.daemon=false, -Dorg.gradle.daemon.performance.enable-monitoring=false, -Dorg.gradle.configureondemand=true, tasks]
2018-04-07 20:28:28,147 ERROR ProjectTaskService - Could not detect possible Gradle tasks: Process exited with an error: 1 (Exit value: 1)
2018-04-07 20:28:28,147 INFO  ProjectTaskService - Detected possible tasks: 4
2018-04-07 20:28:28,147 INFO  ProjectTaskService - Excluded tasks (3): androidJavadocsJar androidJavadocs androidSourcesJar
2018-04-07 20:28:28,148 INFO  SysUtils - Execute command: [/tmp/rdisk/1205/src/easygcm-sample/gradlew, -b, /tmp/rdisk/1205/src/easygcm-sample/build.gradle, -Dorg.gradle.daemon=false, -Dorg.gradle.daemon.performance.enable-monitoring=false, -Dorg.gradle.configureondemand=true, --stacktrace, -x, androidJavadocsJar, -x, androidJavadocs, -x, androidSourcesJar, build]
2018-04-07 20:28:32,911 ERROR SysUtils - Could not process external command
org.apache.commons.exec.ExecuteException: Process exited with an error: 1 (Exit value: 1)
	at org.apache.commons.exec.DefaultExecutor.executeInternal(DefaultExecutor.java:404)
	at org.apache.commons.exec.DefaultExecutor.execute(DefaultExecutor.java:166)
	at com.github.vbauer.apkmaster.util.SysUtils.execute(SysUtils.java:67)
	at com.github.vbauer.apkmaster.util.SysUtils.executeSimple(SysUtils.java:43)
	at com.github.vbauer.apkmaster.service.assembly.ProjectBuildService.buildProject(ProjectBuildService.java:78)
	at com.github.vbauer.apkmaster.service.assembly.ProjectBuildService.buildProject(ProjectBuildService.java:64)
	at com.github.vbauer.apkmaster.service.assembly.ProjectBuildService.buildProject(ProjectBuildService.java:43)
	at com.github.vbauer.apkmaster.service.FullProcessService.build(FullProcessService.java:84)
	at com.github.vbauer.apkmaster.service.FullProcessService.process(FullProcessService.java:34)
	at com.github.vbauer.apkmaster.app.MainApplication.process(MainApplication.java:38)
	at com.github.vbauer.apkmaster.app.MainApplication.main(MainApplication.java:20)
	at sun.reflect.GeneratedMethodAccessor8.invoke(Unknown Source)
	at sun.reflect.DelegatingMethodAccessorImpl.invoke(DelegatingMethodAccessorImpl.java:43)
	at java.lang.reflect.Method.invoke(Method.java:498)
	at com.android.arsenal.util.ReflectionUtils.invoke(ReflectionUtils.java:42)
	at com.android.arsenal.util.ApkMasterUtils.main(ApkMasterUtils.java:30)
	at com.android.arsenal.service.processor.impl.BuildProcessorServiceImpl.buildProject(BuildProcessorServiceImpl.java:197)
	at com.android.arsenal.service.processor.impl.BuildProcessorServiceImpl.build(BuildProcessorServiceImpl.java:131)
	at com.android.arsenal.service.processor.impl.BuildProcessorServiceImpl.lambda$null$1(BuildProcessorServiceImpl.java:114)
	at java.util.concurrent.FutureTask.run(FutureTask.java:266)
	at java.util.concurrent.Executors$RunnableAdapter.call(Executors.java:511)
	at java.util.concurrent.FutureTask.run(FutureTask.java:266)
	at java.util.concurrent.ThreadPoolExecutor.runWorker(ThreadPoolExecutor.java:1149)
	at java.util.concurrent.ThreadPoolExecutor$Worker.run(ThreadPoolExecutor.java:624)
	at java.lang.Thread.run(Thread.java:748)
2018-04-07 20:28:32,911 INFO  SysUtils - Configuration on demand is an incubating feature.
:buildSrc:easygcm-tasks:compileJava UP-TO-DATE
:buildSrc:easygcm-tasks:compileGroovy UP-TO-DATE
:buildSrc:easygcm-tasks:processResources UP-TO-DATE
:buildSrc:easygcm-tasks:classes UP-TO-DATE
:buildSrc:easygcm-tasks:jar UP-TO-DATE
:buildSrc:compileJava UP-TO-DATE
:buildSrc:compileGroovy UP-TO-DATE
:buildSrc:processResources UP-TO-DATE
:buildSrc:classes UP-TO-DATE
:buildSrc:jar UP-TO-DATE
:buildSrc:assemble UP-TO-DATE
:buildSrc:compileTestJava UP-TO-DATE
:buildSrc:compileTestGroovy UP-TO-DATE
:buildSrc:processTestResources UP-TO-DATE
:buildSrc:testClasses UP-TO-DATE
:buildSrc:test UP-TO-DATE
:buildSrc:check UP-TO-DATE
:buildSrc:build UP-TO-DATE
:buildSrc:easygcm-tasks:assemble UP-TO-DATE
:buildSrc:easygcm-tasks:compileTestJava UP-TO-DATE
:buildSrc:easygcm-tasks:compileTestGroovy UP-TO-DATE
:buildSrc:easygcm-tasks:processTestResources UP-TO-DATE
:buildSrc:easygcm-tasks:testClasses UP-TO-DATE
:buildSrc:easygcm-tasks:test UP-TO-DATE
:buildSrc:easygcm-tasks:check UP-TO-DATE
:buildSrc:easygcm-tasks:build UP-TO-DATE

FAILURE: Build failed with an exception.

* Where:
Build file '/tmp/rdisk/1205/src/easygcm-sample/build.gradle' line: 1

* What went wrong:
A problem occurred evaluating project ':easygcm-sample'.
> Failed to apply plugin [id 'com.android.application']
   > Gradle version 2.10 is required. Current version is 2.3. If using the gradle wrapper, try editing the distributionUrl in /root/Documents/workspace/java/bloodhound/gradle/wrapper/gradle-wrapper.properties to gradle-2.10-all.zip

* Try:
Run with --info or --debug option to get more log output.

* Exception is:
org.gradle.api.GradleScriptException: A problem occurred evaluating project ':easygcm-sample'.
	at org.gradle.groovy.scripts.internal.DefaultScriptRunnerFactory$ScriptRunnerImpl.run(DefaultScriptRunnerFactory.java:54)
	at org.gradle.configuration.DefaultScriptPluginFactory$ScriptPluginImpl.apply(DefaultScriptPluginFactory.java:154)
	at org.gradle.configuration.project.BuildScriptProcessor.execute(BuildScriptProcessor.java:39)
	at org.gradle.configuration.project.BuildScriptProcessor.execute(BuildScriptProcessor.java:26)
	at org.gradle.configuration.project.ConfigureActionsProjectEvaluator.evaluate(ConfigureActionsProjectEvaluator.java:34)
	at org.gradle.configuration.project.LifecycleProjectEvaluator.evaluate(LifecycleProjectEvaluator.java:59)
	at org.gradle.api.internal.project.AbstractProject.evaluate(AbstractProject.java:492)
	at org.gradle.api.internal.project.AbstractProject.evaluate(AbstractProject.java:86)
	at org.gradle.execution.TaskPathProjectEvaluator.configure(TaskPathProjectEvaluator.java:35)
	at org.gradle.execution.TaskSelector.getFilter(TaskSelector.java:56)
	at org.gradle.execution.ExcludedTaskFilteringBuildConfigurationAction.configure(ExcludedTaskFilteringBuildConfigurationAction.java:42)
	at org.gradle.execution.DefaultBuildExecuter.configure(DefaultBuildExecuter.java:42)
	at org.gradle.execution.DefaultBuildExecuter.access$100(DefaultBuildExecuter.java:23)
	at org.gradle.execution.DefaultBuildExecuter$1.proceed(DefaultBuildExecuter.java:48)
	at org.gradle.execution.DefaultTasksBuildExecutionAction.configure(DefaultTasksBuildExecutionAction.java:44)
	at org.gradle.execution.DefaultBuildExecuter.configure(DefaultBuildExecuter.java:42)
	at org.gradle.execution.DefaultBuildExecuter.select(DefaultBuildExecuter.java:35)
	at org.gradle.initialization.DefaultGradleLauncher.doBuildStages(DefaultGradleLauncher.java:142)
	at org.gradle.initialization.DefaultGradleLauncher.doBuild(DefaultGradleLauncher.java:106)
	at org.gradle.initialization.DefaultGradleLauncher.run(DefaultGradleLauncher.java:86)
	at org.gradle.launcher.exec.InProcessBuildActionExecuter$DefaultBuildController.run(InProcessBuildActionExecuter.java:80)
	at org.gradle.launcher.cli.ExecuteBuildAction.run(ExecuteBuildAction.java:33)
	at org.gradle.launcher.cli.ExecuteBuildAction.run(ExecuteBuildAction.java:24)
	at org.gradle.launcher.exec.InProcessBuildActionExecuter.execute(InProcessBuildActionExecuter.java:36)
	at org.gradle.launcher.exec.InProcessBuildActionExecuter.execute(InProcessBuildActionExecuter.java:26)
	at org.gradle.launcher.cli.RunBuildAction.run(RunBuildAction.java:51)
	at org.gradle.internal.Actions$RunnableActionAdapter.execute(Actions.java:169)
	at org.gradle.launcher.cli.CommandLineActionFactory$ParseAndBuildAction.execute(CommandLineActionFactory.java:237)
	at org.gradle.launcher.cli.CommandLineActionFactory$ParseAndBuildAction.execute(CommandLineActionFactory.java:210)
	at org.gradle.launcher.cli.JavaRuntimeValidationAction.execute(JavaRuntimeValidationAction.java:35)
	at org.gradle.launcher.cli.JavaRuntimeValidationAction.execute(JavaRuntimeValidationAction.java:24)
	at org.gradle.launcher.cli.CommandLineActionFactory$WithLogging.execute(CommandLineActionFactory.java:206)
	at org.gradle.launcher.cli.CommandLineActionFactory$WithLogging.execute(CommandLineActionFactory.java:169)
	at org.gradle.launcher.cli.ExceptionReportingAction.execute(ExceptionReportingAction.java:33)
	at org.gradle.launcher.cli.ExceptionReportingAction.execute(ExceptionReportingAction.java:22)
	at org.gradle.launcher.Main.doAction(Main.java:33)
	at org.gradle.launcher.bootstrap.EntryPoint.run(EntryPoint.java:45)
	at org.gradle.launcher.bootstrap.ProcessBootstrap.runNoExit(ProcessBootstrap.java:54)
	at org.gradle.launcher.bootstrap.ProcessBootstrap.run(ProcessBootstrap.java:35)
	at org.gradle.launcher.GradleMain.main(GradleMain.java:23)
	at org.gradle.wrapper.BootstrapMainStarter.start(BootstrapMainStarter.java:30)
	at org.gradle.wrapper.WrapperExecutor.execute(WrapperExecutor.java:127)
	at org.gradle.wrapper.GradleWrapperMain.main(GradleWrapperMain.java:56)
Caused by: org.gradle.api.internal.plugins.PluginApplicationException: Failed to apply plugin [id 'com.android.application']
	at org.gradle.api.internal.plugins.DefaultPluginManager.doApply(DefaultPluginManager.java:147)
	at org.gradle.api.internal.plugins.DefaultPluginManager.apply(DefaultPluginManager.java:102)
	at org.gradle.api.internal.plugins.DefaultObjectConfigurationAction.applyType(DefaultObjectConfigurationAction.java:113)
	at org.gradle.api.internal.plugins.DefaultObjectConfigurationAction.access$200(DefaultObjectConfigurationAction.java:36)
	at org.gradle.api.internal.plugins.DefaultObjectConfigurationAction$3.run(DefaultObjectConfigurationAction.java:80)
	at org.gradle.api.internal.plugins.DefaultObjectConfigurationAction.execute(DefaultObjectConfigurationAction.java:136)
	at org.gradle.api.internal.project.AbstractPluginAware.apply(AbstractPluginAware.java:46)
	at org.gradle.api.plugins.PluginAware$apply.call(Unknown Source)
	at org.gradle.api.internal.project.ProjectScript.apply(ProjectScript.groovy:34)
	at org.gradle.api.Script$apply.callCurrent(Unknown Source)
	at build_4hkllcuky2w486jgqt9wn1ltc.run(/tmp/rdisk/1205/src/easygcm-sample/build.gradle:1)
	at org.gradle.groovy.scripts.internal.DefaultScriptRunnerFactory$ScriptRunnerImpl.run(DefaultScriptRunnerFactory.java:52)
	... 42 more
Caused by: org.gradle.api.GradleException: Gradle version 2.10 is required. Current version is 2.3. If using the gradle wrapper, try editing the distributionUrl in /root/Documents/workspace/java/bloodhound/gradle/wrapper/gradle-wrapper.properties to gradle-2.10-all.zip
	at com.android.build.gradle.internal.ExtraModelInfo.handleSyncIssue(ExtraModelInfo.java:119)
	at com.android.builder.core.ErrorReporter.handleSyncError(ErrorReporter.java:76)
	at com.android.build.gradle.BasePlugin.checkGradleVersion(BasePlugin.java:597)
	at com.android.build.gradle.BasePlugin.configureProject(BasePlugin.java:346)
	at com.android.build.gradle.BasePlugin$1.call(BasePlugin.java:320)
	at com.android.build.gradle.BasePlugin$1.call(BasePlugin.java:317)
	at com.android.builder.profile.ThreadRecorder$1.record(ThreadRecorder.java:55)
	at com.android.builder.profile.ThreadRecorder$1.record(ThreadRecorder.java:47)
	at com.android.build.gradle.BasePlugin.apply(BasePlugin.java:316)
	at com.android.build.gradle.AppPlugin.super$2$apply(AppPlugin.groovy)
	at com.android.build.gradle.AppPlugin.apply(AppPlugin.groovy:73)
	at com.android.build.gradle.AppPlugin.apply(AppPlugin.groovy)
	at org.gradle.api.internal.plugins.ImperativeOnlyPluginApplicator.applyImperative(ImperativeOnlyPluginApplicator.java:35)
	at org.gradle.api.internal.plugins.RulesCapablePluginApplicator.applyImperative(RulesCapablePluginApplicator.java:42)
	at org.gradle.api.internal.plugins.DefaultPluginManager.doApply(DefaultPluginManager.java:133)
	... 53 more


BUILD FAILED

Total time: 4.344 secs

2018-04-07 20:28:32,914 INFO  ProjectTaskService - Detecting possible tasks...
2018-04-07 20:28:32,914 INFO  SysUtils - Execute command: [/tmp/rdisk/1205/src/gradlew, -b, /tmp/rdisk/1205/src/easygcm-lib/build.gradle, -Dorg.gradle.daemon=false, -Dorg.gradle.daemon.performance.enable-monitoring=false, -Dorg.gradle.configureondemand=true, tasks]
2018-04-07 20:29:02,340 ERROR ProjectTaskService - Could not detect possible Gradle tasks: Process exited with an error: 1 (Exit value: 1)
2018-04-07 20:29:02,340 INFO  ProjectTaskService - Detected possible tasks: 4
2018-04-07 20:29:02,340 INFO  ProjectTaskService - Excluded tasks (3): androidJavadocsJar androidJavadocs androidSourcesJar
2018-04-07 20:29:02,340 INFO  SysUtils - Execute command: [/tmp/rdisk/1205/src/gradlew, -b, /tmp/rdisk/1205/src/easygcm-lib/build.gradle, -Dorg.gradle.daemon=false, -Dorg.gradle.daemon.performance.enable-monitoring=false, -Dorg.gradle.configureondemand=true, --stacktrace, -x, androidJavadocsJar, -x, androidJavadocs, -x, androidSourcesJar, build]
2018-04-07 20:29:09,959 ERROR SysUtils - Could not process external command
org.apache.commons.exec.ExecuteException: Process exited with an error: 1 (Exit value: 1)
	at org.apache.commons.exec.DefaultExecutor.executeInternal(DefaultExecutor.java:404)
	at org.apache.commons.exec.DefaultExecutor.execute(DefaultExecutor.java:166)
	at com.github.vbauer.apkmaster.util.SysUtils.execute(SysUtils.java:67)
	at com.github.vbauer.apkmaster.util.SysUtils.executeSimple(SysUtils.java:43)
	at com.github.vbauer.apkmaster.service.assembly.ProjectBuildService.buildProject(ProjectBuildService.java:78)
	at com.github.vbauer.apkmaster.service.assembly.ProjectBuildService.buildProject(ProjectBuildService.java:64)
	at com.github.vbauer.apkmaster.service.assembly.ProjectBuildService.buildProject(ProjectBuildService.java:43)
	at com.github.vbauer.apkmaster.service.FullProcessService.build(FullProcessService.java:84)
	at com.github.vbauer.apkmaster.service.FullProcessService.process(FullProcessService.java:34)
	at com.github.vbauer.apkmaster.app.MainApplication.process(MainApplication.java:38)
	at com.github.vbauer.apkmaster.app.MainApplication.main(MainApplication.java:20)
	at sun.reflect.GeneratedMethodAccessor8.invoke(Unknown Source)
	at sun.reflect.DelegatingMethodAccessorImpl.invoke(DelegatingMethodAccessorImpl.java:43)
	at java.lang.reflect.Method.invoke(Method.java:498)
	at com.android.arsenal.util.ReflectionUtils.invoke(ReflectionUtils.java:42)
	at com.android.arsenal.util.ApkMasterUtils.main(ApkMasterUtils.java:30)
	at com.android.arsenal.service.processor.impl.BuildProcessorServiceImpl.buildProject(BuildProcessorServiceImpl.java:197)
	at com.android.arsenal.service.processor.impl.BuildProcessorServiceImpl.build(BuildProcessorServiceImpl.java:131)
	at com.android.arsenal.service.processor.impl.BuildProcessorServiceImpl.lambda$null$1(BuildProcessorServiceImpl.java:114)
	at java.util.concurrent.FutureTask.run(FutureTask.java:266)
	at java.util.concurrent.Executors$RunnableAdapter.call(Executors.java:511)
	at java.util.concurrent.FutureTask.run(FutureTask.java:266)
	at java.util.concurrent.ThreadPoolExecutor.runWorker(ThreadPoolExecutor.java:1149)
	at java.util.concurrent.ThreadPoolExecutor$Worker.run(ThreadPoolExecutor.java:624)
	at java.lang.Thread.run(Thread.java:748)
2018-04-07 20:29:09,960 INFO  SysUtils - Configuration on demand is an incubating feature.
:buildSrc:easygcm-tasks:compileJava UP-TO-DATE
:buildSrc:easygcm-tasks:compileGroovy UP-TO-DATE
:buildSrc:easygcm-tasks:processResources UP-TO-DATE
:buildSrc:easygcm-tasks:classes UP-TO-DATE
:buildSrc:easygcm-tasks:jar UP-TO-DATE
:buildSrc:compileJava UP-TO-DATE
:buildSrc:compileGroovy UP-TO-DATE
:buildSrc:processResources UP-TO-DATE
:buildSrc:classes UP-TO-DATE
:buildSrc:jar UP-TO-DATE
:buildSrc:assemble UP-TO-DATE
:buildSrc:compileTestJava UP-TO-DATE
:buildSrc:compileTestGroovy UP-TO-DATE
:buildSrc:processTestResources UP-TO-DATE
:buildSrc:testClasses UP-TO-DATE
:buildSrc:test UP-TO-DATE
:buildSrc:check UP-TO-DATE
:buildSrc:build UP-TO-DATE
:buildSrc:easygcm-tasks:assemble UP-TO-DATE
:buildSrc:easygcm-tasks:compileTestJava UP-TO-DATE
:buildSrc:easygcm-tasks:compileTestGroovy UP-TO-DATE
:buildSrc:easygcm-tasks:processTestResources UP-TO-DATE
:buildSrc:easygcm-tasks:testClasses UP-TO-DATE
:buildSrc:easygcm-tasks:test UP-TO-DATE
:buildSrc:easygcm-tasks:check UP-TO-DATE
:buildSrc:easygcm-tasks:build UP-TO-DATE
Incremental java compilation is an incubating feature.

FAILURE: Build failed with an exception.

* What went wrong:
Task 'androidJavadocsJar' not found in project ':easygcm-lib'.

* Try:
Run gradlew tasks to get a list of available tasks. Run with --info or --debug option to get more log output.

* Exception is:
org.gradle.execution.TaskSelectionException: Task 'androidJavadocsJar' not found in project ':easygcm-lib'.
	at org.gradle.execution.TaskSelector.getSelection(TaskSelector.java:100)
	at org.gradle.execution.TaskSelector.getFilter(TaskSelector.java:63)
	at org.gradle.execution.ExcludedTaskFilteringBuildConfigurationAction.configure(ExcludedTaskFilteringBuildConfigurationAction.java:42)
	at org.gradle.execution.DefaultBuildConfigurationActionExecuter.configure(DefaultBuildConfigurationActionExecuter.java:48)
	at org.gradle.execution.DefaultBuildConfigurationActionExecuter.select(DefaultBuildConfigurationActionExecuter.java:36)
	at org.gradle.initialization.DefaultGradleLauncher$3.run(DefaultGradleLauncher.java:143)
	at org.gradle.internal.Factories$1.create(Factories.java:22)
	at org.gradle.internal.progress.DefaultBuildOperationExecutor.run(DefaultBuildOperationExecutor.java:90)
	at org.gradle.internal.progress.DefaultBuildOperationExecutor.run(DefaultBuildOperationExecutor.java:52)
	at org.gradle.initialization.DefaultGradleLauncher.doBuildStages(DefaultGradleLauncher.java:140)
	at org.gradle.initialization.DefaultGradleLauncher.access$200(DefaultGradleLauncher.java:32)
	at org.gradle.initialization.DefaultGradleLauncher$1.create(DefaultGradleLauncher.java:99)
	at org.gradle.initialization.DefaultGradleLauncher$1.create(DefaultGradleLauncher.java:93)
	at org.gradle.internal.progress.DefaultBuildOperationExecutor.run(DefaultBuildOperationExecutor.java:90)
	at org.gradle.internal.progress.DefaultBuildOperationExecutor.run(DefaultBuildOperationExecutor.java:62)
	at org.gradle.initialization.DefaultGradleLauncher.doBuild(DefaultGradleLauncher.java:93)
	at org.gradle.initialization.DefaultGradleLauncher.run(DefaultGradleLauncher.java:82)
	at org.gradle.launcher.exec.InProcessBuildActionExecuter$DefaultBuildController.run(InProcessBuildActionExecuter.java:94)
	at org.gradle.tooling.internal.provider.ExecuteBuildActionRunner.run(ExecuteBuildActionRunner.java:28)
	at org.gradle.launcher.exec.ChainingBuildActionRunner.run(ChainingBuildActionRunner.java:35)
	at org.gradle.launcher.exec.InProcessBuildActionExecuter.execute(InProcessBuildActionExecuter.java:43)
	at org.gradle.launcher.exec.InProcessBuildActionExecuter.execute(InProcessBuildActionExecuter.java:28)
	at org.gradle.launcher.exec.ContinuousBuildActionExecuter.execute(ContinuousBuildActionExecuter.java:81)
	at org.gradle.launcher.exec.ContinuousBuildActionExecuter.execute(ContinuousBuildActionExecuter.java:46)
	at org.gradle.launcher.exec.DaemonUsageSuggestingBuildActionExecuter.execute(DaemonUsageSuggestingBuildActionExecuter.java:51)
	at org.gradle.launcher.exec.DaemonUsageSuggestingBuildActionExecuter.execute(DaemonUsageSuggestingBuildActionExecuter.java:28)
	at org.gradle.launcher.cli.RunBuildAction.run(RunBuildAction.java:43)
	at org.gradle.internal.Actions$RunnableActionAdapter.execute(Actions.java:173)
	at org.gradle.launcher.cli.CommandLineActionFactory$ParseAndBuildAction.execute(CommandLineActionFactory.java:241)
	at org.gradle.launcher.cli.CommandLineActionFactory$ParseAndBuildAction.execute(CommandLineActionFactory.java:214)
	at org.gradle.launcher.cli.JavaRuntimeValidationAction.execute(JavaRuntimeValidationAction.java:35)
	at org.gradle.launcher.cli.JavaRuntimeValidationAction.execute(JavaRuntimeValidationAction.java:24)
	at org.gradle.launcher.cli.CommandLineActionFactory$WithLogging.execute(CommandLineActionFactory.java:207)
	at org.gradle.launcher.cli.CommandLineActionFactory$WithLogging.execute(CommandLineActionFactory.java:169)
	at org.gradle.launcher.cli.ExceptionReportingAction.execute(ExceptionReportingAction.java:33)
	at org.gradle.launcher.cli.ExceptionReportingAction.execute(ExceptionReportingAction.java:22)
	at org.gradle.launcher.Main.doAction(Main.java:33)
	at org.gradle.launcher.bootstrap.EntryPoint.run(EntryPoint.java:45)
	at org.gradle.launcher.bootstrap.ProcessBootstrap.runNoExit(ProcessBootstrap.java:55)
	at org.gradle.launcher.bootstrap.ProcessBootstrap.run(ProcessBootstrap.java:36)
	at org.gradle.launcher.GradleMain.main(GradleMain.java:23)
	at org.gradle.wrapper.BootstrapMainStarter.start(BootstrapMainStarter.java:30)
	at org.gradle.wrapper.WrapperExecutor.execute(WrapperExecutor.java:127)
	at org.gradle.wrapper.GradleWrapperMain.main(GradleWrapperMain.java:55)


BUILD FAILED

Total time: 7.17 secs

2018-04-07 20:29:09,960 ERROR ProjectBuildService - Excluded tasks were detected wrong
2018-04-07 20:29:09,960 INFO  SysUtils - Execute command: [/tmp/rdisk/1205/src/gradlew, -b, /tmp/rdisk/1205/src/easygcm-lib/build.gradle, -Dorg.gradle.daemon=false, -Dorg.gradle.daemon.performance.enable-monitoring=false, -Dorg.gradle.configureondemand=true, --stacktrace, build]
2018-04-07 20:29:34,550 INFO  SysUtils - Configuration on demand is an incubating feature.
:buildSrc:easygcm-tasks:compileJava UP-TO-DATE
:buildSrc:easygcm-tasks:compileGroovy UP-TO-DATE
:buildSrc:easygcm-tasks:processResources UP-TO-DATE
:buildSrc:easygcm-tasks:classes UP-TO-DATE
:buildSrc:easygcm-tasks:jar UP-TO-DATE
:buildSrc:compileJava UP-TO-DATE
:buildSrc:compileGroovy UP-TO-DATE
:buildSrc:processResources UP-TO-DATE
:buildSrc:classes UP-TO-DATE
:buildSrc:jar UP-TO-DATE
:buildSrc:assemble UP-TO-DATE
:buildSrc:compileTestJava UP-TO-DATE
:buildSrc:compileTestGroovy UP-TO-DATE
:buildSrc:processTestResources UP-TO-DATE
:buildSrc:testClasses UP-TO-DATE
:buildSrc:test UP-TO-DATE
:buildSrc:check UP-TO-DATE
:buildSrc:build UP-TO-DATE
:buildSrc:easygcm-tasks:assemble UP-TO-DATE
:buildSrc:easygcm-tasks:compileTestJava UP-TO-DATE
:buildSrc:easygcm-tasks:compileTestGroovy UP-TO-DATE
:buildSrc:easygcm-tasks:processTestResources UP-TO-DATE
:buildSrc:easygcm-tasks:testClasses UP-TO-DATE
:buildSrc:easygcm-tasks:test UP-TO-DATE
:buildSrc:easygcm-tasks:check UP-TO-DATE
:buildSrc:easygcm-tasks:build UP-TO-DATE
Incremental java compilation is an incubating feature.
:easygcm-lib:preBuild UP-TO-DATE
:easygcm-lib:preDebugBuild UP-TO-DATE
:easygcm-lib:compileDebugNdk UP-TO-DATE
:easygcm-lib:compileLint
:easygcm-lib:copyDebugLint UP-TO-DATE
:easygcm-lib:checkDebugManifest
:easygcm-lib:preDebugAndroidTestBuild UP-TO-DATE
:easygcm-lib:preDebugUnitTestBuild UP-TO-DATE
:easygcm-lib:preReleaseBuild UP-TO-DATE
:easygcm-lib:preReleaseUnitTestBuild UP-TO-DATE
:easygcm-lib:prepareComAndroidSupportSupportV42300Library
:easygcm-lib:prepareComGoogleAndroidGmsPlayServicesBase900Library
:easygcm-lib:prepareComGoogleAndroidGmsPlayServicesBasement900Library
:easygcm-lib:prepareComGoogleAndroidGmsPlayServicesGcm900Library
:easygcm-lib:prepareComGoogleAndroidGmsPlayServicesIid900Library
:easygcm-lib:prepareComGoogleAndroidGmsPlayServicesTasks900Library
:easygcm-lib:prepareComGoogleFirebaseFirebaseCommon900Library
:easygcm-lib:prepareDebugDependencies
:easygcm-lib:compileDebugAidl
:easygcm-lib:compileDebugRenderscript
:easygcm-lib:generateDebugBuildConfig
:easygcm-lib:mergeDebugShaders
:easygcm-lib:compileDebugShaders
:easygcm-lib:generateDebugAssets
:easygcm-lib:mergeDebugAssets
:easygcm-lib:generateDebugResValues
:easygcm-lib:generateDebugResources
:easygcm-lib:mergeDebugResources
:easygcm-lib:processDebugManifest
:easygcm-lib:processDebugResources
:easygcm-lib:generateDebugSources
:easygcm-lib:incrementalDebugJavaCompilationSafeguard
:easygcm-lib:compileDebugJavaWithJavac
:easygcm-lib:compileDebugJavaWithJavac - is not incremental (e.g. outputs have changed, no previous execution, etc.).
:easygcm-lib:extractDebugAnnotations
:easygcm-lib:mergeDebugProguardFiles
:easygcm-lib:packageDebugRenderscript UP-TO-DATE
:easygcm-lib:packageDebugResources
:easygcm-lib:processDebugJavaRes UP-TO-DATE
:easygcm-lib:transformResourcesWithMergeJavaResForDebug
:easygcm-lib:transformClassesAndResourcesWithSyncLibJarsForDebug
:easygcm-lib:mergeDebugJniLibFolders
:easygcm-lib:transformNative_libsWithMergeJniLibsForDebug
:easygcm-lib:transformNative_libsWithSyncJniLibsForDebug
:easygcm-lib:bundleDebug
:easygcm-lib:compileDebugSources
:easygcm-lib:assembleDebug
:easygcm-lib:compileReleaseNdk UP-TO-DATE
:easygcm-lib:copyReleaseLint UP-TO-DATE
:easygcm-lib:checkReleaseManifest
:easygcm-lib:prepareReleaseDependencies
:easygcm-lib:compileReleaseAidl
:easygcm-lib:compileReleaseRenderscript
:easygcm-lib:generateReleaseBuildConfig
:easygcm-lib:mergeReleaseShaders
:easygcm-lib:compileReleaseShaders
:easygcm-lib:generateReleaseAssets
:easygcm-lib:mergeReleaseAssets
:easygcm-lib:generateReleaseResValues
:easygcm-lib:generateReleaseResources
:easygcm-lib:mergeReleaseResources
:easygcm-lib:processReleaseManifest
:easygcm-lib:processReleaseResources
:easygcm-lib:generateReleaseSources
:easygcm-lib:incrementalReleaseJavaCompilationSafeguard
:easygcm-lib:compileReleaseJavaWithJavac
:easygcm-lib:compileReleaseJavaWithJavac - is not incremental (e.g. outputs have changed, no previous execution, etc.).
:easygcm-lib:extractReleaseAnnotations
:easygcm-lib:mergeReleaseProguardFiles
:easygcm-lib:packageReleaseRenderscript UP-TO-DATE
:easygcm-lib:packageReleaseResources
:easygcm-lib:processReleaseJavaRes UP-TO-DATE
:easygcm-lib:transformResourcesWithMergeJavaResForRelease
:easygcm-lib:transformClassesAndResourcesWithSyncLibJarsForRelease
:easygcm-lib:mergeReleaseJniLibFolders
:easygcm-lib:transformNative_libsWithMergeJniLibsForRelease
:easygcm-lib:transformNative_libsWithSyncJniLibsForRelease
:easygcm-lib:bundleRelease
:easygcm-lib:compileReleaseSources
:easygcm-lib:assembleRelease
:easygcm-lib:assemble
:easygcm-lib:lint
Ran lint on variant debug: 4 issues found
Ran lint on variant release: 4 issues found
Wrote HTML report to file:///tmp/rdisk/1205/src/easygcm-lib/build/outputs/lint-results-debug.html
Wrote XML report to file:///tmp/rdisk/1205/src/easygcm-lib/build/outputs/lint-results-debug.xml
:easygcm-lib:incrementalDebugUnitTestJavaCompilationSafeguard UP-TO-DATE
:easygcm-lib:prepareDebugUnitTestDependencies
:easygcm-lib:compileDebugUnitTestJavaWithJavac UP-TO-DATE
:easygcm-lib:processDebugUnitTestJavaRes UP-TO-DATE
:easygcm-lib:compileDebugUnitTestSources UP-TO-DATE
:easygcm-lib:mockableAndroidJar
:easygcm-lib:assembleDebugUnitTest
:easygcm-lib:testDebugUnitTest
:easygcm-lib:incrementalReleaseUnitTestJavaCompilationSafeguard UP-TO-DATE
:easygcm-lib:prepareReleaseUnitTestDependencies
:easygcm-lib:compileReleaseUnitTestJavaWithJavac UP-TO-DATE
:easygcm-lib:processReleaseUnitTestJavaRes UP-TO-DATE
:easygcm-lib:compileReleaseUnitTestSources UP-TO-DATE
:easygcm-lib:assembleReleaseUnitTest
:easygcm-lib:testReleaseUnitTest
:easygcm-lib:test
:easygcm-lib:check
:easygcm-lib:build

BUILD SUCCESSFUL

Total time: 24.141 secs

2018-04-07 20:29:34,616 INFO  ProjectTaskService - Detecting possible tasks...
2018-04-07 20:29:34,616 INFO  SysUtils - Execute command: [/tmp/rdisk/1205/src/gradlew, -b, /tmp/rdisk/1205/src/build.gradle, -Dorg.gradle.daemon=false, -Dorg.gradle.daemon.performance.enable-monitoring=false, -Dorg.gradle.configureondemand=true, tasks]
2018-04-07 20:29:42,772 INFO  ProjectTaskService - Detected possible tasks: 115
2018-04-07 20:29:42,772 INFO  ProjectTaskService - Excluded tasks (23): lintDebug mockableAndroidJar androidJavadocs deviceCheck lint androidSourcesJar testReleaseUnitTest javadoc uninstallRelease deviceAndroidTest uninstallDebugAndroidTest installDebugAndroidTest connectedCheck connectedDebugAndroidTest uninstallAll androidJavadocsJar test check testDebugUnitTest connectedAndroidTest installDebug lintRelease uninstallDebug
2018-04-07 20:29:42,772 INFO  SysUtils - Execute command: [/tmp/rdisk/1205/src/gradlew, -b, /tmp/rdisk/1205/src/build.gradle, -Dorg.gradle.daemon=false, -Dorg.gradle.daemon.performance.enable-monitoring=false, -Dorg.gradle.configureondemand=true, --stacktrace, -x, lintDebug, -x, mockableAndroidJar, -x, androidJavadocs, -x, deviceCheck, -x, lint, -x, androidSourcesJar, -x, testReleaseUnitTest, -x, javadoc, -x, uninstallRelease, -x, deviceAndroidTest, -x, uninstallDebugAndroidTest, -x, installDebugAndroidTest, -x, connectedCheck, -x, connectedDebugAndroidTest, -x, uninstallAll, -x, androidJavadocsJar, -x, test, -x, check, -x, testDebugUnitTest, -x, connectedAndroidTest, -x, installDebug, -x, lintRelease, -x, uninstallDebug, build]
2018-04-07 20:29:50,665 ERROR SysUtils - Could not process external command
org.apache.commons.exec.ExecuteException: Process exited with an error: 1 (Exit value: 1)
	at org.apache.commons.exec.DefaultExecutor.executeInternal(DefaultExecutor.java:404)
	at org.apache.commons.exec.DefaultExecutor.execute(DefaultExecutor.java:166)
	at com.github.vbauer.apkmaster.util.SysUtils.execute(SysUtils.java:67)
	at com.github.vbauer.apkmaster.util.SysUtils.executeSimple(SysUtils.java:43)
	at com.github.vbauer.apkmaster.service.assembly.ProjectBuildService.buildProject(ProjectBuildService.java:78)
	at com.github.vbauer.apkmaster.service.assembly.ProjectBuildService.buildProject(ProjectBuildService.java:64)
	at com.github.vbauer.apkmaster.service.assembly.ProjectBuildService.buildProject(ProjectBuildService.java:43)
	at com.github.vbauer.apkmaster.service.FullProcessService.build(FullProcessService.java:84)
	at com.github.vbauer.apkmaster.service.FullProcessService.process(FullProcessService.java:34)
	at com.github.vbauer.apkmaster.app.MainApplication.process(MainApplication.java:38)
	at com.github.vbauer.apkmaster.app.MainApplication.main(MainApplication.java:20)
	at sun.reflect.GeneratedMethodAccessor8.invoke(Unknown Source)
	at sun.reflect.DelegatingMethodAccessorImpl.invoke(DelegatingMethodAccessorImpl.java:43)
	at java.lang.reflect.Method.invoke(Method.java:498)
	at com.android.arsenal.util.ReflectionUtils.invoke(ReflectionUtils.java:42)
	at com.android.arsenal.util.ApkMasterUtils.main(ApkMasterUtils.java:30)
	at com.android.arsenal.service.processor.impl.BuildProcessorServiceImpl.buildProject(BuildProcessorServiceImpl.java:197)
	at com.android.arsenal.service.processor.impl.BuildProcessorServiceImpl.build(BuildProcessorServiceImpl.java:131)
	at com.android.arsenal.service.processor.impl.BuildProcessorServiceImpl.lambda$null$1(BuildProcessorServiceImpl.java:114)
	at java.util.concurrent.FutureTask.run(FutureTask.java:266)
	at java.util.concurrent.Executors$RunnableAdapter.call(Executors.java:511)
	at java.util.concurrent.FutureTask.run(FutureTask.java:266)
	at java.util.concurrent.ThreadPoolExecutor.runWorker(ThreadPoolExecutor.java:1149)
	at java.util.concurrent.ThreadPoolExecutor$Worker.run(ThreadPoolExecutor.java:624)
	at java.lang.Thread.run(Thread.java:748)
2018-04-07 20:29:50,665 INFO  SysUtils - Configuration on demand is an incubating feature.
:buildSrc:easygcm-tasks:compileJava UP-TO-DATE
:buildSrc:easygcm-tasks:compileGroovy UP-TO-DATE
:buildSrc:easygcm-tasks:processResources UP-TO-DATE
:buildSrc:easygcm-tasks:classes UP-TO-DATE
:buildSrc:easygcm-tasks:jar UP-TO-DATE
:buildSrc:compileJava UP-TO-DATE
:buildSrc:compileGroovy UP-TO-DATE
:buildSrc:processResources UP-TO-DATE
:buildSrc:classes UP-TO-DATE
:buildSrc:jar UP-TO-DATE
:buildSrc:assemble UP-TO-DATE
:buildSrc:compileTestJava UP-TO-DATE
:buildSrc:compileTestGroovy UP-TO-DATE
:buildSrc:processTestResources UP-TO-DATE
:buildSrc:testClasses UP-TO-DATE
:buildSrc:test UP-TO-DATE
:buildSrc:check UP-TO-DATE
:buildSrc:build UP-TO-DATE
:buildSrc:easygcm-tasks:assemble UP-TO-DATE
:buildSrc:easygcm-tasks:compileTestJava UP-TO-DATE
:buildSrc:easygcm-tasks:compileTestGroovy UP-TO-DATE
:buildSrc:easygcm-tasks:processTestResources UP-TO-DATE
:buildSrc:easygcm-tasks:testClasses UP-TO-DATE
:buildSrc:easygcm-tasks:test UP-TO-DATE
:buildSrc:easygcm-tasks:check UP-TO-DATE
:buildSrc:easygcm-tasks:build UP-TO-DATE
Incremental java compilation is an incubating feature.

FAILURE: Build failed with an exception.

* What went wrong:
Task 'androidJavadocs' not found in root project 'src'.

* Try:
Run gradlew tasks to get a list of available tasks. Run with --info or --debug option to get more log output.

* Exception is:
org.gradle.execution.TaskSelectionException: Task 'androidJavadocs' not found in root project 'src'.
	at org.gradle.execution.TaskSelector.getSelection(TaskSelector.java:100)
	at org.gradle.execution.TaskSelector.getFilter(TaskSelector.java:63)
	at org.gradle.execution.ExcludedTaskFilteringBuildConfigurationAction.configure(ExcludedTaskFilteringBuildConfigurationAction.java:42)
	at org.gradle.execution.DefaultBuildConfigurationActionExecuter.configure(DefaultBuildConfigurationActionExecuter.java:48)
	at org.gradle.execution.DefaultBuildConfigurationActionExecuter.select(DefaultBuildConfigurationActionExecuter.java:36)
	at org.gradle.initialization.DefaultGradleLauncher$3.run(DefaultGradleLauncher.java:143)
	at org.gradle.internal.Factories$1.create(Factories.java:22)
	at org.gradle.internal.progress.DefaultBuildOperationExecutor.run(DefaultBuildOperationExecutor.java:90)
	at org.gradle.internal.progress.DefaultBuildOperationExecutor.run(DefaultBuildOperationExecutor.java:52)
	at org.gradle.initialization.DefaultGradleLauncher.doBuildStages(DefaultGradleLauncher.java:140)
	at org.gradle.initialization.DefaultGradleLauncher.access$200(DefaultGradleLauncher.java:32)
	at org.gradle.initialization.DefaultGradleLauncher$1.create(DefaultGradleLauncher.java:99)
	at org.gradle.initialization.DefaultGradleLauncher$1.create(DefaultGradleLauncher.java:93)
	at org.gradle.internal.progress.DefaultBuildOperationExecutor.run(DefaultBuildOperationExecutor.java:90)
	at org.gradle.internal.progress.DefaultBuildOperationExecutor.run(DefaultBuildOperationExecutor.java:62)
	at org.gradle.initialization.DefaultGradleLauncher.doBuild(DefaultGradleLauncher.java:93)
	at org.gradle.initialization.DefaultGradleLauncher.run(DefaultGradleLauncher.java:82)
	at org.gradle.launcher.exec.InProcessBuildActionExecuter$DefaultBuildController.run(InProcessBuildActionExecuter.java:94)
	at org.gradle.tooling.internal.provider.ExecuteBuildActionRunner.run(ExecuteBuildActionRunner.java:28)
	at org.gradle.launcher.exec.ChainingBuildActionRunner.run(ChainingBuildActionRunner.java:35)
	at org.gradle.launcher.exec.InProcessBuildActionExecuter.execute(InProcessBuildActionExecuter.java:43)
	at org.gradle.launcher.exec.InProcessBuildActionExecuter.execute(InProcessBuildActionExecuter.java:28)
	at org.gradle.launcher.exec.ContinuousBuildActionExecuter.execute(ContinuousBuildActionExecuter.java:81)
	at org.gradle.launcher.exec.ContinuousBuildActionExecuter.execute(ContinuousBuildActionExecuter.java:46)
	at org.gradle.launcher.exec.DaemonUsageSuggestingBuildActionExecuter.execute(DaemonUsageSuggestingBuildActionExecuter.java:51)
	at org.gradle.launcher.exec.DaemonUsageSuggestingBuildActionExecuter.execute(DaemonUsageSuggestingBuildActionExecuter.java:28)
	at org.gradle.launcher.cli.RunBuildAction.run(RunBuildAction.java:43)
	at org.gradle.internal.Actions$RunnableActionAdapter.execute(Actions.java:173)
	at org.gradle.launcher.cli.CommandLineActionFactory$ParseAndBuildAction.execute(CommandLineActionFactory.java:241)
	at org.gradle.launcher.cli.CommandLineActionFactory$ParseAndBuildAction.execute(CommandLineActionFactory.java:214)
	at org.gradle.launcher.cli.JavaRuntimeValidationAction.execute(JavaRuntimeValidationAction.java:35)
	at org.gradle.launcher.cli.JavaRuntimeValidationAction.execute(JavaRuntimeValidationAction.java:24)
	at org.gradle.launcher.cli.CommandLineActionFactory$WithLogging.execute(CommandLineActionFactory.java:207)
	at org.gradle.launcher.cli.CommandLineActionFactory$WithLogging.execute(CommandLineActionFactory.java:169)
	at org.gradle.launcher.cli.ExceptionReportingAction.execute(ExceptionReportingAction.java:33)
	at org.gradle.launcher.cli.ExceptionReportingAction.execute(ExceptionReportingAction.java:22)
	at org.gradle.launcher.Main.doAction(Main.java:33)
	at org.gradle.launcher.bootstrap.EntryPoint.run(EntryPoint.java:45)
	at org.gradle.launcher.bootstrap.ProcessBootstrap.runNoExit(ProcessBootstrap.java:55)
	at org.gradle.launcher.bootstrap.ProcessBootstrap.run(ProcessBootstrap.java:36)
	at org.gradle.launcher.GradleMain.main(GradleMain.java:23)
	at org.gradle.wrapper.BootstrapMainStarter.start(BootstrapMainStarter.java:30)
	at org.gradle.wrapper.WrapperExecutor.execute(WrapperExecutor.java:127)
	at org.gradle.wrapper.GradleWrapperMain.main(GradleWrapperMain.java:55)


BUILD FAILED

Total time: 7.446 secs

2018-04-07 20:29:50,665 ERROR ProjectBuildService - Excluded tasks were detected wrong
2018-04-07 20:29:50,665 INFO  SysUtils - Execute command: [/tmp/rdisk/1205/src/gradlew, -b, /tmp/rdisk/1205/src/build.gradle, -Dorg.gradle.daemon=false, -Dorg.gradle.daemon.performance.enable-monitoring=false, -Dorg.gradle.configureondemand=true, --stacktrace, build]
2018-04-07 20:30:28,732 INFO  SysUtils - Configuration on demand is an incubating feature.
:buildSrc:easygcm-tasks:compileJava UP-TO-DATE
:buildSrc:easygcm-tasks:compileGroovy UP-TO-DATE
:buildSrc:easygcm-tasks:processResources UP-TO-DATE
:buildSrc:easygcm-tasks:classes UP-TO-DATE
:buildSrc:easygcm-tasks:jar UP-TO-DATE
:buildSrc:compileJava UP-TO-DATE
:buildSrc:compileGroovy UP-TO-DATE
:buildSrc:processResources UP-TO-DATE
:buildSrc:classes UP-TO-DATE
:buildSrc:jar UP-TO-DATE
:buildSrc:assemble UP-TO-DATE
:buildSrc:compileTestJava UP-TO-DATE
:buildSrc:compileTestGroovy UP-TO-DATE
:buildSrc:processTestResources UP-TO-DATE
:buildSrc:testClasses UP-TO-DATE
:buildSrc:test UP-TO-DATE
:buildSrc:check UP-TO-DATE
:buildSrc:build UP-TO-DATE
:buildSrc:easygcm-tasks:assemble UP-TO-DATE
:buildSrc:easygcm-tasks:compileTestJava UP-TO-DATE
:buildSrc:easygcm-tasks:compileTestGroovy UP-TO-DATE
:buildSrc:easygcm-tasks:processTestResources UP-TO-DATE
:buildSrc:easygcm-tasks:testClasses UP-TO-DATE
:buildSrc:easygcm-tasks:test UP-TO-DATE
:buildSrc:easygcm-tasks:check UP-TO-DATE
:buildSrc:easygcm-tasks:build UP-TO-DATE
Incremental java compilation is an incubating feature.
:easygcm-lib:preBuild UP-TO-DATE
:easygcm-lib:preDebugBuild UP-TO-DATE
:easygcm-lib:compileDebugNdk UP-TO-DATE
:easygcm-lib:compileLint
:easygcm-lib:copyDebugLint UP-TO-DATE
:easygcm-lib:checkDebugManifest
:easygcm-lib:preDebugAndroidTestBuild UP-TO-DATE
:easygcm-lib:preDebugUnitTestBuild UP-TO-DATE
:easygcm-lib:preReleaseBuild UP-TO-DATE
:easygcm-lib:preReleaseUnitTestBuild UP-TO-DATE
:easygcm-lib:prepareComAndroidSupportSupportV42300Library UP-TO-DATE
:easygcm-lib:prepareComGoogleAndroidGmsPlayServicesBase900Library UP-TO-DATE
:easygcm-lib:prepareComGoogleAndroidGmsPlayServicesBasement900Library UP-TO-DATE
:easygcm-lib:prepareComGoogleAndroidGmsPlayServicesGcm900Library UP-TO-DATE
:easygcm-lib:prepareComGoogleAndroidGmsPlayServicesIid900Library UP-TO-DATE
:easygcm-lib:prepareComGoogleAndroidGmsPlayServicesTasks900Library UP-TO-DATE
:easygcm-lib:prepareComGoogleFirebaseFirebaseCommon900Library UP-TO-DATE
:easygcm-lib:prepareDebugDependencies
:easygcm-lib:compileDebugAidl UP-TO-DATE
:easygcm-lib:compileDebugRenderscript UP-TO-DATE
:easygcm-lib:generateDebugBuildConfig UP-TO-DATE
:easygcm-lib:mergeDebugShaders UP-TO-DATE
:easygcm-lib:compileDebugShaders UP-TO-DATE
:easygcm-lib:generateDebugAssets UP-TO-DATE
:easygcm-lib:mergeDebugAssets UP-TO-DATE
:easygcm-lib:generateDebugResValues UP-TO-DATE
:easygcm-lib:generateDebugResources UP-TO-DATE
:easygcm-lib:mergeDebugResources UP-TO-DATE
:easygcm-lib:processDebugManifest UP-TO-DATE
:easygcm-lib:processDebugResources UP-TO-DATE
:easygcm-lib:generateDebugSources UP-TO-DATE
:easygcm-lib:incrementalDebugJavaCompilationSafeguard UP-TO-DATE
:easygcm-lib:compileDebugJavaWithJavac UP-TO-DATE
:easygcm-lib:extractDebugAnnotations UP-TO-DATE
:easygcm-lib:mergeDebugProguardFiles UP-TO-DATE
:easygcm-lib:packageDebugRenderscript UP-TO-DATE
:easygcm-lib:packageDebugResources UP-TO-DATE
:easygcm-lib:processDebugJavaRes UP-TO-DATE
:easygcm-lib:transformResourcesWithMergeJavaResForDebug UP-TO-DATE
:easygcm-lib:transformClassesAndResourcesWithSyncLibJarsForDebug UP-TO-DATE
:easygcm-lib:mergeDebugJniLibFolders UP-TO-DATE
:easygcm-lib:transformNative_libsWithMergeJniLibsForDebug UP-TO-DATE
:easygcm-lib:transformNative_libsWithSyncJniLibsForDebug UP-TO-DATE
:easygcm-lib:bundleDebug UP-TO-DATE
:easygcm-lib:compileDebugSources UP-TO-DATE
:easygcm-lib:assembleDebug UP-TO-DATE
:easygcm-lib:compileReleaseNdk UP-TO-DATE
:easygcm-lib:copyReleaseLint UP-TO-DATE
:easygcm-lib:checkReleaseManifest
:easygcm-lib:prepareReleaseDependencies
:easygcm-lib:compileReleaseAidl UP-TO-DATE
:easygcm-lib:compileReleaseRenderscript UP-TO-DATE
:easygcm-lib:generateReleaseBuildConfig UP-TO-DATE
:easygcm-lib:mergeReleaseShaders UP-TO-DATE
:easygcm-lib:compileReleaseShaders UP-TO-DATE
:easygcm-lib:generateReleaseAssets UP-TO-DATE
:easygcm-lib:mergeReleaseAssets UP-TO-DATE
:easygcm-lib:generateReleaseResValues UP-TO-DATE
:easygcm-lib:generateReleaseResources UP-TO-DATE
:easygcm-lib:mergeReleaseResources UP-TO-DATE
:easygcm-lib:processReleaseManifest UP-TO-DATE
:easygcm-lib:processReleaseResources UP-TO-DATE
:easygcm-lib:generateReleaseSources UP-TO-DATE
:easygcm-lib:incrementalReleaseJavaCompilationSafeguard UP-TO-DATE
:easygcm-lib:compileReleaseJavaWithJavac UP-TO-DATE
:easygcm-lib:extractReleaseAnnotations UP-TO-DATE
:easygcm-lib:mergeReleaseProguardFiles UP-TO-DATE
:easygcm-lib:packageReleaseRenderscript UP-TO-DATE
:easygcm-lib:packageReleaseResources UP-TO-DATE
:easygcm-lib:processReleaseJavaRes UP-TO-DATE
:easygcm-lib:transformResourcesWithMergeJavaResForRelease UP-TO-DATE
:easygcm-lib:transformClassesAndResourcesWithSyncLibJarsForRelease UP-TO-DATE
:easygcm-lib:mergeReleaseJniLibFolders UP-TO-DATE
:easygcm-lib:transformNative_libsWithMergeJniLibsForRelease UP-TO-DATE
:easygcm-lib:transformNative_libsWithSyncJniLibsForRelease UP-TO-DATE
:easygcm-lib:bundleRelease UP-TO-DATE
:easygcm-lib:compileReleaseSources UP-TO-DATE
:easygcm-lib:assembleRelease UP-TO-DATE
:easygcm-lib:assemble UP-TO-DATE
:easygcm-lib:lint
Ran lint on variant release: 4 issues found
Ran lint on variant debug: 4 issues found
Wrote HTML report to file:///tmp/rdisk/1205/src/easygcm-lib/build/outputs/lint-results-debug.html
Wrote XML report to file:///tmp/rdisk/1205/src/easygcm-lib/build/outputs/lint-results-debug.xml
:easygcm-lib:incrementalDebugUnitTestJavaCompilationSafeguard UP-TO-DATE
:easygcm-lib:prepareDebugUnitTestDependencies
:easygcm-lib:compileDebugUnitTestJavaWithJavac UP-TO-DATE
:easygcm-lib:processDebugUnitTestJavaRes UP-TO-DATE
:easygcm-lib:compileDebugUnitTestSources UP-TO-DATE
:easygcm-lib:mockableAndroidJar UP-TO-DATE
:easygcm-lib:assembleDebugUnitTest UP-TO-DATE
:easygcm-lib:testDebugUnitTest UP-TO-DATE
:easygcm-lib:incrementalReleaseUnitTestJavaCompilationSafeguard UP-TO-DATE
:easygcm-lib:prepareReleaseUnitTestDependencies
:easygcm-lib:compileReleaseUnitTestJavaWithJavac UP-TO-DATE
:easygcm-lib:processReleaseUnitTestJavaRes UP-TO-DATE
:easygcm-lib:compileReleaseUnitTestSources UP-TO-DATE
:easygcm-lib:assembleReleaseUnitTest UP-TO-DATE
:easygcm-lib:testReleaseUnitTest UP-TO-DATE
:easygcm-lib:test UP-TO-DATE
:easygcm-lib:check
:easygcm-lib:build
:easygcm-sample:preBuild UP-TO-DATE
:easygcm-sample:preDebugBuild UP-TO-DATE
:easygcm-sample:checkDebugManifest
:easygcm-sample:preReleaseBuild UP-TO-DATE
:easygcm-sample:prepareComAndroidSupportSupportV42300Library
:easygcm-sample:prepareComGoogleAndroidGmsPlayServicesBase900Library
:easygcm-sample:prepareComGoogleAndroidGmsPlayServicesBasement900Library
:easygcm-sample:prepareComGoogleAndroidGmsPlayServicesGcm900Library
:easygcm-sample:prepareComGoogleAndroidGmsPlayServicesIid900Library
:easygcm-sample:prepareComGoogleAndroidGmsPlayServicesTasks900Library
:easygcm-sample:prepareComGoogleFirebaseFirebaseAnalytics900Library
:easygcm-sample:prepareComGoogleFirebaseFirebaseAnalyticsImpl900Library
:easygcm-sample:prepareComGoogleFirebaseFirebaseCommon900Library
:easygcm-sample:prepareComGoogleFirebaseFirebaseCore900Library
:easygcm-sample:prepareComGoogleFirebaseFirebaseIid900Library
:easygcm-sample:prepareEuInloopEasygcmLib162Library
:easygcm-sample:prepareDebugDependencies
:easygcm-sample:compileDebugAidl
:easygcm-sample:compileDebugRenderscript
:easygcm-sample:generateDebugBuildConfig
:easygcm-sample:mergeDebugShaders
:easygcm-sample:compileDebugShaders
:easygcm-sample:generateDebugAssets
:easygcm-sample:mergeDebugAssets
:easygcm-sample:generateDebugResValues
:easygcm-sample:processDebugGoogleServices
Parsing json file: /tmp/rdisk/1205/src/easygcm-sample/google-services.json
:easygcm-sample:generateDebugResources
:easygcm-sample:mergeDebugResources
:easygcm-sample:processDebugManifest
:easygcm-sample:processDebugResources
:easygcm-sample:generateDebugSources
:easygcm-sample:incrementalDebugJavaCompilationSafeguard
:easygcm-sample:compileDebugJavaWithJavac
:easygcm-sample:compileDebugJavaWithJavac - is not incremental (e.g. outputs have changed, no previous execution, etc.).
:easygcm-sample:compileDebugNdk UP-TO-DATE
:easygcm-sample:compileDebugSources
:easygcm-sample:prePackageMarkerForDebug
:easygcm-sample:transformClassesWithDexForDebug
To run dex in process, the Gradle daemon needs a larger heap.
It currently has approximately 1623 MB.
For faster builds, increase the maximum heap size for the Gradle daemon to more than 2048 MB.
To do this set org.gradle.jvmargs=-Xmx2048M in the project gradle.properties.
For more information see https://docs.gradle.org/current/userguide/build_environment.html
:easygcm-sample:mergeDebugJniLibFolders
:easygcm-sample:transformNative_libsWithMergeJniLibsForDebug
:easygcm-sample:processDebugJavaRes UP-TO-DATE
:easygcm-sample:transformResourcesWithMergeJavaResForDebug
:easygcm-sample:validateDebugSigning
:easygcm-sample:packageDebug
:easygcm-sample:zipalignDebug
:easygcm-sample:assembleDebug
:easygcm-sample:checkReleaseManifest
:easygcm-sample:prepareReleaseDependencies
:easygcm-sample:compileReleaseAidl
:easygcm-sample:compileReleaseRenderscript
:easygcm-sample:generateReleaseBuildConfig
:easygcm-sample:mergeReleaseShaders
:easygcm-sample:compileReleaseShaders
:easygcm-sample:generateReleaseAssets
:easygcm-sample:mergeReleaseAssets
:easygcm-sample:generateReleaseResValues
:easygcm-sample:processReleaseGoogleServices
Parsing json file: /tmp/rdisk/1205/src/easygcm-sample/google-services.json
:easygcm-sample:generateReleaseResources
:easygcm-sample:mergeReleaseResources
:easygcm-sample:processReleaseManifest
:easygcm-sample:processReleaseResources
:easygcm-sample:generateReleaseSources
:easygcm-sample:incrementalReleaseJavaCompilationSafeguard
:easygcm-sample:compileReleaseJavaWithJavac
:easygcm-sample:compileReleaseJavaWithJavac - is not incremental (e.g. outputs have changed, no previous execution, etc.).
:easygcm-sample:compileReleaseNdk UP-TO-DATE
:easygcm-sample:compileReleaseSources
:easygcm-sample:lintVitalRelease
:easygcm-sample:prePackageMarkerForRelease
:easygcm-sample:transformClassesWithDexForRelease
:easygcm-sample:mergeReleaseJniLibFolders
:easygcm-sample:transformNative_libsWithMergeJniLibsForRelease
:easygcm-sample:processReleaseJavaRes UP-TO-DATE
:easygcm-sample:transformResourcesWithMergeJavaResForRelease
:easygcm-sample:packageRelease
:easygcm-sample:assembleRelease
:easygcm-sample:assemble
:easygcm-sample:compileLint
:easygcm-sample:lint
Ran lint on variant debug: 14 issues found
Ran lint on variant release: 14 issues found
Wrote HTML report to file:///tmp/rdisk/1205/src/easygcm-sample/build/outputs/lint-results-debug.html
Wrote XML report to file:///tmp/rdisk/1205/src/easygcm-sample/build/outputs/lint-results-debug.xml
:easygcm-sample:incrementalDebugUnitTestJavaCompilationSafeguard UP-TO-DATE
:easygcm-sample:preDebugUnitTestBuild UP-TO-DATE
:easygcm-sample:prepareDebugUnitTestDependencies
:easygcm-sample:compileDebugUnitTestJavaWithJavac UP-TO-DATE
:easygcm-sample:processDebugUnitTestJavaRes UP-TO-DATE
:easygcm-sample:compileDebugUnitTestSources UP-TO-DATE
:easygcm-sample:mockableAndroidJar
:easygcm-sample:assembleDebugUnitTest
:easygcm-sample:testDebugUnitTest
:easygcm-sample:incrementalReleaseUnitTestJavaCompilationSafeguard UP-TO-DATE
:easygcm-sample:preReleaseUnitTestBuild UP-TO-DATE
:easygcm-sample:prepareReleaseUnitTestDependencies
:easygcm-sample:compileReleaseUnitTestJavaWithJavac UP-TO-DATE
:easygcm-sample:processReleaseUnitTestJavaRes UP-TO-DATE
:easygcm-sample:compileReleaseUnitTestSources UP-TO-DATE
:easygcm-sample:assembleReleaseUnitTest
:easygcm-sample:testReleaseUnitTest
:easygcm-sample:test
:easygcm-sample:check
:easygcm-sample:build
:easygcm-tasks:compileJava UP-TO-DATE
:easygcm-tasks:compileGroovy
:easygcm-tasks:processResources UP-TO-DATE
:easygcm-tasks:classes
:easygcm-tasks:jar
:easygcm-tasks:assemble
:easygcm-tasks:compileTestJava UP-TO-DATE
:easygcm-tasks:compileTestGroovy UP-TO-DATE
:easygcm-tasks:processTestResources UP-TO-DATE
:easygcm-tasks:testClasses UP-TO-DATE
:easygcm-tasks:test UP-TO-DATE
:easygcm-tasks:check UP-TO-DATE
:easygcm-tasks:build

BUILD SUCCESSFUL

Total time: 37.593 secs

2018-04-07 20:30:28,833 INFO  FullProcessService - Found APK file: /tmp/rdisk/1205/src/easygcm-sample/build/outputs/apk/easygcm-sample-release-unsigned.apk
