2018-04-07 21:07:19,331 INFO  DownloadService - Downloading "https://github.com/Narfss/TransformableDrawableButton/archive/master.zip", attempt 3
2018-04-07 21:08:19,332 INFO  GithubDownloadService - Could not find ZIP archive for master branch
2018-04-07 21:08:20,047 INFO  GithubDownloadService - Default branch of this repository: master
2018-04-07 21:08:20,047 INFO  DownloadService - Downloading "https://github.com/Narfss/TransformableDrawableButton/archive/master.zip", attempt 3
2018-04-07 21:09:20,876 DEBUG FullProcessService - Repository https://github.com/Narfss/TransformableDrawableButton available: true
2018-04-07 21:09:20,876 INFO  FullProcessService - Could not download ZIP file from Github, lets clone it
2018-04-07 21:09:20,876 INFO  SysUtils - Execute command: [git, clone, -q, --single-branch, --depth, 1, https://github.com/Narfss/TransformableDrawableButton, /tmp/rdisk/1190/src]
2018-04-07 21:09:22,685 INFO  SysUtils - 
2018-04-07 21:09:22,701 INFO  GitService - Deleted "/tmp/rdisk/1190/src/.git": true
2018-04-07 21:09:22,704 INFO  FullProcessService - Size of directory with sources: 1 MB
2018-04-07 21:09:22,704 INFO  SysUtils - Execute command: [git, init, /tmp/rdisk/1190/src]
2018-04-07 21:09:22,714 INFO  SysUtils - Initialized empty Git repository in /tmp/rdisk/1190/src/.git/

2018-04-07 21:09:22,716 INFO  ProjectBuildService - Gradle wrapper(s): /tmp/rdisk/1190/src/gradlew
2018-04-07 21:09:22,733 INFO  ProjectBuildService - Build script(s): /tmp/rdisk/1190/src/app/build.gradle /tmp/rdisk/1190/src/library/build.gradle /tmp/rdisk/1190/src/build.gradle
2018-04-07 21:09:22,735 INFO  ProjectBuildService - All script(s): /tmp/rdisk/1190/src/settings.gradle /tmp/rdisk/1190/src/library/maven_push.gradle /tmp/rdisk/1190/src/library/build.gradle /tmp/rdisk/1190/src/build.gradle /tmp/rdisk/1190/src/app/build.gradle
2018-04-07 21:09:22,736 INFO  DownloadService - Downloading "https://raw.githubusercontent.com/chrisbanes/gradle-mvn-push/master/gradle-mvn-push.gradle", attempt 3
2018-04-07 21:09:23,108 INFO  DownloadService - Downloaded https://raw.githubusercontent.com/chrisbanes/gradle-mvn-push/master/gradle-mvn-push.gradle, attempt 3
2018-04-07 21:09:23,108 INFO  ProjectBuildService - Remote scripts: https://raw.githubusercontent.com/chrisbanes/gradle-mvn-push/master/gradle-mvn-push.gradle
2018-04-07 21:09:23,108 INFO  ProjectFixService - Fixing project...
2018-04-07 21:09:23,124 INFO  LocalPropertiesFixService - Created fake /tmp/rdisk/1190/src/app/local.properties
2018-04-07 21:09:23,125 INFO  ProjectFixService - Build info for "/tmp/rdisk/1190/src/app/build.gradle": [buildToolsVersion=19.1.0,compileSdkVersion=19,minSdkVersion=8,targetSdkVersion=19]
2018-04-07 21:09:23,125 INFO  LocalPropertiesFixService - Created fake /tmp/rdisk/1190/src/library/local.properties
2018-04-07 21:09:23,125 INFO  ProjectFixService - Build info for "/tmp/rdisk/1190/src/library/build.gradle": [buildToolsVersion=19.1.0,compileSdkVersion=19,minSdkVersion=8,targetSdkVersion=19]
2018-04-07 21:09:23,126 INFO  LocalPropertiesFixService - Created fake /tmp/rdisk/1190/src/local.properties
2018-04-07 21:09:23,126 INFO  WrapperPropertiesFixService - Gradle wrapper: https://services.gradle.org/distributions/gradle-2.1-all.zip
2018-04-07 21:09:23,126 INFO  WrapperPropertiesFixService - Gradle wrapper was changed from "-all.zip" to "-bin.zip" (https://services.gradle.org/distributions/gradle-2.1-bin.zip)
2018-04-07 21:09:23,128 INFO  ProjectFixService - Build info for "/tmp/rdisk/1190/src/build.gradle": [buildToolsVersion=19.1.0,compileSdkVersion=19,minSdkVersion=8,targetSdkVersion=19]
2018-04-07 21:09:23,128 INFO  ProjectFixService - Project was maybe fixed
2018-04-07 21:09:23,128 INFO  ProjectTaskService - Detecting possible tasks...
2018-04-07 21:09:23,128 INFO  SysUtils - Execute command: [/tmp/rdisk/1190/src/gradlew, -b, /tmp/rdisk/1190/src/app/build.gradle, -Dorg.gradle.daemon=false, -Dorg.gradle.daemon.performance.enable-monitoring=false, -Dorg.gradle.configureondemand=true, tasks]
2018-04-07 21:09:44,412 INFO  ProjectTaskService - Detected possible tasks: 58
2018-04-07 21:09:44,412 INFO  ProjectTaskService - Excluded tasks (14): lintDebug androidJavadocs deviceCheck lint androidSourcesJar uninstallRelease connectedCheck uninstallAll androidJavadocsJar check connectedAndroidTest installDebug lintRelease uninstallDebug
2018-04-07 21:09:44,412 INFO  SysUtils - Execute command: [/tmp/rdisk/1190/src/gradlew, -b, /tmp/rdisk/1190/src/app/build.gradle, -Dorg.gradle.daemon=false, -Dorg.gradle.daemon.performance.enable-monitoring=false, -Dorg.gradle.configureondemand=true, --stacktrace, -x, lintDebug, -x, androidJavadocs, -x, deviceCheck, -x, lint, -x, androidSourcesJar, -x, uninstallRelease, -x, connectedCheck, -x, uninstallAll, -x, androidJavadocsJar, -x, check, -x, connectedAndroidTest, -x, installDebug, -x, lintRelease, -x, uninstallDebug, build]
2018-04-07 21:09:51,092 ERROR SysUtils - Could not process external command
org.apache.commons.exec.ExecuteException: Process exited with an error: 1 (Exit value: 1)
	at org.apache.commons.exec.DefaultExecutor.executeInternal(DefaultExecutor.java:404)
	at org.apache.commons.exec.DefaultExecutor.execute(DefaultExecutor.java:166)
	at com.github.vbauer.apkmaster.util.SysUtils.execute(SysUtils.java:67)
	at com.github.vbauer.apkmaster.util.SysUtils.executeSimple(SysUtils.java:43)
	at com.github.vbauer.apkmaster.service.assembly.ProjectBuildService.buildProject(ProjectBuildService.java:78)
	at com.github.vbauer.apkmaster.service.assembly.ProjectBuildService.buildProject(ProjectBuildService.java:64)
	at com.github.vbauer.apkmaster.service.assembly.ProjectBuildService.buildProject(ProjectBuildService.java:43)
	at com.github.vbauer.apkmaster.service.FullProcessService.build(FullProcessService.java:84)
	at com.github.vbauer.apkmaster.service.FullProcessService.process(FullProcessService.java:34)
	at com.github.vbauer.apkmaster.app.MainApplication.process(MainApplication.java:38)
	at com.github.vbauer.apkmaster.app.MainApplication.main(MainApplication.java:20)
	at sun.reflect.GeneratedMethodAccessor8.invoke(Unknown Source)
	at sun.reflect.DelegatingMethodAccessorImpl.invoke(DelegatingMethodAccessorImpl.java:43)
	at java.lang.reflect.Method.invoke(Method.java:498)
	at com.android.arsenal.util.ReflectionUtils.invoke(ReflectionUtils.java:42)
	at com.android.arsenal.util.ApkMasterUtils.main(ApkMasterUtils.java:30)
	at com.android.arsenal.service.processor.impl.BuildProcessorServiceImpl.buildProject(BuildProcessorServiceImpl.java:197)
	at com.android.arsenal.service.processor.impl.BuildProcessorServiceImpl.build(BuildProcessorServiceImpl.java:131)
	at com.android.arsenal.service.processor.impl.BuildProcessorServiceImpl.lambda$null$1(BuildProcessorServiceImpl.java:114)
	at java.util.concurrent.FutureTask.run(FutureTask.java:266)
	at java.util.concurrent.Executors$RunnableAdapter.call(Executors.java:511)
	at java.util.concurrent.FutureTask.run(FutureTask.java:266)
	at java.util.concurrent.ThreadPoolExecutor.runWorker(ThreadPoolExecutor.java:1149)
	at java.util.concurrent.ThreadPoolExecutor$Worker.run(ThreadPoolExecutor.java:624)
	at java.lang.Thread.run(Thread.java:748)
2018-04-07 21:09:51,092 INFO  SysUtils - Configuration on demand is an incubating feature.
WARNING [Project: :app] WARNING: runProguard is deprecated (and will soon stop working); change to "minifyEnabled" instead

FAILURE: Build failed with an exception.

* What went wrong:
Task 'androidJavadocs' not found in project ':app'.

* Try:
Run gradlew tasks to get a list of available tasks. Run with --info or --debug option to get more log output.

* Exception is:
org.gradle.execution.TaskSelectionException: Task 'androidJavadocs' not found in project ':app'.
	at org.gradle.execution.TaskSelector.getSelection(TaskSelector.java:71)
	at org.gradle.execution.TaskSelector.getSelection(TaskSelector.java:45)
	at org.gradle.execution.ExcludedTaskFilteringBuildConfigurationAction.configure(ExcludedTaskFilteringBuildConfigurationAction.java:37)
	at org.gradle.execution.DefaultBuildExecuter.configure(DefaultBuildExecuter.java:42)
	at org.gradle.execution.DefaultBuildExecuter.access$100(DefaultBuildExecuter.java:23)
	at org.gradle.execution.DefaultBuildExecuter$1.proceed(DefaultBuildExecuter.java:48)
	at org.gradle.execution.DefaultTasksBuildExecutionAction.configure(DefaultTasksBuildExecutionAction.java:40)
	at org.gradle.execution.DefaultBuildExecuter.configure(DefaultBuildExecuter.java:42)
	at org.gradle.execution.DefaultBuildExecuter.access$100(DefaultBuildExecuter.java:23)
	at org.gradle.execution.DefaultBuildExecuter$1.proceed(DefaultBuildExecuter.java:48)
	at org.gradle.execution.ProjectEvaluatingAction.configure(ProjectEvaluatingAction.java:52)
	at org.gradle.execution.DefaultBuildExecuter.configure(DefaultBuildExecuter.java:42)
	at org.gradle.execution.DefaultBuildExecuter.select(DefaultBuildExecuter.java:35)
	at org.gradle.initialization.DefaultGradleLauncher.doBuildStages(DefaultGradleLauncher.java:142)
	at org.gradle.initialization.DefaultGradleLauncher.doBuild(DefaultGradleLauncher.java:106)
	at org.gradle.initialization.DefaultGradleLauncher.run(DefaultGradleLauncher.java:86)
	at org.gradle.launcher.exec.InProcessBuildActionExecuter$DefaultBuildController.run(InProcessBuildActionExecuter.java:80)
	at org.gradle.launcher.cli.ExecuteBuildAction.run(ExecuteBuildAction.java:33)
	at org.gradle.launcher.cli.ExecuteBuildAction.run(ExecuteBuildAction.java:24)
	at org.gradle.launcher.exec.InProcessBuildActionExecuter.execute(InProcessBuildActionExecuter.java:36)
	at org.gradle.launcher.exec.InProcessBuildActionExecuter.execute(InProcessBuildActionExecuter.java:26)
	at org.gradle.launcher.cli.RunBuildAction.run(RunBuildAction.java:51)
	at org.gradle.internal.Actions$RunnableActionAdapter.execute(Actions.java:171)
	at org.gradle.launcher.cli.CommandLineActionFactory$ParseAndBuildAction.execute(CommandLineActionFactory.java:237)
	at org.gradle.launcher.cli.CommandLineActionFactory$ParseAndBuildAction.execute(CommandLineActionFactory.java:210)
	at org.gradle.launcher.cli.JavaRuntimeValidationAction.execute(JavaRuntimeValidationAction.java:35)
	at org.gradle.launcher.cli.JavaRuntimeValidationAction.execute(JavaRuntimeValidationAction.java:24)
	at org.gradle.launcher.cli.CommandLineActionFactory$WithLogging.execute(CommandLineActionFactory.java:206)
	at org.gradle.launcher.cli.CommandLineActionFactory$WithLogging.execute(CommandLineActionFactory.java:169)
	at org.gradle.launcher.cli.ExceptionReportingAction.execute(ExceptionReportingAction.java:33)
	at org.gradle.launcher.cli.ExceptionReportingAction.execute(ExceptionReportingAction.java:22)
	at org.gradle.launcher.Main.doAction(Main.java:33)
	at org.gradle.launcher.bootstrap.EntryPoint.run(EntryPoint.java:45)
	at org.gradle.launcher.bootstrap.ProcessBootstrap.runNoExit(ProcessBootstrap.java:54)
	at org.gradle.launcher.bootstrap.ProcessBootstrap.run(ProcessBootstrap.java:35)
	at org.gradle.launcher.GradleMain.main(GradleMain.java:23)
	at org.gradle.wrapper.BootstrapMainStarter.start(BootstrapMainStarter.java:33)
	at org.gradle.wrapper.WrapperExecutor.execute(WrapperExecutor.java:130)
	at org.gradle.wrapper.GradleWrapperMain.main(GradleWrapperMain.java:48)


BUILD FAILED

Total time: 6.232 secs

2018-04-07 21:09:51,092 ERROR ProjectBuildService - Excluded tasks were detected wrong
2018-04-07 21:09:51,093 INFO  SysUtils - Execute command: [/tmp/rdisk/1190/src/gradlew, -b, /tmp/rdisk/1190/src/app/build.gradle, -Dorg.gradle.daemon=false, -Dorg.gradle.daemon.performance.enable-monitoring=false, -Dorg.gradle.configureondemand=true, --stacktrace, build]
2018-04-07 21:10:14,716 INFO  SysUtils - Configuration on demand is an incubating feature.
WARNING [Project: :app] WARNING: runProguard is deprecated (and will soon stop working); change to "minifyEnabled" instead
:app:preBuild
:app:compileDebugNdk
:app:preDebugBuild
:app:checkDebugManifest
:app:preReleaseBuild
:library:compileLint
:library:copyReleaseLint UP-TO-DATE
:library:mergeReleaseProguardFiles
:library:preBuild
:library:preReleaseBuild
:library:checkReleaseManifest
:library:prepareReleaseDependencies
:library:compileReleaseAidl
:library:compileReleaseRenderscript
:library:generateReleaseBuildConfig
:library:generateReleaseAssets UP-TO-DATE
:library:mergeReleaseAssets
:library:generateReleaseResValues
:library:generateReleaseResources
:library:packageReleaseResources
:library:processReleaseManifest
:library:processReleaseResources
:library:generateReleaseSources
:library:compileReleaseJavaNote: /tmp/rdisk/1190/src/library/src/main/java/com/fmsirvent/transformabledrawablebutton/TransformableButton.java uses or overrides a deprecated API.
Note: Recompile with -Xlint:deprecation for details.

:library:processReleaseJavaRes UP-TO-DATE
:library:packageReleaseJar
:library:compileReleaseNdk
:library:packageReleaseJniLibs UP-TO-DATE
:library:packageReleaseLocalJar UP-TO-DATE
:library:packageReleaseRenderscript UP-TO-DATE
:library:bundleRelease
:app:prepareComAndroidSupportAppcompatV71910Library
:app:prepareComFmsirventLibrary111Library
:app:prepareDebugDependencies
:app:compileDebugAidl
:app:compileDebugRenderscript
:app:generateDebugBuildConfig
:app:generateDebugAssets UP-TO-DATE
:app:mergeDebugAssets
:app:generateDebugResValues
:app:generateDebugResources
:app:mergeDebugResources
:app:processDebugManifest
:app:processDebugResources
:app:generateDebugSources
:app:compileDebugJava
:app:preDexDebug
:app:dexDebug
:app:processDebugJavaRes UP-TO-DATE
:app:validateDebugSigning
:app:packageDebug
:app:zipalignDebug
:app:assembleDebug
:app:checkReleaseManifest
:app:prepareReleaseDependencies
:app:compileReleaseAidl
:app:compileReleaseRenderscript
:app:generateReleaseBuildConfig
:app:generateReleaseAssets UP-TO-DATE
:app:mergeReleaseAssets
:app:generateReleaseResValues
:app:generateReleaseResources
:app:mergeReleaseResources
:app:processReleaseManifest
:app:processReleaseResources
:app:generateReleaseSources
:app:compileReleaseJava
:app:lintVitalRelease SKIPPED
:app:compileReleaseNdk
:app:preDexRelease
:app:dexRelease
:app:processReleaseJavaRes UP-TO-DATE
:app:packageRelease
:app:assembleRelease
:app:assemble
:app:compileLint
:app:lint
Ran lint on variant release: 11 issues found
Ran lint on variant debug: 11 issues found
Wrote HTML report to file:/tmp/rdisk/1190/src/app/build/outputs/lint-results.html
Wrote XML report to /tmp/rdisk/1190/src/app/build/outputs/lint-results.xml
:app:check
:app:build

BUILD SUCCESSFUL

Total time: 23.176 secs

2018-04-07 21:10:14,749 INFO  FullProcessService - Found APK file: /tmp/rdisk/1190/src/app/build/outputs/apk/app-debug.apk
