2018-05-11 15:29:41,113 INFO  DownloadService - Downloading "https://github.com/keklikhasan/LDrawer/archive/master.zip", attempt 3
2018-05-11 15:29:41,580 INFO  DownloadService - Downloaded https://github.com/keklikhasan/LDrawer/archive/master.zip, attempt 3
2018-05-11 15:29:41,580 INFO  DownloadService - Size of file "/tmp/rdisk/1042/master.zip": 627 KB
2018-05-11 15:29:41,580 INFO  ArchiveUtils - Checking entries [.gradle] in ZIP file...
2018-05-11 15:29:41,581 INFO  ArchiveUtils - Has entries [.gradle] in ZIP file /tmp/rdisk/1042/master.zip: true
2018-05-11 15:29:41,581 DEBUG ZipUtil - Extracting '/tmp/rdisk/1042/master.zip' into '/tmp/rdisk/1042/src'.
2018-05-11 15:29:41,592 INFO  FullProcessService - Size of directory with sources: 671 KB
2018-05-11 15:29:41,592 INFO  SysUtils - Execute command: [git, init, /tmp/rdisk/1042/src]
2018-05-11 15:29:41,597 INFO  SysUtils - Initialized empty Git repository in /tmp/rdisk/1042/src/.git/

2018-05-11 15:29:41,599 INFO  ProjectBuildService - Gradle wrapper(s): /tmp/rdisk/1042/src/LDrawer-master/gradlew
2018-05-11 15:29:41,602 INFO  ProjectBuildService - Build script(s): /tmp/rdisk/1042/src/LDrawer-master/library/build.gradle /tmp/rdisk/1042/src/LDrawer-master/sample/build.gradle /tmp/rdisk/1042/src/LDrawer-master/build.gradle
2018-05-11 15:29:41,604 INFO  ProjectBuildService - All script(s): /tmp/rdisk/1042/src/LDrawer-master/settings.gradle /tmp/rdisk/1042/src/LDrawer-master/sample/build.gradle /tmp/rdisk/1042/src/LDrawer-master/library/build.gradle /tmp/rdisk/1042/src/LDrawer-master/build.gradle
2018-05-11 15:29:41,604 INFO  DownloadService - Downloading "https://raw.github.com/chrisbanes/gradle-mvn-push/master/gradle-mvn-push.gradle", attempt 3
2018-05-11 15:29:41,771 INFO  DownloadService - Downloaded https://raw.github.com/chrisbanes/gradle-mvn-push/master/gradle-mvn-push.gradle, attempt 3
2018-05-11 15:29:41,771 INFO  ProjectBuildService - Remote scripts: https://raw.github.com/chrisbanes/gradle-mvn-push/master/gradle-mvn-push.gradle
2018-05-11 15:29:41,771 INFO  ProjectFixService - Fixing project...
2018-05-11 15:29:41,779 INFO  LocalPropertiesFixService - Created fake /tmp/rdisk/1042/src/LDrawer-master/library/local.properties
2018-05-11 15:29:41,779 INFO  ProjectFixService - Build info for "/tmp/rdisk/1042/src/LDrawer-master/library/build.gradle": [buildToolsVersion=20.0.0,compileSdkVersion=20,minSdkVersion=14,targetSdkVersion=20]
2018-05-11 15:29:41,780 INFO  LocalPropertiesFixService - Created fake /tmp/rdisk/1042/src/LDrawer-master/sample/local.properties
2018-05-11 15:29:41,780 INFO  ProjectFixService - Build info for "/tmp/rdisk/1042/src/LDrawer-master/sample/build.gradle": [buildToolsVersion=20.0.0,compileSdkVersion=20,minSdkVersion=14,targetSdkVersion=20]
2018-05-11 15:29:41,780 INFO  LocalPropertiesFixService - Created fake /tmp/rdisk/1042/src/LDrawer-master/local.properties
2018-05-11 15:29:41,781 INFO  WrapperPropertiesFixService - Gradle wrapper: http://services.gradle.org/distributions/gradle-1.12-all.zip
2018-05-11 15:29:41,781 INFO  WrapperPropertiesFixService - Gradle wrapper was changed from "-all.zip" to "-bin.zip" (http://services.gradle.org/distributions/gradle-1.12-bin.zip)
2018-05-11 15:29:41,782 INFO  ProjectFixService - Build info for "/tmp/rdisk/1042/src/LDrawer-master/build.gradle": [buildToolsVersion=20.0.0,compileSdkVersion=20,minSdkVersion=14,targetSdkVersion=20]
2018-05-11 15:29:41,782 INFO  ProjectFixService - Project was maybe fixed
2018-05-11 15:29:41,782 INFO  ProjectTaskService - Detecting possible tasks...
2018-05-11 15:29:41,782 INFO  SysUtils - Execute command: [/tmp/rdisk/1042/src/LDrawer-master/gradlew, -b, /tmp/rdisk/1042/src/LDrawer-master/library/build.gradle, -Dorg.gradle.daemon=false, -Dorg.gradle.daemon.performance.enable-monitoring=false, -Dorg.gradle.configureondemand=true, tasks]
2018-05-11 15:29:54,797 INFO  ProjectTaskService - Detected possible tasks: 57
2018-05-11 15:29:54,798 INFO  ProjectTaskService - Excluded tasks (11): lintDebug androidJavadocs deviceCheck lint androidSourcesJar connectedCheck uninstallAll androidJavadocsJar check connectedAndroidTest lintRelease
2018-05-11 15:29:54,798 INFO  SysUtils - Execute command: [/tmp/rdisk/1042/src/LDrawer-master/gradlew, -b, /tmp/rdisk/1042/src/LDrawer-master/library/build.gradle, -Dorg.gradle.daemon=false, -Dorg.gradle.daemon.performance.enable-monitoring=false, -Dorg.gradle.configureondemand=true, --stacktrace, -x, lintDebug, -x, androidJavadocs, -x, deviceCheck, -x, lint, -x, androidSourcesJar, -x, connectedCheck, -x, uninstallAll, -x, androidJavadocsJar, -x, check, -x, connectedAndroidTest, -x, lintRelease, build]
2018-05-11 15:30:04,338 ERROR SysUtils - Could not process external command
org.apache.commons.exec.ExecuteException: Process exited with an error: 1 (Exit value: 1)
	at org.apache.commons.exec.DefaultExecutor.executeInternal(DefaultExecutor.java:404)
	at org.apache.commons.exec.DefaultExecutor.execute(DefaultExecutor.java:166)
	at com.github.vbauer.apkmaster.util.SysUtils.execute(SysUtils.java:67)
	at com.github.vbauer.apkmaster.util.SysUtils.executeSimple(SysUtils.java:43)
	at com.github.vbauer.apkmaster.service.assembly.ProjectBuildService.buildProject(ProjectBuildService.java:78)
	at com.github.vbauer.apkmaster.service.assembly.ProjectBuildService.buildProject(ProjectBuildService.java:64)
	at com.github.vbauer.apkmaster.service.assembly.ProjectBuildService.buildProject(ProjectBuildService.java:43)
	at com.github.vbauer.apkmaster.service.FullProcessService.build(FullProcessService.java:84)
	at com.github.vbauer.apkmaster.service.FullProcessService.process(FullProcessService.java:34)
	at com.github.vbauer.apkmaster.app.MainApplication.process(MainApplication.java:38)
	at com.github.vbauer.apkmaster.app.MainApplication.main(MainApplication.java:20)
	at sun.reflect.GeneratedMethodAccessor8.invoke(Unknown Source)
	at sun.reflect.DelegatingMethodAccessorImpl.invoke(DelegatingMethodAccessorImpl.java:43)
	at java.lang.reflect.Method.invoke(Method.java:498)
	at com.android.arsenal.util.ReflectionUtils.invoke(ReflectionUtils.java:42)
	at com.android.arsenal.util.ApkMasterUtils.main(ApkMasterUtils.java:30)
	at com.android.arsenal.service.processor.impl.BuildProcessorServiceImpl.buildProject(BuildProcessorServiceImpl.java:197)
	at com.android.arsenal.service.processor.impl.BuildProcessorServiceImpl.build(BuildProcessorServiceImpl.java:131)
	at com.android.arsenal.service.processor.impl.BuildProcessorServiceImpl.lambda$null$1(BuildProcessorServiceImpl.java:114)
	at java.util.concurrent.FutureTask.run(FutureTask.java:266)
	at java.util.concurrent.Executors$RunnableAdapter.call(Executors.java:511)
	at java.util.concurrent.FutureTask.run(FutureTask.java:266)
	at java.util.concurrent.ThreadPoolExecutor.runWorker(ThreadPoolExecutor.java:1149)
	at java.util.concurrent.ThreadPoolExecutor$Worker.run(ThreadPoolExecutor.java:624)
	at java.lang.Thread.run(Thread.java:748)
2018-05-11 15:30:04,338 INFO  SysUtils - Configuration on demand is an incubating feature.
Relying on packaging to define the extension of the main artifact has been deprecated and is scheduled to be removed in Gradle 2.0
:library:compileLint
:library:copyDebugLint UP-TO-DATE
:library:preBuild
:library:preDebugBuild
:library:checkDebugManifest
:library:preDebugTestBuild
:library:preReleaseBuild
:library:prepareComAndroidSupportSupportV42000Library
:library:prepareDebugDependencies
:library:compileDebugAidl
:library:compileDebugRenderscript
:library:generateDebugBuildConfig
:library:generateDebugAssets UP-TO-DATE
:library:mergeDebugAssets
:library:generateDebugResValues
:library:generateDebugResources
:library:mergeDebugResources
:library:processDebugManifest
:library:processDebugResources
:library:generateDebugSources
:library:compileDebugJava
:library:extractDebugAnnotations
:library:mergeDebugProguardFiles
:library:processDebugJavaRes UP-TO-DATE
:library:packageDebugJar
:library:compileDebugNdk
:library:packageDebugJniLibs UP-TO-DATE
:library:packageDebugLocalJar UP-TO-DATE
:library:packageDebugRenderscript UP-TO-DATE
:library:packageDebugResources
:library:bundleDebug
:library:assembleDebug
:library:copyReleaseLint UP-TO-DATE
:library:checkReleaseManifest
:library:prepareReleaseDependencies
:library:compileReleaseAidl
:library:compileReleaseRenderscript
:library:generateReleaseBuildConfig
:library:generateReleaseAssets UP-TO-DATE
:library:mergeReleaseAssets
:library:generateReleaseResValues
:library:generateReleaseResources
:library:mergeReleaseResources
:library:processReleaseManifest
:library:processReleaseResources
:library:generateReleaseSources
:library:compileReleaseJava
:library:extractReleaseAnnotations
:library:mergeReleaseProguardFiles
:library:processReleaseJavaRes UP-TO-DATE
:library:packageReleaseJar
:library:compileReleaseNdk
:library:packageReleaseJniLibs UP-TO-DATE
:library:packageReleaseLocalJar UP-TO-DATE
:library:packageReleaseRenderscript UP-TO-DATE
:library:packageReleaseResources
:library:bundleRelease
:library:assembleRelease
:library:signArchives FAILED

FAILURE: Build failed with an exception.

* What went wrong:
Could not evaluate onlyIf predicate for task ':library:signArchives'.
> Unable to retrieve secret key from key ring file '/tmp/rdisk/1042/src/LDrawer-master/library/~/.gnupg/secring.gpg' as it does not exist

* Try:
Run with --info or --debug option to get more log output.

* Exception is:
org.gradle.api.GradleException: Could not evaluate onlyIf predicate for task ':library:signArchives'.
	at org.gradle.api.internal.tasks.execution.SkipOnlyIfTaskExecuter.execute(SkipOnlyIfTaskExecuter.java:43)
	at org.gradle.api.internal.tasks.execution.ExecuteAtMostOnceTaskExecuter.execute(ExecuteAtMostOnceTaskExecuter.java:43)
	at org.gradle.api.internal.AbstractTask.executeWithoutThrowingTaskFailure(AbstractTask.java:289)
	at org.gradle.execution.taskgraph.AbstractTaskPlanExecutor$TaskExecutorWorker.executeTask(AbstractTaskPlanExecutor.java:79)
	at org.gradle.execution.taskgraph.AbstractTaskPlanExecutor$TaskExecutorWorker.processTask(AbstractTaskPlanExecutor.java:63)
	at org.gradle.execution.taskgraph.AbstractTaskPlanExecutor$TaskExecutorWorker.run(AbstractTaskPlanExecutor.java:51)
	at org.gradle.execution.taskgraph.DefaultTaskPlanExecutor.process(DefaultTaskPlanExecutor.java:23)
	at org.gradle.execution.taskgraph.DefaultTaskGraphExecuter.execute(DefaultTaskGraphExecuter.java:86)
	at org.gradle.execution.SelectedTaskExecutionAction.execute(SelectedTaskExecutionAction.java:29)
	at org.gradle.execution.DefaultBuildExecuter.execute(DefaultBuildExecuter.java:61)
	at org.gradle.execution.DefaultBuildExecuter.access$200(DefaultBuildExecuter.java:23)
	at org.gradle.execution.DefaultBuildExecuter$2.proceed(DefaultBuildExecuter.java:67)
	at org.gradle.execution.DryRunBuildExecutionAction.execute(DryRunBuildExecutionAction.java:32)
	at org.gradle.execution.DefaultBuildExecuter.execute(DefaultBuildExecuter.java:61)
	at org.gradle.execution.DefaultBuildExecuter.execute(DefaultBuildExecuter.java:54)
	at org.gradle.initialization.DefaultGradleLauncher.doBuildStages(DefaultGradleLauncher.java:166)
	at org.gradle.initialization.DefaultGradleLauncher.doBuild(DefaultGradleLauncher.java:113)
	at org.gradle.initialization.DefaultGradleLauncher.run(DefaultGradleLauncher.java:81)
	at org.gradle.launcher.exec.InProcessBuildActionExecuter$DefaultBuildController.run(InProcessBuildActionExecuter.java:64)
	at org.gradle.launcher.cli.ExecuteBuildAction.run(ExecuteBuildAction.java:33)
	at org.gradle.launcher.cli.ExecuteBuildAction.run(ExecuteBuildAction.java:24)
	at org.gradle.launcher.exec.InProcessBuildActionExecuter.execute(InProcessBuildActionExecuter.java:35)
	at org.gradle.launcher.exec.InProcessBuildActionExecuter.execute(InProcessBuildActionExecuter.java:26)
	at org.gradle.launcher.cli.RunBuildAction.run(RunBuildAction.java:50)
	at org.gradle.internal.Actions$RunnableActionAdapter.execute(Actions.java:171)
	at org.gradle.launcher.cli.CommandLineActionFactory$ParseAndBuildAction.execute(CommandLineActionFactory.java:201)
	at org.gradle.launcher.cli.CommandLineActionFactory$ParseAndBuildAction.execute(CommandLineActionFactory.java:174)
	at org.gradle.launcher.cli.CommandLineActionFactory$WithLogging.execute(CommandLineActionFactory.java:170)
	at org.gradle.launcher.cli.CommandLineActionFactory$WithLogging.execute(CommandLineActionFactory.java:139)
	at org.gradle.launcher.cli.ExceptionReportingAction.execute(ExceptionReportingAction.java:33)
	at org.gradle.launcher.cli.ExceptionReportingAction.execute(ExceptionReportingAction.java:22)
	at org.gradle.launcher.Main.doAction(Main.java:46)
	at org.gradle.launcher.bootstrap.EntryPoint.run(EntryPoint.java:45)
	at org.gradle.launcher.Main.main(Main.java:37)
	at org.gradle.launcher.bootstrap.ProcessBootstrap.runNoExit(ProcessBootstrap.java:50)
	at org.gradle.launcher.bootstrap.ProcessBootstrap.run(ProcessBootstrap.java:32)
	at org.gradle.launcher.GradleMain.main(GradleMain.java:23)
	at org.gradle.wrapper.BootstrapMainStarter.start(BootstrapMainStarter.java:33)
	at org.gradle.wrapper.WrapperExecutor.execute(WrapperExecutor.java:130)
	at org.gradle.wrapper.GradleWrapperMain.main(GradleWrapperMain.java:48)
Caused by: org.gradle.api.InvalidUserDataException: Unable to retrieve secret key from key ring file '/tmp/rdisk/1042/src/LDrawer-master/library/~/.gnupg/secring.gpg' as it does not exist
	at org.gradle.plugins.signing.signatory.pgp.PgpSignatoryFactory.readSecretKey(PgpSignatoryFactory.groovy:76)
	at org.gradle.plugins.signing.signatory.pgp.PgpSignatoryFactory$readSecretKey.callCurrent(Unknown Source)
	at org.gradle.plugins.signing.signatory.pgp.PgpSignatoryFactory.createSignatory(PgpSignatoryFactory.groovy:67)
	at org.gradle.plugins.signing.signatory.pgp.PgpSignatoryFactory$createSignatory$0.callCurrent(Unknown Source)
	at org.gradle.plugins.signing.signatory.pgp.PgpSignatoryFactory.readProperties(PgpSignatoryFactory.groovy:59)
	at org.gradle.plugins.signing.signatory.pgp.PgpSignatoryFactory.createSignatory(PgpSignatoryFactory.groovy:29)
	at org.gradle.plugins.signing.signatory.pgp.PgpSignatoryFactory.createSignatory(PgpSignatoryFactory.groovy)
	at org.gradle.plugins.signing.signatory.pgp.PgpSignatoryFactory$createSignatory.call(Unknown Source)
	at org.gradle.plugins.signing.signatory.pgp.PgpSignatoryProvider.getDefaultSignatory(PgpSignatoryProvider.groovy:36)
	at org.gradle.plugins.signing.signatory.pgp.PgpSignatoryProvider.getDefaultSignatory(PgpSignatoryProvider.groovy)
	at org.gradle.plugins.signing.signatory.SignatoryProvider$getDefaultSignatory.call(Unknown Source)
	at org.gradle.plugins.signing.SigningExtension.getSignatory(SigningExtension.groovy:170)
	at org.gradle.plugins.signing.SigningExtension_Decorated.getSignatory(Unknown Source)
	at org.gradle.plugins.signing.SigningExtension$_addSignatureSpecConventions_closure2.doCall(SigningExtension.groovy:198)
	at org.gradle.plugins.signing.SigningExtension$_addSignatureSpecConventions_closure2.doCall(SigningExtension.groovy)
	at org.gradle.api.internal.ConventionAwareHelper$2.getValue(ConventionAwareHelper.java:84)
	at org.gradle.api.internal.ConventionAwareHelper$MappedPropertyImpl.getValue(ConventionAwareHelper.java:136)
	at org.gradle.api.internal.ConventionAwareHelper.getConventionValue(ConventionAwareHelper.java:114)
	at org.gradle.plugins.signing.Sign_Decorated.getSignatory(Unknown Source)
	at org.gradle.plugins.signing.Sign$_closure1.doCall(Sign.groovy:65)
	at org.gradle.api.specs.internal.ClosureSpec.isSatisfiedBy(ClosureSpec.java:32)
	at org.gradle.api.specs.AndSpec.isSatisfiedBy(AndSpec.java:42)
	at org.gradle.api.internal.tasks.execution.SkipOnlyIfTaskExecuter.execute(SkipOnlyIfTaskExecuter.java:41)
	... 39 more


BUILD FAILED

Total time: 9.088 secs

2018-05-11 15:30:04,346 INFO  ProjectTaskService - Detecting possible tasks...
2018-05-11 15:30:04,347 INFO  SysUtils - Execute command: [/tmp/rdisk/1042/src/LDrawer-master/gradlew, -b, /tmp/rdisk/1042/src/LDrawer-master/sample/build.gradle, -Dorg.gradle.daemon=false, -Dorg.gradle.daemon.performance.enable-monitoring=false, -Dorg.gradle.configureondemand=true, tasks]
2018-05-11 15:30:11,038 INFO  ProjectTaskService - Detected possible tasks: 53
2018-05-11 15:30:11,038 INFO  ProjectTaskService - Excluded tasks (14): lintDebug androidJavadocs deviceCheck lint androidSourcesJar uninstallRelease connectedCheck uninstallAll androidJavadocsJar check connectedAndroidTest installDebug lintRelease uninstallDebug
2018-05-11 15:30:11,039 INFO  SysUtils - Execute command: [/tmp/rdisk/1042/src/LDrawer-master/gradlew, -b, /tmp/rdisk/1042/src/LDrawer-master/sample/build.gradle, -Dorg.gradle.daemon=false, -Dorg.gradle.daemon.performance.enable-monitoring=false, -Dorg.gradle.configureondemand=true, --stacktrace, -x, lintDebug, -x, androidJavadocs, -x, deviceCheck, -x, lint, -x, androidSourcesJar, -x, uninstallRelease, -x, connectedCheck, -x, uninstallAll, -x, androidJavadocsJar, -x, check, -x, connectedAndroidTest, -x, installDebug, -x, lintRelease, -x, uninstallDebug, build]
2018-05-11 15:30:15,810 ERROR SysUtils - Could not process external command
org.apache.commons.exec.ExecuteException: Process exited with an error: 1 (Exit value: 1)
	at org.apache.commons.exec.DefaultExecutor.executeInternal(DefaultExecutor.java:404)
	at org.apache.commons.exec.DefaultExecutor.execute(DefaultExecutor.java:166)
	at com.github.vbauer.apkmaster.util.SysUtils.execute(SysUtils.java:67)
	at com.github.vbauer.apkmaster.util.SysUtils.executeSimple(SysUtils.java:43)
	at com.github.vbauer.apkmaster.service.assembly.ProjectBuildService.buildProject(ProjectBuildService.java:78)
	at com.github.vbauer.apkmaster.service.assembly.ProjectBuildService.buildProject(ProjectBuildService.java:64)
	at com.github.vbauer.apkmaster.service.assembly.ProjectBuildService.buildProject(ProjectBuildService.java:43)
	at com.github.vbauer.apkmaster.service.FullProcessService.build(FullProcessService.java:84)
	at com.github.vbauer.apkmaster.service.FullProcessService.process(FullProcessService.java:34)
	at com.github.vbauer.apkmaster.app.MainApplication.process(MainApplication.java:38)
	at com.github.vbauer.apkmaster.app.MainApplication.main(MainApplication.java:20)
	at sun.reflect.GeneratedMethodAccessor8.invoke(Unknown Source)
	at sun.reflect.DelegatingMethodAccessorImpl.invoke(DelegatingMethodAccessorImpl.java:43)
	at java.lang.reflect.Method.invoke(Method.java:498)
	at com.android.arsenal.util.ReflectionUtils.invoke(ReflectionUtils.java:42)
	at com.android.arsenal.util.ApkMasterUtils.main(ApkMasterUtils.java:30)
	at com.android.arsenal.service.processor.impl.BuildProcessorServiceImpl.buildProject(BuildProcessorServiceImpl.java:197)
	at com.android.arsenal.service.processor.impl.BuildProcessorServiceImpl.build(BuildProcessorServiceImpl.java:131)
	at com.android.arsenal.service.processor.impl.BuildProcessorServiceImpl.lambda$null$1(BuildProcessorServiceImpl.java:114)
	at java.util.concurrent.FutureTask.run(FutureTask.java:266)
	at java.util.concurrent.Executors$RunnableAdapter.call(Executors.java:511)
	at java.util.concurrent.FutureTask.run(FutureTask.java:266)
	at java.util.concurrent.ThreadPoolExecutor.runWorker(ThreadPoolExecutor.java:1149)
	at java.util.concurrent.ThreadPoolExecutor$Worker.run(ThreadPoolExecutor.java:624)
	at java.lang.Thread.run(Thread.java:748)
2018-05-11 15:30:15,810 INFO  SysUtils - Configuration on demand is an incubating feature.
Relying on packaging to define the extension of the main artifact has been deprecated and is scheduled to be removed in Gradle 2.0

FAILURE: Build failed with an exception.

* What went wrong:
Task 'androidJavadocs' not found in project ':sample'.

* Try:
Run gradlew tasks to get a list of available tasks. Run with --info or --debug option to get more log output.

* Exception is:
org.gradle.execution.TaskSelectionException: Task 'androidJavadocs' not found in project ':sample'.
	at org.gradle.execution.TaskSelector.getSelection(TaskSelector.java:69)
	at org.gradle.execution.ExcludedTaskFilteringBuildConfigurationAction.configure(ExcludedTaskFilteringBuildConfigurationAction.java:37)
	at org.gradle.execution.DefaultBuildExecuter.configure(DefaultBuildExecuter.java:42)
	at org.gradle.execution.DefaultBuildExecuter.access$100(DefaultBuildExecuter.java:23)
	at org.gradle.execution.DefaultBuildExecuter$1.proceed(DefaultBuildExecuter.java:48)
	at org.gradle.execution.DefaultTasksBuildExecutionAction.configure(DefaultTasksBuildExecutionAction.java:38)
	at org.gradle.execution.DefaultBuildExecuter.configure(DefaultBuildExecuter.java:42)
	at org.gradle.execution.DefaultBuildExecuter.access$100(DefaultBuildExecuter.java:23)
	at org.gradle.execution.DefaultBuildExecuter$1.proceed(DefaultBuildExecuter.java:48)
	at org.gradle.execution.ProjectEvaluatingAction.configure(ProjectEvaluatingAction.java:52)
	at org.gradle.execution.DefaultBuildExecuter.configure(DefaultBuildExecuter.java:42)
	at org.gradle.execution.DefaultBuildExecuter.select(DefaultBuildExecuter.java:35)
	at org.gradle.initialization.DefaultGradleLauncher.doBuildStages(DefaultGradleLauncher.java:155)
	at org.gradle.initialization.DefaultGradleLauncher.doBuild(DefaultGradleLauncher.java:113)
	at org.gradle.initialization.DefaultGradleLauncher.run(DefaultGradleLauncher.java:81)
	at org.gradle.launcher.exec.InProcessBuildActionExecuter$DefaultBuildController.run(InProcessBuildActionExecuter.java:64)
	at org.gradle.launcher.cli.ExecuteBuildAction.run(ExecuteBuildAction.java:33)
	at org.gradle.launcher.cli.ExecuteBuildAction.run(ExecuteBuildAction.java:24)
	at org.gradle.launcher.exec.InProcessBuildActionExecuter.execute(InProcessBuildActionExecuter.java:35)
	at org.gradle.launcher.exec.InProcessBuildActionExecuter.execute(InProcessBuildActionExecuter.java:26)
	at org.gradle.launcher.cli.RunBuildAction.run(RunBuildAction.java:50)
	at org.gradle.internal.Actions$RunnableActionAdapter.execute(Actions.java:171)
	at org.gradle.launcher.cli.CommandLineActionFactory$ParseAndBuildAction.execute(CommandLineActionFactory.java:201)
	at org.gradle.launcher.cli.CommandLineActionFactory$ParseAndBuildAction.execute(CommandLineActionFactory.java:174)
	at org.gradle.launcher.cli.CommandLineActionFactory$WithLogging.execute(CommandLineActionFactory.java:170)
	at org.gradle.launcher.cli.CommandLineActionFactory$WithLogging.execute(CommandLineActionFactory.java:139)
	at org.gradle.launcher.cli.ExceptionReportingAction.execute(ExceptionReportingAction.java:33)
	at org.gradle.launcher.cli.ExceptionReportingAction.execute(ExceptionReportingAction.java:22)
	at org.gradle.launcher.Main.doAction(Main.java:46)
	at org.gradle.launcher.bootstrap.EntryPoint.run(EntryPoint.java:45)
	at org.gradle.launcher.Main.main(Main.java:37)
	at org.gradle.launcher.bootstrap.ProcessBootstrap.runNoExit(ProcessBootstrap.java:50)
	at org.gradle.launcher.bootstrap.ProcessBootstrap.run(ProcessBootstrap.java:32)
	at org.gradle.launcher.GradleMain.main(GradleMain.java:23)
	at org.gradle.wrapper.BootstrapMainStarter.start(BootstrapMainStarter.java:33)
	at org.gradle.wrapper.WrapperExecutor.execute(WrapperExecutor.java:130)
	at org.gradle.wrapper.GradleWrapperMain.main(GradleWrapperMain.java:48)


BUILD FAILED

Total time: 4.315 secs

2018-05-11 15:30:15,811 ERROR ProjectBuildService - Excluded tasks were detected wrong
2018-05-11 15:30:15,811 INFO  SysUtils - Execute command: [/tmp/rdisk/1042/src/LDrawer-master/gradlew, -b, /tmp/rdisk/1042/src/LDrawer-master/sample/build.gradle, -Dorg.gradle.daemon=false, -Dorg.gradle.daemon.performance.enable-monitoring=false, -Dorg.gradle.configureondemand=true, --stacktrace, build]
2018-05-11 15:30:30,687 INFO  SysUtils - Configuration on demand is an incubating feature.
Relying on packaging to define the extension of the main artifact has been deprecated and is scheduled to be removed in Gradle 2.0
:sample:preBuild
:sample:compileDebugNdk
:sample:preDebugBuild
:sample:checkDebugManifest
:sample:preReleaseBuild
:sample:prepareComAndroidSupportSupportV42000Library
:sample:prepareComIkimuhendisLdrawer01Library
:sample:prepareDebugDependencies
:sample:compileDebugAidl
:sample:compileDebugRenderscript
:sample:generateDebugBuildConfig
:sample:generateDebugAssets UP-TO-DATE
:sample:mergeDebugAssets
:sample:generateDebugResValues
:sample:generateDebugResources
:sample:mergeDebugResources
:sample:processDebugManifest
:sample:processDebugResources
:sample:generateDebugSources
:sample:compileDebugJava
:sample:preDexDebug
:sample:dexDebug
:sample:processDebugJavaRes UP-TO-DATE
:sample:validateDebugSigning
:sample:packageDebug
:sample:zipalignDebug
:sample:assembleDebug
:sample:checkReleaseManifest
:sample:prepareReleaseDependencies
:sample:compileReleaseAidl
:sample:compileReleaseRenderscript
:sample:generateReleaseBuildConfig
:sample:generateReleaseAssets UP-TO-DATE
:sample:mergeReleaseAssets
:sample:generateReleaseResValues
:sample:generateReleaseResources
:sample:mergeReleaseResources
:sample:processReleaseManifest
:sample:processReleaseResources
:sample:generateReleaseSources
:sample:compileReleaseJava
:sample:lintVitalRelease SKIPPED
:sample:compileReleaseNdk
:sample:preDexRelease
:sample:dexRelease
:sample:processReleaseJavaRes UP-TO-DATE
:sample:packageRelease
:sample:assembleRelease
:sample:assemble
:sample:compileLint
:sample:lint
Ran lint on variant debug: 4 issues found
Ran lint on variant release: 4 issues found
Wrote HTML report to file:/tmp/rdisk/1042/src/LDrawer-master/sample/build/outputs/lint-results.html
Wrote XML report to /tmp/rdisk/1042/src/LDrawer-master/sample/build/outputs/lint-results.xml
:sample:check
:sample:build

BUILD SUCCESSFUL

Total time: 14.344 secs

2018-05-11 15:30:30,701 INFO  FullProcessService - Found APK file: /tmp/rdisk/1042/src/LDrawer-master/sample/build/outputs/apk/sample-release-unsigned.apk
