2018-05-22 08:46:26,470 INFO  DownloadService - Downloading "https://github.com/Manabu-GT/ExpandableTextView/archive/master.zip", attempt 3
2018-05-22 08:47:26,471 INFO  GithubDownloadService - Could not find ZIP archive for master branch
2018-05-22 08:47:28,140 INFO  GithubDownloadService - Default branch of this repository: master
2018-05-22 08:47:28,140 INFO  DownloadService - Downloading "https://github.com/Manabu-GT/ExpandableTextView/archive/master.zip", attempt 3
2018-05-22 08:48:29,145 DEBUG FullProcessService - Repository https://github.com/Manabu-GT/ExpandableTextView available: true
2018-05-22 08:48:29,145 INFO  FullProcessService - Could not download ZIP file from Github, lets clone it
2018-05-22 08:48:29,145 INFO  SysUtils - Execute command: [git, clone, -q, --single-branch, --depth, 1, https://github.com/Manabu-GT/ExpandableTextView, /tmp/rdisk/1203/src]
2018-05-22 08:48:32,935 INFO  SysUtils - 
2018-05-22 08:48:32,940 INFO  GitService - Deleted "/tmp/rdisk/1203/src/.git": true
2018-05-22 08:48:32,943 INFO  FullProcessService - Size of directory with sources: 1 MB
2018-05-22 08:48:32,943 INFO  SysUtils - Execute command: [git, init, /tmp/rdisk/1203/src]
2018-05-22 08:48:32,948 INFO  SysUtils - Initialized empty Git repository in /tmp/rdisk/1203/src/.git/

2018-05-22 08:48:32,951 INFO  ProjectBuildService - Gradle wrapper(s): /tmp/rdisk/1203/src/gradlew
2018-05-22 08:48:32,954 INFO  ProjectBuildService - Build script(s): /tmp/rdisk/1203/src/lib/build.gradle /tmp/rdisk/1203/src/sample/build.gradle /tmp/rdisk/1203/src/build.gradle
2018-05-22 08:48:32,956 INFO  ProjectBuildService - All script(s): /tmp/rdisk/1203/src/settings.gradle /tmp/rdisk/1203/src/sample/build.gradle /tmp/rdisk/1203/src/lib/build.gradle /tmp/rdisk/1203/src/build.gradle
2018-05-22 08:48:32,957 INFO  DownloadService - Downloading "https://raw.githubusercontent.com/chrisbanes/gradle-mvn-push/master/gradle-mvn-push.gradle", attempt 3
2018-05-22 08:48:34,157 INFO  DownloadService - Downloaded https://raw.githubusercontent.com/chrisbanes/gradle-mvn-push/master/gradle-mvn-push.gradle, attempt 3
2018-05-22 08:48:34,158 INFO  ProjectBuildService - Remote scripts: https://raw.githubusercontent.com/chrisbanes/gradle-mvn-push/master/gradle-mvn-push.gradle
2018-05-22 08:48:34,158 INFO  ProjectFixService - Fixing project...
2018-05-22 08:48:34,166 INFO  LocalPropertiesFixService - Created fake /tmp/rdisk/1203/src/lib/local.properties
2018-05-22 08:48:34,168 INFO  ProjectFixService - Build info for "/tmp/rdisk/1203/src/lib/build.gradle": [buildToolsVersion=<null>,compileSdkVersion=<null>,minSdkVersion=<null>,targetSdkVersion=<null>]
2018-05-22 08:48:34,168 INFO  ProjectFixService - Fixed build info for "/tmp/rdisk/1203/src/lib/build.gradle": [buildToolsVersion=28.0.0-rc1,compileSdkVersion=27,minSdkVersion=27,targetSdkVersion=27]
2018-05-22 08:48:34,168 INFO  LocalPropertiesFixService - Created fake /tmp/rdisk/1203/src/sample/local.properties
2018-05-22 08:48:34,170 INFO  ProjectFixService - Build info for "/tmp/rdisk/1203/src/sample/build.gradle": [buildToolsVersion=<null>,compileSdkVersion=<null>,minSdkVersion=<null>,targetSdkVersion=<null>]
2018-05-22 08:48:34,170 INFO  ProjectFixService - Fixed build info for "/tmp/rdisk/1203/src/sample/build.gradle": [buildToolsVersion=28.0.0-rc1,compileSdkVersion=27,minSdkVersion=27,targetSdkVersion=27]
2018-05-22 08:48:34,171 INFO  LocalPropertiesFixService - Created fake /tmp/rdisk/1203/src/local.properties
2018-05-22 08:48:34,171 INFO  WrapperPropertiesFixService - Gradle wrapper: https://services.gradle.org/distributions/gradle-2.2.1-all.zip
2018-05-22 08:48:34,171 INFO  WrapperPropertiesFixService - Gradle wrapper was changed from "-all.zip" to "-bin.zip" (https://services.gradle.org/distributions/gradle-2.2.1-bin.zip)
2018-05-22 08:48:34,173 INFO  ProjectFixService - Build info for "/tmp/rdisk/1203/src/build.gradle": [buildToolsVersion=<null>,compileSdkVersion=<null>,minSdkVersion=<null>,targetSdkVersion=<null>]
2018-05-22 08:48:34,173 INFO  ProjectFixService - Fixed build info for "/tmp/rdisk/1203/src/build.gradle": [buildToolsVersion=28.0.0-rc1,compileSdkVersion=27,minSdkVersion=27,targetSdkVersion=27]
2018-05-22 08:48:34,173 INFO  ProjectFixService - Project was maybe fixed
2018-05-22 08:48:34,173 INFO  ProjectTaskService - Detecting possible tasks...
2018-05-22 08:48:34,173 INFO  SysUtils - Execute command: [/tmp/rdisk/1203/src/gradlew, -b, /tmp/rdisk/1203/src/lib/build.gradle, -Dorg.gradle.daemon=false, -Dorg.gradle.daemon.performance.enable-monitoring=false, -Dorg.gradle.configureondemand=true, tasks]
2018-05-22 08:48:42,665 ERROR ProjectTaskService - Could not detect possible Gradle tasks: Process exited with an error: 1 (Exit value: 1)
2018-05-22 08:48:42,666 INFO  ProjectTaskService - Detected possible tasks: 4
2018-05-22 08:48:42,666 INFO  ProjectTaskService - Excluded tasks (3): androidJavadocsJar androidJavadocs androidSourcesJar
2018-05-22 08:48:42,666 INFO  SysUtils - Execute command: [/tmp/rdisk/1203/src/gradlew, -b, /tmp/rdisk/1203/src/lib/build.gradle, -Dorg.gradle.daemon=false, -Dorg.gradle.daemon.performance.enable-monitoring=false, -Dorg.gradle.configureondemand=true, --stacktrace, -x, androidJavadocsJar, -x, androidJavadocs, -x, androidSourcesJar, build]
2018-05-22 08:48:54,677 ERROR SysUtils - Could not process external command
org.apache.commons.exec.ExecuteException: Process exited with an error: 1 (Exit value: 1)
	at org.apache.commons.exec.DefaultExecutor.executeInternal(DefaultExecutor.java:404)
	at org.apache.commons.exec.DefaultExecutor.execute(DefaultExecutor.java:166)
	at com.github.vbauer.apkmaster.util.SysUtils.execute(SysUtils.java:67)
	at com.github.vbauer.apkmaster.util.SysUtils.executeSimple(SysUtils.java:43)
	at com.github.vbauer.apkmaster.service.assembly.ProjectBuildService.buildProject(ProjectBuildService.java:78)
	at com.github.vbauer.apkmaster.service.assembly.ProjectBuildService.buildProject(ProjectBuildService.java:64)
	at com.github.vbauer.apkmaster.service.assembly.ProjectBuildService.buildProject(ProjectBuildService.java:43)
	at com.github.vbauer.apkmaster.service.FullProcessService.build(FullProcessService.java:84)
	at com.github.vbauer.apkmaster.service.FullProcessService.process(FullProcessService.java:34)
	at com.github.vbauer.apkmaster.app.MainApplication.process(MainApplication.java:38)
	at com.github.vbauer.apkmaster.app.MainApplication.main(MainApplication.java:20)
	at sun.reflect.GeneratedMethodAccessor8.invoke(Unknown Source)
	at sun.reflect.DelegatingMethodAccessorImpl.invoke(DelegatingMethodAccessorImpl.java:43)
	at java.lang.reflect.Method.invoke(Method.java:498)
	at com.android.arsenal.util.ReflectionUtils.invoke(ReflectionUtils.java:42)
	at com.android.arsenal.util.ApkMasterUtils.main(ApkMasterUtils.java:30)
	at com.android.arsenal.service.processor.impl.BuildProcessorServiceImpl.buildProject(BuildProcessorServiceImpl.java:197)
	at com.android.arsenal.service.processor.impl.BuildProcessorServiceImpl.build(BuildProcessorServiceImpl.java:131)
	at com.android.arsenal.service.processor.impl.BuildProcessorServiceImpl.lambda$null$1(BuildProcessorServiceImpl.java:114)
	at java.util.concurrent.FutureTask.run(FutureTask.java:266)
	at java.util.concurrent.Executors$RunnableAdapter.call(Executors.java:511)
	at java.util.concurrent.FutureTask.run(FutureTask.java:266)
	at java.util.concurrent.ThreadPoolExecutor.runWorker(ThreadPoolExecutor.java:1149)
	at java.util.concurrent.ThreadPoolExecutor$Worker.run(ThreadPoolExecutor.java:624)
	at java.lang.Thread.run(Thread.java:748)
2018-05-22 08:48:54,678 INFO  SysUtils - Configuration on demand is an incubating feature.
:lib:compileLint
:lib:copyDebugLint UP-TO-DATE
:lib:preBuild UP-TO-DATE
:lib:preDebugBuild UP-TO-DATE
:lib:checkDebugManifest
:lib:prepareDebugDependencies
:lib:compileDebugAidl
:lib:compileDebugRenderscript
:lib:generateDebugBuildConfig
:lib:generateDebugAssets UP-TO-DATE
:lib:mergeDebugAssets
:lib:generateDebugResValues
:lib:generateDebugResources
:lib:packageDebugResources
:lib:processDebugManifest
:lib:processDebugResources
:lib:generateDebugSources
:lib:processDebugJavaRes UP-TO-DATE
:lib:compileDebugJavaWithJavacNote: /tmp/rdisk/1203/src/lib/src/main/java/com/ms/square/android/expandabletextview/ExpandableTextView.java uses or overrides a deprecated API.
Note: Recompile with -Xlint:deprecation for details.

:lib:extractDebugAnnotations
:lib:mergeDebugProguardFiles
:lib:packageDebugJar
:lib:compileDebugNdk UP-TO-DATE
:lib:packageDebugJniLibs UP-TO-DATE
:lib:packageDebugLocalJar UP-TO-DATE
:lib:packageDebugRenderscript UP-TO-DATE
:lib:bundleDebug
:lib:compileDebugSources
:lib:assembleDebug
:lib:copyReleaseLint UP-TO-DATE
:lib:preReleaseBuild UP-TO-DATE
:lib:checkReleaseManifest
:lib:prepareReleaseDependencies
:lib:compileReleaseAidl
:lib:compileReleaseRenderscript
:lib:generateReleaseBuildConfig
:lib:generateReleaseAssets UP-TO-DATE
:lib:mergeReleaseAssets
:lib:generateReleaseResValues
:lib:generateReleaseResources
:lib:packageReleaseResources
:lib:processReleaseManifest
:lib:processReleaseResources
:lib:generateReleaseSources
:lib:processReleaseJavaRes UP-TO-DATE
:lib:compileReleaseJavaWithJavacNote: /tmp/rdisk/1203/src/lib/src/main/java/com/ms/square/android/expandabletextview/ExpandableTextView.java uses or overrides a deprecated API.
Note: Recompile with -Xlint:deprecation for details.

:lib:extractReleaseAnnotations
:lib:mergeReleaseProguardFiles
:lib:packageReleaseJar
:lib:compileReleaseNdk UP-TO-DATE
:lib:packageReleaseJniLibs UP-TO-DATE
:lib:packageReleaseLocalJar UP-TO-DATE
:lib:packageReleaseRenderscript UP-TO-DATE
:lib:bundleRelease
:lib:compileReleaseSources
:lib:assembleRelease
:lib:signArchives SKIPPED
:lib:assemble
:lib:lint
Ran lint on variant release: 6 issues found
Ran lint on variant debug: 6 issues found
Wrote HTML report to file:/tmp/rdisk/1203/src/lib/build/outputs/lint-results.html
Wrote XML report to /tmp/rdisk/1203/src/lib/build/outputs/lint-results.xml
:lib:lint FAILED

FAILURE: Build failed with an exception.

* What went wrong:
Execution failed for task ':lib:lint'.
> Lint found errors in the project; aborting build.
  
  Fix the issues identified by lint, or add the following to your build script to proceed with errors:
  ...
  android {
      lintOptions {
          abortOnError false
      }
  }
  ...

* Try:
Run with --info or --debug option to get more log output.

* Exception is:
org.gradle.api.tasks.TaskExecutionException: Execution failed for task ':lib:lint'.
	at org.gradle.api.internal.tasks.execution.ExecuteActionsTaskExecuter.executeActions(ExecuteActionsTaskExecuter.java:69)
	at org.gradle.api.internal.tasks.execution.ExecuteActionsTaskExecuter.execute(ExecuteActionsTaskExecuter.java:46)
	at org.gradle.api.internal.tasks.execution.PostExecutionAnalysisTaskExecuter.execute(PostExecutionAnalysisTaskExecuter.java:35)
	at org.gradle.api.internal.tasks.execution.SkipUpToDateTaskExecuter.execute(SkipUpToDateTaskExecuter.java:64)
	at org.gradle.api.internal.tasks.execution.ValidatingTaskExecuter.execute(ValidatingTaskExecuter.java:58)
	at org.gradle.api.internal.tasks.execution.SkipEmptySourceFilesTaskExecuter.execute(SkipEmptySourceFilesTaskExecuter.java:42)
	at org.gradle.api.internal.tasks.execution.SkipTaskWithNoActionsExecuter.execute(SkipTaskWithNoActionsExecuter.java:52)
	at org.gradle.api.internal.tasks.execution.SkipOnlyIfTaskExecuter.execute(SkipOnlyIfTaskExecuter.java:53)
	at org.gradle.api.internal.tasks.execution.ExecuteAtMostOnceTaskExecuter.execute(ExecuteAtMostOnceTaskExecuter.java:43)
	at org.gradle.api.internal.AbstractTask.executeWithoutThrowingTaskFailure(AbstractTask.java:305)
	at org.gradle.execution.taskgraph.AbstractTaskPlanExecutor$TaskExecutorWorker.executeTask(AbstractTaskPlanExecutor.java:79)
	at org.gradle.execution.taskgraph.AbstractTaskPlanExecutor$TaskExecutorWorker.processTask(AbstractTaskPlanExecutor.java:63)
	at org.gradle.execution.taskgraph.AbstractTaskPlanExecutor$TaskExecutorWorker.run(AbstractTaskPlanExecutor.java:51)
	at org.gradle.execution.taskgraph.DefaultTaskPlanExecutor.process(DefaultTaskPlanExecutor.java:23)
	at org.gradle.execution.taskgraph.DefaultTaskGraphExecuter.execute(DefaultTaskGraphExecuter.java:88)
	at org.gradle.execution.SelectedTaskExecutionAction.execute(SelectedTaskExecutionAction.java:29)
	at org.gradle.execution.DefaultBuildExecuter.execute(DefaultBuildExecuter.java:62)
	at org.gradle.execution.DefaultBuildExecuter.access$200(DefaultBuildExecuter.java:23)
	at org.gradle.execution.DefaultBuildExecuter$2.proceed(DefaultBuildExecuter.java:68)
	at org.gradle.execution.DryRunBuildExecutionAction.execute(DryRunBuildExecutionAction.java:32)
	at org.gradle.execution.DefaultBuildExecuter.execute(DefaultBuildExecuter.java:62)
	at org.gradle.execution.DefaultBuildExecuter.execute(DefaultBuildExecuter.java:55)
	at org.gradle.initialization.DefaultGradleLauncher.doBuildStages(DefaultGradleLauncher.java:149)
	at org.gradle.initialization.DefaultGradleLauncher.doBuild(DefaultGradleLauncher.java:106)
	at org.gradle.initialization.DefaultGradleLauncher.run(DefaultGradleLauncher.java:86)
	at org.gradle.launcher.exec.InProcessBuildActionExecuter$DefaultBuildController.run(InProcessBuildActionExecuter.java:80)
	at org.gradle.launcher.cli.ExecuteBuildAction.run(ExecuteBuildAction.java:33)
	at org.gradle.launcher.cli.ExecuteBuildAction.run(ExecuteBuildAction.java:24)
	at org.gradle.launcher.exec.InProcessBuildActionExecuter.execute(InProcessBuildActionExecuter.java:36)
	at org.gradle.launcher.exec.InProcessBuildActionExecuter.execute(InProcessBuildActionExecuter.java:26)
	at org.gradle.launcher.cli.RunBuildAction.run(RunBuildAction.java:51)
	at org.gradle.internal.Actions$RunnableActionAdapter.execute(Actions.java:171)
	at org.gradle.launcher.cli.CommandLineActionFactory$ParseAndBuildAction.execute(CommandLineActionFactory.java:237)
	at org.gradle.launcher.cli.CommandLineActionFactory$ParseAndBuildAction.execute(CommandLineActionFactory.java:210)
	at org.gradle.launcher.cli.JavaRuntimeValidationAction.execute(JavaRuntimeValidationAction.java:35)
	at org.gradle.launcher.cli.JavaRuntimeValidationAction.execute(JavaRuntimeValidationAction.java:24)
	at org.gradle.launcher.cli.CommandLineActionFactory$WithLogging.execute(CommandLineActionFactory.java:206)
	at org.gradle.launcher.cli.CommandLineActionFactory$WithLogging.execute(CommandLineActionFactory.java:169)
	at org.gradle.launcher.cli.ExceptionReportingAction.execute(ExceptionReportingAction.java:33)
	at org.gradle.launcher.cli.ExceptionReportingAction.execute(ExceptionReportingAction.java:22)
	at org.gradle.launcher.Main.doAction(Main.java:33)
	at org.gradle.launcher.bootstrap.EntryPoint.run(EntryPoint.java:45)
	at org.gradle.launcher.bootstrap.ProcessBootstrap.runNoExit(ProcessBootstrap.java:54)
	at org.gradle.launcher.bootstrap.ProcessBootstrap.run(ProcessBootstrap.java:35)
	at org.gradle.launcher.GradleMain.main(GradleMain.java:23)
	at org.gradle.wrapper.BootstrapMainStarter.start(BootstrapMainStarter.java:33)
	at org.gradle.wrapper.WrapperExecutor.execute(WrapperExecutor.java:130)
	at org.gradle.wrapper.GradleWrapperMain.main(GradleWrapperMain.java:48)
Caused by: org.gradle.api.GradleException: Lint found errors in the project; aborting build.

Fix the issues identified by lint, or add the following to your build script to proceed with errors:
...
android {
    lintOptions {
        abortOnError false
    }
}
...
	at com.android.build.gradle.tasks.Lint.abort(Lint.groovy:171)
	at com.android.build.gradle.tasks.Lint.lintAllVariants(Lint.groovy:136)
	at com.android.build.gradle.tasks.Lint$lintAllVariants$4.callCurrent(Unknown Source)
	at com.android.build.gradle.tasks.Lint.lint(Lint.groovy:82)
	at org.gradle.internal.reflect.JavaMethod.invoke(JavaMethod.java:63)
	at org.gradle.api.internal.project.taskfactory.AnnotationProcessingTaskFactory$StandardTaskAction.doExecute(AnnotationProcessingTaskFactory.java:218)
	at org.gradle.api.internal.project.taskfactory.AnnotationProcessingTaskFactory$StandardTaskAction.execute(AnnotationProcessingTaskFactory.java:211)
	at org.gradle.api.internal.project.taskfactory.AnnotationProcessingTaskFactory$StandardTaskAction.execute(AnnotationProcessingTaskFactory.java:200)
	at org.gradle.api.internal.AbstractTask$TaskActionWrapper.execute(AbstractTask.java:579)
	at org.gradle.api.internal.AbstractTask$TaskActionWrapper.execute(AbstractTask.java:562)
	at org.gradle.api.internal.tasks.execution.ExecuteActionsTaskExecuter.executeAction(ExecuteActionsTaskExecuter.java:80)
	at org.gradle.api.internal.tasks.execution.ExecuteActionsTaskExecuter.executeActions(ExecuteActionsTaskExecuter.java:61)
	... 47 more


BUILD FAILED

Total time: 11.55 secs

2018-05-22 08:48:54,686 INFO  ProjectTaskService - Detecting possible tasks...
2018-05-22 08:48:54,686 INFO  SysUtils - Execute command: [/tmp/rdisk/1203/src/gradlew, -b, /tmp/rdisk/1203/src/sample/build.gradle, -Dorg.gradle.daemon=false, -Dorg.gradle.daemon.performance.enable-monitoring=false, -Dorg.gradle.configureondemand=true, tasks]
2018-05-22 08:49:01,889 INFO  ProjectTaskService - Detected possible tasks: 69
2018-05-22 08:49:01,889 INFO  ProjectTaskService - Excluded tasks (22): lintDebug mockableAndroidJar androidJavadocs deviceCheck lint androidSourcesJar testReleaseUnitTest uninstallRelease deviceAndroidTest uninstallDebugAndroidTest installDebugAndroidTest connectedCheck connectedDebugAndroidTest uninstallAll androidJavadocsJar test check testDebugUnitTest connectedAndroidTest installDebug lintRelease uninstallDebug
2018-05-22 08:49:01,890 INFO  SysUtils - Execute command: [/tmp/rdisk/1203/src/gradlew, -b, /tmp/rdisk/1203/src/sample/build.gradle, -Dorg.gradle.daemon=false, -Dorg.gradle.daemon.performance.enable-monitoring=false, -Dorg.gradle.configureondemand=true, --stacktrace, -x, lintDebug, -x, mockableAndroidJar, -x, androidJavadocs, -x, deviceCheck, -x, lint, -x, androidSourcesJar, -x, testReleaseUnitTest, -x, uninstallRelease, -x, deviceAndroidTest, -x, uninstallDebugAndroidTest, -x, installDebugAndroidTest, -x, connectedCheck, -x, connectedDebugAndroidTest, -x, uninstallAll, -x, androidJavadocsJar, -x, test, -x, check, -x, testDebugUnitTest, -x, connectedAndroidTest, -x, installDebug, -x, lintRelease, -x, uninstallDebug, build]
2018-05-22 08:49:08,785 ERROR SysUtils - Could not process external command
org.apache.commons.exec.ExecuteException: Process exited with an error: 1 (Exit value: 1)
	at org.apache.commons.exec.DefaultExecutor.executeInternal(DefaultExecutor.java:404)
	at org.apache.commons.exec.DefaultExecutor.execute(DefaultExecutor.java:166)
	at com.github.vbauer.apkmaster.util.SysUtils.execute(SysUtils.java:67)
	at com.github.vbauer.apkmaster.util.SysUtils.executeSimple(SysUtils.java:43)
	at com.github.vbauer.apkmaster.service.assembly.ProjectBuildService.buildProject(ProjectBuildService.java:78)
	at com.github.vbauer.apkmaster.service.assembly.ProjectBuildService.buildProject(ProjectBuildService.java:64)
	at com.github.vbauer.apkmaster.service.assembly.ProjectBuildService.buildProject(ProjectBuildService.java:43)
	at com.github.vbauer.apkmaster.service.FullProcessService.build(FullProcessService.java:84)
	at com.github.vbauer.apkmaster.service.FullProcessService.process(FullProcessService.java:34)
	at com.github.vbauer.apkmaster.app.MainApplication.process(MainApplication.java:38)
	at com.github.vbauer.apkmaster.app.MainApplication.main(MainApplication.java:20)
	at sun.reflect.GeneratedMethodAccessor8.invoke(Unknown Source)
	at sun.reflect.DelegatingMethodAccessorImpl.invoke(DelegatingMethodAccessorImpl.java:43)
	at java.lang.reflect.Method.invoke(Method.java:498)
	at com.android.arsenal.util.ReflectionUtils.invoke(ReflectionUtils.java:42)
	at com.android.arsenal.util.ApkMasterUtils.main(ApkMasterUtils.java:30)
	at com.android.arsenal.service.processor.impl.BuildProcessorServiceImpl.buildProject(BuildProcessorServiceImpl.java:197)
	at com.android.arsenal.service.processor.impl.BuildProcessorServiceImpl.build(BuildProcessorServiceImpl.java:131)
	at com.android.arsenal.service.processor.impl.BuildProcessorServiceImpl.lambda$null$1(BuildProcessorServiceImpl.java:114)
	at java.util.concurrent.FutureTask.run(FutureTask.java:266)
	at java.util.concurrent.Executors$RunnableAdapter.call(Executors.java:511)
	at java.util.concurrent.FutureTask.run(FutureTask.java:266)
	at java.util.concurrent.ThreadPoolExecutor.runWorker(ThreadPoolExecutor.java:1149)
	at java.util.concurrent.ThreadPoolExecutor$Worker.run(ThreadPoolExecutor.java:624)
	at java.lang.Thread.run(Thread.java:748)
2018-05-22 08:49:08,785 INFO  SysUtils - Configuration on demand is an incubating feature.

FAILURE: Build failed with an exception.

* What went wrong:
Task 'androidJavadocs' not found in project ':sample'.

* Try:
Run gradlew tasks to get a list of available tasks. Run with --info or --debug option to get more log output.

* Exception is:
org.gradle.execution.TaskSelectionException: Task 'androidJavadocs' not found in project ':sample'.
	at org.gradle.execution.TaskSelector.getSelection(TaskSelector.java:101)
	at org.gradle.execution.TaskSelector.getFilter(TaskSelector.java:64)
	at org.gradle.execution.ExcludedTaskFilteringBuildConfigurationAction.configure(ExcludedTaskFilteringBuildConfigurationAction.java:42)
	at org.gradle.execution.DefaultBuildExecuter.configure(DefaultBuildExecuter.java:42)
	at org.gradle.execution.DefaultBuildExecuter.access$100(DefaultBuildExecuter.java:23)
	at org.gradle.execution.DefaultBuildExecuter$1.proceed(DefaultBuildExecuter.java:48)
	at org.gradle.execution.DefaultTasksBuildExecutionAction.configure(DefaultTasksBuildExecutionAction.java:44)
	at org.gradle.execution.DefaultBuildExecuter.configure(DefaultBuildExecuter.java:42)
	at org.gradle.execution.DefaultBuildExecuter.select(DefaultBuildExecuter.java:35)
	at org.gradle.initialization.DefaultGradleLauncher.doBuildStages(DefaultGradleLauncher.java:142)
	at org.gradle.initialization.DefaultGradleLauncher.doBuild(DefaultGradleLauncher.java:106)
	at org.gradle.initialization.DefaultGradleLauncher.run(DefaultGradleLauncher.java:86)
	at org.gradle.launcher.exec.InProcessBuildActionExecuter$DefaultBuildController.run(InProcessBuildActionExecuter.java:80)
	at org.gradle.launcher.cli.ExecuteBuildAction.run(ExecuteBuildAction.java:33)
	at org.gradle.launcher.cli.ExecuteBuildAction.run(ExecuteBuildAction.java:24)
	at org.gradle.launcher.exec.InProcessBuildActionExecuter.execute(InProcessBuildActionExecuter.java:36)
	at org.gradle.launcher.exec.InProcessBuildActionExecuter.execute(InProcessBuildActionExecuter.java:26)
	at org.gradle.launcher.cli.RunBuildAction.run(RunBuildAction.java:51)
	at org.gradle.internal.Actions$RunnableActionAdapter.execute(Actions.java:171)
	at org.gradle.launcher.cli.CommandLineActionFactory$ParseAndBuildAction.execute(CommandLineActionFactory.java:237)
	at org.gradle.launcher.cli.CommandLineActionFactory$ParseAndBuildAction.execute(CommandLineActionFactory.java:210)
	at org.gradle.launcher.cli.JavaRuntimeValidationAction.execute(JavaRuntimeValidationAction.java:35)
	at org.gradle.launcher.cli.JavaRuntimeValidationAction.execute(JavaRuntimeValidationAction.java:24)
	at org.gradle.launcher.cli.CommandLineActionFactory$WithLogging.execute(CommandLineActionFactory.java:206)
	at org.gradle.launcher.cli.CommandLineActionFactory$WithLogging.execute(CommandLineActionFactory.java:169)
	at org.gradle.launcher.cli.ExceptionReportingAction.execute(ExceptionReportingAction.java:33)
	at org.gradle.launcher.cli.ExceptionReportingAction.execute(ExceptionReportingAction.java:22)
	at org.gradle.launcher.Main.doAction(Main.java:33)
	at org.gradle.launcher.bootstrap.EntryPoint.run(EntryPoint.java:45)
	at org.gradle.launcher.bootstrap.ProcessBootstrap.runNoExit(ProcessBootstrap.java:54)
	at org.gradle.launcher.bootstrap.ProcessBootstrap.run(ProcessBootstrap.java:35)
	at org.gradle.launcher.GradleMain.main(GradleMain.java:23)
	at org.gradle.wrapper.BootstrapMainStarter.start(BootstrapMainStarter.java:33)
	at org.gradle.wrapper.WrapperExecutor.execute(WrapperExecutor.java:130)
	at org.gradle.wrapper.GradleWrapperMain.main(GradleWrapperMain.java:48)


BUILD FAILED

Total time: 6.431 secs

2018-05-22 08:49:08,785 ERROR ProjectBuildService - Excluded tasks were detected wrong
2018-05-22 08:49:08,785 INFO  SysUtils - Execute command: [/tmp/rdisk/1203/src/gradlew, -b, /tmp/rdisk/1203/src/sample/build.gradle, -Dorg.gradle.daemon=false, -Dorg.gradle.daemon.performance.enable-monitoring=false, -Dorg.gradle.configureondemand=true, --stacktrace, build]
2018-05-22 08:49:47,829 INFO  SysUtils - Configuration on demand is an incubating feature.
:lib:compileLint
:lib:copyReleaseLint UP-TO-DATE
:lib:preBuild UP-TO-DATE
:lib:preReleaseBuild UP-TO-DATE
:lib:checkReleaseManifest
:lib:prepareReleaseDependencies
:lib:compileReleaseAidl UP-TO-DATE
:lib:compileReleaseRenderscript UP-TO-DATE
:lib:generateReleaseBuildConfig UP-TO-DATE
:lib:generateReleaseAssets UP-TO-DATE
:lib:mergeReleaseAssets UP-TO-DATE
:lib:generateReleaseResValues UP-TO-DATE
:lib:generateReleaseResources UP-TO-DATE
:lib:packageReleaseResources UP-TO-DATE
:lib:processReleaseManifest UP-TO-DATE
:lib:processReleaseResources UP-TO-DATE
:lib:generateReleaseSources UP-TO-DATE
:lib:processReleaseJavaRes UP-TO-DATE
:lib:compileReleaseJavaWithJavac UP-TO-DATE
:lib:extractReleaseAnnotations UP-TO-DATE
:lib:mergeReleaseProguardFiles UP-TO-DATE
:lib:packageReleaseJar UP-TO-DATE
:lib:compileReleaseNdk UP-TO-DATE
:lib:packageReleaseJniLibs UP-TO-DATE
:lib:packageReleaseLocalJar UP-TO-DATE
:lib:packageReleaseRenderscript UP-TO-DATE
:lib:bundleRelease UP-TO-DATE
:sample:preBuild UP-TO-DATE
:sample:preDebugBuild UP-TO-DATE
:sample:checkDebugManifest
:sample:preReleaseBuild UP-TO-DATE
:sample:prepareComAndroidSupportAppcompatV72311Library
:sample:prepareComAndroidSupportDesign2311Library
:sample:prepareComAndroidSupportRecyclerviewV72311Library
:sample:prepareComAndroidSupportSupportV42311Library
:sample:prepareSrcLibUnspecifiedLibrary
:sample:prepareDebugDependencies
:sample:compileDebugAidl
:sample:compileDebugRenderscript
:sample:generateDebugBuildConfig
:sample:generateDebugAssets UP-TO-DATE
:sample:mergeDebugAssets
:sample:generateDebugResValues
:sample:generateDebugResources
:sample:mergeDebugResources
:sample:processDebugManifest
:sample:processDebugResources
:sample:generateDebugSources
:sample:processDebugJavaRes UP-TO-DATE
:sample:compileDebugJavaWithJavac
:sample:compileDebugNdk UP-TO-DATE
:sample:compileDebugSources
:sample:preDexDebug
:sample:dexDebug
:sample:validateDebugSigning
:sample:packageDebug
:sample:zipalignDebug
:sample:assembleDebug
:sample:checkReleaseManifest
:sample:prepareReleaseDependencies
:sample:compileReleaseAidl
:sample:compileReleaseRenderscript
:sample:generateReleaseBuildConfig
:sample:generateReleaseAssets UP-TO-DATE
:sample:mergeReleaseAssets
:sample:generateReleaseResValues
:sample:generateReleaseResources
:sample:mergeReleaseResources
:sample:processReleaseManifest
:sample:processReleaseResources
:sample:generateReleaseSources
:sample:processReleaseJavaRes UP-TO-DATE
:sample:compileReleaseJavaWithJavac
:sample:compileReleaseNdk UP-TO-DATE
:sample:compileReleaseSources
:sample:preDexRelease
:sample:dexRelease
:sample:packageRelease
:sample:assembleRelease
:sample:assemble
:sample:compileLint
:sample:lint
Ran lint on variant debug: 20 issues found
Ran lint on variant release: 20 issues found
Wrote HTML report to file:/tmp/rdisk/1203/src/sample/build/outputs/lint-results.html
Wrote XML report to /tmp/rdisk/1203/src/sample/build/outputs/lint-results.xml
:sample:preDebugUnitTestBuild UP-TO-DATE
:sample:prepareDebugUnitTestDependencies
:sample:processDebugUnitTestJavaRes UP-TO-DATE
:sample:compileDebugUnitTestJavaWithJavac UP-TO-DATE
:sample:compileDebugUnitTestSources UP-TO-DATE
:sample:mockableAndroidJar
:sample:assembleDebugUnitTest
:sample:testDebugUnitTest
:sample:preReleaseUnitTestBuild UP-TO-DATE
:sample:prepareReleaseUnitTestDependencies
:sample:processReleaseUnitTestJavaRes UP-TO-DATE
:sample:compileReleaseUnitTestJavaWithJavac UP-TO-DATE
:sample:compileReleaseUnitTestSources UP-TO-DATE
:sample:assembleReleaseUnitTest
:sample:testReleaseUnitTest
:sample:test
:sample:check
:sample:build

BUILD SUCCESSFUL

Total time: 38.613 secs

2018-05-22 08:49:47,876 INFO  FullProcessService - Found APK file: /tmp/rdisk/1203/src/sample/build/outputs/apk/sample-release-unsigned.apk
