2018-04-08 06:20:23,449 INFO  DownloadService - Downloading "https://github.com/polok/TaggerString/archive/master.zip", attempt 3
2018-04-08 06:21:23,906 INFO  GithubDownloadService - Could not find ZIP archive for master branch
2018-04-08 06:21:24,595 INFO  GithubDownloadService - Default branch of this repository: master
2018-04-08 06:21:24,595 INFO  DownloadService - Downloading "https://github.com/polok/TaggerString/archive/master.zip", attempt 3
2018-04-08 06:22:25,784 DEBUG FullProcessService - Repository https://github.com/polok/TaggerString available: true
2018-04-08 06:22:25,784 INFO  FullProcessService - Could not download ZIP file from Github, lets clone it
2018-04-08 06:22:25,784 INFO  SysUtils - Execute command: [git, clone, -q, --single-branch, --depth, 1, https://github.com/polok/TaggerString, /tmp/rdisk/1048/src]
2018-04-08 06:22:27,576 INFO  SysUtils - 
2018-04-08 06:22:27,589 INFO  GitService - Deleted "/tmp/rdisk/1048/src/.git": true
2018-04-08 06:22:27,591 INFO  FullProcessService - Size of directory with sources: 179 KB
2018-04-08 06:22:27,591 INFO  SysUtils - Execute command: [git, init, /tmp/rdisk/1048/src]
2018-04-08 06:22:27,596 INFO  SysUtils - Initialized empty Git repository in /tmp/rdisk/1048/src/.git/

2018-04-08 06:22:27,598 INFO  ProjectBuildService - Gradle wrapper(s): /tmp/rdisk/1048/src/gradlew /tmp/rdisk/1048/src/gradle/gradlew
2018-04-08 06:22:27,601 INFO  ProjectBuildService - Build script(s): /tmp/rdisk/1048/src/app/build.gradle /tmp/rdisk/1048/src/library/build.gradle /tmp/rdisk/1048/src/build.gradle
2018-04-08 06:22:27,603 INFO  ProjectBuildService - All script(s): /tmp/rdisk/1048/src/settings.gradle /tmp/rdisk/1048/src/library/build.gradle /tmp/rdisk/1048/src/build.gradle /tmp/rdisk/1048/src/app/build.gradle
2018-04-08 06:22:27,603 INFO  DownloadService - Downloading "https://raw.github.com/chrisbanes/gradle-mvn-push/master/gradle-mvn-push.gradle", attempt 3
2018-04-08 06:22:28,265 INFO  DownloadService - Downloaded https://raw.github.com/chrisbanes/gradle-mvn-push/master/gradle-mvn-push.gradle, attempt 3
2018-04-08 06:22:28,266 INFO  ProjectBuildService - Remote scripts: https://raw.github.com/chrisbanes/gradle-mvn-push/master/gradle-mvn-push.gradle
2018-04-08 06:22:28,266 INFO  ProjectFixService - Fixing project...
2018-04-08 06:22:28,272 INFO  LocalPropertiesFixService - Created fake /tmp/rdisk/1048/src/app/local.properties
2018-04-08 06:22:28,272 INFO  ProjectFixService - Build info for "/tmp/rdisk/1048/src/app/build.gradle": [buildToolsVersion=20.0.0,compileSdkVersion=20,minSdkVersion=7,targetSdkVersion=20]
2018-04-08 06:22:28,272 INFO  LocalPropertiesFixService - Created fake /tmp/rdisk/1048/src/library/local.properties
2018-04-08 06:22:28,272 INFO  ProjectFixService - Build info for "/tmp/rdisk/1048/src/library/build.gradle": [buildToolsVersion=20.0.0,compileSdkVersion=20,minSdkVersion=7,targetSdkVersion=20]
2018-04-08 06:22:28,273 INFO  LocalPropertiesFixService - Created fake /tmp/rdisk/1048/src/local.properties
2018-04-08 06:22:28,273 INFO  WrapperPropertiesFixService - Gradle wrapper: https://services.gradle.org/distributions/gradle-2.2.1-all.zip
2018-04-08 06:22:28,273 INFO  WrapperPropertiesFixService - Gradle wrapper was changed from "-all.zip" to "-bin.zip" (https://services.gradle.org/distributions/gradle-2.2.1-bin.zip)
2018-04-08 06:22:28,274 INFO  ProjectFixService - Build info for "/tmp/rdisk/1048/src/build.gradle": [buildToolsVersion=20.0.0,compileSdkVersion=20,minSdkVersion=7,targetSdkVersion=20]
2018-04-08 06:22:28,274 INFO  ProjectFixService - Project was maybe fixed
2018-04-08 06:22:28,274 INFO  ProjectTaskService - Detecting possible tasks...
2018-04-08 06:22:28,274 INFO  SysUtils - Execute command: [/tmp/rdisk/1048/src/gradlew, -b, /tmp/rdisk/1048/src/app/build.gradle, -Dorg.gradle.daemon=false, -Dorg.gradle.daemon.performance.enable-monitoring=false, -Dorg.gradle.configureondemand=true, tasks]
2018-04-08 06:22:38,273 INFO  ProjectTaskService - Detected possible tasks: 57
2018-04-08 06:22:38,273 INFO  ProjectTaskService - Excluded tasks (14): lintDebug androidJavadocs deviceCheck lint androidSourcesJar uninstallRelease connectedCheck uninstallAll androidJavadocsJar check connectedAndroidTest installDebug lintRelease uninstallDebug
2018-04-08 06:22:38,273 INFO  SysUtils - Execute command: [/tmp/rdisk/1048/src/gradlew, -b, /tmp/rdisk/1048/src/app/build.gradle, -Dorg.gradle.daemon=false, -Dorg.gradle.daemon.performance.enable-monitoring=false, -Dorg.gradle.configureondemand=true, --stacktrace, -x, lintDebug, -x, androidJavadocs, -x, deviceCheck, -x, lint, -x, androidSourcesJar, -x, uninstallRelease, -x, connectedCheck, -x, uninstallAll, -x, androidJavadocsJar, -x, check, -x, connectedAndroidTest, -x, installDebug, -x, lintRelease, -x, uninstallDebug, build]
2018-04-08 06:22:45,081 ERROR SysUtils - Could not process external command
org.apache.commons.exec.ExecuteException: Process exited with an error: 1 (Exit value: 1)
	at org.apache.commons.exec.DefaultExecutor.executeInternal(DefaultExecutor.java:404)
	at org.apache.commons.exec.DefaultExecutor.execute(DefaultExecutor.java:166)
	at com.github.vbauer.apkmaster.util.SysUtils.execute(SysUtils.java:67)
	at com.github.vbauer.apkmaster.util.SysUtils.executeSimple(SysUtils.java:43)
	at com.github.vbauer.apkmaster.service.assembly.ProjectBuildService.buildProject(ProjectBuildService.java:78)
	at com.github.vbauer.apkmaster.service.assembly.ProjectBuildService.buildProject(ProjectBuildService.java:64)
	at com.github.vbauer.apkmaster.service.assembly.ProjectBuildService.buildProject(ProjectBuildService.java:43)
	at com.github.vbauer.apkmaster.service.FullProcessService.build(FullProcessService.java:84)
	at com.github.vbauer.apkmaster.service.FullProcessService.process(FullProcessService.java:34)
	at com.github.vbauer.apkmaster.app.MainApplication.process(MainApplication.java:38)
	at com.github.vbauer.apkmaster.app.MainApplication.main(MainApplication.java:20)
	at sun.reflect.GeneratedMethodAccessor8.invoke(Unknown Source)
	at sun.reflect.DelegatingMethodAccessorImpl.invoke(DelegatingMethodAccessorImpl.java:43)
	at java.lang.reflect.Method.invoke(Method.java:498)
	at com.android.arsenal.util.ReflectionUtils.invoke(ReflectionUtils.java:42)
	at com.android.arsenal.util.ApkMasterUtils.main(ApkMasterUtils.java:30)
	at com.android.arsenal.service.processor.impl.BuildProcessorServiceImpl.buildProject(BuildProcessorServiceImpl.java:197)
	at com.android.arsenal.service.processor.impl.BuildProcessorServiceImpl.build(BuildProcessorServiceImpl.java:131)
	at com.android.arsenal.service.processor.impl.BuildProcessorServiceImpl.lambda$null$1(BuildProcessorServiceImpl.java:114)
	at java.util.concurrent.FutureTask.run(FutureTask.java:266)
	at java.util.concurrent.Executors$RunnableAdapter.call(Executors.java:511)
	at java.util.concurrent.FutureTask.run(FutureTask.java:266)
	at java.util.concurrent.ThreadPoolExecutor.runWorker(ThreadPoolExecutor.java:1149)
	at java.util.concurrent.ThreadPoolExecutor$Worker.run(ThreadPoolExecutor.java:624)
	at java.lang.Thread.run(Thread.java:748)
2018-04-08 06:22:45,082 INFO  SysUtils - Configuration on demand is an incubating feature.

FAILURE: Build failed with an exception.

* What went wrong:
Task 'androidJavadocs' not found in project ':app'.

* Try:
Run gradlew tasks to get a list of available tasks. Run with --info or --debug option to get more log output.

* Exception is:
org.gradle.execution.TaskSelectionException: Task 'androidJavadocs' not found in project ':app'.
	at org.gradle.execution.TaskSelector.getSelection(TaskSelector.java:101)
	at org.gradle.execution.TaskSelector.getFilter(TaskSelector.java:64)
	at org.gradle.execution.ExcludedTaskFilteringBuildConfigurationAction.configure(ExcludedTaskFilteringBuildConfigurationAction.java:42)
	at org.gradle.execution.DefaultBuildExecuter.configure(DefaultBuildExecuter.java:42)
	at org.gradle.execution.DefaultBuildExecuter.access$100(DefaultBuildExecuter.java:23)
	at org.gradle.execution.DefaultBuildExecuter$1.proceed(DefaultBuildExecuter.java:48)
	at org.gradle.execution.DefaultTasksBuildExecutionAction.configure(DefaultTasksBuildExecutionAction.java:44)
	at org.gradle.execution.DefaultBuildExecuter.configure(DefaultBuildExecuter.java:42)
	at org.gradle.execution.DefaultBuildExecuter.select(DefaultBuildExecuter.java:35)
	at org.gradle.initialization.DefaultGradleLauncher.doBuildStages(DefaultGradleLauncher.java:142)
	at org.gradle.initialization.DefaultGradleLauncher.doBuild(DefaultGradleLauncher.java:106)
	at org.gradle.initialization.DefaultGradleLauncher.run(DefaultGradleLauncher.java:86)
	at org.gradle.launcher.exec.InProcessBuildActionExecuter$DefaultBuildController.run(InProcessBuildActionExecuter.java:80)
	at org.gradle.launcher.cli.ExecuteBuildAction.run(ExecuteBuildAction.java:33)
	at org.gradle.launcher.cli.ExecuteBuildAction.run(ExecuteBuildAction.java:24)
	at org.gradle.launcher.exec.InProcessBuildActionExecuter.execute(InProcessBuildActionExecuter.java:36)
	at org.gradle.launcher.exec.InProcessBuildActionExecuter.execute(InProcessBuildActionExecuter.java:26)
	at org.gradle.launcher.cli.RunBuildAction.run(RunBuildAction.java:51)
	at org.gradle.internal.Actions$RunnableActionAdapter.execute(Actions.java:171)
	at org.gradle.launcher.cli.CommandLineActionFactory$ParseAndBuildAction.execute(CommandLineActionFactory.java:237)
	at org.gradle.launcher.cli.CommandLineActionFactory$ParseAndBuildAction.execute(CommandLineActionFactory.java:210)
	at org.gradle.launcher.cli.JavaRuntimeValidationAction.execute(JavaRuntimeValidationAction.java:35)
	at org.gradle.launcher.cli.JavaRuntimeValidationAction.execute(JavaRuntimeValidationAction.java:24)
	at org.gradle.launcher.cli.CommandLineActionFactory$WithLogging.execute(CommandLineActionFactory.java:206)
	at org.gradle.launcher.cli.CommandLineActionFactory$WithLogging.execute(CommandLineActionFactory.java:169)
	at org.gradle.launcher.cli.ExceptionReportingAction.execute(ExceptionReportingAction.java:33)
	at org.gradle.launcher.cli.ExceptionReportingAction.execute(ExceptionReportingAction.java:22)
	at org.gradle.launcher.Main.doAction(Main.java:33)
	at org.gradle.launcher.bootstrap.EntryPoint.run(EntryPoint.java:45)
	at org.gradle.launcher.bootstrap.ProcessBootstrap.runNoExit(ProcessBootstrap.java:54)
	at org.gradle.launcher.bootstrap.ProcessBootstrap.run(ProcessBootstrap.java:35)
	at org.gradle.launcher.GradleMain.main(GradleMain.java:23)
	at org.gradle.wrapper.BootstrapMainStarter.start(BootstrapMainStarter.java:30)
	at org.gradle.wrapper.WrapperExecutor.execute(WrapperExecutor.java:127)
	at org.gradle.wrapper.GradleWrapperMain.main(GradleWrapperMain.java:55)


BUILD FAILED

Total time: 6.342 secs

2018-04-08 06:22:45,082 ERROR ProjectBuildService - Excluded tasks were detected wrong
2018-04-08 06:22:45,082 INFO  SysUtils - Execute command: [/tmp/rdisk/1048/src/gradlew, -b, /tmp/rdisk/1048/src/app/build.gradle, -Dorg.gradle.daemon=false, -Dorg.gradle.daemon.performance.enable-monitoring=false, -Dorg.gradle.configureondemand=true, --stacktrace, build]
2018-04-08 06:23:08,511 INFO  SysUtils - Configuration on demand is an incubating feature.
:app:preBuild
:app:compileDebugNdk
:app:preDebugBuild
:app:checkDebugManifest
:app:preReleaseBuild
:library:compileLint
:library:copyReleaseLint UP-TO-DATE
:library:mergeReleaseProguardFiles
:library:preBuild
:library:preReleaseBuild
:library:checkReleaseManifest
:library:prepareReleaseDependencies
:library:compileReleaseAidl
:library:compileReleaseRenderscript
:library:generateReleaseBuildConfig
:library:generateReleaseAssets UP-TO-DATE
:library:mergeReleaseAssets
:library:generateReleaseResValues
:library:generateReleaseResources
:library:packageReleaseResources
:library:processReleaseManifest
:library:processReleaseResources
:library:generateReleaseSources
:library:compileReleaseJava
:library:processReleaseJavaRes UP-TO-DATE
:library:packageReleaseJar
:library:compileReleaseNdk
:library:packageReleaseJniLibs UP-TO-DATE
:library:packageReleaseLocalJar UP-TO-DATE
:library:packageReleaseRenderscript UP-TO-DATE
:library:bundleRelease
:app:prepareComAndroidSupportAppcompatV72000Library
:app:prepareComAndroidSupportSupportV42000Library
:app:prepareSrcLibraryUnspecifiedLibrary
:app:prepareDebugDependencies
:app:compileDebugAidl
:app:compileDebugRenderscript
:app:generateDebugBuildConfig
:app:generateDebugAssets UP-TO-DATE
:app:mergeDebugAssets
:app:generateDebugResValues
:app:generateDebugResources
:app:mergeDebugResources
:app:processDebugManifest
:app:processDebugResources
:app:generateDebugSources
:app:compileDebugJava
:app:preDexDebug
:app:dexDebug
:app:processDebugJavaRes UP-TO-DATE
:app:validateDebugSigning
:app:packageDebug
:app:zipalignDebug
:app:assembleDebug
:app:checkReleaseManifest
:app:prepareReleaseDependencies
:app:compileReleaseAidl
:app:compileReleaseRenderscript
:app:generateReleaseBuildConfig
:app:generateReleaseAssets UP-TO-DATE
:app:mergeReleaseAssets
:app:generateReleaseResValues
:app:generateReleaseResources
:app:mergeReleaseResources
:app:processReleaseManifest
:app:processReleaseResources
:app:generateReleaseSources
:app:compileReleaseJava
:app:lintVitalRelease SKIPPED
:app:compileReleaseNdk
:app:preDexRelease
:app:dexRelease
:app:processReleaseJavaRes UP-TO-DATE
:app:packageRelease
:app:assembleRelease
:app:assemble
:app:compileLint
:app:lint
Ran lint on variant debug: 5 issues found
Ran lint on variant release: 5 issues found
Wrote HTML report to file:/tmp/rdisk/1048/src/app/build/outputs/lint-results.html
Wrote XML report to /tmp/rdisk/1048/src/app/build/outputs/lint-results.xml
:app:check
:app:build

BUILD SUCCESSFUL

Total time: 23.002 secs

2018-04-08 06:23:08,544 INFO  FullProcessService - Found APK file: /tmp/rdisk/1048/src/app/build/outputs/apk/app-debug.apk
