2018-04-08 12:59:14,143 INFO  DownloadService - Downloading "https://github.com/learnNcode/MediaChooser/archive/master.zip", attempt 3
2018-04-08 12:59:15,333 INFO  DownloadService - Downloaded https://github.com/learnNcode/MediaChooser/archive/master.zip, attempt 3
2018-04-08 12:59:15,333 INFO  DownloadService - Size of file "/tmp/rdisk/1020/master.zip": 1 MB
2018-04-08 12:59:15,333 INFO  ArchiveUtils - Checking entries [.gradle] in ZIP file...
2018-04-08 12:59:15,334 INFO  ArchiveUtils - Has entries [.gradle] in ZIP file /tmp/rdisk/1020/master.zip: true
2018-04-08 12:59:15,334 DEBUG ZipUtil - Extracting '/tmp/rdisk/1020/master.zip' into '/tmp/rdisk/1020/src'.
2018-04-08 12:59:15,384 INFO  FullProcessService - Size of directory with sources: 2 MB
2018-04-08 12:59:15,384 INFO  SysUtils - Execute command: [git, init, /tmp/rdisk/1020/src]
2018-04-08 12:59:15,390 INFO  SysUtils - Initialized empty Git repository in /tmp/rdisk/1020/src/.git/

2018-04-08 12:59:15,397 INFO  ProjectBuildService - Gradle wrapper(s): /tmp/rdisk/1020/src/MediaChooser-master/mediaChooser-sample/gradlew /tmp/rdisk/1020/src/MediaChooser-master/mediaChooser-sample/app/libs/MediaChooser-library/gradlew /tmp/rdisk/1020/src/MediaChooser-master/MediaChooser-library/gradlew
2018-04-08 12:59:15,405 INFO  ProjectBuildService - Build script(s): /tmp/rdisk/1020/src/MediaChooser-master/MediaChooser-library/app/build.gradle /tmp/rdisk/1020/src/MediaChooser-master/mediaChooser-sample/app/build.gradle /tmp/rdisk/1020/src/MediaChooser-master/mediaChooser-sample/app/libs/MediaChooser-library/app/build.gradle /tmp/rdisk/1020/src/MediaChooser-master/MediaChooser-library/build.gradle /tmp/rdisk/1020/src/MediaChooser-master/mediaChooser-sample/app/libs/MediaChooser-library/build.gradle /tmp/rdisk/1020/src/MediaChooser-master/mediaChooser-sample/build.gradle
2018-04-08 12:59:15,412 INFO  ProjectBuildService - All script(s): /tmp/rdisk/1020/src/MediaChooser-master/mediaChooser-sample/settings.gradle /tmp/rdisk/1020/src/MediaChooser-master/mediaChooser-sample/build.gradle /tmp/rdisk/1020/src/MediaChooser-master/mediaChooser-sample/app/libs/MediaChooser-library/settings.gradle /tmp/rdisk/1020/src/MediaChooser-master/mediaChooser-sample/app/libs/MediaChooser-library/build.gradle /tmp/rdisk/1020/src/MediaChooser-master/mediaChooser-sample/app/libs/MediaChooser-library/app/build.gradle /tmp/rdisk/1020/src/MediaChooser-master/mediaChooser-sample/app/build.gradle /tmp/rdisk/1020/src/MediaChooser-master/MediaChooser-library/settings.gradle /tmp/rdisk/1020/src/MediaChooser-master/MediaChooser-library/build.gradle /tmp/rdisk/1020/src/MediaChooser-master/MediaChooser-library/app/build.gradle
2018-04-08 12:59:15,413 INFO  ProjectBuildService - Remote scripts: none
2018-04-08 12:59:15,413 INFO  ProjectFixService - Fixing project...
2018-04-08 12:59:15,430 INFO  LocalPropertiesFixService - Created fake /tmp/rdisk/1020/src/MediaChooser-master/MediaChooser-library/app/local.properties
2018-04-08 12:59:15,430 INFO  ProjectFixService - Build info for "/tmp/rdisk/1020/src/MediaChooser-master/MediaChooser-library/app/build.gradle": [buildToolsVersion=23.0.2,compileSdkVersion=23,minSdkVersion=15,targetSdkVersion=23]
2018-04-08 12:59:15,431 INFO  LocalPropertiesFixService - Created fake /tmp/rdisk/1020/src/MediaChooser-master/mediaChooser-sample/app/local.properties
2018-04-08 12:59:15,431 INFO  ProjectFixService - Build info for "/tmp/rdisk/1020/src/MediaChooser-master/mediaChooser-sample/app/build.gradle": [buildToolsVersion=23.0.1,compileSdkVersion=23,minSdkVersion=15,targetSdkVersion=23]
2018-04-08 12:59:15,431 INFO  LocalPropertiesFixService - Created fake /tmp/rdisk/1020/src/MediaChooser-master/mediaChooser-sample/app/libs/MediaChooser-library/app/local.properties
2018-04-08 12:59:15,432 INFO  ProjectFixService - Build info for "/tmp/rdisk/1020/src/MediaChooser-master/mediaChooser-sample/app/libs/MediaChooser-library/app/build.gradle": [buildToolsVersion=23.0.2,compileSdkVersion=23,minSdkVersion=15,targetSdkVersion=23]
2018-04-08 12:59:15,432 INFO  LocalPropertiesFixService - Updated fake /tmp/rdisk/1020/src/MediaChooser-master/MediaChooser-library/local.properties
2018-04-08 12:59:15,434 INFO  ProjectFixService - Build info for "/tmp/rdisk/1020/src/MediaChooser-master/MediaChooser-library/build.gradle": [buildToolsVersion=23.0.2,compileSdkVersion=23,minSdkVersion=15,targetSdkVersion=23]
2018-04-08 12:59:15,434 INFO  LocalPropertiesFixService - Updated fake /tmp/rdisk/1020/src/MediaChooser-master/mediaChooser-sample/app/libs/MediaChooser-library/local.properties
2018-04-08 12:59:15,435 INFO  WrapperPropertiesFixService - Gradle wrapper: https://services.gradle.org/distributions/gradle-2.2.1-all.zip
2018-04-08 12:59:15,435 INFO  WrapperPropertiesFixService - Gradle wrapper was changed from "-all.zip" to "-bin.zip" (https://services.gradle.org/distributions/gradle-2.2.1-bin.zip)
2018-04-08 12:59:15,437 INFO  ProjectFixService - Build info for "/tmp/rdisk/1020/src/MediaChooser-master/mediaChooser-sample/app/libs/MediaChooser-library/build.gradle": [buildToolsVersion=23.0.2,compileSdkVersion=23,minSdkVersion=15,targetSdkVersion=23]
2018-04-08 12:59:15,437 INFO  LocalPropertiesFixService - Updated fake /tmp/rdisk/1020/src/MediaChooser-master/mediaChooser-sample/local.properties
2018-04-08 12:59:15,439 INFO  ProjectFixService - Build info for "/tmp/rdisk/1020/src/MediaChooser-master/mediaChooser-sample/build.gradle": [buildToolsVersion=23.0.2,compileSdkVersion=23,minSdkVersion=15,targetSdkVersion=23]
2018-04-08 12:59:15,439 INFO  ProjectFixService - Project was maybe fixed
2018-04-08 12:59:15,439 INFO  ProjectTaskService - Detecting possible tasks...
2018-04-08 12:59:15,439 INFO  SysUtils - Execute command: [/tmp/rdisk/1020/src/MediaChooser-master/MediaChooser-library/gradlew, -b, /tmp/rdisk/1020/src/MediaChooser-master/MediaChooser-library/app/build.gradle, -Dorg.gradle.daemon=false, -Dorg.gradle.daemon.performance.enable-monitoring=false, -Dorg.gradle.configureondemand=true, tasks]
2018-04-08 12:59:15,546 ERROR ProjectTaskService - Could not detect possible Gradle tasks: Process exited with an error: 1 (Exit value: 1)
2018-04-08 12:59:15,546 INFO  ProjectTaskService - Detected possible tasks: 0
2018-04-08 12:59:15,546 INFO  ProjectTaskService - Excluded tasks (0): none
2018-04-08 12:59:15,546 INFO  SysUtils - Execute command: [/tmp/rdisk/1020/src/MediaChooser-master/MediaChooser-library/gradlew, -b, /tmp/rdisk/1020/src/MediaChooser-master/MediaChooser-library/app/build.gradle, -Dorg.gradle.daemon=false, -Dorg.gradle.daemon.performance.enable-monitoring=false, -Dorg.gradle.configureondemand=true, --stacktrace, build]
2018-04-08 12:59:15,656 ERROR SysUtils - Could not process external command
org.apache.commons.exec.ExecuteException: Process exited with an error: 1 (Exit value: 1)
	at org.apache.commons.exec.DefaultExecutor.executeInternal(DefaultExecutor.java:404)
	at org.apache.commons.exec.DefaultExecutor.execute(DefaultExecutor.java:166)
	at com.github.vbauer.apkmaster.util.SysUtils.execute(SysUtils.java:67)
	at com.github.vbauer.apkmaster.util.SysUtils.executeSimple(SysUtils.java:43)
	at com.github.vbauer.apkmaster.service.assembly.ProjectBuildService.buildProject(ProjectBuildService.java:78)
	at com.github.vbauer.apkmaster.service.assembly.ProjectBuildService.buildProject(ProjectBuildService.java:64)
	at com.github.vbauer.apkmaster.service.assembly.ProjectBuildService.buildProject(ProjectBuildService.java:43)
	at com.github.vbauer.apkmaster.service.FullProcessService.build(FullProcessService.java:84)
	at com.github.vbauer.apkmaster.service.FullProcessService.process(FullProcessService.java:34)
	at com.github.vbauer.apkmaster.app.MainApplication.process(MainApplication.java:38)
	at com.github.vbauer.apkmaster.app.MainApplication.main(MainApplication.java:20)
	at sun.reflect.GeneratedMethodAccessor9.invoke(Unknown Source)
	at sun.reflect.DelegatingMethodAccessorImpl.invoke(DelegatingMethodAccessorImpl.java:43)
	at java.lang.reflect.Method.invoke(Method.java:498)
	at com.android.arsenal.util.ReflectionUtils.invoke(ReflectionUtils.java:42)
	at com.android.arsenal.util.ApkMasterUtils.main(ApkMasterUtils.java:30)
	at com.android.arsenal.service.processor.impl.BuildProcessorServiceImpl.buildProject(BuildProcessorServiceImpl.java:197)
	at com.android.arsenal.service.processor.impl.BuildProcessorServiceImpl.build(BuildProcessorServiceImpl.java:131)
	at com.android.arsenal.service.processor.impl.BuildProcessorServiceImpl.lambda$null$1(BuildProcessorServiceImpl.java:114)
	at java.util.concurrent.FutureTask.run(FutureTask.java:266)
	at java.util.concurrent.Executors$RunnableAdapter.call(Executors.java:511)
	at java.util.concurrent.FutureTask.run(FutureTask.java:266)
	at java.util.concurrent.ThreadPoolExecutor.runWorker(ThreadPoolExecutor.java:1149)
	at java.util.concurrent.ThreadPoolExecutor$Worker.run(ThreadPoolExecutor.java:624)
	at java.lang.Thread.run(Thread.java:748)
2018-04-08 12:59:15,656 INFO  SysUtils - Error: Could not find or load main class org.gradle.wrapper.GradleWrapperMain

2018-04-08 12:59:15,664 INFO  ProjectTaskService - Detecting possible tasks...
2018-04-08 12:59:15,664 INFO  SysUtils - Execute command: [/tmp/rdisk/1020/src/MediaChooser-master/mediaChooser-sample/gradlew, -b, /tmp/rdisk/1020/src/MediaChooser-master/mediaChooser-sample/app/build.gradle, -Dorg.gradle.daemon=false, -Dorg.gradle.daemon.performance.enable-monitoring=false, -Dorg.gradle.configureondemand=true, tasks]
2018-04-08 12:59:15,771 ERROR ProjectTaskService - Could not detect possible Gradle tasks: Process exited with an error: 1 (Exit value: 1)
2018-04-08 12:59:15,771 INFO  ProjectTaskService - Detected possible tasks: 0
2018-04-08 12:59:15,771 INFO  ProjectTaskService - Excluded tasks (0): none
2018-04-08 12:59:15,771 INFO  SysUtils - Execute command: [/tmp/rdisk/1020/src/MediaChooser-master/mediaChooser-sample/gradlew, -b, /tmp/rdisk/1020/src/MediaChooser-master/mediaChooser-sample/app/build.gradle, -Dorg.gradle.daemon=false, -Dorg.gradle.daemon.performance.enable-monitoring=false, -Dorg.gradle.configureondemand=true, --stacktrace, build]
2018-04-08 12:59:15,874 ERROR SysUtils - Could not process external command
org.apache.commons.exec.ExecuteException: Process exited with an error: 1 (Exit value: 1)
	at org.apache.commons.exec.DefaultExecutor.executeInternal(DefaultExecutor.java:404)
	at org.apache.commons.exec.DefaultExecutor.execute(DefaultExecutor.java:166)
	at com.github.vbauer.apkmaster.util.SysUtils.execute(SysUtils.java:67)
	at com.github.vbauer.apkmaster.util.SysUtils.executeSimple(SysUtils.java:43)
	at com.github.vbauer.apkmaster.service.assembly.ProjectBuildService.buildProject(ProjectBuildService.java:78)
	at com.github.vbauer.apkmaster.service.assembly.ProjectBuildService.buildProject(ProjectBuildService.java:64)
	at com.github.vbauer.apkmaster.service.assembly.ProjectBuildService.buildProject(ProjectBuildService.java:43)
	at com.github.vbauer.apkmaster.service.FullProcessService.build(FullProcessService.java:84)
	at com.github.vbauer.apkmaster.service.FullProcessService.process(FullProcessService.java:34)
	at com.github.vbauer.apkmaster.app.MainApplication.process(MainApplication.java:38)
	at com.github.vbauer.apkmaster.app.MainApplication.main(MainApplication.java:20)
	at sun.reflect.GeneratedMethodAccessor9.invoke(Unknown Source)
	at sun.reflect.DelegatingMethodAccessorImpl.invoke(DelegatingMethodAccessorImpl.java:43)
	at java.lang.reflect.Method.invoke(Method.java:498)
	at com.android.arsenal.util.ReflectionUtils.invoke(ReflectionUtils.java:42)
	at com.android.arsenal.util.ApkMasterUtils.main(ApkMasterUtils.java:30)
	at com.android.arsenal.service.processor.impl.BuildProcessorServiceImpl.buildProject(BuildProcessorServiceImpl.java:197)
	at com.android.arsenal.service.processor.impl.BuildProcessorServiceImpl.build(BuildProcessorServiceImpl.java:131)
	at com.android.arsenal.service.processor.impl.BuildProcessorServiceImpl.lambda$null$1(BuildProcessorServiceImpl.java:114)
	at java.util.concurrent.FutureTask.run(FutureTask.java:266)
	at java.util.concurrent.Executors$RunnableAdapter.call(Executors.java:511)
	at java.util.concurrent.FutureTask.run(FutureTask.java:266)
	at java.util.concurrent.ThreadPoolExecutor.runWorker(ThreadPoolExecutor.java:1149)
	at java.util.concurrent.ThreadPoolExecutor$Worker.run(ThreadPoolExecutor.java:624)
	at java.lang.Thread.run(Thread.java:748)
2018-04-08 12:59:15,874 INFO  SysUtils - Error: Could not find or load main class org.gradle.wrapper.GradleWrapperMain

2018-04-08 12:59:15,883 INFO  ProjectTaskService - Detecting possible tasks...
2018-04-08 12:59:15,892 INFO  SysUtils - Execute command: [/tmp/rdisk/1020/src/MediaChooser-master/mediaChooser-sample/app/libs/MediaChooser-library/gradlew, -b, /tmp/rdisk/1020/src/MediaChooser-master/mediaChooser-sample/app/libs/MediaChooser-library/app/build.gradle, -Dorg.gradle.daemon=false, -Dorg.gradle.daemon.performance.enable-monitoring=false, -Dorg.gradle.configureondemand=true, tasks]
2018-04-08 12:59:23,132 INFO  ProjectTaskService - Detected possible tasks: 64
2018-04-08 12:59:23,132 INFO  ProjectTaskService - Excluded tasks (16): lintDebug mockableAndroidJar deviceCheck lint testReleaseUnitTest deviceAndroidTest uninstallDebugAndroidTest installDebugAndroidTest connectedCheck connectedDebugAndroidTest uninstallAll test check testDebugUnitTest connectedAndroidTest lintRelease
2018-04-08 12:59:23,132 INFO  SysUtils - Execute command: [/tmp/rdisk/1020/src/MediaChooser-master/mediaChooser-sample/app/libs/MediaChooser-library/gradlew, -b, /tmp/rdisk/1020/src/MediaChooser-master/mediaChooser-sample/app/libs/MediaChooser-library/app/build.gradle, -Dorg.gradle.daemon=false, -Dorg.gradle.daemon.performance.enable-monitoring=false, -Dorg.gradle.configureondemand=true, --stacktrace, -x, lintDebug, -x, mockableAndroidJar, -x, deviceCheck, -x, lint, -x, testReleaseUnitTest, -x, deviceAndroidTest, -x, uninstallDebugAndroidTest, -x, installDebugAndroidTest, -x, connectedCheck, -x, connectedDebugAndroidTest, -x, uninstallAll, -x, test, -x, check, -x, testDebugUnitTest, -x, connectedAndroidTest, -x, lintRelease, build]
2018-04-08 12:59:30,209 ERROR SysUtils - Could not process external command
org.apache.commons.exec.ExecuteException: Process exited with an error: 1 (Exit value: 1)
	at org.apache.commons.exec.DefaultExecutor.executeInternal(DefaultExecutor.java:404)
	at org.apache.commons.exec.DefaultExecutor.execute(DefaultExecutor.java:166)
	at com.github.vbauer.apkmaster.util.SysUtils.execute(SysUtils.java:67)
	at com.github.vbauer.apkmaster.util.SysUtils.executeSimple(SysUtils.java:43)
	at com.github.vbauer.apkmaster.service.assembly.ProjectBuildService.buildProject(ProjectBuildService.java:78)
	at com.github.vbauer.apkmaster.service.assembly.ProjectBuildService.buildProject(ProjectBuildService.java:64)
	at com.github.vbauer.apkmaster.service.assembly.ProjectBuildService.buildProject(ProjectBuildService.java:43)
	at com.github.vbauer.apkmaster.service.FullProcessService.build(FullProcessService.java:84)
	at com.github.vbauer.apkmaster.service.FullProcessService.process(FullProcessService.java:34)
	at com.github.vbauer.apkmaster.app.MainApplication.process(MainApplication.java:38)
	at com.github.vbauer.apkmaster.app.MainApplication.main(MainApplication.java:20)
	at sun.reflect.GeneratedMethodAccessor9.invoke(Unknown Source)
	at sun.reflect.DelegatingMethodAccessorImpl.invoke(DelegatingMethodAccessorImpl.java:43)
	at java.lang.reflect.Method.invoke(Method.java:498)
	at com.android.arsenal.util.ReflectionUtils.invoke(ReflectionUtils.java:42)
	at com.android.arsenal.util.ApkMasterUtils.main(ApkMasterUtils.java:30)
	at com.android.arsenal.service.processor.impl.BuildProcessorServiceImpl.buildProject(BuildProcessorServiceImpl.java:197)
	at com.android.arsenal.service.processor.impl.BuildProcessorServiceImpl.build(BuildProcessorServiceImpl.java:131)
	at com.android.arsenal.service.processor.impl.BuildProcessorServiceImpl.lambda$null$1(BuildProcessorServiceImpl.java:114)
	at java.util.concurrent.FutureTask.run(FutureTask.java:266)
	at java.util.concurrent.Executors$RunnableAdapter.call(Executors.java:511)
	at java.util.concurrent.FutureTask.run(FutureTask.java:266)
	at java.util.concurrent.ThreadPoolExecutor.runWorker(ThreadPoolExecutor.java:1149)
	at java.util.concurrent.ThreadPoolExecutor$Worker.run(ThreadPoolExecutor.java:624)
	at java.lang.Thread.run(Thread.java:748)
2018-04-08 12:59:30,210 INFO  SysUtils - Configuration on demand is an incubating feature.
:app:preBuild UP-TO-DATE
:app:preDebugBuild UP-TO-DATE
:app:compileDebugNdk UP-TO-DATE
:app:compileLint
:app:copyDebugLint UP-TO-DATE
:app:checkDebugManifest
:app:preDebugAndroidTestBuild UP-TO-DATE
:app:preDebugUnitTestBuild UP-TO-DATE
:app:preReleaseBuild UP-TO-DATE
:app:preReleaseUnitTestBuild UP-TO-DATE
:app:prepareComAndroidSupportAppcompatV72311Library
:app:prepareComAndroidSupportDesign2311Library
:app:prepareComAndroidSupportRecyclerviewV72311Library
:app:prepareComAndroidSupportSupportV42311Library
:app:prepareDebugDependencies
:app:compileDebugAidl
:app:compileDebugRenderscript
:app:generateDebugBuildConfig
:app:generateDebugAssets UP-TO-DATE
:app:mergeDebugAssets
:app:generateDebugResValues
:app:generateDebugResources
:app:mergeDebugResources
java.awt.AWTError: Can't connect to X11 window server using ':0.0' as the value of the DISPLAY variable.
:app:mergeDebugResources FAILED

FAILURE: Build failed with an exception.

* What went wrong:
Execution failed for task ':app:mergeDebugResources'.
> java.awt.AWTError: Can't connect to X11 window server using ':0.0' as the value of the DISPLAY variable.

* Try:
Run with --info or --debug option to get more log output.

* Exception is:
org.gradle.api.tasks.TaskExecutionException: Execution failed for task ':app:mergeDebugResources'.
	at org.gradle.api.internal.tasks.execution.ExecuteActionsTaskExecuter.executeActions(ExecuteActionsTaskExecuter.java:69)
	at org.gradle.api.internal.tasks.execution.ExecuteActionsTaskExecuter.execute(ExecuteActionsTaskExecuter.java:46)
	at org.gradle.api.internal.tasks.execution.PostExecutionAnalysisTaskExecuter.execute(PostExecutionAnalysisTaskExecuter.java:35)
	at org.gradle.api.internal.tasks.execution.SkipUpToDateTaskExecuter.execute(SkipUpToDateTaskExecuter.java:64)
	at org.gradle.api.internal.tasks.execution.ValidatingTaskExecuter.execute(ValidatingTaskExecuter.java:58)
	at org.gradle.api.internal.tasks.execution.SkipEmptySourceFilesTaskExecuter.execute(SkipEmptySourceFilesTaskExecuter.java:42)
	at org.gradle.api.internal.tasks.execution.SkipTaskWithNoActionsExecuter.execute(SkipTaskWithNoActionsExecuter.java:52)
	at org.gradle.api.internal.tasks.execution.SkipOnlyIfTaskExecuter.execute(SkipOnlyIfTaskExecuter.java:53)
	at org.gradle.api.internal.tasks.execution.ExecuteAtMostOnceTaskExecuter.execute(ExecuteAtMostOnceTaskExecuter.java:43)
	at org.gradle.api.internal.AbstractTask.executeWithoutThrowingTaskFailure(AbstractTask.java:305)
	at org.gradle.execution.taskgraph.AbstractTaskPlanExecutor$TaskExecutorWorker.executeTask(AbstractTaskPlanExecutor.java:79)
	at org.gradle.execution.taskgraph.AbstractTaskPlanExecutor$TaskExecutorWorker.processTask(AbstractTaskPlanExecutor.java:63)
	at org.gradle.execution.taskgraph.AbstractTaskPlanExecutor$TaskExecutorWorker.run(AbstractTaskPlanExecutor.java:51)
	at org.gradle.execution.taskgraph.DefaultTaskPlanExecutor.process(DefaultTaskPlanExecutor.java:23)
	at org.gradle.execution.taskgraph.DefaultTaskGraphExecuter.execute(DefaultTaskGraphExecuter.java:88)
	at org.gradle.execution.SelectedTaskExecutionAction.execute(SelectedTaskExecutionAction.java:29)
	at org.gradle.execution.DefaultBuildExecuter.execute(DefaultBuildExecuter.java:62)
	at org.gradle.execution.DefaultBuildExecuter.access$200(DefaultBuildExecuter.java:23)
	at org.gradle.execution.DefaultBuildExecuter$2.proceed(DefaultBuildExecuter.java:68)
	at org.gradle.execution.DryRunBuildExecutionAction.execute(DryRunBuildExecutionAction.java:32)
	at org.gradle.execution.DefaultBuildExecuter.execute(DefaultBuildExecuter.java:62)
	at org.gradle.execution.DefaultBuildExecuter.execute(DefaultBuildExecuter.java:55)
	at org.gradle.initialization.DefaultGradleLauncher.doBuildStages(DefaultGradleLauncher.java:149)
	at org.gradle.initialization.DefaultGradleLauncher.doBuild(DefaultGradleLauncher.java:106)
	at org.gradle.initialization.DefaultGradleLauncher.run(DefaultGradleLauncher.java:86)
	at org.gradle.launcher.exec.InProcessBuildActionExecuter$DefaultBuildController.run(InProcessBuildActionExecuter.java:80)
	at org.gradle.launcher.cli.ExecuteBuildAction.run(ExecuteBuildAction.java:33)
	at org.gradle.launcher.cli.ExecuteBuildAction.run(ExecuteBuildAction.java:24)
	at org.gradle.launcher.exec.InProcessBuildActionExecuter.execute(InProcessBuildActionExecuter.java:36)
	at org.gradle.launcher.exec.InProcessBuildActionExecuter.execute(InProcessBuildActionExecuter.java:26)
	at org.gradle.launcher.cli.RunBuildAction.run(RunBuildAction.java:51)
	at org.gradle.internal.Actions$RunnableActionAdapter.execute(Actions.java:171)
	at org.gradle.launcher.cli.CommandLineActionFactory$ParseAndBuildAction.execute(CommandLineActionFactory.java:237)
	at org.gradle.launcher.cli.CommandLineActionFactory$ParseAndBuildAction.execute(CommandLineActionFactory.java:210)
	at org.gradle.launcher.cli.JavaRuntimeValidationAction.execute(JavaRuntimeValidationAction.java:35)
	at org.gradle.launcher.cli.JavaRuntimeValidationAction.execute(JavaRuntimeValidationAction.java:24)
	at org.gradle.launcher.cli.CommandLineActionFactory$WithLogging.execute(CommandLineActionFactory.java:206)
	at org.gradle.launcher.cli.CommandLineActionFactory$WithLogging.execute(CommandLineActionFactory.java:169)
	at org.gradle.launcher.cli.ExceptionReportingAction.execute(ExceptionReportingAction.java:33)
	at org.gradle.launcher.cli.ExceptionReportingAction.execute(ExceptionReportingAction.java:22)
	at org.gradle.launcher.Main.doAction(Main.java:33)
	at org.gradle.launcher.bootstrap.EntryPoint.run(EntryPoint.java:45)
	at org.gradle.launcher.bootstrap.ProcessBootstrap.runNoExit(ProcessBootstrap.java:54)
	at org.gradle.launcher.bootstrap.ProcessBootstrap.run(ProcessBootstrap.java:35)
	at org.gradle.launcher.GradleMain.main(GradleMain.java:23)
	at org.gradle.wrapper.BootstrapMainStarter.start(BootstrapMainStarter.java:33)
	at org.gradle.wrapper.WrapperExecutor.execute(WrapperExecutor.java:130)
	at org.gradle.wrapper.GradleWrapperMain.main(GradleWrapperMain.java:48)
Caused by: com.android.build.gradle.tasks.ResourceException: java.awt.AWTError: Can't connect to X11 window server using ':0.0' as the value of the DISPLAY variable.
	at com.android.build.gradle.tasks.MergeResources.doFullTaskAction(MergeResources.java:184)
	at com.android.build.gradle.internal.tasks.IncrementalTask.taskAction(IncrementalTask.java:104)
	at org.gradle.internal.reflect.JavaMethod.invoke(JavaMethod.java:63)
	at org.gradle.api.internal.project.taskfactory.AnnotationProcessingTaskFactory$IncrementalTaskAction.doExecute(AnnotationProcessingTaskFactory.java:235)
	at org.gradle.api.internal.project.taskfactory.AnnotationProcessingTaskFactory$StandardTaskAction.execute(AnnotationProcessingTaskFactory.java:211)
	at org.gradle.api.internal.project.taskfactory.AnnotationProcessingTaskFactory$IncrementalTaskAction.execute(AnnotationProcessingTaskFactory.java:222)
	at org.gradle.api.internal.project.taskfactory.AnnotationProcessingTaskFactory$StandardTaskAction.execute(AnnotationProcessingTaskFactory.java:200)
	at org.gradle.api.internal.tasks.execution.ExecuteActionsTaskExecuter.executeAction(ExecuteActionsTaskExecuter.java:80)
	at org.gradle.api.internal.tasks.execution.ExecuteActionsTaskExecuter.executeActions(ExecuteActionsTaskExecuter.java:61)
	... 47 more
Caused by: java.awt.AWTError: Can't connect to X11 window server using ':0.0' as the value of the DISPLAY variable.
	at com.android.ide.common.res2.MergeWriter.end(MergeWriter.java:54)
	at com.android.ide.common.res2.MergedResourceWriter.end(MergedResourceWriter.java:129)
	at com.android.ide.common.res2.DataMerger.mergeData(DataMerger.java:291)
	at com.android.ide.common.res2.ResourceMerger.mergeData(ResourceMerger.java:48)
	at com.android.build.gradle.tasks.MergeResources.doFullTaskAction(MergeResources.java:177)
	... 55 more
Caused by: java.lang.RuntimeException: java.awt.AWTError: Can't connect to X11 window server using ':0.0' as the value of the DISPLAY variable.
	at com.android.ide.common.internal.WaitableExecutor.waitForTasksWithQuickFail(WaitableExecutor.java:119)
	at com.android.ide.common.res2.MergeWriter.end(MergeWriter.java:50)
	... 59 more
Caused by: java.awt.AWTError: Can't connect to X11 window server using ':0.0' as the value of the DISPLAY variable.
	at com.android.ide.common.vectordrawable.VdTree.drawIntoImage(VdTree.java:87)
	at com.android.ide.common.vectordrawable.VdPreview.getPreviewFromVectorXml(VdPreview.java:315)
	at com.android.builder.png.VectorDrawableRenderer.generateFile(VectorDrawableRenderer.java:155)
	at com.android.ide.common.res2.MergedResourceWriter$1.call(MergedResourceWriter.java:189)
	at com.android.ide.common.res2.MergedResourceWriter$1.call(MergedResourceWriter.java:171)


BUILD FAILED

Total time: 6.63 secs

2018-04-08 12:59:30,244 INFO  ProjectTaskService - Detecting possible tasks...
2018-04-08 12:59:30,244 INFO  SysUtils - Execute command: [/tmp/rdisk/1020/src/MediaChooser-master/MediaChooser-library/gradlew, -b, /tmp/rdisk/1020/src/MediaChooser-master/MediaChooser-library/build.gradle, -Dorg.gradle.daemon=false, -Dorg.gradle.daemon.performance.enable-monitoring=false, -Dorg.gradle.configureondemand=true, tasks]
2018-04-08 12:59:30,350 ERROR ProjectTaskService - Could not detect possible Gradle tasks: Process exited with an error: 1 (Exit value: 1)
2018-04-08 12:59:30,350 INFO  ProjectTaskService - Detected possible tasks: 0
2018-04-08 12:59:30,350 INFO  ProjectTaskService - Excluded tasks (0): none
2018-04-08 12:59:30,351 INFO  SysUtils - Execute command: [/tmp/rdisk/1020/src/MediaChooser-master/MediaChooser-library/gradlew, -b, /tmp/rdisk/1020/src/MediaChooser-master/MediaChooser-library/build.gradle, -Dorg.gradle.daemon=false, -Dorg.gradle.daemon.performance.enable-monitoring=false, -Dorg.gradle.configureondemand=true, --stacktrace, build]
2018-04-08 12:59:30,457 ERROR SysUtils - Could not process external command
org.apache.commons.exec.ExecuteException: Process exited with an error: 1 (Exit value: 1)
	at org.apache.commons.exec.DefaultExecutor.executeInternal(DefaultExecutor.java:404)
	at org.apache.commons.exec.DefaultExecutor.execute(DefaultExecutor.java:166)
	at com.github.vbauer.apkmaster.util.SysUtils.execute(SysUtils.java:67)
	at com.github.vbauer.apkmaster.util.SysUtils.executeSimple(SysUtils.java:43)
	at com.github.vbauer.apkmaster.service.assembly.ProjectBuildService.buildProject(ProjectBuildService.java:78)
	at com.github.vbauer.apkmaster.service.assembly.ProjectBuildService.buildProject(ProjectBuildService.java:64)
	at com.github.vbauer.apkmaster.service.assembly.ProjectBuildService.buildProject(ProjectBuildService.java:43)
	at com.github.vbauer.apkmaster.service.FullProcessService.build(FullProcessService.java:84)
	at com.github.vbauer.apkmaster.service.FullProcessService.process(FullProcessService.java:34)
	at com.github.vbauer.apkmaster.app.MainApplication.process(MainApplication.java:38)
	at com.github.vbauer.apkmaster.app.MainApplication.main(MainApplication.java:20)
	at sun.reflect.GeneratedMethodAccessor9.invoke(Unknown Source)
	at sun.reflect.DelegatingMethodAccessorImpl.invoke(DelegatingMethodAccessorImpl.java:43)
	at java.lang.reflect.Method.invoke(Method.java:498)
	at com.android.arsenal.util.ReflectionUtils.invoke(ReflectionUtils.java:42)
	at com.android.arsenal.util.ApkMasterUtils.main(ApkMasterUtils.java:30)
	at com.android.arsenal.service.processor.impl.BuildProcessorServiceImpl.buildProject(BuildProcessorServiceImpl.java:197)
	at com.android.arsenal.service.processor.impl.BuildProcessorServiceImpl.build(BuildProcessorServiceImpl.java:131)
	at com.android.arsenal.service.processor.impl.BuildProcessorServiceImpl.lambda$null$1(BuildProcessorServiceImpl.java:114)
	at java.util.concurrent.FutureTask.run(FutureTask.java:266)
	at java.util.concurrent.Executors$RunnableAdapter.call(Executors.java:511)
	at java.util.concurrent.FutureTask.run(FutureTask.java:266)
	at java.util.concurrent.ThreadPoolExecutor.runWorker(ThreadPoolExecutor.java:1149)
	at java.util.concurrent.ThreadPoolExecutor$Worker.run(ThreadPoolExecutor.java:624)
	at java.lang.Thread.run(Thread.java:748)
2018-04-08 12:59:30,457 INFO  SysUtils - Error: Could not find or load main class org.gradle.wrapper.GradleWrapperMain

2018-04-08 12:59:30,488 INFO  ProjectTaskService - Detecting possible tasks...
2018-04-08 12:59:30,488 INFO  SysUtils - Execute command: [/tmp/rdisk/1020/src/MediaChooser-master/mediaChooser-sample/app/libs/MediaChooser-library/gradlew, -b, /tmp/rdisk/1020/src/MediaChooser-master/mediaChooser-sample/app/libs/MediaChooser-library/build.gradle, -Dorg.gradle.daemon=false, -Dorg.gradle.daemon.performance.enable-monitoring=false, -Dorg.gradle.configureondemand=true, tasks]
2018-04-08 12:59:36,172 INFO  ProjectTaskService - Detected possible tasks: 64
2018-04-08 12:59:36,172 INFO  ProjectTaskService - Excluded tasks (16): lintDebug mockableAndroidJar deviceCheck lint testReleaseUnitTest deviceAndroidTest uninstallDebugAndroidTest installDebugAndroidTest connectedCheck connectedDebugAndroidTest uninstallAll test check testDebugUnitTest connectedAndroidTest lintRelease
2018-04-08 12:59:36,172 INFO  SysUtils - Execute command: [/tmp/rdisk/1020/src/MediaChooser-master/mediaChooser-sample/app/libs/MediaChooser-library/gradlew, -b, /tmp/rdisk/1020/src/MediaChooser-master/mediaChooser-sample/app/libs/MediaChooser-library/build.gradle, -Dorg.gradle.daemon=false, -Dorg.gradle.daemon.performance.enable-monitoring=false, -Dorg.gradle.configureondemand=true, --stacktrace, -x, lintDebug, -x, mockableAndroidJar, -x, deviceCheck, -x, lint, -x, testReleaseUnitTest, -x, deviceAndroidTest, -x, uninstallDebugAndroidTest, -x, installDebugAndroidTest, -x, connectedCheck, -x, connectedDebugAndroidTest, -x, uninstallAll, -x, test, -x, check, -x, testDebugUnitTest, -x, connectedAndroidTest, -x, lintRelease, build]
2018-04-08 12:59:42,839 ERROR SysUtils - Could not process external command
org.apache.commons.exec.ExecuteException: Process exited with an error: 1 (Exit value: 1)
	at org.apache.commons.exec.DefaultExecutor.executeInternal(DefaultExecutor.java:404)
	at org.apache.commons.exec.DefaultExecutor.execute(DefaultExecutor.java:166)
	at com.github.vbauer.apkmaster.util.SysUtils.execute(SysUtils.java:67)
	at com.github.vbauer.apkmaster.util.SysUtils.executeSimple(SysUtils.java:43)
	at com.github.vbauer.apkmaster.service.assembly.ProjectBuildService.buildProject(ProjectBuildService.java:78)
	at com.github.vbauer.apkmaster.service.assembly.ProjectBuildService.buildProject(ProjectBuildService.java:64)
	at com.github.vbauer.apkmaster.service.assembly.ProjectBuildService.buildProject(ProjectBuildService.java:43)
	at com.github.vbauer.apkmaster.service.FullProcessService.build(FullProcessService.java:84)
	at com.github.vbauer.apkmaster.service.FullProcessService.process(FullProcessService.java:34)
	at com.github.vbauer.apkmaster.app.MainApplication.process(MainApplication.java:38)
	at com.github.vbauer.apkmaster.app.MainApplication.main(MainApplication.java:20)
	at sun.reflect.GeneratedMethodAccessor9.invoke(Unknown Source)
	at sun.reflect.DelegatingMethodAccessorImpl.invoke(DelegatingMethodAccessorImpl.java:43)
	at java.lang.reflect.Method.invoke(Method.java:498)
	at com.android.arsenal.util.ReflectionUtils.invoke(ReflectionUtils.java:42)
	at com.android.arsenal.util.ApkMasterUtils.main(ApkMasterUtils.java:30)
	at com.android.arsenal.service.processor.impl.BuildProcessorServiceImpl.buildProject(BuildProcessorServiceImpl.java:197)
	at com.android.arsenal.service.processor.impl.BuildProcessorServiceImpl.build(BuildProcessorServiceImpl.java:131)
	at com.android.arsenal.service.processor.impl.BuildProcessorServiceImpl.lambda$null$1(BuildProcessorServiceImpl.java:114)
	at java.util.concurrent.FutureTask.run(FutureTask.java:266)
	at java.util.concurrent.Executors$RunnableAdapter.call(Executors.java:511)
	at java.util.concurrent.FutureTask.run(FutureTask.java:266)
	at java.util.concurrent.ThreadPoolExecutor.runWorker(ThreadPoolExecutor.java:1149)
	at java.util.concurrent.ThreadPoolExecutor$Worker.run(ThreadPoolExecutor.java:624)
	at java.lang.Thread.run(Thread.java:748)
2018-04-08 12:59:42,839 INFO  SysUtils - Configuration on demand is an incubating feature.
:app:preBuild UP-TO-DATE
:app:preDebugBuild UP-TO-DATE
:app:compileDebugNdk UP-TO-DATE
:app:compileLint
:app:copyDebugLint UP-TO-DATE
:app:checkDebugManifest
:app:preDebugAndroidTestBuild UP-TO-DATE
:app:preDebugUnitTestBuild UP-TO-DATE
:app:preReleaseBuild UP-TO-DATE
:app:preReleaseUnitTestBuild UP-TO-DATE
:app:prepareComAndroidSupportAppcompatV72311Library UP-TO-DATE
:app:prepareComAndroidSupportDesign2311Library UP-TO-DATE
:app:prepareComAndroidSupportRecyclerviewV72311Library UP-TO-DATE
:app:prepareComAndroidSupportSupportV42311Library UP-TO-DATE
:app:prepareDebugDependencies
:app:compileDebugAidl UP-TO-DATE
:app:compileDebugRenderscript UP-TO-DATE
:app:generateDebugBuildConfig UP-TO-DATE
:app:generateDebugAssets UP-TO-DATE
:app:mergeDebugAssets UP-TO-DATE
:app:generateDebugResValues UP-TO-DATE
:app:generateDebugResources UP-TO-DATE
:app:mergeDebugResources
java.lang.NoClassDefFoundError: Could not initialize class sun.awt.X11GraphicsEnvironment
:app:mergeDebugResources FAILED

FAILURE: Build failed with an exception.

* What went wrong:
Execution failed for task ':app:mergeDebugResources'.
> java.lang.NoClassDefFoundError: Could not initialize class sun.awt.X11GraphicsEnvironment

* Try:
Run with --info or --debug option to get more log output.

* Exception is:
org.gradle.api.tasks.TaskExecutionException: Execution failed for task ':app:mergeDebugResources'.
	at org.gradle.api.internal.tasks.execution.ExecuteActionsTaskExecuter.executeActions(ExecuteActionsTaskExecuter.java:69)
	at org.gradle.api.internal.tasks.execution.ExecuteActionsTaskExecuter.execute(ExecuteActionsTaskExecuter.java:46)
	at org.gradle.api.internal.tasks.execution.PostExecutionAnalysisTaskExecuter.execute(PostExecutionAnalysisTaskExecuter.java:35)
	at org.gradle.api.internal.tasks.execution.SkipUpToDateTaskExecuter.execute(SkipUpToDateTaskExecuter.java:64)
	at org.gradle.api.internal.tasks.execution.ValidatingTaskExecuter.execute(ValidatingTaskExecuter.java:58)
	at org.gradle.api.internal.tasks.execution.SkipEmptySourceFilesTaskExecuter.execute(SkipEmptySourceFilesTaskExecuter.java:42)
	at org.gradle.api.internal.tasks.execution.SkipTaskWithNoActionsExecuter.execute(SkipTaskWithNoActionsExecuter.java:52)
	at org.gradle.api.internal.tasks.execution.SkipOnlyIfTaskExecuter.execute(SkipOnlyIfTaskExecuter.java:53)
	at org.gradle.api.internal.tasks.execution.ExecuteAtMostOnceTaskExecuter.execute(ExecuteAtMostOnceTaskExecuter.java:43)
	at org.gradle.api.internal.AbstractTask.executeWithoutThrowingTaskFailure(AbstractTask.java:305)
	at org.gradle.execution.taskgraph.AbstractTaskPlanExecutor$TaskExecutorWorker.executeTask(AbstractTaskPlanExecutor.java:79)
	at org.gradle.execution.taskgraph.AbstractTaskPlanExecutor$TaskExecutorWorker.processTask(AbstractTaskPlanExecutor.java:63)
	at org.gradle.execution.taskgraph.AbstractTaskPlanExecutor$TaskExecutorWorker.run(AbstractTaskPlanExecutor.java:51)
	at org.gradle.execution.taskgraph.DefaultTaskPlanExecutor.process(DefaultTaskPlanExecutor.java:23)
	at org.gradle.execution.taskgraph.DefaultTaskGraphExecuter.execute(DefaultTaskGraphExecuter.java:88)
	at org.gradle.execution.SelectedTaskExecutionAction.execute(SelectedTaskExecutionAction.java:29)
	at org.gradle.execution.DefaultBuildExecuter.execute(DefaultBuildExecuter.java:62)
	at org.gradle.execution.DefaultBuildExecuter.access$200(DefaultBuildExecuter.java:23)
	at org.gradle.execution.DefaultBuildExecuter$2.proceed(DefaultBuildExecuter.java:68)
	at org.gradle.execution.DryRunBuildExecutionAction.execute(DryRunBuildExecutionAction.java:32)
	at org.gradle.execution.DefaultBuildExecuter.execute(DefaultBuildExecuter.java:62)
	at org.gradle.execution.DefaultBuildExecuter.execute(DefaultBuildExecuter.java:55)
	at org.gradle.initialization.DefaultGradleLauncher.doBuildStages(DefaultGradleLauncher.java:149)
	at org.gradle.initialization.DefaultGradleLauncher.doBuild(DefaultGradleLauncher.java:106)
	at org.gradle.initialization.DefaultGradleLauncher.run(DefaultGradleLauncher.java:86)
	at org.gradle.launcher.exec.InProcessBuildActionExecuter$DefaultBuildController.run(InProcessBuildActionExecuter.java:80)
	at org.gradle.launcher.cli.ExecuteBuildAction.run(ExecuteBuildAction.java:33)
	at org.gradle.launcher.cli.ExecuteBuildAction.run(ExecuteBuildAction.java:24)
	at org.gradle.launcher.exec.InProcessBuildActionExecuter.execute(InProcessBuildActionExecuter.java:36)
	at org.gradle.launcher.exec.InProcessBuildActionExecuter.execute(InProcessBuildActionExecuter.java:26)
	at org.gradle.launcher.cli.RunBuildAction.run(RunBuildAction.java:51)
	at org.gradle.internal.Actions$RunnableActionAdapter.execute(Actions.java:171)
	at org.gradle.launcher.cli.CommandLineActionFactory$ParseAndBuildAction.execute(CommandLineActionFactory.java:237)
	at org.gradle.launcher.cli.CommandLineActionFactory$ParseAndBuildAction.execute(CommandLineActionFactory.java:210)
	at org.gradle.launcher.cli.JavaRuntimeValidationAction.execute(JavaRuntimeValidationAction.java:35)
	at org.gradle.launcher.cli.JavaRuntimeValidationAction.execute(JavaRuntimeValidationAction.java:24)
	at org.gradle.launcher.cli.CommandLineActionFactory$WithLogging.execute(CommandLineActionFactory.java:206)
	at org.gradle.launcher.cli.CommandLineActionFactory$WithLogging.execute(CommandLineActionFactory.java:169)
	at org.gradle.launcher.cli.ExceptionReportingAction.execute(ExceptionReportingAction.java:33)
	at org.gradle.launcher.cli.ExceptionReportingAction.execute(ExceptionReportingAction.java:22)
	at org.gradle.launcher.Main.doAction(Main.java:33)
	at org.gradle.launcher.bootstrap.EntryPoint.run(EntryPoint.java:45)
	at org.gradle.launcher.bootstrap.ProcessBootstrap.runNoExit(ProcessBootstrap.java:54)
	at org.gradle.launcher.bootstrap.ProcessBootstrap.run(ProcessBootstrap.java:35)
	at org.gradle.launcher.GradleMain.main(GradleMain.java:23)
	at org.gradle.wrapper.BootstrapMainStarter.start(BootstrapMainStarter.java:33)
	at org.gradle.wrapper.WrapperExecutor.execute(WrapperExecutor.java:130)
	at org.gradle.wrapper.GradleWrapperMain.main(GradleWrapperMain.java:48)
Caused by: com.android.build.gradle.tasks.ResourceException: java.lang.NoClassDefFoundError: Could not initialize class sun.awt.X11GraphicsEnvironment
	at com.android.build.gradle.tasks.MergeResources.doFullTaskAction(MergeResources.java:184)
	at com.android.build.gradle.internal.tasks.IncrementalTask.taskAction(IncrementalTask.java:104)
	at org.gradle.internal.reflect.JavaMethod.invoke(JavaMethod.java:63)
	at org.gradle.api.internal.project.taskfactory.AnnotationProcessingTaskFactory$IncrementalTaskAction.doExecute(AnnotationProcessingTaskFactory.java:235)
	at org.gradle.api.internal.project.taskfactory.AnnotationProcessingTaskFactory$StandardTaskAction.execute(AnnotationProcessingTaskFactory.java:211)
	at org.gradle.api.internal.project.taskfactory.AnnotationProcessingTaskFactory$IncrementalTaskAction.execute(AnnotationProcessingTaskFactory.java:222)
	at org.gradle.api.internal.project.taskfactory.AnnotationProcessingTaskFactory$StandardTaskAction.execute(AnnotationProcessingTaskFactory.java:200)
	at org.gradle.api.internal.tasks.execution.ExecuteActionsTaskExecuter.executeAction(ExecuteActionsTaskExecuter.java:80)
	at org.gradle.api.internal.tasks.execution.ExecuteActionsTaskExecuter.executeActions(ExecuteActionsTaskExecuter.java:61)
	... 47 more
Caused by: java.lang.NoClassDefFoundError: Could not initialize class sun.awt.X11GraphicsEnvironment
	at com.android.ide.common.res2.MergeWriter.end(MergeWriter.java:54)
	at com.android.ide.common.res2.MergedResourceWriter.end(MergedResourceWriter.java:129)
	at com.android.ide.common.res2.DataMerger.mergeData(DataMerger.java:291)
	at com.android.ide.common.res2.ResourceMerger.mergeData(ResourceMerger.java:48)
	at com.android.build.gradle.tasks.MergeResources.doFullTaskAction(MergeResources.java:177)
	... 55 more
Caused by: java.lang.RuntimeException: java.lang.NoClassDefFoundError: Could not initialize class sun.awt.X11GraphicsEnvironment
	at com.android.ide.common.internal.WaitableExecutor.waitForTasksWithQuickFail(WaitableExecutor.java:119)
	at com.android.ide.common.res2.MergeWriter.end(MergeWriter.java:50)
	... 59 more
Caused by: java.lang.NoClassDefFoundError: Could not initialize class sun.awt.X11GraphicsEnvironment
	at com.android.ide.common.vectordrawable.VdTree.drawIntoImage(VdTree.java:87)
	at com.android.ide.common.vectordrawable.VdPreview.getPreviewFromVectorXml(VdPreview.java:315)
	at com.android.builder.png.VectorDrawableRenderer.generateFile(VectorDrawableRenderer.java:155)
	at com.android.ide.common.res2.MergedResourceWriter$1.call(MergedResourceWriter.java:189)
	at com.android.ide.common.res2.MergedResourceWriter$1.call(MergedResourceWriter.java:171)


BUILD FAILED

Total time: 6.167 secs

2018-04-08 12:59:42,872 INFO  ProjectTaskService - Detecting possible tasks...
2018-04-08 12:59:42,873 INFO  SysUtils - Execute command: [/tmp/rdisk/1020/src/MediaChooser-master/mediaChooser-sample/gradlew, -b, /tmp/rdisk/1020/src/MediaChooser-master/mediaChooser-sample/build.gradle, -Dorg.gradle.daemon=false, -Dorg.gradle.daemon.performance.enable-monitoring=false, -Dorg.gradle.configureondemand=true, tasks]
2018-04-08 12:59:42,994 ERROR ProjectTaskService - Could not detect possible Gradle tasks: Process exited with an error: 1 (Exit value: 1)
2018-04-08 12:59:42,995 INFO  ProjectTaskService - Detected possible tasks: 0
2018-04-08 12:59:42,995 INFO  ProjectTaskService - Excluded tasks (0): none
2018-04-08 12:59:42,995 INFO  SysUtils - Execute command: [/tmp/rdisk/1020/src/MediaChooser-master/mediaChooser-sample/gradlew, -b, /tmp/rdisk/1020/src/MediaChooser-master/mediaChooser-sample/build.gradle, -Dorg.gradle.daemon=false, -Dorg.gradle.daemon.performance.enable-monitoring=false, -Dorg.gradle.configureondemand=true, --stacktrace, build]
2018-04-08 12:59:43,095 ERROR SysUtils - Could not process external command
org.apache.commons.exec.ExecuteException: Process exited with an error: 1 (Exit value: 1)
	at org.apache.commons.exec.DefaultExecutor.executeInternal(DefaultExecutor.java:404)
	at org.apache.commons.exec.DefaultExecutor.execute(DefaultExecutor.java:166)
	at com.github.vbauer.apkmaster.util.SysUtils.execute(SysUtils.java:67)
	at com.github.vbauer.apkmaster.util.SysUtils.executeSimple(SysUtils.java:43)
	at com.github.vbauer.apkmaster.service.assembly.ProjectBuildService.buildProject(ProjectBuildService.java:78)
	at com.github.vbauer.apkmaster.service.assembly.ProjectBuildService.buildProject(ProjectBuildService.java:64)
	at com.github.vbauer.apkmaster.service.assembly.ProjectBuildService.buildProject(ProjectBuildService.java:43)
	at com.github.vbauer.apkmaster.service.FullProcessService.build(FullProcessService.java:84)
	at com.github.vbauer.apkmaster.service.FullProcessService.process(FullProcessService.java:34)
	at com.github.vbauer.apkmaster.app.MainApplication.process(MainApplication.java:38)
	at com.github.vbauer.apkmaster.app.MainApplication.main(MainApplication.java:20)
	at sun.reflect.GeneratedMethodAccessor9.invoke(Unknown Source)
	at sun.reflect.DelegatingMethodAccessorImpl.invoke(DelegatingMethodAccessorImpl.java:43)
	at java.lang.reflect.Method.invoke(Method.java:498)
	at com.android.arsenal.util.ReflectionUtils.invoke(ReflectionUtils.java:42)
	at com.android.arsenal.util.ApkMasterUtils.main(ApkMasterUtils.java:30)
	at com.android.arsenal.service.processor.impl.BuildProcessorServiceImpl.buildProject(BuildProcessorServiceImpl.java:197)
	at com.android.arsenal.service.processor.impl.BuildProcessorServiceImpl.build(BuildProcessorServiceImpl.java:131)
	at com.android.arsenal.service.processor.impl.BuildProcessorServiceImpl.lambda$null$1(BuildProcessorServiceImpl.java:114)
	at java.util.concurrent.FutureTask.run(FutureTask.java:266)
	at java.util.concurrent.Executors$RunnableAdapter.call(Executors.java:511)
	at java.util.concurrent.FutureTask.run(FutureTask.java:266)
	at java.util.concurrent.ThreadPoolExecutor.runWorker(ThreadPoolExecutor.java:1149)
	at java.util.concurrent.ThreadPoolExecutor$Worker.run(ThreadPoolExecutor.java:624)
	at java.lang.Thread.run(Thread.java:748)
2018-04-08 12:59:43,095 INFO  SysUtils - Error: Could not find or load main class org.gradle.wrapper.GradleWrapperMain

2018-04-08 12:59:43,128 ERROR FullProcessService - Project build has not produced APK file
2018-04-08 12:59:43,160 ERROR FullProcessService - Could not find generated or existed APK file
