2018-04-08 13:00:41,245 INFO  DownloadService - Downloading "https://github.com/johnkil/Print/archive/master.zip", attempt 3
2018-04-08 13:00:41,773 INFO  DownloadService - Downloaded https://github.com/johnkil/Print/archive/master.zip, attempt 3
2018-04-08 13:00:41,773 INFO  DownloadService - Size of file "/tmp/rdisk/1016/master.zip": 380 KB
2018-04-08 13:00:41,773 INFO  ArchiveUtils - Checking entries [.gradle] in ZIP file...
2018-04-08 13:00:41,773 INFO  ArchiveUtils - Has entries [.gradle] in ZIP file /tmp/rdisk/1016/master.zip: true
2018-04-08 13:00:41,773 DEBUG ZipUtil - Extracting '/tmp/rdisk/1016/master.zip' into '/tmp/rdisk/1016/src'.
2018-04-08 13:00:41,785 INFO  FullProcessService - Size of directory with sources: 515 KB
2018-04-08 13:00:41,785 INFO  SysUtils - Execute command: [git, init, /tmp/rdisk/1016/src]
2018-04-08 13:00:41,791 INFO  SysUtils - Initialized empty Git repository in /tmp/rdisk/1016/src/.git/

2018-04-08 13:00:41,794 INFO  ProjectBuildService - Gradle wrapper(s): /tmp/rdisk/1016/src/Print-master/gradlew
2018-04-08 13:00:41,797 INFO  ProjectBuildService - Build script(s): /tmp/rdisk/1016/src/Print-master/print-sample/build.gradle /tmp/rdisk/1016/src/Print-master/print/build.gradle /tmp/rdisk/1016/src/Print-master/build.gradle
2018-04-08 13:00:41,799 INFO  ProjectBuildService - All script(s): /tmp/rdisk/1016/src/Print-master/settings.gradle /tmp/rdisk/1016/src/Print-master/print/build.gradle /tmp/rdisk/1016/src/Print-master/print-sample/build.gradle /tmp/rdisk/1016/src/Print-master/build.gradle
2018-04-08 13:00:41,799 INFO  DownloadService - Downloading "https://raw.github.com/chrisbanes/gradle-mvn-push/master/gradle-mvn-push.gradle", attempt 3
2018-04-08 13:00:41,966 INFO  DownloadService - Downloaded https://raw.github.com/chrisbanes/gradle-mvn-push/master/gradle-mvn-push.gradle, attempt 3
2018-04-08 13:00:41,966 INFO  ProjectBuildService - Remote scripts: https://raw.github.com/chrisbanes/gradle-mvn-push/master/gradle-mvn-push.gradle
2018-04-08 13:00:41,966 INFO  ProjectFixService - Fixing project...
2018-04-08 13:00:41,974 INFO  LocalPropertiesFixService - Created fake /tmp/rdisk/1016/src/Print-master/print-sample/local.properties
2018-04-08 13:00:41,974 INFO  ProjectFixService - Build info for "/tmp/rdisk/1016/src/Print-master/print-sample/build.gradle": [buildToolsVersion=24.0.3,compileSdkVersion=24,minSdkVersion=9,targetSdkVersion=24]
2018-04-08 13:00:41,975 INFO  LocalPropertiesFixService - Created fake /tmp/rdisk/1016/src/Print-master/print/local.properties
2018-04-08 13:00:41,976 INFO  ProjectFixService - Build info for "/tmp/rdisk/1016/src/Print-master/print/build.gradle": [buildToolsVersion=24.0.3,compileSdkVersion=24,minSdkVersion=3,targetSdkVersion=24]
2018-04-08 13:00:41,976 INFO  ProjectFixService - Fixed build info for "/tmp/rdisk/1016/src/Print-master/print/build.gradle": [buildToolsVersion=24.0.3,compileSdkVersion=24,minSdkVersion=7,targetSdkVersion=24]
2018-04-08 13:00:41,976 INFO  LocalPropertiesFixService - Created fake /tmp/rdisk/1016/src/Print-master/local.properties
2018-04-08 13:00:41,977 INFO  WrapperPropertiesFixService - Gradle wrapper: https://services.gradle.org/distributions/gradle-3.1-all.zip
2018-04-08 13:00:41,977 INFO  WrapperPropertiesFixService - Gradle wrapper was changed from "-all.zip" to "-bin.zip" (https://services.gradle.org/distributions/gradle-3.1-bin.zip)
2018-04-08 13:00:41,978 INFO  ProjectFixService - Build info for "/tmp/rdisk/1016/src/Print-master/build.gradle": [buildToolsVersion=24.0.3,compileSdkVersion=24,minSdkVersion=7,targetSdkVersion=24]
2018-04-08 13:00:41,978 INFO  ProjectFixService - Project was maybe fixed
2018-04-08 13:00:41,978 INFO  ProjectTaskService - Detecting possible tasks...
2018-04-08 13:00:41,978 INFO  SysUtils - Execute command: [/tmp/rdisk/1016/src/Print-master/gradlew, -b, /tmp/rdisk/1016/src/Print-master/print-sample/build.gradle, -Dorg.gradle.daemon=false, -Dorg.gradle.daemon.performance.enable-monitoring=false, -Dorg.gradle.configureondemand=true, tasks]
2018-04-08 13:00:54,729 INFO  ProjectTaskService - Detected possible tasks: 75
2018-04-08 13:00:54,729 INFO  ProjectTaskService - Excluded tasks (22): lintDebug mockableAndroidJar androidJavadocs deviceCheck lint androidSourcesJar testReleaseUnitTest uninstallRelease deviceAndroidTest uninstallDebugAndroidTest installDebugAndroidTest connectedCheck connectedDebugAndroidTest uninstallAll androidJavadocsJar test check testDebugUnitTest connectedAndroidTest installDebug lintRelease uninstallDebug
2018-04-08 13:00:54,730 INFO  SysUtils - Execute command: [/tmp/rdisk/1016/src/Print-master/gradlew, -b, /tmp/rdisk/1016/src/Print-master/print-sample/build.gradle, -Dorg.gradle.daemon=false, -Dorg.gradle.daemon.performance.enable-monitoring=false, -Dorg.gradle.configureondemand=true, --stacktrace, -x, lintDebug, -x, mockableAndroidJar, -x, androidJavadocs, -x, deviceCheck, -x, lint, -x, androidSourcesJar, -x, testReleaseUnitTest, -x, uninstallRelease, -x, deviceAndroidTest, -x, uninstallDebugAndroidTest, -x, installDebugAndroidTest, -x, connectedCheck, -x, connectedDebugAndroidTest, -x, uninstallAll, -x, androidJavadocsJar, -x, test, -x, check, -x, testDebugUnitTest, -x, connectedAndroidTest, -x, installDebug, -x, lintRelease, -x, uninstallDebug, build]
2018-04-08 13:01:02,795 ERROR SysUtils - Could not process external command
org.apache.commons.exec.ExecuteException: Process exited with an error: 1 (Exit value: 1)
	at org.apache.commons.exec.DefaultExecutor.executeInternal(DefaultExecutor.java:404)
	at org.apache.commons.exec.DefaultExecutor.execute(DefaultExecutor.java:166)
	at com.github.vbauer.apkmaster.util.SysUtils.execute(SysUtils.java:67)
	at com.github.vbauer.apkmaster.util.SysUtils.executeSimple(SysUtils.java:43)
	at com.github.vbauer.apkmaster.service.assembly.ProjectBuildService.buildProject(ProjectBuildService.java:78)
	at com.github.vbauer.apkmaster.service.assembly.ProjectBuildService.buildProject(ProjectBuildService.java:64)
	at com.github.vbauer.apkmaster.service.assembly.ProjectBuildService.buildProject(ProjectBuildService.java:43)
	at com.github.vbauer.apkmaster.service.FullProcessService.build(FullProcessService.java:84)
	at com.github.vbauer.apkmaster.service.FullProcessService.process(FullProcessService.java:34)
	at com.github.vbauer.apkmaster.app.MainApplication.process(MainApplication.java:38)
	at com.github.vbauer.apkmaster.app.MainApplication.main(MainApplication.java:20)
	at sun.reflect.GeneratedMethodAccessor9.invoke(Unknown Source)
	at sun.reflect.DelegatingMethodAccessorImpl.invoke(DelegatingMethodAccessorImpl.java:43)
	at java.lang.reflect.Method.invoke(Method.java:498)
	at com.android.arsenal.util.ReflectionUtils.invoke(ReflectionUtils.java:42)
	at com.android.arsenal.util.ApkMasterUtils.main(ApkMasterUtils.java:30)
	at com.android.arsenal.service.processor.impl.BuildProcessorServiceImpl.buildProject(BuildProcessorServiceImpl.java:197)
	at com.android.arsenal.service.processor.impl.BuildProcessorServiceImpl.build(BuildProcessorServiceImpl.java:131)
	at com.android.arsenal.service.processor.impl.BuildProcessorServiceImpl.lambda$null$1(BuildProcessorServiceImpl.java:114)
	at java.util.concurrent.FutureTask.run(FutureTask.java:266)
	at java.util.concurrent.Executors$RunnableAdapter.call(Executors.java:511)
	at java.util.concurrent.FutureTask.run(FutureTask.java:266)
	at java.util.concurrent.ThreadPoolExecutor.runWorker(ThreadPoolExecutor.java:1149)
	at java.util.concurrent.ThreadPoolExecutor$Worker.run(ThreadPoolExecutor.java:624)
	at java.lang.Thread.run(Thread.java:748)
2018-04-08 13:01:02,795 INFO  SysUtils - Configuration on demand is an incubating feature.
Incremental java compilation is an incubating feature.
The TaskInputs.source(Object) method has been deprecated and is scheduled to be removed in Gradle 4.0. Please use TaskInputs.file(Object).skipWhenEmpty() instead.

FAILURE: Build failed with an exception.

* What went wrong:
Task 'androidJavadocs' not found in project ':print-sample'.

* Try:
Run gradlew tasks to get a list of available tasks. Run with --info or --debug option to get more log output.

* Exception is:
org.gradle.execution.TaskSelectionException: Task 'androidJavadocs' not found in project ':print-sample'.
	at org.gradle.execution.TaskSelector.getSelection(TaskSelector.java:100)
	at org.gradle.execution.TaskSelector.getFilter(TaskSelector.java:63)
	at org.gradle.execution.ExcludedTaskFilteringBuildConfigurationAction.configure(ExcludedTaskFilteringBuildConfigurationAction.java:42)
	at org.gradle.execution.DefaultBuildConfigurationActionExecuter.configure(DefaultBuildConfigurationActionExecuter.java:48)
	at org.gradle.execution.DefaultBuildConfigurationActionExecuter.select(DefaultBuildConfigurationActionExecuter.java:36)
	at org.gradle.initialization.DefaultGradleLauncher$3.run(DefaultGradleLauncher.java:175)
	at org.gradle.internal.Factories$1.create(Factories.java:22)
	at org.gradle.internal.progress.DefaultBuildOperationExecutor.run(DefaultBuildOperationExecutor.java:91)
	at org.gradle.internal.progress.DefaultBuildOperationExecutor.run(DefaultBuildOperationExecutor.java:53)
	at org.gradle.initialization.DefaultGradleLauncher.doBuildStages(DefaultGradleLauncher.java:172)
	at org.gradle.initialization.DefaultGradleLauncher.access$200(DefaultGradleLauncher.java:33)
	at org.gradle.initialization.DefaultGradleLauncher$1.create(DefaultGradleLauncher.java:112)
	at org.gradle.initialization.DefaultGradleLauncher$1.create(DefaultGradleLauncher.java:106)
	at org.gradle.internal.progress.DefaultBuildOperationExecutor.run(DefaultBuildOperationExecutor.java:91)
	at org.gradle.internal.progress.DefaultBuildOperationExecutor.run(DefaultBuildOperationExecutor.java:63)
	at org.gradle.initialization.DefaultGradleLauncher.doBuild(DefaultGradleLauncher.java:106)
	at org.gradle.initialization.DefaultGradleLauncher.run(DefaultGradleLauncher.java:92)
	at org.gradle.launcher.exec.GradleBuildController.run(GradleBuildController.java:66)
	at org.gradle.tooling.internal.provider.ExecuteBuildActionRunner.run(ExecuteBuildActionRunner.java:28)
	at org.gradle.launcher.exec.ChainingBuildActionRunner.run(ChainingBuildActionRunner.java:35)
	at org.gradle.launcher.exec.InProcessBuildActionExecuter.execute(InProcessBuildActionExecuter.java:41)
	at org.gradle.launcher.exec.InProcessBuildActionExecuter.execute(InProcessBuildActionExecuter.java:26)
	at org.gradle.tooling.internal.provider.ContinuousBuildActionExecuter.execute(ContinuousBuildActionExecuter.java:79)
	at org.gradle.tooling.internal.provider.ContinuousBuildActionExecuter.execute(ContinuousBuildActionExecuter.java:51)
	at org.gradle.launcher.cli.RunBuildAction.run(RunBuildAction.java:51)
	at org.gradle.internal.Actions$RunnableActionAdapter.execute(Actions.java:173)
	at org.gradle.launcher.cli.CommandLineActionFactory$ParseAndBuildAction.execute(CommandLineActionFactory.java:244)
	at org.gradle.launcher.cli.CommandLineActionFactory$ParseAndBuildAction.execute(CommandLineActionFactory.java:217)
	at org.gradle.launcher.cli.JavaRuntimeValidationAction.execute(JavaRuntimeValidationAction.java:33)
	at org.gradle.launcher.cli.JavaRuntimeValidationAction.execute(JavaRuntimeValidationAction.java:24)
	at org.gradle.launcher.cli.ExceptionReportingAction.execute(ExceptionReportingAction.java:33)
	at org.gradle.launcher.cli.ExceptionReportingAction.execute(ExceptionReportingAction.java:22)
	at org.gradle.launcher.cli.CommandLineActionFactory$WithLogging.execute(CommandLineActionFactory.java:210)
	at org.gradle.launcher.cli.CommandLineActionFactory$WithLogging.execute(CommandLineActionFactory.java:174)
	at org.gradle.launcher.Main.doAction(Main.java:33)
	at org.gradle.launcher.bootstrap.EntryPoint.run(EntryPoint.java:45)
	at org.gradle.launcher.bootstrap.ProcessBootstrap.runNoExit(ProcessBootstrap.java:60)
	at org.gradle.launcher.bootstrap.ProcessBootstrap.run(ProcessBootstrap.java:37)
	at org.gradle.launcher.GradleMain.main(GradleMain.java:23)
	at org.gradle.wrapper.BootstrapMainStarter.start(BootstrapMainStarter.java:33)
	at org.gradle.wrapper.WrapperExecutor.execute(WrapperExecutor.java:130)
	at org.gradle.wrapper.GradleWrapperMain.main(GradleWrapperMain.java:48)


BUILD FAILED

Total time: 7.784 secs

2018-04-08 13:01:02,795 ERROR ProjectBuildService - Excluded tasks were detected wrong
2018-04-08 13:01:02,795 INFO  SysUtils - Execute command: [/tmp/rdisk/1016/src/Print-master/gradlew, -b, /tmp/rdisk/1016/src/Print-master/print-sample/build.gradle, -Dorg.gradle.daemon=false, -Dorg.gradle.daemon.performance.enable-monitoring=false, -Dorg.gradle.configureondemand=true, --stacktrace, build]
2018-04-08 13:01:34,295 INFO  SysUtils - Configuration on demand is an incubating feature.
Incremental java compilation is an incubating feature.
The TaskInputs.source(Object) method has been deprecated and is scheduled to be removed in Gradle 4.0. Please use TaskInputs.file(Object).skipWhenEmpty() instead.
:print:preBuild UP-TO-DATE
:print:preReleaseBuild UP-TO-DATE
:print:checkReleaseManifest
:print:prepareReleaseDependencies
:print:compileReleaseAidl
:print:compileReleaseNdk UP-TO-DATE
:print:compileLint
:print:copyReleaseLint UP-TO-DATE
:print:compileReleaseRenderscript
:print:generateReleaseBuildConfig
:print:generateReleaseResValues
:print:generateReleaseResources
:print:packageReleaseResources
:print:processReleaseManifest
:print:processReleaseResources
:print:generateReleaseSources
:print:incrementalReleaseJavaCompilationSafeguard
:print:compileReleaseJavaWithJavac
:print:compileReleaseJavaWithJavac - is not incremental (e.g. outputs have changed, no previous execution, etc.).
Note: /tmp/rdisk/1016/src/Print-master/print/src/main/java/com/github/johnkil/print/PrintDrawable.java uses or overrides a deprecated API.
Note: Recompile with -Xlint:deprecation for details.
:print:extractReleaseAnnotations
:print:mergeReleaseShaders
:print:compileReleaseShaders
:print:generateReleaseAssets
:print:mergeReleaseAssets
:print:mergeReleaseProguardFiles
:print:packageReleaseRenderscript UP-TO-DATE
:print:processReleaseJavaRes UP-TO-DATE
:print:transformResourcesWithMergeJavaResForRelease
:print:transformClassesAndResourcesWithSyncLibJarsForRelease
:print:mergeReleaseJniLibFolders
:print:transformNative_libsWithMergeJniLibsForRelease
:print:transformNative_libsWithSyncJniLibsForRelease
:print:bundleRelease
:print-sample:preBuild UP-TO-DATE
:print-sample:preDebugBuild UP-TO-DATE
:print-sample:checkDebugManifest
:print-sample:preReleaseBuild UP-TO-DATE
:print-sample:prepareComAndroidSupportAnimatedVectorDrawable2421Library
:print-sample:prepareComAndroidSupportAppcompatV72421Library
:print-sample:prepareComAndroidSupportSupportCompat2421Library
:print-sample:prepareComAndroidSupportSupportCoreUi2421Library
:print-sample:prepareComAndroidSupportSupportCoreUtils2421Library
:print-sample:prepareComAndroidSupportSupportFragment2421Library
:print-sample:prepareComAndroidSupportSupportMediaCompat2421Library
:print-sample:prepareComAndroidSupportSupportV42421Library
:print-sample:prepareComAndroidSupportSupportVectorDrawable2421Library
:print-sample:preparePrintMasterPrintUnspecifiedLibrary
:print-sample:prepareDebugDependencies
:print-sample:compileDebugAidl
:print-sample:compileDebugRenderscript
:print-sample:generateDebugBuildConfig
:print-sample:generateDebugResValues
:print-sample:generateDebugResources
:print-sample:mergeDebugResources
:print-sample:processDebugManifest
:print-sample:processDebugResources
:print-sample:generateDebugSources
:print-sample:incrementalDebugJavaCompilationSafeguard
:print-sample:compileDebugJavaWithJavac
:print-sample:compileDebugJavaWithJavac - is not incremental (e.g. outputs have changed, no previous execution, etc.).
:print-sample:compileDebugNdk UP-TO-DATE
:print-sample:compileDebugSources
:print-sample:mergeDebugShaders
:print-sample:compileDebugShaders
:print-sample:generateDebugAssets
:print-sample:mergeDebugAssets
:print-sample:transformClassesWithDexForDebug
:print-sample:mergeDebugJniLibFolders
:print-sample:transformNative_libsWithMergeJniLibsForDebug
:print-sample:processDebugJavaRes UP-TO-DATE
:print-sample:transformResourcesWithMergeJavaResForDebug
:print-sample:validateSigningDebug
:print-sample:packageDebug
:print-sample:assembleDebug
:print-sample:checkReleaseManifest
:print-sample:prepareReleaseDependencies
:print-sample:compileReleaseAidl
:print-sample:compileReleaseRenderscript
:print-sample:generateReleaseBuildConfig
:print-sample:generateReleaseResValues
:print-sample:generateReleaseResources
:print-sample:mergeReleaseResources
:print-sample:processReleaseManifest
:print-sample:processReleaseResources
:print-sample:generateReleaseSources
:print-sample:incrementalReleaseJavaCompilationSafeguard
:print-sample:compileReleaseJavaWithJavac
:print-sample:compileReleaseJavaWithJavac - is not incremental (e.g. outputs have changed, no previous execution, etc.).
:print-sample:compileReleaseNdk UP-TO-DATE
:print-sample:compileReleaseSources
:print-sample:lintVitalRelease
:print-sample:mergeReleaseShaders
:print-sample:compileReleaseShaders
:print-sample:generateReleaseAssets
:print-sample:mergeReleaseAssets
:print-sample:transformClassesWithDexForRelease
:print-sample:mergeReleaseJniLibFolders
:print-sample:transformNative_libsWithMergeJniLibsForRelease
:print-sample:processReleaseJavaRes UP-TO-DATE
:print-sample:transformResourcesWithMergeJavaResForRelease
:print-sample:packageRelease
:print-sample:assembleRelease
:print-sample:assemble
:print-sample:lint
Ran lint on variant debug: 584 issues found
Ran lint on variant release: 584 issues found
Wrote HTML report to file:///tmp/rdisk/1016/src/Print-master/print-sample/build/outputs/lint-results-debug.html
Wrote XML report to file:///tmp/rdisk/1016/src/Print-master/print-sample/build/outputs/lint-results-debug.xml
:print-sample:incrementalDebugUnitTestJavaCompilationSafeguard UP-TO-DATE
:print-sample:preDebugUnitTestBuild UP-TO-DATE
:print-sample:prepareDebugUnitTestDependencies
:print-sample:compileDebugUnitTestJavaWithJavac UP-TO-DATE
:print-sample:processDebugUnitTestJavaRes UP-TO-DATE
:print-sample:compileDebugUnitTestSources UP-TO-DATE
:print-sample:mockableAndroidJar
:print-sample:assembleDebugUnitTest
:print-sample:testDebugUnitTest UP-TO-DATE
:print-sample:incrementalReleaseUnitTestJavaCompilationSafeguard UP-TO-DATE
:print-sample:preReleaseUnitTestBuild UP-TO-DATE
:print-sample:prepareReleaseUnitTestDependencies
:print-sample:compileReleaseUnitTestJavaWithJavac UP-TO-DATE
:print-sample:processReleaseUnitTestJavaRes UP-TO-DATE
:print-sample:compileReleaseUnitTestSources UP-TO-DATE
:print-sample:assembleReleaseUnitTest
:print-sample:testReleaseUnitTest UP-TO-DATE
:print-sample:test UP-TO-DATE
:print-sample:check
:print-sample:build

BUILD SUCCESSFUL

Total time: 31.235 secs

2018-04-08 13:01:34,353 INFO  FullProcessService - Found APK file: /tmp/rdisk/1016/src/Print-master/print-sample/build/outputs/apk/print-sample-release-unsigned.apk
