2018-05-21 02:52:14,616 INFO  DownloadService - Downloading "https://github.com/Malinskiy/SuperRecyclerView/archive/master.zip", attempt 3
2018-05-21 02:52:16,090 INFO  DownloadService - Downloaded https://github.com/Malinskiy/SuperRecyclerView/archive/master.zip, attempt 3
2018-05-21 02:52:16,090 INFO  DownloadService - Size of file "/tmp/rdisk/1239/master.zip": 164 KB
2018-05-21 02:52:16,090 INFO  ArchiveUtils - Checking entries [.gradle] in ZIP file...
2018-05-21 02:52:16,091 INFO  ArchiveUtils - Has entries [.gradle] in ZIP file /tmp/rdisk/1239/master.zip: true
2018-05-21 02:52:16,091 DEBUG ZipUtil - Extracting '/tmp/rdisk/1239/master.zip' into '/tmp/rdisk/1239/src'.
2018-05-21 02:52:16,102 INFO  FullProcessService - Size of directory with sources: 282 KB
2018-05-21 02:52:16,102 INFO  SysUtils - Execute command: [git, init, /tmp/rdisk/1239/src]
2018-05-21 02:52:16,108 INFO  SysUtils - Initialized empty Git repository in /tmp/rdisk/1239/src/.git/

2018-05-21 02:52:16,110 INFO  ProjectBuildService - Gradle wrapper(s): /tmp/rdisk/1239/src/SuperRecyclerView-master/gradlew
2018-05-21 02:52:16,113 INFO  ProjectBuildService - Build script(s): /tmp/rdisk/1239/src/SuperRecyclerView-master/SuperRecyclerView-sample/build.gradle /tmp/rdisk/1239/src/SuperRecyclerView-master/SuperRecyclerView/build.gradle /tmp/rdisk/1239/src/SuperRecyclerView-master/build.gradle
2018-05-21 02:52:16,115 INFO  ProjectBuildService - All script(s): /tmp/rdisk/1239/src/SuperRecyclerView-master/settings.gradle /tmp/rdisk/1239/src/SuperRecyclerView-master/buildsystem/dependencies.gradle /tmp/rdisk/1239/src/SuperRecyclerView-master/build.gradle /tmp/rdisk/1239/src/SuperRecyclerView-master/SuperRecyclerView/build.gradle /tmp/rdisk/1239/src/SuperRecyclerView-master/SuperRecyclerView-sample/build.gradle
2018-05-21 02:52:16,116 INFO  DownloadService - Downloading "https://raw.github.com/chrisbanes/gradle-mvn-push/master/gradle-mvn-push.gradle", attempt 3
2018-05-21 02:52:16,412 INFO  DownloadService - Downloaded https://raw.github.com/chrisbanes/gradle-mvn-push/master/gradle-mvn-push.gradle, attempt 3
2018-05-21 02:52:16,412 INFO  ProjectBuildService - Remote scripts: https://raw.github.com/chrisbanes/gradle-mvn-push/master/gradle-mvn-push.gradle
2018-05-21 02:52:16,412 INFO  ProjectFixService - Fixing project...
2018-05-21 02:52:16,420 INFO  LocalPropertiesFixService - Created fake /tmp/rdisk/1239/src/SuperRecyclerView-master/SuperRecyclerView-sample/local.properties
2018-05-21 02:52:16,422 INFO  ProjectFixService - Build info for "/tmp/rdisk/1239/src/SuperRecyclerView-master/SuperRecyclerView-sample/build.gradle": [buildToolsVersion=<null>,compileSdkVersion=<null>,minSdkVersion=<null>,targetSdkVersion=<null>]
2018-05-21 02:52:16,422 INFO  ProjectFixService - Fixed build info for "/tmp/rdisk/1239/src/SuperRecyclerView-master/SuperRecyclerView-sample/build.gradle": [buildToolsVersion=28.0.0-rc1,compileSdkVersion=27,minSdkVersion=27,targetSdkVersion=27]
2018-05-21 02:52:16,423 INFO  LocalPropertiesFixService - Created fake /tmp/rdisk/1239/src/SuperRecyclerView-master/SuperRecyclerView/local.properties
2018-05-21 02:52:16,425 INFO  ProjectFixService - Build info for "/tmp/rdisk/1239/src/SuperRecyclerView-master/SuperRecyclerView/build.gradle": [buildToolsVersion=<null>,compileSdkVersion=<null>,minSdkVersion=<null>,targetSdkVersion=<null>]
2018-05-21 02:52:16,425 INFO  ProjectFixService - Fixed build info for "/tmp/rdisk/1239/src/SuperRecyclerView-master/SuperRecyclerView/build.gradle": [buildToolsVersion=28.0.0-rc1,compileSdkVersion=27,minSdkVersion=27,targetSdkVersion=27]
2018-05-21 02:52:16,425 INFO  LocalPropertiesFixService - Created fake /tmp/rdisk/1239/src/SuperRecyclerView-master/local.properties
2018-05-21 02:52:16,426 INFO  WrapperPropertiesFixService - Gradle wrapper: https://services.gradle.org/distributions/gradle-2.10-all.zip
2018-05-21 02:52:16,426 INFO  WrapperPropertiesFixService - Gradle wrapper was changed from "-all.zip" to "-bin.zip" (https://services.gradle.org/distributions/gradle-2.10-bin.zip)
2018-05-21 02:52:16,428 INFO  ProjectFixService - Build info for "/tmp/rdisk/1239/src/SuperRecyclerView-master/build.gradle": [buildToolsVersion=<null>,compileSdkVersion=<null>,minSdkVersion=<null>,targetSdkVersion=<null>]
2018-05-21 02:52:16,428 INFO  ProjectFixService - Fixed build info for "/tmp/rdisk/1239/src/SuperRecyclerView-master/build.gradle": [buildToolsVersion=28.0.0-rc1,compileSdkVersion=27,minSdkVersion=27,targetSdkVersion=27]
2018-05-21 02:52:16,428 INFO  ProjectFixService - Project was maybe fixed
2018-05-21 02:52:16,428 INFO  ProjectTaskService - Detecting possible tasks...
2018-05-21 02:52:16,428 INFO  SysUtils - Execute command: [/tmp/rdisk/1239/src/SuperRecyclerView-master/gradlew, -b, /tmp/rdisk/1239/src/SuperRecyclerView-master/SuperRecyclerView-sample/build.gradle, -Dorg.gradle.daemon=false, -Dorg.gradle.daemon.performance.enable-monitoring=false, -Dorg.gradle.configureondemand=true, tasks]
2018-05-21 02:52:28,930 INFO  ProjectTaskService - Detected possible tasks: 73
2018-05-21 02:52:28,930 INFO  ProjectTaskService - Excluded tasks (22): lintDebug mockableAndroidJar androidJavadocs deviceCheck lint androidSourcesJar testReleaseUnitTest uninstallRelease deviceAndroidTest uninstallDebugAndroidTest installDebugAndroidTest connectedCheck connectedDebugAndroidTest uninstallAll androidJavadocsJar test check testDebugUnitTest connectedAndroidTest installDebug lintRelease uninstallDebug
2018-05-21 02:52:28,930 INFO  SysUtils - Execute command: [/tmp/rdisk/1239/src/SuperRecyclerView-master/gradlew, -b, /tmp/rdisk/1239/src/SuperRecyclerView-master/SuperRecyclerView-sample/build.gradle, -Dorg.gradle.daemon=false, -Dorg.gradle.daemon.performance.enable-monitoring=false, -Dorg.gradle.configureondemand=true, --stacktrace, -x, lintDebug, -x, mockableAndroidJar, -x, androidJavadocs, -x, deviceCheck, -x, lint, -x, androidSourcesJar, -x, testReleaseUnitTest, -x, uninstallRelease, -x, deviceAndroidTest, -x, uninstallDebugAndroidTest, -x, installDebugAndroidTest, -x, connectedCheck, -x, connectedDebugAndroidTest, -x, uninstallAll, -x, androidJavadocsJar, -x, test, -x, check, -x, testDebugUnitTest, -x, connectedAndroidTest, -x, installDebug, -x, lintRelease, -x, uninstallDebug, build]
2018-05-21 02:52:36,933 ERROR SysUtils - Could not process external command
org.apache.commons.exec.ExecuteException: Process exited with an error: 1 (Exit value: 1)
	at org.apache.commons.exec.DefaultExecutor.executeInternal(DefaultExecutor.java:404)
	at org.apache.commons.exec.DefaultExecutor.execute(DefaultExecutor.java:166)
	at com.github.vbauer.apkmaster.util.SysUtils.execute(SysUtils.java:67)
	at com.github.vbauer.apkmaster.util.SysUtils.executeSimple(SysUtils.java:43)
	at com.github.vbauer.apkmaster.service.assembly.ProjectBuildService.buildProject(ProjectBuildService.java:78)
	at com.github.vbauer.apkmaster.service.assembly.ProjectBuildService.buildProject(ProjectBuildService.java:64)
	at com.github.vbauer.apkmaster.service.assembly.ProjectBuildService.buildProject(ProjectBuildService.java:43)
	at com.github.vbauer.apkmaster.service.FullProcessService.build(FullProcessService.java:84)
	at com.github.vbauer.apkmaster.service.FullProcessService.process(FullProcessService.java:34)
	at com.github.vbauer.apkmaster.app.MainApplication.process(MainApplication.java:38)
	at com.github.vbauer.apkmaster.app.MainApplication.main(MainApplication.java:20)
	at sun.reflect.GeneratedMethodAccessor9.invoke(Unknown Source)
	at sun.reflect.DelegatingMethodAccessorImpl.invoke(DelegatingMethodAccessorImpl.java:43)
	at java.lang.reflect.Method.invoke(Method.java:498)
	at com.android.arsenal.util.ReflectionUtils.invoke(ReflectionUtils.java:42)
	at com.android.arsenal.util.ApkMasterUtils.main(ApkMasterUtils.java:30)
	at com.android.arsenal.service.processor.impl.BuildProcessorServiceImpl.buildProject(BuildProcessorServiceImpl.java:197)
	at com.android.arsenal.service.processor.impl.BuildProcessorServiceImpl.build(BuildProcessorServiceImpl.java:131)
	at com.android.arsenal.service.processor.impl.BuildProcessorServiceImpl.lambda$null$1(BuildProcessorServiceImpl.java:114)
	at java.util.concurrent.FutureTask.run(FutureTask.java:266)
	at java.util.concurrent.Executors$RunnableAdapter.call(Executors.java:511)
	at java.util.concurrent.FutureTask.run(FutureTask.java:266)
	at java.util.concurrent.ThreadPoolExecutor.runWorker(ThreadPoolExecutor.java:1149)
	at java.util.concurrent.ThreadPoolExecutor$Worker.run(ThreadPoolExecutor.java:624)
	at java.lang.Thread.run(Thread.java:748)
2018-05-21 02:52:36,933 INFO  SysUtils - Configuration on demand is an incubating feature.
Incremental java compilation is an incubating feature.

FAILURE: Build failed with an exception.

* What went wrong:
Task 'androidJavadocs' not found in project ':SuperRecyclerView-sample'.

* Try:
Run gradlew tasks to get a list of available tasks. Run with --info or --debug option to get more log output.

* Exception is:
org.gradle.execution.TaskSelectionException: Task 'androidJavadocs' not found in project ':SuperRecyclerView-sample'.
	at org.gradle.execution.TaskSelector.getSelection(TaskSelector.java:100)
	at org.gradle.execution.TaskSelector.getFilter(TaskSelector.java:63)
	at org.gradle.execution.ExcludedTaskFilteringBuildConfigurationAction.configure(ExcludedTaskFilteringBuildConfigurationAction.java:42)
	at org.gradle.execution.DefaultBuildConfigurationActionExecuter.configure(DefaultBuildConfigurationActionExecuter.java:48)
	at org.gradle.execution.DefaultBuildConfigurationActionExecuter.select(DefaultBuildConfigurationActionExecuter.java:36)
	at org.gradle.initialization.DefaultGradleLauncher$3.run(DefaultGradleLauncher.java:143)
	at org.gradle.internal.Factories$1.create(Factories.java:22)
	at org.gradle.internal.progress.DefaultBuildOperationExecutor.run(DefaultBuildOperationExecutor.java:90)
	at org.gradle.internal.progress.DefaultBuildOperationExecutor.run(DefaultBuildOperationExecutor.java:52)
	at org.gradle.initialization.DefaultGradleLauncher.doBuildStages(DefaultGradleLauncher.java:140)
	at org.gradle.initialization.DefaultGradleLauncher.access$200(DefaultGradleLauncher.java:32)
	at org.gradle.initialization.DefaultGradleLauncher$1.create(DefaultGradleLauncher.java:99)
	at org.gradle.initialization.DefaultGradleLauncher$1.create(DefaultGradleLauncher.java:93)
	at org.gradle.internal.progress.DefaultBuildOperationExecutor.run(DefaultBuildOperationExecutor.java:90)
	at org.gradle.internal.progress.DefaultBuildOperationExecutor.run(DefaultBuildOperationExecutor.java:62)
	at org.gradle.initialization.DefaultGradleLauncher.doBuild(DefaultGradleLauncher.java:93)
	at org.gradle.initialization.DefaultGradleLauncher.run(DefaultGradleLauncher.java:82)
	at org.gradle.launcher.exec.InProcessBuildActionExecuter$DefaultBuildController.run(InProcessBuildActionExecuter.java:94)
	at org.gradle.tooling.internal.provider.ExecuteBuildActionRunner.run(ExecuteBuildActionRunner.java:28)
	at org.gradle.launcher.exec.ChainingBuildActionRunner.run(ChainingBuildActionRunner.java:35)
	at org.gradle.launcher.exec.InProcessBuildActionExecuter.execute(InProcessBuildActionExecuter.java:43)
	at org.gradle.launcher.exec.InProcessBuildActionExecuter.execute(InProcessBuildActionExecuter.java:28)
	at org.gradle.launcher.exec.ContinuousBuildActionExecuter.execute(ContinuousBuildActionExecuter.java:78)
	at org.gradle.launcher.exec.ContinuousBuildActionExecuter.execute(ContinuousBuildActionExecuter.java:48)
	at org.gradle.launcher.exec.DaemonUsageSuggestingBuildActionExecuter.execute(DaemonUsageSuggestingBuildActionExecuter.java:51)
	at org.gradle.launcher.exec.DaemonUsageSuggestingBuildActionExecuter.execute(DaemonUsageSuggestingBuildActionExecuter.java:28)
	at org.gradle.launcher.cli.RunBuildAction.run(RunBuildAction.java:43)
	at org.gradle.internal.Actions$RunnableActionAdapter.execute(Actions.java:170)
	at org.gradle.launcher.cli.CommandLineActionFactory$ParseAndBuildAction.execute(CommandLineActionFactory.java:237)
	at org.gradle.launcher.cli.CommandLineActionFactory$ParseAndBuildAction.execute(CommandLineActionFactory.java:210)
	at org.gradle.launcher.cli.JavaRuntimeValidationAction.execute(JavaRuntimeValidationAction.java:35)
	at org.gradle.launcher.cli.JavaRuntimeValidationAction.execute(JavaRuntimeValidationAction.java:24)
	at org.gradle.launcher.cli.CommandLineActionFactory$WithLogging.execute(CommandLineActionFactory.java:206)
	at org.gradle.launcher.cli.CommandLineActionFactory$WithLogging.execute(CommandLineActionFactory.java:169)
	at org.gradle.launcher.cli.ExceptionReportingAction.execute(ExceptionReportingAction.java:33)
	at org.gradle.launcher.cli.ExceptionReportingAction.execute(ExceptionReportingAction.java:22)
	at org.gradle.launcher.Main.doAction(Main.java:33)
	at org.gradle.launcher.bootstrap.EntryPoint.run(EntryPoint.java:45)
	at org.gradle.launcher.bootstrap.ProcessBootstrap.runNoExit(ProcessBootstrap.java:54)
	at org.gradle.launcher.bootstrap.ProcessBootstrap.run(ProcessBootstrap.java:35)
	at org.gradle.launcher.GradleMain.main(GradleMain.java:23)
	at org.gradle.wrapper.BootstrapMainStarter.start(BootstrapMainStarter.java:33)
	at org.gradle.wrapper.WrapperExecutor.execute(WrapperExecutor.java:130)
	at org.gradle.wrapper.GradleWrapperMain.main(GradleWrapperMain.java:48)


BUILD FAILED

Total time: 7.572 secs

2018-05-21 02:52:36,933 ERROR ProjectBuildService - Excluded tasks were detected wrong
2018-05-21 02:52:36,934 INFO  SysUtils - Execute command: [/tmp/rdisk/1239/src/SuperRecyclerView-master/gradlew, -b, /tmp/rdisk/1239/src/SuperRecyclerView-master/SuperRecyclerView-sample/build.gradle, -Dorg.gradle.daemon=false, -Dorg.gradle.daemon.performance.enable-monitoring=false, -Dorg.gradle.configureondemand=true, --stacktrace, build]
2018-05-21 02:53:23,438 INFO  SysUtils - Configuration on demand is an incubating feature.
Incremental java compilation is an incubating feature.
:SuperRecyclerView:preBuild UP-TO-DATE
:SuperRecyclerView:preReleaseBuild UP-TO-DATE
:SuperRecyclerView:compileReleaseNdk UP-TO-DATE
:SuperRecyclerView:compileLint
:SuperRecyclerView:copyReleaseLint UP-TO-DATE
:SuperRecyclerView:checkReleaseManifest
:SuperRecyclerView:preDebugAndroidTestBuild UP-TO-DATE
:SuperRecyclerView:preDebugBuild UP-TO-DATE
:SuperRecyclerView:preDebugUnitTestBuild UP-TO-DATE
:SuperRecyclerView:preReleaseUnitTestBuild UP-TO-DATE
:SuperRecyclerView:prepareComAndroidSupportRecyclerviewV72330Library
:SuperRecyclerView:prepareComAndroidSupportSupportV42330Library
:SuperRecyclerView:prepareReleaseDependencies
:SuperRecyclerView:compileReleaseAidl
:SuperRecyclerView:compileReleaseRenderscript
:SuperRecyclerView:generateReleaseBuildConfig
:SuperRecyclerView:mergeReleaseShaders
:SuperRecyclerView:compileReleaseShaders
:SuperRecyclerView:generateReleaseAssets
:SuperRecyclerView:mergeReleaseAssets
:SuperRecyclerView:generateReleaseResValues
:SuperRecyclerView:generateReleaseResources
:SuperRecyclerView:mergeReleaseResources
:SuperRecyclerView:processReleaseManifest
:SuperRecyclerView:processReleaseResources
:SuperRecyclerView:generateReleaseSources
:SuperRecyclerView:incrementalReleaseJavaCompilationSafeguard
:SuperRecyclerView:compileReleaseJavaWithJavac
:SuperRecyclerView:compileReleaseJavaWithJavac - is not incremental (e.g. outputs have changed, no previous execution, etc.).
:SuperRecyclerView:extractReleaseAnnotations
:SuperRecyclerView:mergeReleaseProguardFiles
:SuperRecyclerView:packageReleaseRenderscript UP-TO-DATE
:SuperRecyclerView:packageReleaseResources
:SuperRecyclerView:processReleaseJavaRes UP-TO-DATE
:SuperRecyclerView:transformResourcesWithMergeJavaResForRelease
:SuperRecyclerView:transformClassesAndResourcesWithSyncLibJarsForRelease
:SuperRecyclerView:mergeReleaseJniLibFolders
:SuperRecyclerView:transformNative_libsWithMergeJniLibsForRelease
:SuperRecyclerView:transformNative_libsWithSyncJniLibsForRelease
:SuperRecyclerView:bundleRelease
:SuperRecyclerView-sample:preBuild UP-TO-DATE
:SuperRecyclerView-sample:preDebugBuild UP-TO-DATE
:SuperRecyclerView-sample:checkDebugManifest
:SuperRecyclerView-sample:preReleaseBuild UP-TO-DATE
:SuperRecyclerView-sample:prepareComAndroidSupportAnimatedVectorDrawable2330Library
:SuperRecyclerView-sample:prepareComAndroidSupportAppcompatV72330Library
:SuperRecyclerView-sample:prepareComAndroidSupportCardviewV72330Library
:SuperRecyclerView-sample:prepareComAndroidSupportDesign2330Library
:SuperRecyclerView-sample:prepareComAndroidSupportRecyclerviewV72330Library
:SuperRecyclerView-sample:prepareComAndroidSupportSupportV42330Library
:SuperRecyclerView-sample:prepareComAndroidSupportSupportVectorDrawable2330Library
:SuperRecyclerView-sample:prepareComEowiseRecyclerviewStickyheaders050Library
:SuperRecyclerView-sample:prepareComMalinskiyMaterialicons101Library
:SuperRecyclerView-sample:prepareSuperRecyclerViewMasterSuperRecyclerViewUnspecifiedLibrary
:SuperRecyclerView-sample:prepareDebugDependencies
:SuperRecyclerView-sample:compileDebugAidl
:SuperRecyclerView-sample:compileDebugRenderscript
:SuperRecyclerView-sample:generateDebugBuildConfig
:SuperRecyclerView-sample:mergeDebugShaders
:SuperRecyclerView-sample:compileDebugShaders
:SuperRecyclerView-sample:generateDebugAssets
:SuperRecyclerView-sample:mergeDebugAssets
:SuperRecyclerView-sample:generateDebugResValues
:SuperRecyclerView-sample:generateDebugResources
:SuperRecyclerView-sample:mergeDebugResources
:SuperRecyclerView-sample:processDebugManifest
:SuperRecyclerView-sample:processDebugResources
:SuperRecyclerView-sample:generateDebugSources
:SuperRecyclerView-sample:incrementalDebugJavaCompilationSafeguard
:SuperRecyclerView-sample:compileDebugJavaWithJavac
:SuperRecyclerView-sample:compileDebugJavaWithJavac - is not incremental (e.g. outputs have changed, no previous execution, etc.).
Note: Some input files use or override a deprecated API.
Note: Recompile with -Xlint:deprecation for details.
:SuperRecyclerView-sample:compileDebugNdk UP-TO-DATE
:SuperRecyclerView-sample:compileDebugSources
:SuperRecyclerView-sample:prePackageMarkerForDebug
:SuperRecyclerView-sample:transformClassesWithDexForDebug
To run dex in process, the Gradle daemon needs a larger heap.
It currently has approximately 1623 MB.
For faster builds, increase the maximum heap size for the Gradle daemon to more than 2048 MB.
To do this set org.gradle.jvmargs=-Xmx2048M in the project gradle.properties.
For more information see https://docs.gradle.org/current/userguide/build_environment.html
:SuperRecyclerView-sample:mergeDebugJniLibFolders
:SuperRecyclerView-sample:transformNative_libsWithMergeJniLibsForDebug
:SuperRecyclerView-sample:processDebugJavaRes UP-TO-DATE
:SuperRecyclerView-sample:transformResourcesWithMergeJavaResForDebug
:SuperRecyclerView-sample:validateDebugSigning
:SuperRecyclerView-sample:packageDebug
:SuperRecyclerView-sample:zipalignDebug
:SuperRecyclerView-sample:assembleDebug
:SuperRecyclerView-sample:checkReleaseManifest
:SuperRecyclerView-sample:prepareReleaseDependencies
:SuperRecyclerView-sample:compileReleaseAidl
:SuperRecyclerView-sample:compileReleaseRenderscript
:SuperRecyclerView-sample:generateReleaseBuildConfig
:SuperRecyclerView-sample:mergeReleaseShaders
:SuperRecyclerView-sample:compileReleaseShaders
:SuperRecyclerView-sample:generateReleaseAssets
:SuperRecyclerView-sample:mergeReleaseAssets
:SuperRecyclerView-sample:generateReleaseResValues
:SuperRecyclerView-sample:generateReleaseResources
:SuperRecyclerView-sample:mergeReleaseResources
:SuperRecyclerView-sample:processReleaseManifest
:SuperRecyclerView-sample:processReleaseResources
:SuperRecyclerView-sample:generateReleaseSources
:SuperRecyclerView-sample:incrementalReleaseJavaCompilationSafeguard
:SuperRecyclerView-sample:compileReleaseJavaWithJavac
:SuperRecyclerView-sample:compileReleaseJavaWithJavac - is not incremental (e.g. outputs have changed, no previous execution, etc.).
Note: Some input files use or override a deprecated API.
Note: Recompile with -Xlint:deprecation for details.
:SuperRecyclerView-sample:compileReleaseNdk UP-TO-DATE
:SuperRecyclerView-sample:compileReleaseSources
:SuperRecyclerView-sample:lintVitalRelease
:SuperRecyclerView-sample:prePackageMarkerForRelease
:SuperRecyclerView-sample:transformClassesWithDexForRelease
:SuperRecyclerView-sample:mergeReleaseJniLibFolders
:SuperRecyclerView-sample:transformNative_libsWithMergeJniLibsForRelease
:SuperRecyclerView-sample:processReleaseJavaRes UP-TO-DATE
:SuperRecyclerView-sample:transformResourcesWithMergeJavaResForRelease
:SuperRecyclerView-sample:packageRelease
:SuperRecyclerView-sample:assembleRelease
:SuperRecyclerView-sample:assemble
:SuperRecyclerView-sample:compileLint
:SuperRecyclerView-sample:lint
Ran lint on variant release: 36 issues found
Ran lint on variant debug: 36 issues found
Wrote HTML report to file:///tmp/rdisk/1239/src/SuperRecyclerView-master/SuperRecyclerView-sample/build/outputs/lint-results-debug.html
Wrote XML report to file:///tmp/rdisk/1239/src/SuperRecyclerView-master/SuperRecyclerView-sample/build/outputs/lint-results-debug.xml
:SuperRecyclerView-sample:incrementalDebugUnitTestJavaCompilationSafeguard UP-TO-DATE
:SuperRecyclerView-sample:preDebugUnitTestBuild UP-TO-DATE
:SuperRecyclerView-sample:prepareDebugUnitTestDependencies
:SuperRecyclerView-sample:compileDebugUnitTestJavaWithJavac UP-TO-DATE
:SuperRecyclerView-sample:processDebugUnitTestJavaRes UP-TO-DATE
:SuperRecyclerView-sample:compileDebugUnitTestSources UP-TO-DATE
:SuperRecyclerView-sample:mockableAndroidJar
:SuperRecyclerView-sample:assembleDebugUnitTest
:SuperRecyclerView-sample:testDebugUnitTest
:SuperRecyclerView-sample:incrementalReleaseUnitTestJavaCompilationSafeguard UP-TO-DATE
:SuperRecyclerView-sample:preReleaseUnitTestBuild UP-TO-DATE
:SuperRecyclerView-sample:prepareReleaseUnitTestDependencies
:SuperRecyclerView-sample:compileReleaseUnitTestJavaWithJavac UP-TO-DATE
:SuperRecyclerView-sample:processReleaseUnitTestJavaRes UP-TO-DATE
:SuperRecyclerView-sample:compileReleaseUnitTestSources UP-TO-DATE
:SuperRecyclerView-sample:assembleReleaseUnitTest
:SuperRecyclerView-sample:testReleaseUnitTest
:SuperRecyclerView-sample:test
:SuperRecyclerView-sample:check
:SuperRecyclerView-sample:build

BUILD SUCCESSFUL

Total time: 46.048 secs

2018-05-21 02:53:23,498 INFO  FullProcessService - Found APK file: /tmp/rdisk/1239/src/SuperRecyclerView-master/SuperRecyclerView-sample/build/outputs/apk/SuperRecyclerView-sample-release-unsigned.apk
