2018-04-08 03:52:33,480 INFO  DownloadService - Downloading "https://github.com/polok/RouteDrawer/archive/master.zip", attempt 3
2018-04-08 03:53:33,981 INFO  GithubDownloadService - Could not find ZIP archive for master branch
2018-04-08 03:53:34,622 INFO  GithubDownloadService - Default branch of this repository: master
2018-04-08 03:53:34,622 INFO  DownloadService - Downloading "https://github.com/polok/RouteDrawer/archive/master.zip", attempt 3
2018-04-08 03:54:35,904 DEBUG FullProcessService - Repository https://github.com/polok/RouteDrawer available: true
2018-04-08 03:54:35,904 INFO  FullProcessService - Could not download ZIP file from Github, lets clone it
2018-04-08 03:54:35,904 INFO  SysUtils - Execute command: [git, clone, -q, --single-branch, --depth, 1, https://github.com/polok/RouteDrawer, /tmp/rdisk/1106/src]
2018-04-08 03:54:37,779 INFO  SysUtils - 
2018-04-08 03:54:37,793 INFO  GitService - Deleted "/tmp/rdisk/1106/src/.git": true
2018-04-08 03:54:37,796 INFO  FullProcessService - Size of directory with sources: 374 KB
2018-04-08 03:54:37,796 INFO  SysUtils - Execute command: [git, init, /tmp/rdisk/1106/src]
2018-04-08 03:54:37,802 INFO  SysUtils - Initialized empty Git repository in /tmp/rdisk/1106/src/.git/

2018-04-08 03:54:37,804 INFO  ProjectBuildService - Gradle wrapper(s): /tmp/rdisk/1106/src/gradlew
2018-04-08 03:54:37,807 INFO  ProjectBuildService - Build script(s): /tmp/rdisk/1106/src/app/build.gradle /tmp/rdisk/1106/src/library/build.gradle /tmp/rdisk/1106/src/build.gradle
2018-04-08 03:54:37,809 INFO  ProjectBuildService - All script(s): /tmp/rdisk/1106/src/settings.gradle /tmp/rdisk/1106/src/library/build.gradle /tmp/rdisk/1106/src/build.gradle /tmp/rdisk/1106/src/app/build.gradle
2018-04-08 03:54:37,810 INFO  DownloadService - Downloading "https://raw.github.com/chrisbanes/gradle-mvn-push/master/gradle-mvn-push.gradle", attempt 3
2018-04-08 03:54:37,981 INFO  DownloadService - Downloaded https://raw.github.com/chrisbanes/gradle-mvn-push/master/gradle-mvn-push.gradle, attempt 3
2018-04-08 03:54:37,981 INFO  ProjectBuildService - Remote scripts: https://raw.github.com/chrisbanes/gradle-mvn-push/master/gradle-mvn-push.gradle
2018-04-08 03:54:37,982 INFO  ProjectFixService - Fixing project...
2018-04-08 03:54:37,989 INFO  LocalPropertiesFixService - Created fake /tmp/rdisk/1106/src/app/local.properties
2018-04-08 03:54:37,989 INFO  ProjectFixService - Build info for "/tmp/rdisk/1106/src/app/build.gradle": [buildToolsVersion=21.0.1,compileSdkVersion=21,minSdkVersion=11,targetSdkVersion=21]
2018-04-08 03:54:37,989 INFO  LocalPropertiesFixService - Created fake /tmp/rdisk/1106/src/library/local.properties
2018-04-08 03:54:37,990 INFO  ProjectFixService - Build info for "/tmp/rdisk/1106/src/library/build.gradle": [buildToolsVersion=21.0.1,compileSdkVersion=21,minSdkVersion=8,targetSdkVersion=21]
2018-04-08 03:54:37,990 INFO  LocalPropertiesFixService - Created fake /tmp/rdisk/1106/src/local.properties
2018-04-08 03:54:37,990 INFO  WrapperPropertiesFixService - Gradle wrapper: http://services.gradle.org/distributions/gradle-1.12-all.zip
2018-04-08 03:54:37,990 INFO  WrapperPropertiesFixService - Gradle wrapper was changed from "-all.zip" to "-bin.zip" (http://services.gradle.org/distributions/gradle-1.12-bin.zip)
2018-04-08 03:54:37,991 INFO  ProjectFixService - Build info for "/tmp/rdisk/1106/src/build.gradle": [buildToolsVersion=21.0.1,compileSdkVersion=21,minSdkVersion=8,targetSdkVersion=21]
2018-04-08 03:54:37,991 INFO  ProjectFixService - Project was maybe fixed
2018-04-08 03:54:37,991 INFO  ProjectTaskService - Detecting possible tasks...
2018-04-08 03:54:37,991 INFO  SysUtils - Execute command: [/tmp/rdisk/1106/src/gradlew, -b, /tmp/rdisk/1106/src/app/build.gradle, -Dorg.gradle.daemon=false, -Dorg.gradle.daemon.performance.enable-monitoring=false, -Dorg.gradle.configureondemand=true, tasks]
2018-04-08 03:54:54,660 INFO  ProjectTaskService - Detected possible tasks: 54
2018-04-08 03:54:54,660 INFO  ProjectTaskService - Excluded tasks (14): lintDebug androidJavadocs deviceCheck lint androidSourcesJar uninstallRelease connectedCheck uninstallAll androidJavadocsJar check connectedAndroidTest installDebug lintRelease uninstallDebug
2018-04-08 03:54:54,660 INFO  SysUtils - Execute command: [/tmp/rdisk/1106/src/gradlew, -b, /tmp/rdisk/1106/src/app/build.gradle, -Dorg.gradle.daemon=false, -Dorg.gradle.daemon.performance.enable-monitoring=false, -Dorg.gradle.configureondemand=true, --stacktrace, -x, lintDebug, -x, androidJavadocs, -x, deviceCheck, -x, lint, -x, androidSourcesJar, -x, uninstallRelease, -x, connectedCheck, -x, uninstallAll, -x, androidJavadocsJar, -x, check, -x, connectedAndroidTest, -x, installDebug, -x, lintRelease, -x, uninstallDebug, build]
2018-04-08 03:54:59,842 ERROR SysUtils - Could not process external command
org.apache.commons.exec.ExecuteException: Process exited with an error: 1 (Exit value: 1)
	at org.apache.commons.exec.DefaultExecutor.executeInternal(DefaultExecutor.java:404)
	at org.apache.commons.exec.DefaultExecutor.execute(DefaultExecutor.java:166)
	at com.github.vbauer.apkmaster.util.SysUtils.execute(SysUtils.java:67)
	at com.github.vbauer.apkmaster.util.SysUtils.executeSimple(SysUtils.java:43)
	at com.github.vbauer.apkmaster.service.assembly.ProjectBuildService.buildProject(ProjectBuildService.java:78)
	at com.github.vbauer.apkmaster.service.assembly.ProjectBuildService.buildProject(ProjectBuildService.java:64)
	at com.github.vbauer.apkmaster.service.assembly.ProjectBuildService.buildProject(ProjectBuildService.java:43)
	at com.github.vbauer.apkmaster.service.FullProcessService.build(FullProcessService.java:84)
	at com.github.vbauer.apkmaster.service.FullProcessService.process(FullProcessService.java:34)
	at com.github.vbauer.apkmaster.app.MainApplication.process(MainApplication.java:38)
	at com.github.vbauer.apkmaster.app.MainApplication.main(MainApplication.java:20)
	at sun.reflect.GeneratedMethodAccessor8.invoke(Unknown Source)
	at sun.reflect.DelegatingMethodAccessorImpl.invoke(DelegatingMethodAccessorImpl.java:43)
	at java.lang.reflect.Method.invoke(Method.java:498)
	at com.android.arsenal.util.ReflectionUtils.invoke(ReflectionUtils.java:42)
	at com.android.arsenal.util.ApkMasterUtils.main(ApkMasterUtils.java:30)
	at com.android.arsenal.service.processor.impl.BuildProcessorServiceImpl.buildProject(BuildProcessorServiceImpl.java:197)
	at com.android.arsenal.service.processor.impl.BuildProcessorServiceImpl.build(BuildProcessorServiceImpl.java:131)
	at com.android.arsenal.service.processor.impl.BuildProcessorServiceImpl.lambda$null$1(BuildProcessorServiceImpl.java:114)
	at java.util.concurrent.FutureTask.run(FutureTask.java:266)
	at java.util.concurrent.Executors$RunnableAdapter.call(Executors.java:511)
	at java.util.concurrent.FutureTask.run(FutureTask.java:266)
	at java.util.concurrent.ThreadPoolExecutor.runWorker(ThreadPoolExecutor.java:1149)
	at java.util.concurrent.ThreadPoolExecutor$Worker.run(ThreadPoolExecutor.java:624)
	at java.lang.Thread.run(Thread.java:748)
2018-04-08 03:54:59,842 INFO  SysUtils - Configuration on demand is an incubating feature.
Relying on packaging to define the extension of the main artifact has been deprecated and is scheduled to be removed in Gradle 2.0

FAILURE: Build failed with an exception.

* What went wrong:
Task 'androidJavadocs' not found in project ':app'.

* Try:
Run gradlew tasks to get a list of available tasks. Run with --info or --debug option to get more log output.

* Exception is:
org.gradle.execution.TaskSelectionException: Task 'androidJavadocs' not found in project ':app'.
	at org.gradle.execution.TaskSelector.getSelection(TaskSelector.java:69)
	at org.gradle.execution.ExcludedTaskFilteringBuildConfigurationAction.configure(ExcludedTaskFilteringBuildConfigurationAction.java:37)
	at org.gradle.execution.DefaultBuildExecuter.configure(DefaultBuildExecuter.java:42)
	at org.gradle.execution.DefaultBuildExecuter.access$100(DefaultBuildExecuter.java:23)
	at org.gradle.execution.DefaultBuildExecuter$1.proceed(DefaultBuildExecuter.java:48)
	at org.gradle.execution.DefaultTasksBuildExecutionAction.configure(DefaultTasksBuildExecutionAction.java:38)
	at org.gradle.execution.DefaultBuildExecuter.configure(DefaultBuildExecuter.java:42)
	at org.gradle.execution.DefaultBuildExecuter.access$100(DefaultBuildExecuter.java:23)
	at org.gradle.execution.DefaultBuildExecuter$1.proceed(DefaultBuildExecuter.java:48)
	at org.gradle.execution.ProjectEvaluatingAction.configure(ProjectEvaluatingAction.java:52)
	at org.gradle.execution.DefaultBuildExecuter.configure(DefaultBuildExecuter.java:42)
	at org.gradle.execution.DefaultBuildExecuter.select(DefaultBuildExecuter.java:35)
	at org.gradle.initialization.DefaultGradleLauncher.doBuildStages(DefaultGradleLauncher.java:155)
	at org.gradle.initialization.DefaultGradleLauncher.doBuild(DefaultGradleLauncher.java:113)
	at org.gradle.initialization.DefaultGradleLauncher.run(DefaultGradleLauncher.java:81)
	at org.gradle.launcher.exec.InProcessBuildActionExecuter$DefaultBuildController.run(InProcessBuildActionExecuter.java:64)
	at org.gradle.launcher.cli.ExecuteBuildAction.run(ExecuteBuildAction.java:33)
	at org.gradle.launcher.cli.ExecuteBuildAction.run(ExecuteBuildAction.java:24)
	at org.gradle.launcher.exec.InProcessBuildActionExecuter.execute(InProcessBuildActionExecuter.java:35)
	at org.gradle.launcher.exec.InProcessBuildActionExecuter.execute(InProcessBuildActionExecuter.java:26)
	at org.gradle.launcher.cli.RunBuildAction.run(RunBuildAction.java:50)
	at org.gradle.internal.Actions$RunnableActionAdapter.execute(Actions.java:171)
	at org.gradle.launcher.cli.CommandLineActionFactory$ParseAndBuildAction.execute(CommandLineActionFactory.java:201)
	at org.gradle.launcher.cli.CommandLineActionFactory$ParseAndBuildAction.execute(CommandLineActionFactory.java:174)
	at org.gradle.launcher.cli.CommandLineActionFactory$WithLogging.execute(CommandLineActionFactory.java:170)
	at org.gradle.launcher.cli.CommandLineActionFactory$WithLogging.execute(CommandLineActionFactory.java:139)
	at org.gradle.launcher.cli.ExceptionReportingAction.execute(ExceptionReportingAction.java:33)
	at org.gradle.launcher.cli.ExceptionReportingAction.execute(ExceptionReportingAction.java:22)
	at org.gradle.launcher.Main.doAction(Main.java:46)
	at org.gradle.launcher.bootstrap.EntryPoint.run(EntryPoint.java:45)
	at org.gradle.launcher.Main.main(Main.java:37)
	at org.gradle.launcher.bootstrap.ProcessBootstrap.runNoExit(ProcessBootstrap.java:50)
	at org.gradle.launcher.bootstrap.ProcessBootstrap.run(ProcessBootstrap.java:32)
	at org.gradle.launcher.GradleMain.main(GradleMain.java:23)
	at org.gradle.wrapper.BootstrapMainStarter.start(BootstrapMainStarter.java:33)
	at org.gradle.wrapper.WrapperExecutor.execute(WrapperExecutor.java:130)
	at org.gradle.wrapper.GradleWrapperMain.main(GradleWrapperMain.java:48)


BUILD FAILED

Total time: 4.732 secs

2018-04-08 03:54:59,842 ERROR ProjectBuildService - Excluded tasks were detected wrong
2018-04-08 03:54:59,842 INFO  SysUtils - Execute command: [/tmp/rdisk/1106/src/gradlew, -b, /tmp/rdisk/1106/src/app/build.gradle, -Dorg.gradle.daemon=false, -Dorg.gradle.daemon.performance.enable-monitoring=false, -Dorg.gradle.configureondemand=true, --stacktrace, build]
2018-04-08 03:55:52,884 INFO  SysUtils - Configuration on demand is an incubating feature.
Relying on packaging to define the extension of the main artifact has been deprecated and is scheduled to be removed in Gradle 2.0
:app:preBuild
:app:compileDebugNdk
:app:preDebugBuild
:app:checkDebugManifest
:app:preReleaseBuild
:app:prepareComAndroidSupportAppcompatV72100Library
:app:prepareComAndroidSupportSupportV42100Library
:app:prepareComGithubPolokRoutedrawerLibrary100Library
:app:prepareComGoogleAndroidGmsPlayServices6111Library
:app:prepareDebugDependencies
:app:compileDebugAidl
:app:compileDebugRenderscript
:app:generateDebugBuildConfig
:app:generateDebugAssets UP-TO-DATE
:app:mergeDebugAssets
:app:generateDebugResValues
:app:generateDebugResources
:app:mergeDebugResources/tmp/rdisk/1106/src/app/build/intermediates/exploded-aar/com.android.support/appcompat-v7/21.0.0/res/drawable-mdpi/abc_ab_share_pack_holo_dark.9.png: libpng warning: iCCP: Not recognizing known sRGB profile that has been edited
/tmp/rdisk/1106/src/app/build/intermediates/exploded-aar/com.android.support/appcompat-v7/21.0.0/res/drawable-xhdpi/abc_ab_share_pack_holo_dark.9.png: libpng warning: iCCP: Not recognizing known sRGB profile that has been edited
/tmp/rdisk/1106/src/app/build/intermediates/exploded-aar/com.android.support/appcompat-v7/21.0.0/res/drawable-hdpi/abc_spinner_mtrl_am_alpha.9.png: libpng warning: iCCP: Not recognizing known sRGB profile that has been edited
/tmp/rdisk/1106/src/app/build/intermediates/exploded-aar/com.android.support/appcompat-v7/21.0.0/res/drawable-hdpi/abc_ab_share_pack_holo_light.9.png: libpng warning: iCCP: Not recognizing known sRGB profile that has been edited
/tmp/rdisk/1106/src/app/build/intermediates/exploded-aar/com.android.support/appcompat-v7/21.0.0/res/drawable-hdpi/abc_ab_share_pack_holo_dark.9.png: libpng warning: iCCP: Not recognizing known sRGB profile that has been edited
/tmp/rdisk/1106/src/app/build/intermediates/exploded-aar/com.android.support/appcompat-v7/21.0.0/res/drawable-xhdpi/abc_ab_share_pack_holo_light.9.png: libpng warning: iCCP: Not recognizing known sRGB profile that has been edited

:app:processDebugManifest
:app:processDebugResources
:app:generateDebugSources
:app:compileDebugJava
:app:preDexDebug
:app:dexDebug
:app:processDebugJavaRes UP-TO-DATE
:app:validateDebugSigning
:app:packageDebug
:app:zipalignDebug
:app:assembleDebug
:app:checkReleaseManifest
:app:prepareReleaseDependencies
:app:compileReleaseAidl
:app:compileReleaseRenderscript
:app:generateReleaseBuildConfig
:app:generateReleaseAssets UP-TO-DATE
:app:mergeReleaseAssets
:app:generateReleaseResValues
:app:generateReleaseResources
:app:mergeReleaseResources/tmp/rdisk/1106/src/app/build/intermediates/exploded-aar/com.android.support/appcompat-v7/21.0.0/res/drawable-mdpi/abc_ab_share_pack_holo_dark.9.png: libpng warning: iCCP: Not recognizing known sRGB profile that has been edited
/tmp/rdisk/1106/src/app/build/intermediates/exploded-aar/com.android.support/appcompat-v7/21.0.0/res/drawable-xhdpi/abc_ab_share_pack_holo_dark.9.png: libpng warning: iCCP: Not recognizing known sRGB profile that has been edited
/tmp/rdisk/1106/src/app/build/intermediates/exploded-aar/com.android.support/appcompat-v7/21.0.0/res/drawable-hdpi/abc_spinner_mtrl_am_alpha.9.png: libpng warning: iCCP: Not recognizing known sRGB profile that has been edited
/tmp/rdisk/1106/src/app/build/intermediates/exploded-aar/com.android.support/appcompat-v7/21.0.0/res/drawable-hdpi/abc_ab_share_pack_holo_light.9.png: libpng warning: iCCP: Not recognizing known sRGB profile that has been edited
/tmp/rdisk/1106/src/app/build/intermediates/exploded-aar/com.android.support/appcompat-v7/21.0.0/res/drawable-hdpi/abc_ab_share_pack_holo_dark.9.png: libpng warning: iCCP: Not recognizing known sRGB profile that has been edited
/tmp/rdisk/1106/src/app/build/intermediates/exploded-aar/com.android.support/appcompat-v7/21.0.0/res/drawable-xhdpi/abc_ab_share_pack_holo_light.9.png: libpng warning: iCCP: Not recognizing known sRGB profile that has been edited

:app:processReleaseManifest
:app:processReleaseResources
:app:generateReleaseSources
:app:compileReleaseJava
:app:lintVitalRelease SKIPPED
:app:compileReleaseNdk
:app:preDexRelease
:app:dexRelease
:app:processReleaseJavaRes UP-TO-DATE
:app:packageRelease
:app:assembleRelease
:app:assemble
:app:compileLint
:app:lint
Ran lint on variant debug: 4 issues found
Ran lint on variant release: 4 issues found
Wrote HTML report to file:/tmp/rdisk/1106/src/app/build/outputs/lint-results.html
Wrote XML report to /tmp/rdisk/1106/src/app/build/outputs/lint-results.xml
:app:check
:app:build

BUILD SUCCESSFUL

Total time: 52.176 secs

2018-04-08 03:55:52,926 INFO  FullProcessService - Found APK file: /tmp/rdisk/1106/src/app/build/outputs/apk/app-debug.apk
